<?xml version="1.0" encoding="utf-8"?>
<report xmlns:xsi="http://www.w3.org/2001/XMLSchema-instance" xmlns:xsd="http://www.w3.org/2001/XMLSchema" xmlns="http://www.gallio.org/">
  <testPackage shadowCopy="false" debug="false">
    <files>
      <file>H:\Projects\Subsonic2\2.2git\SubSonic-2.0\SubSonic.Tests\bin\Debug\SubSonic.Tests.dll</file>
    </files>
    <hintDirectories />
    <excludedFrameworkIds />
    <properties />
  </testPackage>
  <testModel>
    <test id="c2722843734a7a54" name="Root" fullName="" isTestCase="false">
      <codeReference />
      <codeLocation />
      <metadata>
        <entry key="TestKind">
          <value>Root</value>
        </entry>
      </metadata>
      <children>
        <test id="af69a8159bbce33b" name="SubSonic.Tests" fullName="SubSonic.Tests" isTestCase="false">
          <codeReference assembly="SubSonic.Tests, Version=2.2.1.0, Culture=neutral, PublicKeyToken=null" />
          <codeLocation path="H:\Projects\Subsonic2\2.2git\SubSonic-2.0\SubSonic.Tests\bin\Debug\SubSonic.Tests.DLL" />
          <metadata>
            <entry key="TestKind">
              <value>MbUnit v3 Assembly</value>
            </entry>
            <entry key="File">
              <value>H:\Projects\Subsonic2\2.2git\SubSonic-2.0\SubSonic.Tests\bin\Debug\SubSonic.Tests.DLL</value>
            </entry>
            <entry key="CodeBase">
              <value>H:\Projects\Subsonic2\2.2git\SubSonic-2.0\SubSonic.Tests\bin\Debug\SubSonic.Tests.DLL</value>
            </entry>
            <entry key="Copyright">
              <value>Copyright Â©2006-2009 The SubSonic Project</value>
            </entry>
            <entry key="FileVersion">
              <value>2.2.1.0</value>
            </entry>
            <entry key="Product">
              <value>SubSonic.Tests</value>
            </entry>
            <entry key="Title">
              <value>SubSonic.Tests</value>
            </entry>
            <entry key="Version">
              <value>2.2.1.0</value>
            </entry>
            <entry key="Framework">
              <value>MbUnit v3.2 build 708</value>
            </entry>
          </metadata>
          <children>
            <test id="830415a07fe92f82" name="TurboTemplateTests" fullName="SubSonic.Tests/TurboTemplateTests" isTestCase="false">
              <codeReference assembly="SubSonic.Tests, Version=2.2.1.0, Culture=neutral, PublicKeyToken=null" namespace="SubSonic.Tests" type="SubSonic.Tests.TurboTemplateTests" />
              <codeLocation path="H:\Projects\Subsonic2\2.2git\SubSonic-2.0\SubSonic.Tests\TurboTemplateTests.cs" />
              <metadata>
                <entry key="TestKind">
                  <value>Fixture</value>
                </entry>
              </metadata>
              <children>
                <test id="47fa02932e4efe5c" name="AssemblyDirectiveIsStrippedFromTemplate" fullName="SubSonic.Tests/TurboTemplateTests/AssemblyDirectiveIsStrippedFromTemplate" isTestCase="true">
                  <codeReference assembly="SubSonic.Tests, Version=2.2.1.0, Culture=neutral, PublicKeyToken=null" namespace="SubSonic.Tests" type="SubSonic.Tests.TurboTemplateTests" member="AssemblyDirectiveIsStrippedFromTemplate" />
                  <codeLocation path="H:\Projects\Subsonic2\2.2git\SubSonic-2.0\SubSonic.Tests\TurboTemplateTests.cs" line="45" />
                  <metadata>
                    <entry key="TestKind">
                      <value>Test</value>
                    </entry>
                  </metadata>
                  <children />
                  <parameters />
                </test>
              </children>
              <parameters />
            </test>
            <test id="a42c7aab47bd124a" name="TransactionTests" fullName="SubSonic.Tests/TransactionTests" isTestCase="false">
              <codeReference assembly="SubSonic.Tests, Version=2.2.1.0, Culture=neutral, PublicKeyToken=null" namespace="SubSonic.Tests.SqlQuery" type="SubSonic.Tests.SqlQuery.TransactionTests" />
              <codeLocation path="H:\Projects\Subsonic2\2.2git\SubSonic-2.0\SubSonic.Tests\SqlQuery\TransactionTests.cs" />
              <metadata>
                <entry key="TestKind">
                  <value>Fixture</value>
                </entry>
              </metadata>
              <children>
                <test id="ce0ea0d4bbeba445" name="Transaction_Simple" fullName="SubSonic.Tests/TransactionTests/Transaction_Simple" isTestCase="true">
                  <codeReference assembly="SubSonic.Tests, Version=2.2.1.0, Culture=neutral, PublicKeyToken=null" namespace="SubSonic.Tests.SqlQuery" type="SubSonic.Tests.SqlQuery.TransactionTests" member="Transaction_Simple" />
                  <codeLocation path="H:\Projects\Subsonic2\2.2git\SubSonic-2.0\SubSonic.Tests\SqlQuery\TransactionTests.cs" line="27" />
                  <metadata>
                    <entry key="TestKind">
                      <value>Test</value>
                    </entry>
                  </metadata>
                  <children />
                  <parameters />
                </test>
              </children>
              <parameters />
            </test>
            <test id="bc7166f99ef30223" name="ActiveListTests" fullName="SubSonic.Tests/ActiveListTests" isTestCase="false">
              <codeReference assembly="SubSonic.Tests, Version=2.2.1.0, Culture=neutral, PublicKeyToken=null" namespace="SubSonic.Tests" type="SubSonic.Tests.ActiveListTests" />
              <codeLocation path="H:\Projects\Subsonic2\2.2git\SubSonic-2.0\SubSonic.Tests\ActiveListTests.cs" />
              <metadata>
                <entry key="TestKind">
                  <value>Fixture</value>
                </entry>
              </metadata>
              <children>
                <test id="c63e43da4f9829e6" name="ListTHelper" fullName="SubSonic.Tests/ActiveListTests/ListTHelper" isTestCase="true">
                  <codeReference assembly="SubSonic.Tests, Version=2.2.1.0, Culture=neutral, PublicKeyToken=null" namespace="SubSonic.Tests" type="SubSonic.Tests.ActiveListTests" member="ListTHelper" />
                  <codeLocation path="H:\Projects\Subsonic2\2.2git\SubSonic-2.0\SubSonic.Tests\ActiveListTests.cs" line="88" />
                  <metadata>
                    <entry key="TestKind">
                      <value>Test</value>
                    </entry>
                  </metadata>
                  <children />
                  <parameters />
                </test>
                <test id="59081e8fe33bad22" name="BatchSaveInsert" fullName="SubSonic.Tests/ActiveListTests/BatchSaveInsert" isTestCase="true">
                  <codeReference assembly="SubSonic.Tests, Version=2.2.1.0, Culture=neutral, PublicKeyToken=null" namespace="SubSonic.Tests" type="SubSonic.Tests.ActiveListTests" member="BatchSaveInsert" />
                  <codeLocation path="H:\Projects\Subsonic2\2.2git\SubSonic-2.0\SubSonic.Tests\ActiveListTests.cs" line="51" />
                  <metadata>
                    <entry key="TestKind">
                      <value>Test</value>
                    </entry>
                  </metadata>
                  <children />
                  <parameters />
                </test>
                <test id="828dd42707b21bbe" name="DeferredDelete" fullName="SubSonic.Tests/ActiveListTests/DeferredDelete" isTestCase="true">
                  <codeReference assembly="SubSonic.Tests, Version=2.2.1.0, Culture=neutral, PublicKeyToken=null" namespace="SubSonic.Tests" type="SubSonic.Tests.ActiveListTests" member="DeferredDelete" />
                  <codeLocation path="H:\Projects\Subsonic2\2.2git\SubSonic-2.0\SubSonic.Tests\ActiveListTests.cs" line="66" />
                  <metadata>
                    <entry key="TestKind">
                      <value>Test</value>
                    </entry>
                  </metadata>
                  <children />
                  <parameters />
                </test>
                <test id="c10c3bb6a31302d5" name="BatchSaveUpdate" fullName="SubSonic.Tests/ActiveListTests/BatchSaveUpdate" isTestCase="true">
                  <codeReference assembly="SubSonic.Tests, Version=2.2.1.0, Culture=neutral, PublicKeyToken=null" namespace="SubSonic.Tests" type="SubSonic.Tests.ActiveListTests" member="BatchSaveUpdate" />
                  <codeLocation path="H:\Projects\Subsonic2\2.2git\SubSonic-2.0\SubSonic.Tests\ActiveListTests.cs" line="130" />
                  <metadata>
                    <entry key="TestKind">
                      <value>Test</value>
                    </entry>
                  </metadata>
                  <children />
                  <parameters />
                </test>
                <test id="a1003a1d129446b2" name="BatchSaveUpdateNoChanges" fullName="SubSonic.Tests/ActiveListTests/BatchSaveUpdateNoChanges" isTestCase="true">
                  <codeReference assembly="SubSonic.Tests, Version=2.2.1.0, Culture=neutral, PublicKeyToken=null" namespace="SubSonic.Tests" type="SubSonic.Tests.ActiveListTests" member="BatchSaveUpdateNoChanges" />
                  <codeLocation path="H:\Projects\Subsonic2\2.2git\SubSonic-2.0\SubSonic.Tests\ActiveListTests.cs" line="152" />
                  <metadata>
                    <entry key="TestKind">
                      <value>Test</value>
                    </entry>
                  </metadata>
                  <children />
                  <parameters />
                </test>
                <test id="dc06ea3eb5ecffc" name="ListSerialization" fullName="SubSonic.Tests/ActiveListTests/ListSerialization" isTestCase="true">
                  <codeReference assembly="SubSonic.Tests, Version=2.2.1.0, Culture=neutral, PublicKeyToken=null" namespace="SubSonic.Tests" type="SubSonic.Tests.ActiveListTests" member="ListSerialization" />
                  <codeLocation path="H:\Projects\Subsonic2\2.2git\SubSonic-2.0\SubSonic.Tests\ActiveListTests.cs" line="173" />
                  <metadata>
                    <entry key="TestKind">
                      <value>Test</value>
                    </entry>
                  </metadata>
                  <children />
                  <parameters />
                </test>
              </children>
              <parameters />
            </test>
            <test id="babe4e099f85aa64" name="SugarTests" fullName="SubSonic.Tests/SugarTests" isTestCase="false">
              <codeReference assembly="SubSonic.Tests, Version=2.2.1.0, Culture=neutral, PublicKeyToken=null" namespace="SubSonic.Tests" type="SubSonic.Tests.SugarTests" />
              <codeLocation path="H:\Projects\Subsonic2\2.2git\SubSonic-2.0\SubSonic.Tests\SugarTests.cs" />
              <metadata>
                <entry key="TestKind">
                  <value>Fixture</value>
                </entry>
              </metadata>
              <children>
                <test id="af2b9a98fb7c9a0a" name="Numbers_IsNumeric" fullName="SubSonic.Tests/SugarTests/Numbers_IsNumeric" isTestCase="true">
                  <codeReference assembly="SubSonic.Tests, Version=2.2.1.0, Culture=neutral, PublicKeyToken=null" namespace="SubSonic.Tests" type="SubSonic.Tests.SugarTests" member="Numbers_IsNumeric" />
                  <codeLocation path="H:\Projects\Subsonic2\2.2git\SubSonic-2.0\SubSonic.Tests\SugarTests.cs" line="46" />
                  <metadata>
                    <entry key="TestKind">
                      <value>Test</value>
                    </entry>
                  </metadata>
                  <children />
                  <parameters />
                </test>
                <test id="c69717b4d30d292a" name="Dates_DaysAgo" fullName="SubSonic.Tests/SugarTests/Dates_DaysAgo" isTestCase="true">
                  <codeReference assembly="SubSonic.Tests, Version=2.2.1.0, Culture=neutral, PublicKeyToken=null" namespace="SubSonic.Tests" type="SubSonic.Tests.SugarTests" member="Dates_DaysAgo" />
                  <codeLocation path="H:\Projects\Subsonic2\2.2git\SubSonic-2.0\SubSonic.Tests\SugarTests.cs" line="33" />
                  <metadata>
                    <entry key="TestKind">
                      <value>Test</value>
                    </entry>
                  </metadata>
                  <children />
                  <parameters />
                </test>
                <test id="9d1f3b426e0830d0" name="Numbers_IsInteger" fullName="SubSonic.Tests/SugarTests/Numbers_IsInteger" isTestCase="true">
                  <codeReference assembly="SubSonic.Tests, Version=2.2.1.0, Culture=neutral, PublicKeyToken=null" namespace="SubSonic.Tests" type="SubSonic.Tests.SugarTests" member="Numbers_IsInteger" />
                  <codeLocation path="H:\Projects\Subsonic2\2.2git\SubSonic-2.0\SubSonic.Tests\SugarTests.cs" line="66" />
                  <metadata>
                    <entry key="TestKind">
                      <value>Test</value>
                    </entry>
                  </metadata>
                  <children />
                  <parameters />
                </test>
                <test id="d3f05500890def04" name="Validation_IsCreditCardAny" fullName="SubSonic.Tests/SugarTests/Validation_IsCreditCardAny" isTestCase="true">
                  <codeReference assembly="SubSonic.Tests, Version=2.2.1.0, Culture=neutral, PublicKeyToken=null" namespace="SubSonic.Tests" type="SubSonic.Tests.SugarTests" member="Validation_IsCreditCardAny" />
                  <codeLocation path="H:\Projects\Subsonic2\2.2git\SubSonic-2.0\SubSonic.Tests\SugarTests.cs" line="155" />
                  <metadata>
                    <entry key="TestKind">
                      <value>Test</value>
                    </entry>
                  </metadata>
                  <children />
                  <parameters>
                    <parameter id="d3f05500890def04@creditCardNumber" name="creditCardNumber">
                      <codeReference assembly="SubSonic.Tests, Version=2.2.1.0, Culture=neutral, PublicKeyToken=null" namespace="SubSonic.Tests" type="SubSonic.Tests.SugarTests" member="Validation_IsCreditCardAny" parameter="creditCardNumber" />
                      <codeLocation />
                      <metadata />
                    </parameter>
                    <parameter id="d3f05500890def04@expected" name="expected">
                      <codeReference assembly="SubSonic.Tests, Version=2.2.1.0, Culture=neutral, PublicKeyToken=null" namespace="SubSonic.Tests" type="SubSonic.Tests.SugarTests" member="Validation_IsCreditCardAny" parameter="expected" />
                      <codeLocation />
                      <metadata />
                    </parameter>
                  </parameters>
                </test>
                <test id="d6b2470982053183" name="Dates_ReadableDiff" fullName="SubSonic.Tests/SugarTests/Dates_ReadableDiff" isTestCase="true">
                  <codeReference assembly="SubSonic.Tests, Version=2.2.1.0, Culture=neutral, PublicKeyToken=null" namespace="SubSonic.Tests" type="SubSonic.Tests.SugarTests" member="Dates_ReadableDiff" />
                  <codeLocation path="H:\Projects\Subsonic2\2.2git\SubSonic-2.0\SubSonic.Tests\SugarTests.cs" line="121" />
                  <metadata>
                    <entry key="TestKind">
                      <value>Test</value>
                    </entry>
                  </metadata>
                  <children />
                  <parameters>
                    <parameter id="d6b2470982053183@startTime" name="startTime">
                      <codeReference assembly="SubSonic.Tests, Version=2.2.1.0, Culture=neutral, PublicKeyToken=null" namespace="SubSonic.Tests" type="SubSonic.Tests.SugarTests" member="Dates_ReadableDiff" parameter="startTime" />
                      <codeLocation />
                      <metadata />
                    </parameter>
                    <parameter id="d6b2470982053183@endTime" name="endTime">
                      <codeReference assembly="SubSonic.Tests, Version=2.2.1.0, Culture=neutral, PublicKeyToken=null" namespace="SubSonic.Tests" type="SubSonic.Tests.SugarTests" member="Dates_ReadableDiff" parameter="endTime" />
                      <codeLocation />
                      <metadata />
                    </parameter>
                    <parameter id="d6b2470982053183@expected" name="expected">
                      <codeReference assembly="SubSonic.Tests, Version=2.2.1.0, Culture=neutral, PublicKeyToken=null" namespace="SubSonic.Tests" type="SubSonic.Tests.SugarTests" member="Dates_ReadableDiff" parameter="expected" />
                      <codeLocation />
                      <metadata />
                    </parameter>
                  </parameters>
                </test>
                <test id="465b4d4accd38006" name="Strings_IsAlpha" fullName="SubSonic.Tests/SugarTests/Strings_IsAlpha" isTestCase="true">
                  <codeReference assembly="SubSonic.Tests, Version=2.2.1.0, Culture=neutral, PublicKeyToken=null" namespace="SubSonic.Tests" type="SubSonic.Tests.SugarTests" member="Strings_IsAlpha" />
                  <codeLocation path="H:\Projects\Subsonic2\2.2git\SubSonic-2.0\SubSonic.Tests\SugarTests.cs" line="82" />
                  <metadata>
                    <entry key="TestKind">
                      <value>Test</value>
                    </entry>
                  </metadata>
                  <children />
                  <parameters />
                </test>
              </children>
              <parameters />
            </test>
            <test id="c20a17c8fed4806e" name="ScriptersTest" fullName="SubSonic.Tests/ScriptersTest" isTestCase="false">
              <codeReference assembly="SubSonic.Tests, Version=2.2.1.0, Culture=neutral, PublicKeyToken=null" namespace="SubSonic.Tests" type="SubSonic.Tests.ScriptersTest" />
              <codeLocation path="H:\Projects\Subsonic2\2.2git\SubSonic-2.0\SubSonic.Tests\ScriptersTest.cs" />
              <metadata>
                <entry key="TestKind">
                  <value>Fixture</value>
                </entry>
              </metadata>
              <children>
                <test id="e510f6b31c4e537c" name="Script_Data" fullName="SubSonic.Tests/ScriptersTest/Script_Data" isTestCase="true">
                  <codeReference assembly="SubSonic.Tests, Version=2.2.1.0, Culture=neutral, PublicKeyToken=null" namespace="SubSonic.Tests" type="SubSonic.Tests.ScriptersTest" member="Script_Data" />
                  <codeLocation path="H:\Projects\Subsonic2\2.2git\SubSonic-2.0\SubSonic.Tests\ScriptersTest.cs" line="49" />
                  <metadata>
                    <entry key="TestKind">
                      <value>Test</value>
                    </entry>
                  </metadata>
                  <children />
                  <parameters />
                </test>
                <test id="cca7e142becda979" name="Script_AllData" fullName="SubSonic.Tests/ScriptersTest/Script_AllData" isTestCase="true">
                  <codeReference assembly="SubSonic.Tests, Version=2.2.1.0, Culture=neutral, PublicKeyToken=null" namespace="SubSonic.Tests" type="SubSonic.Tests.ScriptersTest" member="Script_AllData" />
                  <codeLocation path="H:\Projects\Subsonic2\2.2git\SubSonic-2.0\SubSonic.Tests\ScriptersTest.cs" line="60" />
                  <metadata>
                    <entry key="TestKind">
                      <value>Test</value>
                    </entry>
                  </metadata>
                  <children />
                  <parameters />
                </test>
              </children>
              <parameters />
            </test>
            <test id="100d55b0e105bd89" name="DataServiceTest" fullName="SubSonic.Tests/DataServiceTest" isTestCase="false">
              <codeReference assembly="SubSonic.Tests, Version=2.2.1.0, Culture=neutral, PublicKeyToken=null" namespace="SubSonic.Tests" type="SubSonic.Tests.DataServiceTest" />
              <codeLocation path="H:\Projects\Subsonic2\2.2git\SubSonic-2.0\SubSonic.Tests\DataServiceTest.cs" />
              <metadata>
                <entry key="TestKind">
                  <value>Fixture</value>
                </entry>
              </metadata>
              <children>
                <test id="b449a12d7036ab60" name="DataService_GetSchema" fullName="SubSonic.Tests/DataServiceTest/DataService_GetSchema" isTestCase="true">
                  <codeReference assembly="SubSonic.Tests, Version=2.2.1.0, Culture=neutral, PublicKeyToken=null" namespace="SubSonic.Tests" type="SubSonic.Tests.DataServiceTest" member="DataService_GetSchema" />
                  <codeLocation path="H:\Projects\Subsonic2\2.2git\SubSonic-2.0\SubSonic.Tests\DataServiceTest.cs" line="49" />
                  <metadata>
                    <entry key="TestKind">
                      <value>Test</value>
                    </entry>
                  </metadata>
                  <children />
                  <parameters />
                </test>
                <test id="ee678df2e826a4e0" name="DataProvider_GetRecordCount" fullName="SubSonic.Tests/DataServiceTest/DataProvider_GetRecordCount" isTestCase="true">
                  <codeReference assembly="SubSonic.Tests, Version=2.2.1.0, Culture=neutral, PublicKeyToken=null" namespace="SubSonic.Tests" type="SubSonic.Tests.DataServiceTest" member="DataProvider_GetRecordCount" />
                  <codeLocation path="H:\Projects\Subsonic2\2.2git\SubSonic-2.0\SubSonic.Tests\DataServiceTest.cs" line="69" />
                  <metadata>
                    <entry key="TestKind">
                      <value>Test</value>
                    </entry>
                  </metadata>
                  <children />
                  <parameters />
                </test>
                <test id="62b85bc2affcd08c" name="DataService_GetTableNames" fullName="SubSonic.Tests/DataServiceTest/DataService_GetTableNames" isTestCase="true">
                  <codeReference assembly="SubSonic.Tests, Version=2.2.1.0, Culture=neutral, PublicKeyToken=null" namespace="SubSonic.Tests" type="SubSonic.Tests.DataServiceTest" member="DataService_GetTableNames" />
                  <codeLocation path="H:\Projects\Subsonic2\2.2git\SubSonic-2.0\SubSonic.Tests\DataServiceTest.cs" line="59" />
                  <metadata>
                    <entry key="TestKind">
                      <value>Test</value>
                    </entry>
                  </metadata>
                  <children />
                  <parameters />
                </test>
              </children>
              <parameters />
            </test>
            <test id="7a29c27c11dd12b4" name="DeleteTests" fullName="SubSonic.Tests/DeleteTests" isTestCase="false">
              <codeReference assembly="SubSonic.Tests, Version=2.2.1.0, Culture=neutral, PublicKeyToken=null" namespace="SubSonic.Tests.SqlQuery" type="SubSonic.Tests.SqlQuery.DeleteTests" />
              <codeLocation path="H:\Projects\Subsonic2\2.2git\SubSonic-2.0\SubSonic.Tests\SqlQuery\DeleteTests.cs" />
              <metadata>
                <entry key="TestKind">
                  <value>Fixture</value>
                </entry>
              </metadata>
              <children>
                <test id="2596e467ffe54266" name="Delete_SimpleSqlCheck" fullName="SubSonic.Tests/DeleteTests/Delete_SimpleSqlCheck" isTestCase="true">
                  <codeReference assembly="SubSonic.Tests, Version=2.2.1.0, Culture=neutral, PublicKeyToken=null" namespace="SubSonic.Tests.SqlQuery" type="SubSonic.Tests.SqlQuery.DeleteTests" member="Delete_SimpleSqlCheck" />
                  <codeLocation path="H:\Projects\Subsonic2\2.2git\SubSonic-2.0\SubSonic.Tests\SqlQuery\DeleteTests.cs" line="28" />
                  <metadata>
                    <entry key="TestKind">
                      <value>Test</value>
                    </entry>
                  </metadata>
                  <children />
                  <parameters />
                </test>
                <test id="b8449160df3bfc16" name="Delete_MultipleWithInsertBatch" fullName="SubSonic.Tests/DeleteTests/Delete_MultipleWithInsertBatch" isTestCase="true">
                  <codeReference assembly="SubSonic.Tests, Version=2.2.1.0, Culture=neutral, PublicKeyToken=null" namespace="SubSonic.Tests.SqlQuery" type="SubSonic.Tests.SqlQuery.DeleteTests" member="Delete_MultipleWithInsertBatch" />
                  <codeLocation path="H:\Projects\Subsonic2\2.2git\SubSonic-2.0\SubSonic.Tests\SqlQuery\DeleteTests.cs" line="50" />
                  <metadata>
                    <entry key="TestKind">
                      <value>Test</value>
                    </entry>
                  </metadata>
                  <children />
                  <parameters />
                </test>
                <test id="5081633c8f2fb62f" name="Delete_Simple" fullName="SubSonic.Tests/DeleteTests/Delete_Simple" isTestCase="true">
                  <codeReference assembly="SubSonic.Tests, Version=2.2.1.0, Culture=neutral, PublicKeyToken=null" namespace="SubSonic.Tests.SqlQuery" type="SubSonic.Tests.SqlQuery.DeleteTests" member="Delete_Simple" />
                  <codeLocation path="H:\Projects\Subsonic2\2.2git\SubSonic-2.0\SubSonic.Tests\SqlQuery\DeleteTests.cs" line="36" />
                  <metadata>
                    <entry key="TestKind">
                      <value>Test</value>
                    </entry>
                  </metadata>
                  <children />
                  <parameters />
                </test>
              </children>
              <parameters />
            </test>
            <test id="60b90858aa342229" name="SqlServerParserTests" fullName="SubSonic.Tests/SqlServerParserTests" isTestCase="false">
              <codeReference assembly="SubSonic.Tests, Version=2.2.1.0, Culture=neutral, PublicKeyToken=null" namespace="SubSonic.Tests.SqlQuery" type="SubSonic.Tests.SqlQuery.SqlServerParserTests" />
              <codeLocation path="H:\Projects\Subsonic2\2.2git\SubSonic-2.0\SubSonic.Tests\SqlGenerators\SqlServerGeneratorTests.cs" />
              <metadata>
                <entry key="TestKind">
                  <value>Fixture</value>
                </entry>
              </metadata>
              <children>
                <test id="b038d3afb3264e1f" name="Add_Column" fullName="SubSonic.Tests/SqlServerParserTests/Add_Column" isTestCase="true">
                  <codeReference assembly="SubSonic.Tests, Version=2.2.1.0, Culture=neutral, PublicKeyToken=null" namespace="SubSonic.Tests.SqlQuery" type="SubSonic.Tests.SqlQuery.SqlServerParserTests" member="Add_Column" />
                  <codeLocation path="H:\Projects\Subsonic2\2.2git\SubSonic-2.0\SubSonic.Tests\SqlGenerators\SqlServerGeneratorTests.cs" line="240" />
                  <metadata>
                    <entry key="TestKind">
                      <value>Test</value>
                    </entry>
                  </metadata>
                  <children />
                  <parameters />
                </test>
                <test id="b23686f1b213f7ff" name="Create_Table" fullName="SubSonic.Tests/SqlServerParserTests/Create_Table" isTestCase="true">
                  <codeReference assembly="SubSonic.Tests, Version=2.2.1.0, Culture=neutral, PublicKeyToken=null" namespace="SubSonic.Tests.SqlQuery" type="SubSonic.Tests.SqlQuery.SqlServerParserTests" member="Create_Table" />
                  <codeLocation path="H:\Projects\Subsonic2\2.2git\SubSonic-2.0\SubSonic.Tests\SqlGenerators\SqlServerGeneratorTests.cs" line="230" />
                  <metadata>
                    <entry key="TestKind">
                      <value>Test</value>
                    </entry>
                  </metadata>
                  <children />
                  <parameters />
                </test>
                <test id="76cb5cc148d15d12" name="Drop_Table" fullName="SubSonic.Tests/SqlServerParserTests/Drop_Table" isTestCase="true">
                  <codeReference assembly="SubSonic.Tests, Version=2.2.1.0, Culture=neutral, PublicKeyToken=null" namespace="SubSonic.Tests.SqlQuery" type="SubSonic.Tests.SqlQuery.SqlServerParserTests" member="Drop_Table" />
                  <codeLocation path="H:\Projects\Subsonic2\2.2git\SubSonic-2.0\SubSonic.Tests\SqlGenerators\SqlServerGeneratorTests.cs" line="222" />
                  <metadata>
                    <entry key="TestKind">
                      <value>Test</value>
                    </entry>
                  </metadata>
                  <children />
                  <parameters />
                </test>
                <test id="f10c18f4e6e52a40" name="Select_ColumnList_Specified" fullName="SubSonic.Tests/SqlServerParserTests/Select_ColumnList_Specified" isTestCase="true">
                  <codeReference assembly="SubSonic.Tests, Version=2.2.1.0, Culture=neutral, PublicKeyToken=null" namespace="SubSonic.Tests.SqlQuery" type="SubSonic.Tests.SqlQuery.SqlServerParserTests" member="Select_ColumnList_Specified" />
                  <codeLocation path="H:\Projects\Subsonic2\2.2git\SubSonic-2.0\SubSonic.Tests\SqlGenerators\SqlServerGeneratorTests.cs" line="26" />
                  <metadata>
                    <entry key="TestKind">
                      <value>Test</value>
                    </entry>
                  </metadata>
                  <children />
                  <parameters />
                </test>
                <test id="55d0b3a9aa2fc7b5" name="Remove_Column" fullName="SubSonic.Tests/SqlServerParserTests/Remove_Column" isTestCase="true">
                  <codeReference assembly="SubSonic.Tests, Version=2.2.1.0, Culture=neutral, PublicKeyToken=null" namespace="SubSonic.Tests.SqlQuery" type="SubSonic.Tests.SqlQuery.SqlServerParserTests" member="Remove_Column" />
                  <codeLocation path="H:\Projects\Subsonic2\2.2git\SubSonic-2.0\SubSonic.Tests\SqlGenerators\SqlServerGeneratorTests.cs" line="270" />
                  <metadata>
                    <entry key="TestKind">
                      <value>Test</value>
                    </entry>
                  </metadata>
                  <children />
                  <parameters />
                </test>
                <test id="230b5d41c88cd9d3" name="Alter_Column" fullName="SubSonic.Tests/SqlServerParserTests/Alter_Column" isTestCase="true">
                  <codeReference assembly="SubSonic.Tests, Version=2.2.1.0, Culture=neutral, PublicKeyToken=null" namespace="SubSonic.Tests.SqlQuery" type="SubSonic.Tests.SqlQuery.SqlServerParserTests" member="Alter_Column" />
                  <codeLocation path="H:\Projects\Subsonic2\2.2git\SubSonic-2.0\SubSonic.Tests\SqlGenerators\SqlServerGeneratorTests.cs" line="255" />
                  <metadata>
                    <entry key="TestKind">
                      <value>Test</value>
                    </entry>
                  </metadata>
                  <children />
                  <parameters />
                </test>
                <test id="e8c503421ed75cc7" name="Where_Simple" fullName="SubSonic.Tests/SqlServerParserTests/Where_Simple" isTestCase="true">
                  <codeReference assembly="SubSonic.Tests, Version=2.2.1.0, Culture=neutral, PublicKeyToken=null" namespace="SubSonic.Tests.SqlQuery" type="SubSonic.Tests.SqlQuery.SqlServerParserTests" member="Where_Simple" />
                  <codeLocation path="H:\Projects\Subsonic2\2.2git\SubSonic-2.0\SubSonic.Tests\SqlGenerators\SqlServerGeneratorTests.cs" line="80" />
                  <metadata>
                    <entry key="TestKind">
                      <value>Test</value>
                    </entry>
                  </metadata>
                  <children />
                  <parameters />
                </test>
                <test id="8e81f1b907805ac6" name="Where_And" fullName="SubSonic.Tests/SqlServerParserTests/Where_And" isTestCase="true">
                  <codeReference assembly="SubSonic.Tests, Version=2.2.1.0, Culture=neutral, PublicKeyToken=null" namespace="SubSonic.Tests.SqlQuery" type="SubSonic.Tests.SqlQuery.SqlServerParserTests" member="Where_And" />
                  <codeLocation path="H:\Projects\Subsonic2\2.2git\SubSonic-2.0\SubSonic.Tests\SqlGenerators\SqlServerGeneratorTests.cs" line="89" />
                  <metadata>
                    <entry key="TestKind">
                      <value>Test</value>
                    </entry>
                  </metadata>
                  <children />
                  <parameters />
                </test>
                <test id="cd33398885417e68" name="Select_BetweenAnd" fullName="SubSonic.Tests/SqlServerParserTests/Select_BetweenAnd" isTestCase="true">
                  <codeReference assembly="SubSonic.Tests, Version=2.2.1.0, Culture=neutral, PublicKeyToken=null" namespace="SubSonic.Tests.SqlQuery" type="SubSonic.Tests.SqlQuery.SqlServerParserTests" member="Select_BetweenAnd" />
                  <codeLocation path="H:\Projects\Subsonic2\2.2git\SubSonic-2.0\SubSonic.Tests\SqlGenerators\SqlServerGeneratorTests.cs" line="100" />
                  <metadata>
                    <entry key="TestKind">
                      <value>Test</value>
                    </entry>
                  </metadata>
                  <children />
                  <parameters />
                </test>
                <test id="93ecceb46b6af8ef" name="Join_CreateImplicit_Reversed" fullName="SubSonic.Tests/SqlServerParserTests/Join_CreateImplicit_Reversed" isTestCase="true">
                  <codeReference assembly="SubSonic.Tests, Version=2.2.1.0, Culture=neutral, PublicKeyToken=null" namespace="SubSonic.Tests.SqlQuery" type="SubSonic.Tests.SqlQuery.SqlServerParserTests" member="Join_CreateImplicit_Reversed" />
                  <codeLocation path="H:\Projects\Subsonic2\2.2git\SubSonic-2.0\SubSonic.Tests\SqlGenerators\SqlServerGeneratorTests.cs" line="72" />
                  <metadata>
                    <entry key="TestKind">
                      <value>Test</value>
                    </entry>
                  </metadata>
                  <children />
                  <parameters />
                </test>
                <test id="9353a3d7f6f779c0" name="Select_Generate_FromList" fullName="SubSonic.Tests/SqlServerParserTests/Select_Generate_FromList" isTestCase="true">
                  <codeReference assembly="SubSonic.Tests, Version=2.2.1.0, Culture=neutral, PublicKeyToken=null" namespace="SubSonic.Tests.SqlQuery" type="SubSonic.Tests.SqlQuery.SqlServerParserTests" member="Select_Generate_FromList" />
                  <codeLocation path="H:\Projects\Subsonic2\2.2git\SubSonic-2.0\SubSonic.Tests\SqlGenerators\SqlServerGeneratorTests.cs" line="37" />
                  <metadata>
                    <entry key="TestKind">
                      <value>Test</value>
                    </entry>
                  </metadata>
                  <children />
                  <parameters />
                </test>
                <test id="c16ca65665a60dcd" name="Select_Generate_JoinList" fullName="SubSonic.Tests/SqlServerParserTests/Select_Generate_JoinList" isTestCase="true">
                  <codeReference assembly="SubSonic.Tests, Version=2.2.1.0, Culture=neutral, PublicKeyToken=null" namespace="SubSonic.Tests.SqlQuery" type="SubSonic.Tests.SqlQuery.SqlServerParserTests" member="Select_Generate_JoinList" />
                  <codeLocation path="H:\Projects\Subsonic2\2.2git\SubSonic-2.0\SubSonic.Tests\SqlGenerators\SqlServerGeneratorTests.cs" line="48" />
                  <metadata>
                    <entry key="TestKind">
                      <value>Test</value>
                    </entry>
                  </metadata>
                  <children />
                  <parameters />
                </test>
                <test id="6b04afe64d308ac5" name="Join_CreateImplicit" fullName="SubSonic.Tests/SqlServerParserTests/Join_CreateImplicit" isTestCase="true">
                  <codeReference assembly="SubSonic.Tests, Version=2.2.1.0, Culture=neutral, PublicKeyToken=null" namespace="SubSonic.Tests.SqlQuery" type="SubSonic.Tests.SqlQuery.SqlServerParserTests" member="Join_CreateImplicit" />
                  <codeLocation path="H:\Projects\Subsonic2\2.2git\SubSonic-2.0\SubSonic.Tests\SqlGenerators\SqlServerGeneratorTests.cs" line="64" />
                  <metadata>
                    <entry key="TestKind">
                      <value>Test</value>
                    </entry>
                  </metadata>
                  <children />
                  <parameters />
                </test>
                <test id="fe33148885157218" name="Aggregate_Count" fullName="SubSonic.Tests/SqlServerParserTests/Aggregate_Count" isTestCase="true">
                  <codeReference assembly="SubSonic.Tests, Version=2.2.1.0, Culture=neutral, PublicKeyToken=null" namespace="SubSonic.Tests.SqlQuery" type="SubSonic.Tests.SqlQuery.SqlServerParserTests" member="Aggregate_Count" />
                  <codeLocation path="H:\Projects\Subsonic2\2.2git\SubSonic-2.0\SubSonic.Tests\SqlGenerators\SqlServerGeneratorTests.cs" line="110" />
                  <metadata>
                    <entry key="TestKind">
                      <value>Test</value>
                    </entry>
                  </metadata>
                  <children />
                  <parameters />
                </test>
                <test id="14656463e04d232d" name="Join_RightOuter" fullName="SubSonic.Tests/SqlServerParserTests/Join_RightOuter" isTestCase="true">
                  <codeReference assembly="SubSonic.Tests, Version=2.2.1.0, Culture=neutral, PublicKeyToken=null" namespace="SubSonic.Tests.SqlQuery" type="SubSonic.Tests.SqlQuery.SqlServerParserTests" member="Join_RightOuter" />
                  <codeLocation path="H:\Projects\Subsonic2\2.2git\SubSonic-2.0\SubSonic.Tests\SqlGenerators\SqlServerGeneratorTests.cs" line="186" />
                  <metadata>
                    <entry key="TestKind">
                      <value>Test</value>
                    </entry>
                  </metadata>
                  <children />
                  <parameters />
                </test>
                <test id="145dc48b903294de" name="Join_Cross" fullName="SubSonic.Tests/SqlServerParserTests/Join_Cross" isTestCase="true">
                  <codeReference assembly="SubSonic.Tests, Version=2.2.1.0, Culture=neutral, PublicKeyToken=null" namespace="SubSonic.Tests.SqlQuery" type="SubSonic.Tests.SqlQuery.SqlServerParserTests" member="Join_Cross" />
                  <codeLocation path="H:\Projects\Subsonic2\2.2git\SubSonic-2.0\SubSonic.Tests\SqlGenerators\SqlServerGeneratorTests.cs" line="198" />
                  <metadata>
                    <entry key="TestKind">
                      <value>Test</value>
                    </entry>
                  </metadata>
                  <children />
                  <parameters />
                </test>
                <test id="a81dd1f180303cf2" name="Join_Unequal" fullName="SubSonic.Tests/SqlServerParserTests/Join_Unequal" isTestCase="true">
                  <codeReference assembly="SubSonic.Tests, Version=2.2.1.0, Culture=neutral, PublicKeyToken=null" namespace="SubSonic.Tests.SqlQuery" type="SubSonic.Tests.SqlQuery.SqlServerParserTests" member="Join_Unequal" />
                  <codeLocation path="H:\Projects\Subsonic2\2.2git\SubSonic-2.0\SubSonic.Tests\SqlGenerators\SqlServerGeneratorTests.cs" line="210" />
                  <metadata>
                    <entry key="TestKind">
                      <value>Test</value>
                    </entry>
                  </metadata>
                  <children />
                  <parameters />
                </test>
                <test id="ad7e1ee716b970b" name="Select_IN" fullName="SubSonic.Tests/SqlServerParserTests/Select_IN" isTestCase="true">
                  <codeReference assembly="SubSonic.Tests, Version=2.2.1.0, Culture=neutral, PublicKeyToken=null" namespace="SubSonic.Tests.SqlQuery" type="SubSonic.Tests.SqlQuery.SqlServerParserTests" member="Select_IN" />
                  <codeLocation path="H:\Projects\Subsonic2\2.2git\SubSonic-2.0\SubSonic.Tests\SqlGenerators\SqlServerGeneratorTests.cs" line="178" />
                  <metadata>
                    <entry key="TestKind">
                      <value>Test</value>
                    </entry>
                  </metadata>
                  <children />
                  <parameters />
                </test>
                <test id="11814d6ca25ebd6" name="Where_Expression" fullName="SubSonic.Tests/SqlServerParserTests/Where_Expression" isTestCase="true">
                  <codeReference assembly="SubSonic.Tests, Version=2.2.1.0, Culture=neutral, PublicKeyToken=null" namespace="SubSonic.Tests.SqlQuery" type="SubSonic.Tests.SqlQuery.SqlServerParserTests" member="Where_Expression" />
                  <codeLocation path="H:\Projects\Subsonic2\2.2git\SubSonic-2.0\SubSonic.Tests\SqlGenerators\SqlServerGeneratorTests.cs" line="125" />
                  <metadata>
                    <entry key="TestKind">
                      <value>Test</value>
                    </entry>
                  </metadata>
                  <children />
                  <parameters />
                </test>
                <test id="82c6a08c439adfeb" name="Select_Expression" fullName="SubSonic.Tests/SqlServerParserTests/Select_Expression" isTestCase="true">
                  <codeReference assembly="SubSonic.Tests, Version=2.2.1.0, Culture=neutral, PublicKeyToken=null" namespace="SubSonic.Tests.SqlQuery" type="SubSonic.Tests.SqlQuery.SqlServerParserTests" member="Select_Expression" />
                  <codeLocation path="H:\Projects\Subsonic2\2.2git\SubSonic-2.0\SubSonic.Tests\SqlGenerators\SqlServerGeneratorTests.cs" line="137" />
                  <metadata>
                    <entry key="TestKind">
                      <value>Test</value>
                    </entry>
                  </metadata>
                  <children />
                  <parameters />
                </test>
                <test id="f8b3de9ebe602bca" name="Select_Paged" fullName="SubSonic.Tests/SqlServerParserTests/Select_Paged" isTestCase="true">
                  <codeReference assembly="SubSonic.Tests, Version=2.2.1.0, Culture=neutral, PublicKeyToken=null" namespace="SubSonic.Tests.SqlQuery" type="SubSonic.Tests.SqlQuery.SqlServerParserTests" member="Select_Paged" />
                  <codeLocation path="H:\Projects\Subsonic2\2.2git\SubSonic-2.0\SubSonic.Tests\SqlGenerators\SqlServerGeneratorTests.cs" line="156" />
                  <metadata>
                    <entry key="TestKind">
                      <value>Test</value>
                    </entry>
                  </metadata>
                  <children />
                  <parameters />
                </test>
              </children>
              <parameters />
            </test>
            <test id="6e5f3a8fac97c581" name="RepositoryTests" fullName="SubSonic.Tests/RepositoryTests" isTestCase="false">
              <codeReference assembly="SubSonic.Tests, Version=2.2.1.0, Culture=neutral, PublicKeyToken=null" namespace="SubSonic.Tests.Repository" type="SubSonic.Tests.Repository.RepositoryTests" />
              <codeLocation path="H:\Projects\Subsonic2\2.2git\SubSonic-2.0\SubSonic.Tests\Repository\RepositoryTests.cs" />
              <metadata>
                <entry key="TestKind">
                  <value>Fixture</value>
                </entry>
              </metadata>
              <children>
                <test id="501bdffa4db407e3" name="Repository_Should_UpdateProductName" fullName="SubSonic.Tests/RepositoryTests/Repository_Should_UpdateProductName" isTestCase="true">
                  <codeReference assembly="SubSonic.Tests, Version=2.2.1.0, Culture=neutral, PublicKeyToken=null" namespace="SubSonic.Tests.Repository" type="SubSonic.Tests.Repository.RepositoryTests" member="Repository_Should_UpdateProductName" />
                  <codeLocation path="H:\Projects\Subsonic2\2.2git\SubSonic-2.0\SubSonic.Tests\Repository\RepositoryTests.cs" line="87" />
                  <metadata>
                    <entry key="TestKind">
                      <value>Test</value>
                    </entry>
                  </metadata>
                  <children />
                  <parameters />
                </test>
                <test id="e89af05ec569a902" name="Repository_FullCRUD" fullName="SubSonic.Tests/RepositoryTests/Repository_FullCRUD" isTestCase="true">
                  <codeReference assembly="SubSonic.Tests, Version=2.2.1.0, Culture=neutral, PublicKeyToken=null" namespace="SubSonic.Tests.Repository" type="SubSonic.Tests.Repository.RepositoryTests" member="Repository_FullCRUD" />
                  <codeLocation path="H:\Projects\Subsonic2\2.2git\SubSonic-2.0\SubSonic.Tests\Repository\RepositoryTests.cs" line="33" />
                  <metadata>
                    <entry key="TestKind">
                      <value>Test</value>
                    </entry>
                  </metadata>
                  <children />
                  <parameters />
                </test>
                <test id="a194cf2f72fa0da3" name="Repository_Simple_Select" fullName="SubSonic.Tests/RepositoryTests/Repository_Simple_Select" isTestCase="true">
                  <codeReference assembly="SubSonic.Tests, Version=2.2.1.0, Culture=neutral, PublicKeyToken=null" namespace="SubSonic.Tests.Repository" type="SubSonic.Tests.Repository.RepositoryTests" member="Repository_Simple_Select" />
                  <codeLocation path="H:\Projects\Subsonic2\2.2git\SubSonic-2.0\SubSonic.Tests\Repository\RepositoryTests.cs" line="26" />
                  <metadata>
                    <entry key="TestKind">
                      <value>Test</value>
                    </entry>
                  </metadata>
                  <children />
                  <parameters />
                </test>
                <test id="e8bdbb96571b6b71" name="Repository_DeleteByKey" fullName="SubSonic.Tests/RepositoryTests/Repository_DeleteByKey" isTestCase="true">
                  <codeReference assembly="SubSonic.Tests, Version=2.2.1.0, Culture=neutral, PublicKeyToken=null" namespace="SubSonic.Tests.Repository" type="SubSonic.Tests.Repository.RepositoryTests" member="Repository_DeleteByKey" />
                  <codeLocation path="H:\Projects\Subsonic2\2.2git\SubSonic-2.0\SubSonic.Tests\Repository\RepositoryTests.cs" line="112" />
                  <metadata>
                    <entry key="TestKind">
                      <value>Test</value>
                    </entry>
                  </metadata>
                  <children />
                  <parameters />
                </test>
                <test id="d366ccde4824190f" name="Repository_DestroyByKey" fullName="SubSonic.Tests/RepositoryTests/Repository_DestroyByKey" isTestCase="true">
                  <codeReference assembly="SubSonic.Tests, Version=2.2.1.0, Culture=neutral, PublicKeyToken=null" namespace="SubSonic.Tests.Repository" type="SubSonic.Tests.Repository.RepositoryTests" member="Repository_DestroyByKey" />
                  <codeLocation path="H:\Projects\Subsonic2\2.2git\SubSonic-2.0\SubSonic.Tests\Repository\RepositoryTests.cs" line="144" />
                  <metadata>
                    <entry key="TestKind">
                      <value>Test</value>
                    </entry>
                  </metadata>
                  <children />
                  <parameters />
                </test>
                <test id="b277c675572095f6" name="Repository_ShouldNot_ThrowWhenNoColumnsChanged" fullName="SubSonic.Tests/RepositoryTests/Repository_ShouldNot_ThrowWhenNoColumnsChanged" isTestCase="true">
                  <codeReference assembly="SubSonic.Tests, Version=2.2.1.0, Culture=neutral, PublicKeyToken=null" namespace="SubSonic.Tests.Repository" type="SubSonic.Tests.Repository.RepositoryTests" member="Repository_ShouldNot_ThrowWhenNoColumnsChanged" />
                  <codeLocation path="H:\Projects\Subsonic2\2.2git\SubSonic-2.0\SubSonic.Tests\Repository\RepositoryTests.cs" line="98" />
                  <metadata>
                    <entry key="TestKind">
                      <value>Test</value>
                    </entry>
                  </metadata>
                  <children />
                  <parameters />
                </test>
                <test id="436b3caa8a0dda25" name="Respository_CollectionLoad" fullName="SubSonic.Tests/RepositoryTests/Respository_CollectionLoad" isTestCase="true">
                  <codeReference assembly="SubSonic.Tests, Version=2.2.1.0, Culture=neutral, PublicKeyToken=null" namespace="SubSonic.Tests.Repository" type="SubSonic.Tests.Repository.RepositoryTests" member="Respository_CollectionLoad" />
                  <codeLocation path="H:\Projects\Subsonic2\2.2git\SubSonic-2.0\SubSonic.Tests\Repository\RepositoryTests.cs" line="106" />
                  <metadata>
                    <entry key="TestKind">
                      <value>Test</value>
                    </entry>
                  </metadata>
                  <children />
                  <parameters />
                </test>
              </children>
              <parameters />
            </test>
            <test id="ad7c7598a63cd1b4" name="ETL" fullName="SubSonic.Tests/ETL" isTestCase="false">
              <codeReference assembly="SubSonic.Tests, Version=2.2.1.0, Culture=neutral, PublicKeyToken=null" namespace="SubSonic.Tests" type="SubSonic.Tests.ETL" />
              <codeLocation path="H:\Projects\Subsonic2\2.2git\SubSonic-2.0\SubSonic.Tests\ETL.cs" />
              <metadata>
                <entry key="TestKind">
                  <value>Fixture</value>
                </entry>
              </metadata>
              <children>
                <test id="f24ece17abffb775" name="ETL_CloneInstance" fullName="SubSonic.Tests/ETL/ETL_CloneInstance" isTestCase="true">
                  <codeReference assembly="SubSonic.Tests, Version=2.2.1.0, Culture=neutral, PublicKeyToken=null" namespace="SubSonic.Tests" type="SubSonic.Tests.ETL" member="ETL_CloneInstance" />
                  <codeLocation path="H:\Projects\Subsonic2\2.2git\SubSonic-2.0\SubSonic.Tests\ETL.cs" line="50" />
                  <metadata>
                    <entry key="TestKind">
                      <value>Test</value>
                    </entry>
                  </metadata>
                  <children />
                  <parameters />
                </test>
                <test id="cbceecda1b6cb0f4" name="ETL_CloneCollection" fullName="SubSonic.Tests/ETL/ETL_CloneCollection" isTestCase="true">
                  <codeReference assembly="SubSonic.Tests, Version=2.2.1.0, Culture=neutral, PublicKeyToken=null" namespace="SubSonic.Tests" type="SubSonic.Tests.ETL" member="ETL_CloneCollection" />
                  <codeLocation path="H:\Projects\Subsonic2\2.2git\SubSonic-2.0\SubSonic.Tests\ETL.cs" line="63" />
                  <metadata>
                    <entry key="TestKind">
                      <value>Test</value>
                    </entry>
                  </metadata>
                  <children />
                  <parameters />
                </test>
                <test id="6377c57e3d83cf09" name="ETL_CollectionToTable" fullName="SubSonic.Tests/ETL/ETL_CollectionToTable" isTestCase="true">
                  <codeReference assembly="SubSonic.Tests, Version=2.2.1.0, Culture=neutral, PublicKeyToken=null" namespace="SubSonic.Tests" type="SubSonic.Tests.ETL" member="ETL_CollectionToTable" />
                  <codeLocation path="H:\Projects\Subsonic2\2.2git\SubSonic-2.0\SubSonic.Tests\ETL.cs" line="89" />
                  <metadata>
                    <entry key="TestKind">
                      <value>Test</value>
                    </entry>
                  </metadata>
                  <children />
                  <parameters />
                </test>
                <test id="cbb6eb256b8756a6" name="ETL_CopyCollection" fullName="SubSonic.Tests/ETL/ETL_CopyCollection" isTestCase="true">
                  <codeReference assembly="SubSonic.Tests, Version=2.2.1.0, Culture=neutral, PublicKeyToken=null" namespace="SubSonic.Tests" type="SubSonic.Tests.ETL" member="ETL_CopyCollection" />
                  <codeLocation path="H:\Projects\Subsonic2\2.2git\SubSonic-2.0\SubSonic.Tests\ETL.cs" line="76" />
                  <metadata>
                    <entry key="TestKind">
                      <value>Test</value>
                    </entry>
                  </metadata>
                  <children />
                  <parameters />
                </test>
              </children>
              <parameters />
            </test>
            <test id="ac150421ef5e6b01" name="MySqlTests" fullName="SubSonic.Tests/MySqlTests" isTestCase="false">
              <codeReference assembly="SubSonic.Tests, Version=2.2.1.0, Culture=neutral, PublicKeyToken=null" namespace="SubSonic.Tests" type="SubSonic.Tests.MySqlTests" />
              <codeLocation path="H:\Projects\Subsonic2\2.2git\SubSonic-2.0\SubSonic.Tests\MySqlTests.cs" />
              <metadata>
                <entry key="TestKind">
                  <value>Fixture</value>
                </entry>
              </metadata>
              <children>
                <test id="be8622380961903f" name="CorrectSchemaLoad" fullName="SubSonic.Tests/MySqlTests/CorrectSchemaLoad" isTestCase="true">
                  <codeReference assembly="SubSonic.Tests, Version=2.2.1.0, Culture=neutral, PublicKeyToken=null" namespace="SubSonic.Tests" type="SubSonic.Tests.MySqlTests" member="CorrectSchemaLoad" />
                  <codeLocation path="H:\Projects\Subsonic2\2.2git\SubSonic-2.0\SubSonic.Tests\MySqlTests.cs" line="28" />
                  <metadata>
                    <entry key="TestKind">
                      <value>Test</value>
                    </entry>
                  </metadata>
                  <children />
                  <parameters />
                </test>
              </children>
              <parameters />
            </test>
            <test id="d555ee4381e205dd" name="MySqlGeneratorTests" fullName="SubSonic.Tests/MySqlGeneratorTests" isTestCase="false">
              <codeReference assembly="SubSonic.Tests, Version=2.2.1.0, Culture=neutral, PublicKeyToken=null" namespace="SubSonic.Tests.SqlGenerators" type="SubSonic.Tests.SqlGenerators.MySqlGeneratorTests" />
              <codeLocation path="H:\Projects\Subsonic2\2.2git\SubSonic-2.0\SubSonic.Tests\SqlGenerators\MySqlGeneratorTests.cs" />
              <metadata>
                <entry key="TestKind">
                  <value>Fixture</value>
                </entry>
              </metadata>
              <children>
                <test id="86b9711ecc776484" name="Drop_Table" fullName="SubSonic.Tests/MySqlGeneratorTests/Drop_Table" isTestCase="true">
                  <codeReference assembly="SubSonic.Tests, Version=2.2.1.0, Culture=neutral, PublicKeyToken=null" namespace="SubSonic.Tests.SqlGenerators" type="SubSonic.Tests.SqlGenerators.MySqlGeneratorTests" member="Drop_Table" />
                  <codeLocation path="H:\Projects\Subsonic2\2.2git\SubSonic-2.0\SubSonic.Tests\SqlGenerators\MySqlGeneratorTests.cs" line="23" />
                  <metadata>
                    <entry key="TestKind">
                      <value>Test</value>
                    </entry>
                  </metadata>
                  <children />
                  <parameters />
                </test>
                <test id="58690fbdcef5469f" name="Select_ColumnList_Specified" fullName="SubSonic.Tests/MySqlGeneratorTests/Select_ColumnList_Specified" isTestCase="true">
                  <codeReference assembly="SubSonic.Tests, Version=2.2.1.0, Culture=neutral, PublicKeyToken=null" namespace="SubSonic.Tests.SqlGenerators" type="SubSonic.Tests.SqlGenerators.MySqlGeneratorTests" member="Select_ColumnList_Specified" />
                  <codeLocation path="H:\Projects\Subsonic2\2.2git\SubSonic-2.0\SubSonic.Tests\SqlGenerators\MySqlGeneratorTests.cs" line="12" />
                  <metadata>
                    <entry key="TestKind">
                      <value>Test</value>
                    </entry>
                  </metadata>
                  <children />
                  <parameters />
                </test>
                <test id="21f87b47ae716092" name="Create_Table" fullName="SubSonic.Tests/MySqlGeneratorTests/Create_Table" isTestCase="true">
                  <codeReference assembly="SubSonic.Tests, Version=2.2.1.0, Culture=neutral, PublicKeyToken=null" namespace="SubSonic.Tests.SqlGenerators" type="SubSonic.Tests.SqlGenerators.MySqlGeneratorTests" member="Create_Table" />
                  <codeLocation path="H:\Projects\Subsonic2\2.2git\SubSonic-2.0\SubSonic.Tests\SqlGenerators\MySqlGeneratorTests.cs" line="31" />
                  <metadata>
                    <entry key="TestKind">
                      <value>Test</value>
                    </entry>
                  </metadata>
                  <children />
                  <parameters />
                </test>
                <test id="4b2410a3fffa3a15" name="Remove_Column" fullName="SubSonic.Tests/MySqlGeneratorTests/Remove_Column" isTestCase="true">
                  <codeReference assembly="SubSonic.Tests, Version=2.2.1.0, Culture=neutral, PublicKeyToken=null" namespace="SubSonic.Tests.SqlGenerators" type="SubSonic.Tests.SqlGenerators.MySqlGeneratorTests" member="Remove_Column" />
                  <codeLocation path="H:\Projects\Subsonic2\2.2git\SubSonic-2.0\SubSonic.Tests\SqlGenerators\MySqlGeneratorTests.cs" line="73" />
                  <metadata>
                    <entry key="TestKind">
                      <value>Test</value>
                    </entry>
                  </metadata>
                  <children />
                  <parameters />
                </test>
                <test id="5a34a93f4a70d135" name="Alter_Column" fullName="SubSonic.Tests/MySqlGeneratorTests/Alter_Column" isTestCase="true">
                  <codeReference assembly="SubSonic.Tests, Version=2.2.1.0, Culture=neutral, PublicKeyToken=null" namespace="SubSonic.Tests.SqlGenerators" type="SubSonic.Tests.SqlGenerators.MySqlGeneratorTests" member="Alter_Column" />
                  <codeLocation path="H:\Projects\Subsonic2\2.2git\SubSonic-2.0\SubSonic.Tests\SqlGenerators\MySqlGeneratorTests.cs" line="61" />
                  <metadata>
                    <entry key="TestKind">
                      <value>Test</value>
                    </entry>
                  </metadata>
                  <children />
                  <parameters />
                </test>
                <test id="f83464f45f4bb980" name="Add_Column" fullName="SubSonic.Tests/MySqlGeneratorTests/Add_Column" isTestCase="true">
                  <codeReference assembly="SubSonic.Tests, Version=2.2.1.0, Culture=neutral, PublicKeyToken=null" namespace="SubSonic.Tests.SqlGenerators" type="SubSonic.Tests.SqlGenerators.MySqlGeneratorTests" member="Add_Column" />
                  <codeLocation path="H:\Projects\Subsonic2\2.2git\SubSonic-2.0\SubSonic.Tests\SqlGenerators\MySqlGeneratorTests.cs" line="46" />
                  <metadata>
                    <entry key="TestKind">
                      <value>Test</value>
                    </entry>
                  </metadata>
                  <children />
                  <parameters />
                </test>
              </children>
              <parameters />
            </test>
            <test id="973cf89c2152aa4a" name="ActiveRecordTest" fullName="SubSonic.Tests/ActiveRecordTest" isTestCase="false">
              <codeReference assembly="SubSonic.Tests, Version=2.2.1.0, Culture=neutral, PublicKeyToken=null" namespace="SubSonic.Tests" type="SubSonic.Tests.ActiveRecordTest" />
              <codeLocation path="H:\Projects\Subsonic2\2.2git\SubSonic-2.0\SubSonic.Tests\ActiveRecordTest.cs" />
              <metadata>
                <entry key="TestKind">
                  <value>Fixture</value>
                </entry>
              </metadata>
              <children>
                <test id="79f2d4a9b8bf6477" name="Products_CollectionLoad" fullName="SubSonic.Tests/ActiveRecordTest/Products_CollectionLoad" isTestCase="true">
                  <codeReference assembly="SubSonic.Tests, Version=2.2.1.0, Culture=neutral, PublicKeyToken=null" namespace="SubSonic.Tests" type="SubSonic.Tests.ActiveRecordTest" member="Products_CollectionLoad" />
                  <codeLocation path="H:\Projects\Subsonic2\2.2git\SubSonic-2.0\SubSonic.Tests\ActiveRecordTest.cs" line="116" />
                  <metadata>
                    <entry key="TestKind">
                      <value>Test</value>
                    </entry>
                  </metadata>
                  <children />
                  <parameters />
                </test>
                <test id="7d081ada19736f13" name="GetNewCommand" fullName="SubSonic.Tests/ActiveRecordTest/GetNewCommand" isTestCase="true">
                  <codeReference assembly="SubSonic.Tests, Version=2.2.1.0, Culture=neutral, PublicKeyToken=null" namespace="SubSonic.Tests" type="SubSonic.Tests.ActiveRecordTest" member="GetNewCommand" />
                  <codeLocation path="H:\Projects\Subsonic2\2.2git\SubSonic-2.0\SubSonic.Tests\ActiveRecordTest.cs" line="132" />
                  <metadata>
                    <entry key="TestKind">
                      <value>Test</value>
                    </entry>
                  </metadata>
                  <children />
                  <parameters />
                </test>
                <test id="9c01227d5c205df6" name="Products_Crud" fullName="SubSonic.Tests/ActiveRecordTest/Products_Crud" isTestCase="true">
                  <codeReference assembly="SubSonic.Tests, Version=2.2.1.0, Culture=neutral, PublicKeyToken=null" namespace="SubSonic.Tests" type="SubSonic.Tests.ActiveRecordTest" member="Products_Crud" />
                  <codeLocation path="H:\Projects\Subsonic2\2.2git\SubSonic-2.0\SubSonic.Tests\ActiveRecordTest.cs" line="51" />
                  <metadata>
                    <entry key="TestKind">
                      <value>Test</value>
                    </entry>
                  </metadata>
                  <children />
                  <parameters />
                </test>
                <test id="bc00b0d557b094a9" name="Products_NullCrud" fullName="SubSonic.Tests/ActiveRecordTest/Products_NullCrud" isTestCase="true">
                  <codeReference assembly="SubSonic.Tests, Version=2.2.1.0, Culture=neutral, PublicKeyToken=null" namespace="SubSonic.Tests" type="SubSonic.Tests.ActiveRecordTest" member="Products_NullCrud" />
                  <codeLocation path="H:\Projects\Subsonic2\2.2git\SubSonic-2.0\SubSonic.Tests\ActiveRecordTest.cs" line="74" />
                  <metadata>
                    <entry key="TestKind">
                      <value>Test</value>
                    </entry>
                  </metadata>
                  <children />
                  <parameters />
                </test>
                <test id="417c38654e97c64e" name="GetUpdateCommand" fullName="SubSonic.Tests/ActiveRecordTest/GetUpdateCommand" isTestCase="true">
                  <codeReference assembly="SubSonic.Tests, Version=2.2.1.0, Culture=neutral, PublicKeyToken=null" namespace="SubSonic.Tests" type="SubSonic.Tests.ActiveRecordTest" member="GetUpdateCommand" />
                  <codeLocation path="H:\Projects\Subsonic2\2.2git\SubSonic-2.0\SubSonic.Tests\ActiveRecordTest.cs" line="145" />
                  <metadata>
                    <entry key="TestKind">
                      <value>Test</value>
                    </entry>
                  </metadata>
                  <children />
                  <parameters />
                </test>
                <test id="95ba428346d485c8" name="DirtyColumnsExist" fullName="SubSonic.Tests/ActiveRecordTest/DirtyColumnsExist" isTestCase="true">
                  <codeReference assembly="SubSonic.Tests, Version=2.2.1.0, Culture=neutral, PublicKeyToken=null" namespace="SubSonic.Tests" type="SubSonic.Tests.ActiveRecordTest" member="DirtyColumnsExist" />
                  <codeLocation path="H:\Projects\Subsonic2\2.2git\SubSonic-2.0\SubSonic.Tests\ActiveRecordTest.cs" line="257" />
                  <metadata>
                    <entry key="TestKind">
                      <value>Test</value>
                    </entry>
                  </metadata>
                  <children />
                  <parameters />
                </test>
                <test id="ab826f791528530e" name="GetNoChangesCommand" fullName="SubSonic.Tests/ActiveRecordTest/GetNoChangesCommand" isTestCase="true">
                  <codeReference assembly="SubSonic.Tests, Version=2.2.1.0, Culture=neutral, PublicKeyToken=null" namespace="SubSonic.Tests" type="SubSonic.Tests.ActiveRecordTest" member="GetNoChangesCommand" />
                  <codeLocation path="H:\Projects\Subsonic2\2.2git\SubSonic-2.0\SubSonic.Tests\ActiveRecordTest.cs" line="161" />
                  <metadata>
                    <entry key="TestKind">
                      <value>Test</value>
                    </entry>
                  </metadata>
                  <children />
                  <parameters />
                </test>
                <test id="69b78c9817173632" name="SaveWhenNotDirty" fullName="SubSonic.Tests/ActiveRecordTest/SaveWhenNotDirty" isTestCase="true">
                  <codeReference assembly="SubSonic.Tests, Version=2.2.1.0, Culture=neutral, PublicKeyToken=null" namespace="SubSonic.Tests" type="SubSonic.Tests.ActiveRecordTest" member="SaveWhenNotDirty" />
                  <codeLocation path="H:\Projects\Subsonic2\2.2git\SubSonic-2.0\SubSonic.Tests\ActiveRecordTest.cs" line="176" />
                  <metadata>
                    <entry key="TestKind">
                      <value>Test</value>
                    </entry>
                  </metadata>
                  <children />
                  <parameters />
                </test>
              </children>
              <parameters />
            </test>
            <test id="f46067cf1bd4c990" name="QueryTest" fullName="SubSonic.Tests/QueryTest" isTestCase="false">
              <codeReference assembly="SubSonic.Tests, Version=2.2.1.0, Culture=neutral, PublicKeyToken=null" namespace="SubSonic.Tests" type="SubSonic.Tests.QueryTest" />
              <codeLocation path="H:\Projects\Subsonic2\2.2git\SubSonic-2.0\SubSonic.Tests\QueryTest.cs" />
              <metadata>
                <entry key="TestKind">
                  <value>Fixture</value>
                </entry>
              </metadata>
              <children>
                <test id="70b492a14e103f32" name="Query_ORDER_BY_Expression" fullName="SubSonic.Tests/QueryTest/Query_ORDER_BY_Expression" isTestCase="true">
                  <codeReference assembly="SubSonic.Tests, Version=2.2.1.0, Culture=neutral, PublicKeyToken=null" namespace="SubSonic.Tests" type="SubSonic.Tests.QueryTest" member="Query_ORDER_BY_Expression" />
                  <codeLocation path="H:\Projects\Subsonic2\2.2git\SubSonic-2.0\SubSonic.Tests\QueryTest.cs" line="715" />
                  <metadata>
                    <entry key="TestKind">
                      <value>Test</value>
                    </entry>
                  </metadata>
                  <children />
                  <parameters />
                </test>
                <test id="3cfaf24b508ac6bf" name="Query_ORDER_BY_DESC" fullName="SubSonic.Tests/QueryTest/Query_ORDER_BY_DESC" isTestCase="true">
                  <codeReference assembly="SubSonic.Tests, Version=2.2.1.0, Culture=neutral, PublicKeyToken=null" namespace="SubSonic.Tests" type="SubSonic.Tests.QueryTest" member="Query_ORDER_BY_DESC" />
                  <codeLocation path="H:\Projects\Subsonic2\2.2git\SubSonic-2.0\SubSonic.Tests\QueryTest.cs" line="700" />
                  <metadata>
                    <entry key="TestKind">
                      <value>Test</value>
                    </entry>
                  </metadata>
                  <children />
                  <parameters />
                </test>
                <test id="38b6b7eb43f66658" name="Query_ORDER_BY_ExpressionDESC" fullName="SubSonic.Tests/QueryTest/Query_ORDER_BY_ExpressionDESC" isTestCase="true">
                  <codeReference assembly="SubSonic.Tests, Version=2.2.1.0, Culture=neutral, PublicKeyToken=null" namespace="SubSonic.Tests" type="SubSonic.Tests.QueryTest" member="Query_ORDER_BY_ExpressionDESC" />
                  <codeLocation path="H:\Projects\Subsonic2\2.2git\SubSonic-2.0\SubSonic.Tests\QueryTest.cs" line="728" />
                  <metadata>
                    <entry key="TestKind">
                      <value>Test</value>
                    </entry>
                  </metadata>
                  <children />
                  <parameters />
                </test>
                <test id="1c7e35ab2fdd19c0" name="QueryExecuteJoinedDataSet_ORDER_BY_DESC" fullName="SubSonic.Tests/QueryTest/QueryExecuteJoinedDataSet_ORDER_BY_DESC" isTestCase="true">
                  <codeReference assembly="SubSonic.Tests, Version=2.2.1.0, Culture=neutral, PublicKeyToken=null" namespace="SubSonic.Tests" type="SubSonic.Tests.QueryTest" member="QueryExecuteJoinedDataSet_ORDER_BY_DESC" />
                  <codeLocation path="H:\Projects\Subsonic2\2.2git\SubSonic-2.0\SubSonic.Tests\QueryTest.cs" line="756" />
                  <metadata>
                    <entry key="TestKind">
                      <value>Test</value>
                    </entry>
                  </metadata>
                  <children />
                  <parameters />
                </test>
                <test id="3a7d99bc8d4f20fb" name="QueryExecuteJoinedDataSet_ORDER_BY" fullName="SubSonic.Tests/QueryTest/QueryExecuteJoinedDataSet_ORDER_BY" isTestCase="true">
                  <codeReference assembly="SubSonic.Tests, Version=2.2.1.0, Culture=neutral, PublicKeyToken=null" namespace="SubSonic.Tests" type="SubSonic.Tests.QueryTest" member="QueryExecuteJoinedDataSet_ORDER_BY" />
                  <codeLocation path="H:\Projects\Subsonic2\2.2git\SubSonic-2.0\SubSonic.Tests\QueryTest.cs" line="741" />
                  <metadata>
                    <entry key="TestKind">
                      <value>Test</value>
                    </entry>
                  </metadata>
                  <children />
                  <parameters />
                </test>
                <test id="79fb4ff1bee03d7d" name="Query_ORDER_BY" fullName="SubSonic.Tests/QueryTest/Query_ORDER_BY" isTestCase="true">
                  <codeReference assembly="SubSonic.Tests, Version=2.2.1.0, Culture=neutral, PublicKeyToken=null" namespace="SubSonic.Tests" type="SubSonic.Tests.QueryTest" member="Query_ORDER_BY" />
                  <codeLocation path="H:\Projects\Subsonic2\2.2git\SubSonic-2.0\SubSonic.Tests\QueryTest.cs" line="685" />
                  <metadata>
                    <entry key="TestKind">
                      <value>Test</value>
                    </entry>
                  </metadata>
                  <children />
                  <parameters />
                </test>
                <test id="c51cd3763d8fcd4e" name="QueryExecuteJoinedDataSet_NOT_IN_ArrayList" fullName="SubSonic.Tests/QueryTest/QueryExecuteJoinedDataSet_NOT_IN_ArrayList" isTestCase="true">
                  <codeReference assembly="SubSonic.Tests, Version=2.2.1.0, Culture=neutral, PublicKeyToken=null" namespace="SubSonic.Tests" type="SubSonic.Tests.QueryTest" member="QueryExecuteJoinedDataSet_NOT_IN_ArrayList" />
                  <codeLocation path="H:\Projects\Subsonic2\2.2git\SubSonic-2.0\SubSonic.Tests\QueryTest.cs" line="620" />
                  <metadata>
                    <entry key="TestKind">
                      <value>Test</value>
                    </entry>
                  </metadata>
                  <children />
                  <parameters />
                </test>
                <test id="80c7207db2b7b112" name="QueryExecuteJoinedDataSet_NOT_IN_ListCollection" fullName="SubSonic.Tests/QueryTest/QueryExecuteJoinedDataSet_NOT_IN_ListCollection" isTestCase="true">
                  <codeReference assembly="SubSonic.Tests, Version=2.2.1.0, Culture=neutral, PublicKeyToken=null" namespace="SubSonic.Tests" type="SubSonic.Tests.QueryTest" member="QueryExecuteJoinedDataSet_NOT_IN_ListCollection" />
                  <codeLocation path="H:\Projects\Subsonic2\2.2git\SubSonic-2.0\SubSonic.Tests\QueryTest.cs" line="601" />
                  <metadata>
                    <entry key="TestKind">
                      <value>Test</value>
                    </entry>
                  </metadata>
                  <children />
                  <parameters />
                </test>
                <test id="a02573cbf60fe8c0" name="Query_JoinedDataSet_OrderByCollection" fullName="SubSonic.Tests/QueryTest/Query_JoinedDataSet_OrderByCollection" isTestCase="true">
                  <codeReference assembly="SubSonic.Tests, Version=2.2.1.0, Culture=neutral, PublicKeyToken=null" namespace="SubSonic.Tests" type="SubSonic.Tests.QueryTest" member="Query_JoinedDataSet_OrderByCollection" />
                  <codeLocation path="H:\Projects\Subsonic2\2.2git\SubSonic-2.0\SubSonic.Tests\QueryTest.cs" line="635" />
                  <metadata>
                    <entry key="TestKind">
                      <value>Test</value>
                    </entry>
                  </metadata>
                  <children />
                  <parameters />
                </test>
                <test id="ac4c55aa97b4f782" name="Query_OrderBy" fullName="SubSonic.Tests/QueryTest/Query_OrderBy" isTestCase="true">
                  <codeReference assembly="SubSonic.Tests, Version=2.2.1.0, Culture=neutral, PublicKeyToken=null" namespace="SubSonic.Tests" type="SubSonic.Tests.QueryTest" member="Query_OrderBy" />
                  <codeLocation path="H:\Projects\Subsonic2\2.2git\SubSonic-2.0\SubSonic.Tests\QueryTest.cs" line="669" />
                  <metadata>
                    <entry key="TestKind">
                      <value>Test</value>
                    </entry>
                  </metadata>
                  <children />
                  <parameters />
                </test>
                <test id="7fad8bfcd35f9aeb" name="Query_OrderByCollection" fullName="SubSonic.Tests/QueryTest/Query_OrderByCollection" isTestCase="true">
                  <codeReference assembly="SubSonic.Tests, Version=2.2.1.0, Culture=neutral, PublicKeyToken=null" namespace="SubSonic.Tests" type="SubSonic.Tests.QueryTest" member="Query_OrderByCollection" />
                  <codeLocation path="H:\Projects\Subsonic2\2.2git\SubSonic-2.0\SubSonic.Tests\QueryTest.cs" line="652" />
                  <metadata>
                    <entry key="TestKind">
                      <value>Test</value>
                    </entry>
                  </metadata>
                  <children />
                  <parameters />
                </test>
                <test id="4af81c72f981aa27" name="QueryExecuteJoinedDataSet_ORDER_BY_DESC_Collection" fullName="SubSonic.Tests/QueryTest/QueryExecuteJoinedDataSet_ORDER_BY_DESC_Collection" isTestCase="true">
                  <codeReference assembly="SubSonic.Tests, Version=2.2.1.0, Culture=neutral, PublicKeyToken=null" namespace="SubSonic.Tests" type="SubSonic.Tests.QueryTest" member="QueryExecuteJoinedDataSet_ORDER_BY_DESC_Collection" />
                  <codeLocation path="H:\Projects\Subsonic2\2.2git\SubSonic-2.0\SubSonic.Tests\QueryTest.cs" line="880" />
                  <metadata>
                    <entry key="TestKind">
                      <value>Test</value>
                    </entry>
                  </metadata>
                  <children />
                  <parameters />
                </test>
                <test id="f5a8a3b68cfd45ee" name="QueryExecuteJoinedDataSet_ORDER_BY_Collection" fullName="SubSonic.Tests/QueryTest/QueryExecuteJoinedDataSet_ORDER_BY_Collection" isTestCase="true">
                  <codeReference assembly="SubSonic.Tests, Version=2.2.1.0, Culture=neutral, PublicKeyToken=null" namespace="SubSonic.Tests" type="SubSonic.Tests.QueryTest" member="QueryExecuteJoinedDataSet_ORDER_BY_Collection" />
                  <codeLocation path="H:\Projects\Subsonic2\2.2git\SubSonic-2.0\SubSonic.Tests\QueryTest.cs" line="863" />
                  <metadata>
                    <entry key="TestKind">
                      <value>Test</value>
                    </entry>
                  </metadata>
                  <children />
                  <parameters />
                </test>
                <test id="5526f38da62244ce" name="QueryExecuteJoinedDataSet_ORDER_BY_Expression_Collection" fullName="SubSonic.Tests/QueryTest/QueryExecuteJoinedDataSet_ORDER_BY_Expression_Collection" isTestCase="true">
                  <codeReference assembly="SubSonic.Tests, Version=2.2.1.0, Culture=neutral, PublicKeyToken=null" namespace="SubSonic.Tests" type="SubSonic.Tests.QueryTest" member="QueryExecuteJoinedDataSet_ORDER_BY_Expression_Collection" />
                  <codeLocation path="H:\Projects\Subsonic2\2.2git\SubSonic-2.0\SubSonic.Tests\QueryTest.cs" line="897" />
                  <metadata>
                    <entry key="TestKind">
                      <value>Test</value>
                    </entry>
                  </metadata>
                  <children />
                  <parameters />
                </test>
                <test id="a2c88f14d4053e39" name="Query_Select" fullName="SubSonic.Tests/QueryTest/Query_Select" isTestCase="true">
                  <codeReference assembly="SubSonic.Tests, Version=2.2.1.0, Culture=neutral, PublicKeyToken=null" namespace="SubSonic.Tests" type="SubSonic.Tests.QueryTest" member="Query_Select" />
                  <codeLocation path="H:\Projects\Subsonic2\2.2git\SubSonic-2.0\SubSonic.Tests\QueryTest.cs" line="36" />
                  <metadata>
                    <entry key="TestKind">
                      <value>Test</value>
                    </entry>
                  </metadata>
                  <children />
                  <parameters />
                </test>
                <test id="aac99ba1d79bba39" name="QueryExecuteJoinedDataSet_ORDER_BY_ExpressionDESC_Collection" fullName="SubSonic.Tests/QueryTest/QueryExecuteJoinedDataSet_ORDER_BY_ExpressionDESC_Collection" isTestCase="true">
                  <codeReference assembly="SubSonic.Tests, Version=2.2.1.0, Culture=neutral, PublicKeyToken=null" namespace="SubSonic.Tests" type="SubSonic.Tests.QueryTest" member="QueryExecuteJoinedDataSet_ORDER_BY_ExpressionDESC_Collection" />
                  <codeLocation path="H:\Projects\Subsonic2\2.2git\SubSonic-2.0\SubSonic.Tests\QueryTest.cs" line="913" />
                  <metadata>
                    <entry key="TestKind">
                      <value>Test</value>
                    </entry>
                  </metadata>
                  <children />
                  <parameters />
                </test>
                <test id="cdf314a8da06c440" name="Query_ORDER_BY_ExpressionDESC_Collection" fullName="SubSonic.Tests/QueryTest/Query_ORDER_BY_ExpressionDESC_Collection" isTestCase="true">
                  <codeReference assembly="SubSonic.Tests, Version=2.2.1.0, Culture=neutral, PublicKeyToken=null" namespace="SubSonic.Tests" type="SubSonic.Tests.QueryTest" member="Query_ORDER_BY_ExpressionDESC_Collection" />
                  <codeLocation path="H:\Projects\Subsonic2\2.2git\SubSonic-2.0\SubSonic.Tests\QueryTest.cs" line="847" />
                  <metadata>
                    <entry key="TestKind">
                      <value>Test</value>
                    </entry>
                  </metadata>
                  <children />
                  <parameters />
                </test>
                <test id="a824e63bdf5fe916" name="QueryExecuteJoinedDataSet_ORDER_BY_ExpressionDESC" fullName="SubSonic.Tests/QueryTest/QueryExecuteJoinedDataSet_ORDER_BY_ExpressionDESC" isTestCase="true">
                  <codeReference assembly="SubSonic.Tests, Version=2.2.1.0, Culture=neutral, PublicKeyToken=null" namespace="SubSonic.Tests" type="SubSonic.Tests.QueryTest" member="QueryExecuteJoinedDataSet_ORDER_BY_ExpressionDESC" />
                  <codeLocation path="H:\Projects\Subsonic2\2.2git\SubSonic-2.0\SubSonic.Tests\QueryTest.cs" line="784" />
                  <metadata>
                    <entry key="TestKind">
                      <value>Test</value>
                    </entry>
                  </metadata>
                  <children />
                  <parameters />
                </test>
                <test id="7b83051614492264" name="QueryExecuteJoinedDataSet_ORDER_BY_Expression" fullName="SubSonic.Tests/QueryTest/QueryExecuteJoinedDataSet_ORDER_BY_Expression" isTestCase="true">
                  <codeReference assembly="SubSonic.Tests, Version=2.2.1.0, Culture=neutral, PublicKeyToken=null" namespace="SubSonic.Tests" type="SubSonic.Tests.QueryTest" member="QueryExecuteJoinedDataSet_ORDER_BY_Expression" />
                  <codeLocation path="H:\Projects\Subsonic2\2.2git\SubSonic-2.0\SubSonic.Tests\QueryTest.cs" line="771" />
                  <metadata>
                    <entry key="TestKind">
                      <value>Test</value>
                    </entry>
                  </metadata>
                  <children />
                  <parameters />
                </test>
                <test id="63e295e82b0e0c70" name="Query_ORDER_BY_Collection" fullName="SubSonic.Tests/QueryTest/Query_ORDER_BY_Collection" isTestCase="true">
                  <codeReference assembly="SubSonic.Tests, Version=2.2.1.0, Culture=neutral, PublicKeyToken=null" namespace="SubSonic.Tests" type="SubSonic.Tests.QueryTest" member="Query_ORDER_BY_Collection" />
                  <codeLocation path="H:\Projects\Subsonic2\2.2git\SubSonic-2.0\SubSonic.Tests\QueryTest.cs" line="797" />
                  <metadata>
                    <entry key="TestKind">
                      <value>Test</value>
                    </entry>
                  </metadata>
                  <children />
                  <parameters />
                </test>
                <test id="781e3bc274e255ba" name="Query_ORDER_BY_Expression_Collection" fullName="SubSonic.Tests/QueryTest/Query_ORDER_BY_Expression_Collection" isTestCase="true">
                  <codeReference assembly="SubSonic.Tests, Version=2.2.1.0, Culture=neutral, PublicKeyToken=null" namespace="SubSonic.Tests" type="SubSonic.Tests.QueryTest" member="Query_ORDER_BY_Expression_Collection" />
                  <codeLocation path="H:\Projects\Subsonic2\2.2git\SubSonic-2.0\SubSonic.Tests\QueryTest.cs" line="831" />
                  <metadata>
                    <entry key="TestKind">
                      <value>Test</value>
                    </entry>
                  </metadata>
                  <children />
                  <parameters />
                </test>
                <test id="12c0523243a4b0ba" name="Query_ORDER_BY_DESC_Collection" fullName="SubSonic.Tests/QueryTest/Query_ORDER_BY_DESC_Collection" isTestCase="true">
                  <codeReference assembly="SubSonic.Tests, Version=2.2.1.0, Culture=neutral, PublicKeyToken=null" namespace="SubSonic.Tests" type="SubSonic.Tests.QueryTest" member="Query_ORDER_BY_DESC_Collection" />
                  <codeLocation path="H:\Projects\Subsonic2\2.2git\SubSonic-2.0\SubSonic.Tests\QueryTest.cs" line="814" />
                  <metadata>
                    <entry key="TestKind">
                      <value>Test</value>
                    </entry>
                  </metadata>
                  <children />
                  <parameters />
                </test>
                <test id="4cc3e80c5ac0e249" name="Query_NOT_IN_ArrayList" fullName="SubSonic.Tests/QueryTest/Query_NOT_IN_ArrayList" isTestCase="true">
                  <codeReference assembly="SubSonic.Tests, Version=2.2.1.0, Culture=neutral, PublicKeyToken=null" namespace="SubSonic.Tests" type="SubSonic.Tests.QueryTest" member="Query_NOT_IN_ArrayList" />
                  <codeLocation path="H:\Projects\Subsonic2\2.2git\SubSonic-2.0\SubSonic.Tests\QueryTest.cs" line="257" />
                  <metadata>
                    <entry key="TestKind">
                      <value>Test</value>
                    </entry>
                  </metadata>
                  <children />
                  <parameters />
                </test>
                <test id="1bc6d6cab297a103" name="Query_NOT_IN_ListCollection" fullName="SubSonic.Tests/QueryTest/Query_NOT_IN_ListCollection" isTestCase="true">
                  <codeReference assembly="SubSonic.Tests, Version=2.2.1.0, Culture=neutral, PublicKeyToken=null" namespace="SubSonic.Tests" type="SubSonic.Tests.QueryTest" member="Query_NOT_IN_ListCollection" />
                  <codeLocation path="H:\Projects\Subsonic2\2.2git\SubSonic-2.0\SubSonic.Tests\QueryTest.cs" line="233" />
                  <metadata>
                    <entry key="TestKind">
                      <value>Test</value>
                    </entry>
                  </metadata>
                  <children />
                  <parameters />
                </test>
                <test id="bff6e72f5d9925d1" name="Query_NOT_IN_ObjectArray" fullName="SubSonic.Tests/QueryTest/Query_NOT_IN_ObjectArray" isTestCase="true">
                  <codeReference assembly="SubSonic.Tests, Version=2.2.1.0, Culture=neutral, PublicKeyToken=null" namespace="SubSonic.Tests" type="SubSonic.Tests.QueryTest" member="Query_NOT_IN_ObjectArray" />
                  <codeLocation path="H:\Projects\Subsonic2\2.2git\SubSonic-2.0\SubSonic.Tests\QueryTest.cs" line="216" />
                  <metadata>
                    <entry key="TestKind">
                      <value>Test</value>
                    </entry>
                  </metadata>
                  <children />
                  <parameters />
                </test>
                <test id="8e0f7118782fd21c" name="Query_IsNotNull" fullName="SubSonic.Tests/QueryTest/Query_IsNotNull" isTestCase="true">
                  <codeReference assembly="SubSonic.Tests, Version=2.2.1.0, Culture=neutral, PublicKeyToken=null" namespace="SubSonic.Tests" type="SubSonic.Tests.QueryTest" member="Query_IsNotNull" />
                  <codeLocation path="H:\Projects\Subsonic2\2.2git\SubSonic-2.0\SubSonic.Tests\QueryTest.cs" line="277" />
                  <metadata>
                    <entry key="TestKind">
                      <value>Test</value>
                    </entry>
                  </metadata>
                  <children />
                  <parameters />
                </test>
                <test id="4c48910813dc4eb1" name="Query_OR_ModerateWithExpressions" fullName="SubSonic.Tests/QueryTest/Query_OR_ModerateWithExpressions" isTestCase="true">
                  <codeReference assembly="SubSonic.Tests, Version=2.2.1.0, Culture=neutral, PublicKeyToken=null" namespace="SubSonic.Tests" type="SubSonic.Tests.QueryTest" member="Query_OR_ModerateWithExpressions" />
                  <codeLocation path="H:\Projects\Subsonic2\2.2git\SubSonic-2.0\SubSonic.Tests\QueryTest.cs" line="330" />
                  <metadata>
                    <entry key="TestKind">
                      <value>Test</value>
                    </entry>
                  </metadata>
                  <children />
                  <parameters />
                </test>
                <test id="8ba9d1f171f2c098" name="Query_OR_Moderate" fullName="SubSonic.Tests/QueryTest/Query_OR_Moderate" isTestCase="true">
                  <codeReference assembly="SubSonic.Tests, Version=2.2.1.0, Culture=neutral, PublicKeyToken=null" namespace="SubSonic.Tests" type="SubSonic.Tests.QueryTest" member="Query_OR_Moderate" />
                  <codeLocation path="H:\Projects\Subsonic2\2.2git\SubSonic-2.0\SubSonic.Tests\QueryTest.cs" line="311" />
                  <metadata>
                    <entry key="TestKind">
                      <value>Test</value>
                    </entry>
                  </metadata>
                  <children />
                  <parameters />
                </test>
                <test id="2ccc937c0a4864ae" name="Query_OR_Simple" fullName="SubSonic.Tests/QueryTest/Query_OR_Simple" isTestCase="true">
                  <codeReference assembly="SubSonic.Tests, Version=2.2.1.0, Culture=neutral, PublicKeyToken=null" namespace="SubSonic.Tests" type="SubSonic.Tests.QueryTest" member="Query_OR_Simple" />
                  <codeLocation path="H:\Projects\Subsonic2\2.2git\SubSonic-2.0\SubSonic.Tests\QueryTest.cs" line="294" />
                  <metadata>
                    <entry key="TestKind">
                      <value>Test</value>
                    </entry>
                  </metadata>
                  <children />
                  <parameters />
                </test>
                <test id="8bf81810a4cc69e2" name="Query_IN_ArrayList" fullName="SubSonic.Tests/QueryTest/Query_IN_ArrayList" isTestCase="true">
                  <codeReference assembly="SubSonic.Tests, Version=2.2.1.0, Culture=neutral, PublicKeyToken=null" namespace="SubSonic.Tests" type="SubSonic.Tests.QueryTest" member="Query_IN_ArrayList" />
                  <codeLocation path="H:\Projects\Subsonic2\2.2git\SubSonic-2.0\SubSonic.Tests\QueryTest.cs" line="196" />
                  <metadata>
                    <entry key="TestKind">
                      <value>Test</value>
                    </entry>
                  </metadata>
                  <children />
                  <parameters />
                </test>
                <test id="d808a23c9537051e" name="Query_BetweenAnd" fullName="SubSonic.Tests/QueryTest/Query_BetweenAnd" isTestCase="true">
                  <codeReference assembly="SubSonic.Tests, Version=2.2.1.0, Culture=neutral, PublicKeyToken=null" namespace="SubSonic.Tests" type="SubSonic.Tests.QueryTest" member="Query_BetweenAnd" />
                  <codeLocation path="H:\Projects\Subsonic2\2.2git\SubSonic-2.0\SubSonic.Tests\QueryTest.cs" line="102" />
                  <metadata>
                    <entry key="TestKind">
                      <value>Test</value>
                    </entry>
                  </metadata>
                  <children />
                  <parameters />
                </test>
                <test id="272720888d8539d2" name="Query_Updates" fullName="SubSonic.Tests/QueryTest/Query_Updates" isTestCase="true">
                  <codeReference assembly="SubSonic.Tests, Version=2.2.1.0, Culture=neutral, PublicKeyToken=null" namespace="SubSonic.Tests" type="SubSonic.Tests.QueryTest" member="Query_Updates" />
                  <codeLocation path="H:\Projects\Subsonic2\2.2git\SubSonic-2.0\SubSonic.Tests\QueryTest.cs" line="76" />
                  <metadata>
                    <entry key="TestKind">
                      <value>Test</value>
                    </entry>
                  </metadata>
                  <children />
                  <parameters />
                </test>
                <test id="c0b441dbc2631f42" name="Query_SelectTop" fullName="SubSonic.Tests/QueryTest/Query_SelectTop" isTestCase="true">
                  <codeReference assembly="SubSonic.Tests, Version=2.2.1.0, Culture=neutral, PublicKeyToken=null" namespace="SubSonic.Tests" type="SubSonic.Tests.QueryTest" member="Query_SelectTop" />
                  <codeLocation path="H:\Projects\Subsonic2\2.2git\SubSonic-2.0\SubSonic.Tests\QueryTest.cs" line="49" />
                  <metadata>
                    <entry key="TestKind">
                      <value>Test</value>
                    </entry>
                  </metadata>
                  <children />
                  <parameters />
                </test>
                <test id="3ba9feda1f204305" name="Query_View" fullName="SubSonic.Tests/QueryTest/Query_View" isTestCase="true">
                  <codeReference assembly="SubSonic.Tests, Version=2.2.1.0, Culture=neutral, PublicKeyToken=null" namespace="SubSonic.Tests" type="SubSonic.Tests.QueryTest" member="Query_View" />
                  <codeLocation path="H:\Projects\Subsonic2\2.2git\SubSonic-2.0\SubSonic.Tests\QueryTest.cs" line="121" />
                  <metadata>
                    <entry key="TestKind">
                      <value>Test</value>
                    </entry>
                  </metadata>
                  <children />
                  <parameters />
                </test>
                <test id="4ae6ad8f7041efb9" name="Query_IN_ListCollection" fullName="SubSonic.Tests/QueryTest/Query_IN_ListCollection" isTestCase="true">
                  <codeReference assembly="SubSonic.Tests, Version=2.2.1.0, Culture=neutral, PublicKeyToken=null" namespace="SubSonic.Tests" type="SubSonic.Tests.QueryTest" member="Query_IN_ListCollection" />
                  <codeLocation path="H:\Projects\Subsonic2\2.2git\SubSonic-2.0\SubSonic.Tests\QueryTest.cs" line="172" />
                  <metadata>
                    <entry key="TestKind">
                      <value>Test</value>
                    </entry>
                  </metadata>
                  <children />
                  <parameters />
                </test>
                <test id="ca0b18762724c6a7" name="Query_IN_ObjectArray" fullName="SubSonic.Tests/QueryTest/Query_IN_ObjectArray" isTestCase="true">
                  <codeReference assembly="SubSonic.Tests, Version=2.2.1.0, Culture=neutral, PublicKeyToken=null" namespace="SubSonic.Tests" type="SubSonic.Tests.QueryTest" member="Query_IN_ObjectArray" />
                  <codeLocation path="H:\Projects\Subsonic2\2.2git\SubSonic-2.0\SubSonic.Tests\QueryTest.cs" line="155" />
                  <metadata>
                    <entry key="TestKind">
                      <value>Test</value>
                    </entry>
                  </metadata>
                  <children />
                  <parameters />
                </test>
                <test id="859a4ecfc31fd653" name="Query_BetweenNumbers" fullName="SubSonic.Tests/QueryTest/Query_BetweenNumbers" isTestCase="true">
                  <codeReference assembly="SubSonic.Tests, Version=2.2.1.0, Culture=neutral, PublicKeyToken=null" namespace="SubSonic.Tests" type="SubSonic.Tests.QueryTest" member="Query_BetweenNumbers" />
                  <codeLocation path="H:\Projects\Subsonic2\2.2git\SubSonic-2.0\SubSonic.Tests\QueryTest.cs" line="138" />
                  <metadata>
                    <entry key="TestKind">
                      <value>Test</value>
                    </entry>
                  </metadata>
                  <children />
                  <parameters />
                </test>
                <test id="bba33423ce91eb6b" name="Query_OR_Between" fullName="SubSonic.Tests/QueryTest/Query_OR_Between" isTestCase="true">
                  <codeReference assembly="SubSonic.Tests, Version=2.2.1.0, Culture=neutral, PublicKeyToken=null" namespace="SubSonic.Tests" type="SubSonic.Tests.QueryTest" member="Query_OR_Between" />
                  <codeLocation path="H:\Projects\Subsonic2\2.2git\SubSonic-2.0\SubSonic.Tests\QueryTest.cs" line="348" />
                  <metadata>
                    <entry key="TestKind">
                      <value>Test</value>
                    </entry>
                  </metadata>
                  <children />
                  <parameters />
                </test>
                <test id="ea1e9dc1c4c51a8b" name="QueryExecuteJoinedDataSet_BETWEEN_AND_WithExtraWhereCondition" fullName="SubSonic.Tests/QueryTest/QueryExecuteJoinedDataSet_BETWEEN_AND_WithExtraWhereCondition" isTestCase="true">
                  <codeReference assembly="SubSonic.Tests, Version=2.2.1.0, Culture=neutral, PublicKeyToken=null" namespace="SubSonic.Tests" type="SubSonic.Tests.QueryTest" member="QueryExecuteJoinedDataSet_BETWEEN_AND_WithExtraWhereCondition" />
                  <codeLocation path="H:\Projects\Subsonic2\2.2git\SubSonic-2.0\SubSonic.Tests\QueryTest.cs" line="529" />
                  <metadata>
                    <entry key="TestKind">
                      <value>Test</value>
                    </entry>
                  </metadata>
                  <children />
                  <parameters />
                </test>
                <test id="8d587e2a307ad8c7" name="QueryExecuteJoinedDataSet_BETWEEN_AND" fullName="SubSonic.Tests/QueryTest/QueryExecuteJoinedDataSet_BETWEEN_AND" isTestCase="true">
                  <codeReference assembly="SubSonic.Tests, Version=2.2.1.0, Culture=neutral, PublicKeyToken=null" namespace="SubSonic.Tests" type="SubSonic.Tests.QueryTest" member="QueryExecuteJoinedDataSet_BETWEEN_AND" />
                  <codeLocation path="H:\Projects\Subsonic2\2.2git\SubSonic-2.0\SubSonic.Tests\QueryTest.cs" line="515" />
                  <metadata>
                    <entry key="TestKind">
                      <value>Test</value>
                    </entry>
                  </metadata>
                  <children />
                  <parameters />
                </test>
                <test id="eb0bb31b0dfbb705" name="QueryExecuteJoinedDataSet_AddBetweenAnd_WithExtraWhereCondition" fullName="SubSonic.Tests/QueryTest/QueryExecuteJoinedDataSet_AddBetweenAnd_WithExtraWhereCondition" isTestCase="true">
                  <codeReference assembly="SubSonic.Tests, Version=2.2.1.0, Culture=neutral, PublicKeyToken=null" namespace="SubSonic.Tests" type="SubSonic.Tests.QueryTest" member="QueryExecuteJoinedDataSet_AddBetweenAnd_WithExtraWhereCondition" />
                  <codeLocation path="H:\Projects\Subsonic2\2.2git\SubSonic-2.0\SubSonic.Tests\QueryTest.cs" line="501" />
                  <metadata>
                    <entry key="TestKind">
                      <value>Test</value>
                    </entry>
                  </metadata>
                  <children />
                  <parameters />
                </test>
                <test id="870697a7f37cef92" name="QueryExecuteJoinedDataSet_IN_ObjectArray" fullName="SubSonic.Tests/QueryTest/QueryExecuteJoinedDataSet_IN_ObjectArray" isTestCase="true">
                  <codeReference assembly="SubSonic.Tests, Version=2.2.1.0, Culture=neutral, PublicKeyToken=null" namespace="SubSonic.Tests" type="SubSonic.Tests.QueryTest" member="QueryExecuteJoinedDataSet_IN_ObjectArray" />
                  <codeLocation path="H:\Projects\Subsonic2\2.2git\SubSonic-2.0\SubSonic.Tests\QueryTest.cs" line="545" />
                  <metadata>
                    <entry key="TestKind">
                      <value>Test</value>
                    </entry>
                  </metadata>
                  <children />
                  <parameters />
                </test>
                <test id="c4a9d33534bc9118" name="QueryExecuteJoinedDataSet_NOT_IN_ObjectArray" fullName="SubSonic.Tests/QueryTest/QueryExecuteJoinedDataSet_NOT_IN_ObjectArray" isTestCase="true">
                  <codeReference assembly="SubSonic.Tests, Version=2.2.1.0, Culture=neutral, PublicKeyToken=null" namespace="SubSonic.Tests" type="SubSonic.Tests.QueryTest" member="QueryExecuteJoinedDataSet_NOT_IN_ObjectArray" />
                  <codeLocation path="H:\Projects\Subsonic2\2.2git\SubSonic-2.0\SubSonic.Tests\QueryTest.cs" line="590" />
                  <metadata>
                    <entry key="TestKind">
                      <value>Test</value>
                    </entry>
                  </metadata>
                  <children />
                  <parameters />
                </test>
                <test id="c0b5e4308c07981a" name="QueryExecuteJoinedDataSet_IN_ArrayList" fullName="SubSonic.Tests/QueryTest/QueryExecuteJoinedDataSet_IN_ArrayList" isTestCase="true">
                  <codeReference assembly="SubSonic.Tests, Version=2.2.1.0, Culture=neutral, PublicKeyToken=null" namespace="SubSonic.Tests" type="SubSonic.Tests.QueryTest" member="QueryExecuteJoinedDataSet_IN_ArrayList" />
                  <codeLocation path="H:\Projects\Subsonic2\2.2git\SubSonic-2.0\SubSonic.Tests\QueryTest.cs" line="575" />
                  <metadata>
                    <entry key="TestKind">
                      <value>Test</value>
                    </entry>
                  </metadata>
                  <children />
                  <parameters />
                </test>
                <test id="9d2ad9c822735e82" name="QueryExecuteJoinedDataSet_IN_ListCollection" fullName="SubSonic.Tests/QueryTest/QueryExecuteJoinedDataSet_IN_ListCollection" isTestCase="true">
                  <codeReference assembly="SubSonic.Tests, Version=2.2.1.0, Culture=neutral, PublicKeyToken=null" namespace="SubSonic.Tests" type="SubSonic.Tests.QueryTest" member="QueryExecuteJoinedDataSet_IN_ListCollection" />
                  <codeLocation path="H:\Projects\Subsonic2\2.2git\SubSonic-2.0\SubSonic.Tests\QueryTest.cs" line="556" />
                  <metadata>
                    <entry key="TestKind">
                      <value>Test</value>
                    </entry>
                  </metadata>
                  <children />
                  <parameters />
                </test>
                <test id="f731cdc721ce1572" name="QueryExecuteJoinedDataSet_AddBetweenAnd" fullName="SubSonic.Tests/QueryTest/QueryExecuteJoinedDataSet_AddBetweenAnd" isTestCase="true">
                  <codeReference assembly="SubSonic.Tests, Version=2.2.1.0, Culture=neutral, PublicKeyToken=null" namespace="SubSonic.Tests" type="SubSonic.Tests.QueryTest" member="QueryExecuteJoinedDataSet_AddBetweenAnd" />
                  <codeLocation path="H:\Projects\Subsonic2\2.2git\SubSonic-2.0\SubSonic.Tests\QueryTest.cs" line="488" />
                  <metadata>
                    <entry key="TestKind">
                      <value>Test</value>
                    </entry>
                  </metadata>
                  <children />
                  <parameters />
                </test>
                <test id="cdc4703821199e54" name="Query_PagingTest_View" fullName="SubSonic.Tests/QueryTest/Query_PagingTest_View" isTestCase="true">
                  <codeReference assembly="SubSonic.Tests, Version=2.2.1.0, Culture=neutral, PublicKeyToken=null" namespace="SubSonic.Tests" type="SubSonic.Tests.QueryTest" member="Query_PagingTest_View" />
                  <codeLocation path="H:\Projects\Subsonic2\2.2git\SubSonic-2.0\SubSonic.Tests\QueryTest.cs" line="411" />
                  <metadata>
                    <entry key="TestKind">
                      <value>Test</value>
                    </entry>
                  </metadata>
                  <children />
                  <parameters />
                </test>
                <test id="5a81c6d8dc67efba" name="Query_PagingTest_Table" fullName="SubSonic.Tests/QueryTest/Query_PagingTest_Table" isTestCase="true">
                  <codeReference assembly="SubSonic.Tests, Version=2.2.1.0, Culture=neutral, PublicKeyToken=null" namespace="SubSonic.Tests" type="SubSonic.Tests.QueryTest" member="Query_PagingTest_Table" />
                  <codeLocation path="H:\Projects\Subsonic2\2.2git\SubSonic-2.0\SubSonic.Tests\QueryTest.cs" line="390" />
                  <metadata>
                    <entry key="TestKind">
                      <value>Test</value>
                    </entry>
                  </metadata>
                  <children />
                  <parameters />
                </test>
                <test id="ad91cb18508fc3a6" name="Query_Expression" fullName="SubSonic.Tests/QueryTest/Query_Expression" isTestCase="true">
                  <codeReference assembly="SubSonic.Tests, Version=2.2.1.0, Culture=neutral, PublicKeyToken=null" namespace="SubSonic.Tests" type="SubSonic.Tests.QueryTest" member="Query_Expression" />
                  <codeLocation path="H:\Projects\Subsonic2\2.2git\SubSonic-2.0\SubSonic.Tests\QueryTest.cs" line="373" />
                  <metadata>
                    <entry key="TestKind">
                      <value>Test</value>
                    </entry>
                  </metadata>
                  <children />
                  <parameters />
                </test>
                <test id="91d54299a1e93eec" name="Query_JoinedDataSet" fullName="SubSonic.Tests/QueryTest/Query_JoinedDataSet" isTestCase="true">
                  <codeReference assembly="SubSonic.Tests, Version=2.2.1.0, Culture=neutral, PublicKeyToken=null" namespace="SubSonic.Tests" type="SubSonic.Tests.QueryTest" member="Query_JoinedDataSet" />
                  <codeLocation path="H:\Projects\Subsonic2\2.2git\SubSonic-2.0\SubSonic.Tests\QueryTest.cs" line="432" />
                  <metadata>
                    <entry key="TestKind">
                      <value>Test</value>
                    </entry>
                  </metadata>
                  <children />
                  <parameters />
                </test>
                <test id="f9fd37038a1e8e27" name="Query_JoinedDataSet_OrderByFK" fullName="SubSonic.Tests/QueryTest/Query_JoinedDataSet_OrderByFK" isTestCase="true">
                  <codeReference assembly="SubSonic.Tests, Version=2.2.1.0, Culture=neutral, PublicKeyToken=null" namespace="SubSonic.Tests" type="SubSonic.Tests.QueryTest" member="Query_JoinedDataSet_OrderByFK" />
                  <codeLocation path="H:\Projects\Subsonic2\2.2git\SubSonic-2.0\SubSonic.Tests\QueryTest.cs" line="473" />
                  <metadata>
                    <entry key="TestKind">
                      <value>Test</value>
                    </entry>
                  </metadata>
                  <children />
                  <parameters />
                </test>
                <test id="ec2493bfaffe6a56" name="Query_ConstraintExpression" fullName="SubSonic.Tests/QueryTest/Query_ConstraintExpression" isTestCase="true">
                  <codeReference assembly="SubSonic.Tests, Version=2.2.1.0, Culture=neutral, PublicKeyToken=null" namespace="SubSonic.Tests" type="SubSonic.Tests.QueryTest" member="Query_ConstraintExpression" />
                  <codeLocation path="H:\Projects\Subsonic2\2.2git\SubSonic-2.0\SubSonic.Tests\QueryTest.cs" line="457" />
                  <metadata>
                    <entry key="TestKind">
                      <value>Test</value>
                    </entry>
                  </metadata>
                  <children />
                  <parameters />
                </test>
                <test id="d5a4330fc92e527" name="ExecuteJoinedDataSet_Should_Accept_Parameters" fullName="SubSonic.Tests/QueryTest/ExecuteJoinedDataSet_Should_Accept_Parameters" isTestCase="true">
                  <codeReference assembly="SubSonic.Tests, Version=2.2.1.0, Culture=neutral, PublicKeyToken=null" namespace="SubSonic.Tests" type="SubSonic.Tests.QueryTest" member="ExecuteJoinedDataSet_Should_Accept_Parameters" />
                  <codeLocation path="H:\Projects\Subsonic2\2.2git\SubSonic-2.0\SubSonic.Tests\QueryTest.cs" line="441" />
                  <metadata>
                    <entry key="TestKind">
                      <value>Test</value>
                    </entry>
                  </metadata>
                  <children />
                  <parameters />
                </test>
              </children>
              <parameters />
            </test>
            <test id="82e4f995d1ef4b99" name="GeneratedObjectTests" fullName="SubSonic.Tests/GeneratedObjectTests" isTestCase="false">
              <codeReference assembly="SubSonic.Tests, Version=2.2.1.0, Culture=neutral, PublicKeyToken=null" namespace="SubSonic.Tests" type="SubSonic.Tests.GeneratedObjectTests" />
              <codeLocation path="H:\Projects\Subsonic2\2.2git\SubSonic-2.0\SubSonic.Tests\GeneratedObjectTests.cs" />
              <metadata>
                <entry key="TestKind">
                  <value>Fixture</value>
                </entry>
              </metadata>
              <children>
                <test id="bb5648aa7aeca27d" name="Objects_DeletedTest" fullName="SubSonic.Tests/GeneratedObjectTests/Objects_DeletedTest" isTestCase="true">
                  <codeReference assembly="SubSonic.Tests, Version=2.2.1.0, Culture=neutral, PublicKeyToken=null" namespace="SubSonic.Tests" type="SubSonic.Tests.GeneratedObjectTests" member="Objects_DeletedTest" />
                  <codeLocation path="H:\Projects\Subsonic2\2.2git\SubSonic-2.0\SubSonic.Tests\GeneratedObjectTests.cs" line="72" />
                  <metadata>
                    <entry key="TestKind">
                      <value>Test</value>
                    </entry>
                  </metadata>
                  <children />
                  <parameters />
                </test>
                <test id="3c3bbcc98ccd4e2f" name="Object_Query" fullName="SubSonic.Tests/GeneratedObjectTests/Object_Query" isTestCase="true">
                  <codeReference assembly="SubSonic.Tests, Version=2.2.1.0, Culture=neutral, PublicKeyToken=null" namespace="SubSonic.Tests" type="SubSonic.Tests.GeneratedObjectTests" member="Object_Query" />
                  <codeLocation path="H:\Projects\Subsonic2\2.2git\SubSonic-2.0\SubSonic.Tests\GeneratedObjectTests.cs" line="85" />
                  <metadata>
                    <entry key="TestKind">
                      <value>Test</value>
                    </entry>
                  </metadata>
                  <children />
                  <parameters />
                </test>
                <test id="c7acc287a1bc8226" name="Collections_DeletedTest" fullName="SubSonic.Tests/GeneratedObjectTests/Collections_DeletedTest" isTestCase="true">
                  <codeReference assembly="SubSonic.Tests, Version=2.2.1.0, Culture=neutral, PublicKeyToken=null" namespace="SubSonic.Tests" type="SubSonic.Tests.GeneratedObjectTests" member="Collections_DeletedTest" />
                  <codeLocation path="H:\Projects\Subsonic2\2.2git\SubSonic-2.0\SubSonic.Tests\GeneratedObjectTests.cs" line="51" />
                  <metadata>
                    <entry key="TestKind">
                      <value>Test</value>
                    </entry>
                  </metadata>
                  <children />
                  <parameters />
                </test>
                <test id="aeb613d93bc00de9" name="Objects_LoadListItems" fullName="SubSonic.Tests/GeneratedObjectTests/Objects_LoadListItems" isTestCase="true">
                  <codeReference assembly="SubSonic.Tests, Version=2.2.1.0, Culture=neutral, PublicKeyToken=null" namespace="SubSonic.Tests" type="SubSonic.Tests.GeneratedObjectTests" member="Objects_LoadListItems" />
                  <codeLocation path="H:\Projects\Subsonic2\2.2git\SubSonic-2.0\SubSonic.Tests\GeneratedObjectTests.cs" line="62" />
                  <metadata>
                    <entry key="TestKind">
                      <value>Test</value>
                    </entry>
                  </metadata>
                  <children />
                  <parameters />
                </test>
                <test id="f95d8f08e78840f5" name="Object_DefaultSettings" fullName="SubSonic.Tests/GeneratedObjectTests/Object_DefaultSettings" isTestCase="true">
                  <codeReference assembly="SubSonic.Tests, Version=2.2.1.0, Culture=neutral, PublicKeyToken=null" namespace="SubSonic.Tests" type="SubSonic.Tests.GeneratedObjectTests" member="Object_DefaultSettings" />
                  <codeLocation path="H:\Projects\Subsonic2\2.2git\SubSonic-2.0\SubSonic.Tests\GeneratedObjectTests.cs" line="155" />
                  <metadata>
                    <entry key="TestKind">
                      <value>Test</value>
                    </entry>
                  </metadata>
                  <children />
                  <parameters />
                </test>
                <test id="29e469fbe053c6cc" name="Object_SchemaDefinition" fullName="SubSonic.Tests/GeneratedObjectTests/Object_SchemaDefinition" isTestCase="true">
                  <codeReference assembly="SubSonic.Tests, Version=2.2.1.0, Culture=neutral, PublicKeyToken=null" namespace="SubSonic.Tests" type="SubSonic.Tests.GeneratedObjectTests" member="Object_SchemaDefinition" />
                  <codeLocation path="H:\Projects\Subsonic2\2.2git\SubSonic-2.0\SubSonic.Tests\GeneratedObjectTests.cs" line="166" />
                  <metadata>
                    <entry key="TestKind">
                      <value>Test</value>
                    </entry>
                  </metadata>
                  <children />
                  <parameters />
                </test>
                <test id="40bb206d85a9b796" name="Object_CRUD" fullName="SubSonic.Tests/GeneratedObjectTests/Object_CRUD" isTestCase="true">
                  <codeReference assembly="SubSonic.Tests, Version=2.2.1.0, Culture=neutral, PublicKeyToken=null" namespace="SubSonic.Tests" type="SubSonic.Tests.GeneratedObjectTests" member="Object_CRUD" />
                  <codeLocation path="H:\Projects\Subsonic2\2.2git\SubSonic-2.0\SubSonic.Tests\GeneratedObjectTests.cs" line="99" />
                  <metadata>
                    <entry key="TestKind">
                      <value>Test</value>
                    </entry>
                  </metadata>
                  <children />
                  <parameters />
                </test>
                <test id="14c17386f5fc54" name="Object_Validation" fullName="SubSonic.Tests/GeneratedObjectTests/Object_Validation" isTestCase="true">
                  <codeReference assembly="SubSonic.Tests, Version=2.2.1.0, Culture=neutral, PublicKeyToken=null" namespace="SubSonic.Tests" type="SubSonic.Tests.GeneratedObjectTests" member="Object_Validation" />
                  <codeLocation path="H:\Projects\Subsonic2\2.2git\SubSonic-2.0\SubSonic.Tests\GeneratedObjectTests.cs" line="124" />
                  <metadata>
                    <entry key="TestKind">
                      <value>Test</value>
                    </entry>
                  </metadata>
                  <children />
                  <parameters />
                </test>
              </children>
              <parameters />
            </test>
            <test id="7b08553eef1fbce5" name="AggregateTests" fullName="SubSonic.Tests/AggregateTests" isTestCase="false">
              <codeReference assembly="SubSonic.Tests, Version=2.2.1.0, Culture=neutral, PublicKeyToken=null" namespace="SubSonic.Tests.SqlQuery" type="SubSonic.Tests.SqlQuery.AggregateTests" />
              <codeLocation path="H:\Projects\Subsonic2\2.2git\SubSonic-2.0\SubSonic.Tests\SqlQuery\AggregateTests.cs" />
              <metadata>
                <entry key="TestKind">
                  <value>Fixture</value>
                </entry>
              </metadata>
              <children>
                <test id="8afea2ace33d2bc5" name="Exec_AggregateMax" fullName="SubSonic.Tests/AggregateTests/Exec_AggregateMax" isTestCase="true">
                  <codeReference assembly="SubSonic.Tests, Version=2.2.1.0, Culture=neutral, PublicKeyToken=null" namespace="SubSonic.Tests.SqlQuery" type="SubSonic.Tests.SqlQuery.AggregateTests" member="Exec_AggregateMax" />
                  <codeLocation path="H:\Projects\Subsonic2\2.2git\SubSonic-2.0\SubSonic.Tests\SqlQuery\AggregateTests.cs" line="72" />
                  <metadata>
                    <entry key="TestKind">
                      <value>Test</value>
                    </entry>
                  </metadata>
                  <children />
                  <parameters />
                </test>
                <test id="87181fd2e72dc1a" name="Exec_AggregateAvg" fullName="SubSonic.Tests/AggregateTests/Exec_AggregateAvg" isTestCase="true">
                  <codeReference assembly="SubSonic.Tests, Version=2.2.1.0, Culture=neutral, PublicKeyToken=null" namespace="SubSonic.Tests.SqlQuery" type="SubSonic.Tests.SqlQuery.AggregateTests" member="Exec_AggregateAvg" />
                  <codeLocation path="H:\Projects\Subsonic2\2.2git\SubSonic-2.0\SubSonic.Tests\SqlQuery\AggregateTests.cs" line="38" />
                  <metadata>
                    <entry key="TestKind">
                      <value>Test</value>
                    </entry>
                  </metadata>
                  <children />
                  <parameters />
                </test>
                <test id="64b9671d42ac6226" name="Exec_AggregateExpression" fullName="SubSonic.Tests/AggregateTests/Exec_AggregateExpression" isTestCase="true">
                  <codeReference assembly="SubSonic.Tests, Version=2.2.1.0, Culture=neutral, PublicKeyToken=null" namespace="SubSonic.Tests.SqlQuery" type="SubSonic.Tests.SqlQuery.AggregateTests" member="Exec_AggregateExpression" />
                  <codeLocation path="H:\Projects\Subsonic2\2.2git\SubSonic-2.0\SubSonic.Tests\SqlQuery\AggregateTests.cs" line="26" />
                  <metadata>
                    <entry key="TestKind">
                      <value>Test</value>
                    </entry>
                  </metadata>
                  <children />
                  <parameters />
                </test>
                <test id="fe177be2cb358e99" name="Exec_AggregateMin" fullName="SubSonic.Tests/AggregateTests/Exec_AggregateMin" isTestCase="true">
                  <codeReference assembly="SubSonic.Tests, Version=2.2.1.0, Culture=neutral, PublicKeyToken=null" namespace="SubSonic.Tests.SqlQuery" type="SubSonic.Tests.SqlQuery.AggregateTests" member="Exec_AggregateMin" />
                  <codeLocation path="H:\Projects\Subsonic2\2.2git\SubSonic-2.0\SubSonic.Tests\SqlQuery\AggregateTests.cs" line="106" />
                  <metadata>
                    <entry key="TestKind">
                      <value>Test</value>
                    </entry>
                  </metadata>
                  <children />
                  <parameters />
                </test>
                <test id="11eeb8a06e6c0168" name="Exec_AggregateWithWhereAndHaving" fullName="SubSonic.Tests/AggregateTests/Exec_AggregateWithWhereAndHaving" isTestCase="true">
                  <codeReference assembly="SubSonic.Tests, Version=2.2.1.0, Culture=neutral, PublicKeyToken=null" namespace="SubSonic.Tests.SqlQuery" type="SubSonic.Tests.SqlQuery.AggregateTests" member="Exec_AggregateWithWhereAndHaving" />
                  <codeLocation path="H:\Projects\Subsonic2\2.2git\SubSonic-2.0\SubSonic.Tests\SqlQuery\AggregateTests.cs" line="187" />
                  <metadata>
                    <entry key="TestKind">
                      <value>Test</value>
                    </entry>
                  </metadata>
                  <children />
                  <parameters />
                </test>
                <test id="370dec0cba5c19da" name="Exec_AggregateWithWhereNotHaving" fullName="SubSonic.Tests/AggregateTests/Exec_AggregateWithWhereNotHaving" isTestCase="true">
                  <codeReference assembly="SubSonic.Tests, Version=2.2.1.0, Culture=neutral, PublicKeyToken=null" namespace="SubSonic.Tests.SqlQuery" type="SubSonic.Tests.SqlQuery.AggregateTests" member="Exec_AggregateWithWhereNotHaving" />
                  <codeLocation path="H:\Projects\Subsonic2\2.2git\SubSonic-2.0\SubSonic.Tests\SqlQuery\AggregateTests.cs" line="201" />
                  <metadata>
                    <entry key="TestKind">
                      <value>Test</value>
                    </entry>
                  </metadata>
                  <children />
                  <parameters />
                </test>
                <test id="332ed8a05646333b" name="Exec_AggregateStandardDeviation" fullName="SubSonic.Tests/AggregateTests/Exec_AggregateStandardDeviation" isTestCase="true">
                  <codeReference assembly="SubSonic.Tests, Version=2.2.1.0, Culture=neutral, PublicKeyToken=null" namespace="SubSonic.Tests.SqlQuery" type="SubSonic.Tests.SqlQuery.AggregateTests" member="Exec_AggregateStandardDeviation" />
                  <codeLocation path="H:\Projects\Subsonic2\2.2git\SubSonic-2.0\SubSonic.Tests\SqlQuery\AggregateTests.cs" line="140" />
                  <metadata>
                    <entry key="TestKind">
                      <value>Test</value>
                    </entry>
                  </metadata>
                  <children />
                  <parameters />
                </test>
                <test id="6b842429dd9d95f8" name="Exec_SingleAggregateWithWhere" fullName="SubSonic.Tests/AggregateTests/Exec_SingleAggregateWithWhere" isTestCase="true">
                  <codeReference assembly="SubSonic.Tests, Version=2.2.1.0, Culture=neutral, PublicKeyToken=null" namespace="SubSonic.Tests.SqlQuery" type="SubSonic.Tests.SqlQuery.AggregateTests" member="Exec_SingleAggregateWithWhere" />
                  <codeLocation path="H:\Projects\Subsonic2\2.2git\SubSonic-2.0\SubSonic.Tests\SqlQuery\AggregateTests.cs" line="174" />
                  <metadata>
                    <entry key="TestKind">
                      <value>Test</value>
                    </entry>
                  </metadata>
                  <children />
                  <parameters />
                </test>
              </children>
              <parameters />
            </test>
            <test id="a55b2e3f81298baf" name="TransactionTests" fullName="SubSonic.Tests/TransactionTests" isTestCase="false">
              <codeReference assembly="SubSonic.Tests, Version=2.2.1.0, Culture=neutral, PublicKeyToken=null" namespace="SubSonic.Tests" type="SubSonic.Tests.TransactionTests" />
              <codeLocation path="H:\Projects\Subsonic2\2.2git\SubSonic-2.0\SubSonic.Tests\TransactionTests.cs" />
              <metadata>
                <entry key="TestKind">
                  <value>Fixture</value>
                </entry>
              </metadata>
              <children>
                <test id="62339cc90cadd0f1" name="Transaction_CommitProduct" fullName="SubSonic.Tests/TransactionTests/Transaction_CommitProduct" isTestCase="true">
                  <codeReference assembly="SubSonic.Tests, Version=2.2.1.0, Culture=neutral, PublicKeyToken=null" namespace="SubSonic.Tests" type="SubSonic.Tests.TransactionTests" member="Transaction_CommitProduct" />
                  <codeLocation path="H:\Projects\Subsonic2\2.2git\SubSonic-2.0\SubSonic.Tests\TransactionTests.cs" line="75" />
                  <metadata>
                    <entry key="TestKind">
                      <value>Test</value>
                    </entry>
                  </metadata>
                  <children />
                  <parameters />
                </test>
                <test id="7a4c3c6601f21a91" name="Transaction_RollbackProduct" fullName="SubSonic.Tests/TransactionTests/Transaction_RollbackProduct" isTestCase="true">
                  <codeReference assembly="SubSonic.Tests, Version=2.2.1.0, Culture=neutral, PublicKeyToken=null" namespace="SubSonic.Tests" type="SubSonic.Tests.TransactionTests" member="Transaction_RollbackProduct" />
                  <codeLocation path="H:\Projects\Subsonic2\2.2git\SubSonic-2.0\SubSonic.Tests\TransactionTests.cs" line="56" />
                  <metadata>
                    <entry key="TestKind">
                      <value>Test</value>
                    </entry>
                  </metadata>
                  <children />
                  <parameters />
                </test>
              </children>
              <parameters />
            </test>
            <test id="f44040825e281a9b" name="ForeignKeyTests" fullName="SubSonic.Tests/ForeignKeyTests" isTestCase="false">
              <codeReference assembly="SubSonic.Tests, Version=2.2.1.0, Culture=neutral, PublicKeyToken=null" namespace="SubSonic.Tests" type="SubSonic.Tests.ForeignKeyTests" />
              <codeLocation path="H:\Projects\Subsonic2\2.2git\SubSonic-2.0\SubSonic.Tests\ForeignKeyTests.cs" />
              <metadata>
                <entry key="TestKind">
                  <value>Fixture</value>
                </entry>
              </metadata>
              <children>
                <test id="b91e0145401cd49" name="FK_LoadForeignKeys" fullName="SubSonic.Tests/ForeignKeyTests/FK_LoadForeignKeys" isTestCase="true">
                  <codeReference assembly="SubSonic.Tests, Version=2.2.1.0, Culture=neutral, PublicKeyToken=null" namespace="SubSonic.Tests" type="SubSonic.Tests.ForeignKeyTests" member="FK_LoadForeignKeys" />
                  <codeLocation path="H:\Projects\Subsonic2\2.2git\SubSonic-2.0\SubSonic.Tests\ForeignKeyTests.cs" line="49" />
                  <metadata>
                    <entry key="TestKind">
                      <value>Test</value>
                    </entry>
                  </metadata>
                  <children />
                  <parameters />
                </test>
                <test id="9e8326ab86d748d5" name="FK_Properties" fullName="SubSonic.Tests/ForeignKeyTests/FK_Properties" isTestCase="true">
                  <codeReference assembly="SubSonic.Tests, Version=2.2.1.0, Culture=neutral, PublicKeyToken=null" namespace="SubSonic.Tests" type="SubSonic.Tests.ForeignKeyTests" member="FK_Properties" />
                  <codeLocation path="H:\Projects\Subsonic2\2.2git\SubSonic-2.0\SubSonic.Tests\ForeignKeyTests.cs" line="69" />
                  <metadata>
                    <entry key="TestKind">
                      <value>Test</value>
                    </entry>
                  </metadata>
                  <children />
                  <parameters />
                </test>
                <test id="92c9a636a95bead0" name="FK_KeyCount" fullName="SubSonic.Tests/ForeignKeyTests/FK_KeyCount" isTestCase="true">
                  <codeReference assembly="SubSonic.Tests, Version=2.2.1.0, Culture=neutral, PublicKeyToken=null" namespace="SubSonic.Tests" type="SubSonic.Tests.ForeignKeyTests" member="FK_KeyCount" />
                  <codeLocation path="H:\Projects\Subsonic2\2.2git\SubSonic-2.0\SubSonic.Tests\ForeignKeyTests.cs" line="59" />
                  <metadata>
                    <entry key="TestKind">
                      <value>Test</value>
                    </entry>
                  </metadata>
                  <children />
                  <parameters />
                </test>
              </children>
              <parameters />
            </test>
            <test id="880abdbef59a7034" name="TransactionWithDtcOffTests" fullName="SubSonic.Tests/TransactionWithDtcOffTests" isTestCase="false">
              <codeReference assembly="SubSonic.Tests, Version=2.2.1.0, Culture=neutral, PublicKeyToken=null" namespace="SubSonic.Tests" type="SubSonic.Tests.TransactionWithDtcOffTests" />
              <codeLocation path="H:\Projects\Subsonic2\2.2git\SubSonic-2.0\SubSonic.Tests\TransactionWithDtcOffTests.cs" />
              <metadata>
                <entry key="TestKind">
                  <value>Fixture</value>
                </entry>
              </metadata>
              <children>
                <test id="6ba79794d1e82475" name="MultiThreadedTest" fullName="SubSonic.Tests/TransactionWithDtcOffTests/MultiThreadedTest" isTestCase="true">
                  <codeReference assembly="SubSonic.Tests, Version=2.2.1.0, Culture=neutral, PublicKeyToken=null" namespace="SubSonic.Tests" type="SubSonic.Tests.TransactionWithDtcOffTests" member="MultiThreadedTest" />
                  <codeLocation path="H:\Projects\Subsonic2\2.2git\SubSonic-2.0\SubSonic.Tests\TransactionWithDtcOffTests.cs" line="328" />
                  <metadata>
                    <entry key="TestKind">
                      <value>Test</value>
                    </entry>
                  </metadata>
                  <children />
                  <parameters />
                </test>
                <test id="d05195082be18aed" name="RetrieveMultipleProducts_FailsWithoutSharedConnection" fullName="SubSonic.Tests/TransactionWithDtcOffTests/RetrieveMultipleProducts_FailsWithoutSharedConnection" isTestCase="true">
                  <codeReference assembly="SubSonic.Tests, Version=2.2.1.0, Culture=neutral, PublicKeyToken=null" namespace="SubSonic.Tests" type="SubSonic.Tests.TransactionWithDtcOffTests" member="RetrieveMultipleProducts_FailsWithoutSharedConnection" />
                  <codeLocation path="H:\Projects\Subsonic2\2.2git\SubSonic-2.0\SubSonic.Tests\TransactionWithDtcOffTests.cs" line="76" />
                  <metadata>
                    <entry key="TestKind">
                      <value>Test</value>
                    </entry>
                  </metadata>
                  <children />
                  <parameters />
                </test>
                <test id="33bc997a3d7805bc" name="CanRetrieveMultipleEntities_FailsWithoutSharedConnectionScope" fullName="SubSonic.Tests/TransactionWithDtcOffTests/CanRetrieveMultipleEntities_FailsWithoutSharedConnectionScope" isTestCase="true">
                  <codeReference assembly="SubSonic.Tests, Version=2.2.1.0, Culture=neutral, PublicKeyToken=null" namespace="SubSonic.Tests" type="SubSonic.Tests.TransactionWithDtcOffTests" member="CanRetrieveMultipleEntities_FailsWithoutSharedConnectionScope" />
                  <codeLocation path="H:\Projects\Subsonic2\2.2git\SubSonic-2.0\SubSonic.Tests\TransactionWithDtcOffTests.cs" line="102" />
                  <metadata>
                    <entry key="TestKind">
                      <value>Test</value>
                    </entry>
                  </metadata>
                  <children />
                  <parameters />
                </test>
                <test id="710aa2d766b9c833" name="CanRetrieveMultipleEntities_SucceedsWithSharedConnectionScope" fullName="SubSonic.Tests/TransactionWithDtcOffTests/CanRetrieveMultipleEntities_SucceedsWithSharedConnectionScope" isTestCase="true">
                  <codeReference assembly="SubSonic.Tests, Version=2.2.1.0, Culture=neutral, PublicKeyToken=null" namespace="SubSonic.Tests" type="SubSonic.Tests.TransactionWithDtcOffTests" member="CanRetrieveMultipleEntities_SucceedsWithSharedConnectionScope" />
                  <codeLocation path="H:\Projects\Subsonic2\2.2git\SubSonic-2.0\SubSonic.Tests\TransactionWithDtcOffTests.cs" line="133" />
                  <metadata>
                    <entry key="TestKind">
                      <value>Test</value>
                    </entry>
                  </metadata>
                  <children />
                  <parameters />
                </test>
                <test id="9053402acf9b34da" name="NoTransactionScope_CanRetrieveSingleProduct" fullName="SubSonic.Tests/TransactionWithDtcOffTests/NoTransactionScope_CanRetrieveSingleProduct" isTestCase="true">
                  <codeReference assembly="SubSonic.Tests, Version=2.2.1.0, Culture=neutral, PublicKeyToken=null" namespace="SubSonic.Tests" type="SubSonic.Tests.TransactionWithDtcOffTests" member="NoTransactionScope_CanRetrieveSingleProduct" />
                  <codeLocation path="H:\Projects\Subsonic2\2.2git\SubSonic-2.0\SubSonic.Tests\TransactionWithDtcOffTests.cs" line="53" />
                  <metadata>
                    <entry key="TestKind">
                      <value>Test</value>
                    </entry>
                  </metadata>
                  <children />
                  <parameters />
                </test>
                <test id="974661575d438355" name="NoTransactionScope_CanRetrieveMultipleProducts" fullName="SubSonic.Tests/TransactionWithDtcOffTests/NoTransactionScope_CanRetrieveMultipleProducts" isTestCase="true">
                  <codeReference assembly="SubSonic.Tests, Version=2.2.1.0, Culture=neutral, PublicKeyToken=null" namespace="SubSonic.Tests" type="SubSonic.Tests.TransactionWithDtcOffTests" member="NoTransactionScope_CanRetrieveMultipleProducts" />
                  <codeLocation path="H:\Projects\Subsonic2\2.2git\SubSonic-2.0\SubSonic.Tests\TransactionWithDtcOffTests.cs" line="63" />
                  <metadata>
                    <entry key="TestKind">
                      <value>Test</value>
                    </entry>
                  </metadata>
                  <children />
                  <parameters />
                </test>
                <test id="c1645f8c4a9f20ab" name="UpdateSingleProduct_SucceedsUsingSharedConnection" fullName="SubSonic.Tests/TransactionWithDtcOffTests/UpdateSingleProduct_SucceedsUsingSharedConnection" isTestCase="true">
                  <codeReference assembly="SubSonic.Tests, Version=2.2.1.0, Culture=neutral, PublicKeyToken=null" namespace="SubSonic.Tests" type="SubSonic.Tests.TransactionWithDtcOffTests" member="UpdateSingleProduct_SucceedsUsingSharedConnection" />
                  <codeLocation path="H:\Projects\Subsonic2\2.2git\SubSonic-2.0\SubSonic.Tests\TransactionWithDtcOffTests.cs" line="157" />
                  <metadata>
                    <entry key="TestKind">
                      <value>Test</value>
                    </entry>
                  </metadata>
                  <children />
                  <parameters />
                </test>
                <test id="2bfb29567a8c1e0a" name="UpdateMultipleProducts_FailsWithoutSharedConnection" fullName="SubSonic.Tests/TransactionWithDtcOffTests/UpdateMultipleProducts_FailsWithoutSharedConnection" isTestCase="true">
                  <codeReference assembly="SubSonic.Tests, Version=2.2.1.0, Culture=neutral, PublicKeyToken=null" namespace="SubSonic.Tests" type="SubSonic.Tests.TransactionWithDtcOffTests" member="UpdateMultipleProducts_FailsWithoutSharedConnection" />
                  <codeLocation path="H:\Projects\Subsonic2\2.2git\SubSonic-2.0\SubSonic.Tests\TransactionWithDtcOffTests.cs" line="241" />
                  <metadata>
                    <entry key="TestKind">
                      <value>Test</value>
                    </entry>
                  </metadata>
                  <children />
                  <parameters />
                </test>
                <test id="cf8c2b87e86a6e43" name="UpdateMultipleProducts_SucceedsWithSharedConnection" fullName="SubSonic.Tests/TransactionWithDtcOffTests/UpdateMultipleProducts_SucceedsWithSharedConnection" isTestCase="true">
                  <codeReference assembly="SubSonic.Tests, Version=2.2.1.0, Culture=neutral, PublicKeyToken=null" namespace="SubSonic.Tests" type="SubSonic.Tests.TransactionWithDtcOffTests" member="UpdateMultipleProducts_SucceedsWithSharedConnection" />
                  <codeLocation path="H:\Projects\Subsonic2\2.2git\SubSonic-2.0\SubSonic.Tests\TransactionWithDtcOffTests.cs" line="264" />
                  <metadata>
                    <entry key="TestKind">
                      <value>Test</value>
                    </entry>
                  </metadata>
                  <children />
                  <parameters />
                </test>
                <test id="bf6fc463aa4691af" name="CanNestSharedConnections" fullName="SubSonic.Tests/TransactionWithDtcOffTests/CanNestSharedConnections" isTestCase="true">
                  <codeReference assembly="SubSonic.Tests, Version=2.2.1.0, Culture=neutral, PublicKeyToken=null" namespace="SubSonic.Tests" type="SubSonic.Tests.TransactionWithDtcOffTests" member="CanNestSharedConnections" />
                  <codeLocation path="H:\Projects\Subsonic2\2.2git\SubSonic-2.0\SubSonic.Tests\TransactionWithDtcOffTests.cs" line="286" />
                  <metadata>
                    <entry key="TestKind">
                      <value>Test</value>
                    </entry>
                  </metadata>
                  <children />
                  <parameters />
                </test>
                <test id="8e42c869bec9e786" name="UpdateSingleProductRetrieveMultipleProducts_FailsWithoutSharedConnection" fullName="SubSonic.Tests/TransactionWithDtcOffTests/UpdateSingleProductRetrieveMultipleProducts_FailsWithoutSharedConnection" isTestCase="true">
                  <codeReference assembly="SubSonic.Tests, Version=2.2.1.0, Culture=neutral, PublicKeyToken=null" namespace="SubSonic.Tests" type="SubSonic.Tests.TransactionWithDtcOffTests" member="UpdateSingleProductRetrieveMultipleProducts_FailsWithoutSharedConnection" />
                  <codeLocation path="H:\Projects\Subsonic2\2.2git\SubSonic-2.0\SubSonic.Tests\TransactionWithDtcOffTests.cs" line="170" />
                  <metadata>
                    <entry key="TestKind">
                      <value>Test</value>
                    </entry>
                  </metadata>
                  <children />
                  <parameters />
                </test>
                <test id="32f81b0fb6408d6e" name="UpdateSingleProductRetrieveMultipleProducts_SucceedsWithSharedConnection" fullName="SubSonic.Tests/TransactionWithDtcOffTests/UpdateSingleProductRetrieveMultipleProducts_SucceedsWithSharedConnection" isTestCase="true">
                  <codeReference assembly="SubSonic.Tests, Version=2.2.1.0, Culture=neutral, PublicKeyToken=null" namespace="SubSonic.Tests" type="SubSonic.Tests.TransactionWithDtcOffTests" member="UpdateSingleProductRetrieveMultipleProducts_SucceedsWithSharedConnection" />
                  <codeLocation path="H:\Projects\Subsonic2\2.2git\SubSonic-2.0\SubSonic.Tests\TransactionWithDtcOffTests.cs" line="195" />
                  <metadata>
                    <entry key="TestKind">
                      <value>Test</value>
                    </entry>
                  </metadata>
                  <children />
                  <parameters />
                </test>
                <test id="f61847d15bae9d7c" name="UpdateSingleProduct_CommitChangeToDatabase" fullName="SubSonic.Tests/TransactionWithDtcOffTests/UpdateSingleProduct_CommitChangeToDatabase" isTestCase="true">
                  <codeReference assembly="SubSonic.Tests, Version=2.2.1.0, Culture=neutral, PublicKeyToken=null" namespace="SubSonic.Tests" type="SubSonic.Tests.TransactionWithDtcOffTests" member="UpdateSingleProduct_CommitChangeToDatabase" />
                  <codeLocation path="H:\Projects\Subsonic2\2.2git\SubSonic-2.0\SubSonic.Tests\TransactionWithDtcOffTests.cs" line="217" />
                  <metadata>
                    <entry key="TestKind">
                      <value>Test</value>
                    </entry>
                  </metadata>
                  <children />
                  <parameters />
                </test>
              </children>
              <parameters />
            </test>
            <test id="a4b3d38ff5d95786" name="InlineQueryTests" fullName="SubSonic.Tests/InlineQueryTests" isTestCase="false">
              <codeReference assembly="SubSonic.Tests, Version=2.2.1.0, Culture=neutral, PublicKeyToken=null" namespace="SubSonic.Tests.SqlQuery" type="SubSonic.Tests.SqlQuery.InlineQueryTests" />
              <codeLocation path="H:\Projects\Subsonic2\2.2git\SubSonic-2.0\SubSonic.Tests\SqlQuery\InlineQueryTests.cs" />
              <metadata>
                <entry key="TestKind">
                  <value>Fixture</value>
                </entry>
              </metadata>
              <children>
                <test id="701cd850fa67c6c9" name="Inline_Simple" fullName="SubSonic.Tests/InlineQueryTests/Inline_Simple" isTestCase="true">
                  <codeReference assembly="SubSonic.Tests, Version=2.2.1.0, Culture=neutral, PublicKeyToken=null" namespace="SubSonic.Tests.SqlQuery" type="SubSonic.Tests.SqlQuery.InlineQueryTests" member="Inline_Simple" />
                  <codeLocation path="H:\Projects\Subsonic2\2.2git\SubSonic-2.0\SubSonic.Tests\SqlQuery\InlineQueryTests.cs" line="27" />
                  <metadata>
                    <entry key="TestKind">
                      <value>Test</value>
                    </entry>
                  </metadata>
                  <children />
                  <parameters />
                </test>
                <test id="505820a5874ad648" name="Inline_AsCollection" fullName="SubSonic.Tests/InlineQueryTests/Inline_AsCollection" isTestCase="true">
                  <codeReference assembly="SubSonic.Tests, Version=2.2.1.0, Culture=neutral, PublicKeyToken=null" namespace="SubSonic.Tests.SqlQuery" type="SubSonic.Tests.SqlQuery.InlineQueryTests" member="Inline_AsCollection" />
                  <codeLocation path="H:\Projects\Subsonic2\2.2git\SubSonic-2.0\SubSonic.Tests\SqlQuery\InlineQueryTests.cs" line="43" />
                  <metadata>
                    <entry key="TestKind">
                      <value>Test</value>
                    </entry>
                  </metadata>
                  <children />
                  <parameters />
                </test>
                <test id="888f3066ed2a4bc1" name="Inline_WithCommands" fullName="SubSonic.Tests/InlineQueryTests/Inline_WithCommands" isTestCase="true">
                  <codeReference assembly="SubSonic.Tests, Version=2.2.1.0, Culture=neutral, PublicKeyToken=null" namespace="SubSonic.Tests.SqlQuery" type="SubSonic.Tests.SqlQuery.InlineQueryTests" member="Inline_WithCommands" />
                  <codeLocation path="H:\Projects\Subsonic2\2.2git\SubSonic-2.0\SubSonic.Tests\SqlQuery\InlineQueryTests.cs" line="34" />
                  <metadata>
                    <entry key="TestKind">
                      <value>Test</value>
                    </entry>
                  </metadata>
                  <children />
                  <parameters />
                </test>
              </children>
              <parameters />
            </test>
            <test id="5bc31031dabd1cc3" name="MigrationTests" fullName="SubSonic.Tests/MigrationTests" isTestCase="false">
              <codeReference assembly="SubSonic.Tests, Version=2.2.1.0, Culture=neutral, PublicKeyToken=null" namespace="SubSonic.Tests.Migrations" type="SubSonic.Tests.Migrations.MigrationTests" />
              <codeLocation path="H:\Projects\Subsonic2\2.2git\SubSonic-2.0\SubSonic.Tests\Migrations\MigrationTests.cs" />
              <metadata>
                <entry key="TestKind">
                  <value>Fixture</value>
                </entry>
              </metadata>
              <children>
                <test id="4191394411848969" name="CreateTable_Should_Allow_Char3_As_PrimaryKey" fullName="SubSonic.Tests/MigrationTests/CreateTable_Should_Allow_Char3_As_PrimaryKey" isTestCase="true">
                  <codeReference assembly="SubSonic.Tests, Version=2.2.1.0, Culture=neutral, PublicKeyToken=null" namespace="SubSonic.Tests.Migrations" type="SubSonic.Tests.Migrations.MigrationTests" member="CreateTable_Should_Allow_Char3_As_PrimaryKey" />
                  <codeLocation path="H:\Projects\Subsonic2\2.2git\SubSonic-2.0\SubSonic.Tests\Migrations\MigrationTests.cs" line="273" />
                  <metadata>
                    <entry key="TestKind">
                      <value>Test</value>
                    </entry>
                  </metadata>
                  <children />
                  <parameters />
                </test>
                <test id="4abcbd35596f771b" name="MigrationMySql" fullName="SubSonic.Tests/MigrationTests/MigrationMySql" isTestCase="true">
                  <codeReference assembly="SubSonic.Tests, Version=2.2.1.0, Culture=neutral, PublicKeyToken=null" namespace="SubSonic.Tests.Migrations" type="SubSonic.Tests.Migrations.MigrationTests" member="MigrationMySql" />
                  <codeLocation path="H:\Projects\Subsonic2\2.2git\SubSonic-2.0\SubSonic.Tests\Migrations\MigrationTests.cs" line="252" />
                  <metadata>
                    <entry key="TestKind">
                      <value>Test</value>
                    </entry>
                  </metadata>
                  <children />
                  <parameters />
                </test>
                <test id="6ad5e975aee08ddf" name="MigrationGenerateCreateTablesSql" fullName="SubSonic.Tests/MigrationTests/MigrationGenerateCreateTablesSql" isTestCase="true">
                  <codeReference assembly="SubSonic.Tests, Version=2.2.1.0, Culture=neutral, PublicKeyToken=null" namespace="SubSonic.Tests.Migrations" type="SubSonic.Tests.Migrations.MigrationTests" member="MigrationGenerateCreateTablesSql" />
                  <codeLocation path="H:\Projects\Subsonic2\2.2git\SubSonic-2.0\SubSonic.Tests\Migrations\MigrationTests.cs" line="18" />
                  <metadata>
                    <entry key="TestKind">
                      <value>Test</value>
                    </entry>
                  </metadata>
                  <children />
                  <parameters />
                </test>
                <test id="fca4a854339d17cf" name="Dual_ForeignKey_Relationships_ShouldBe_Possible_From_One_To_Many" fullName="SubSonic.Tests/MigrationTests/Dual_ForeignKey_Relationships_ShouldBe_Possible_From_One_To_Many" isTestCase="true">
                  <codeReference assembly="SubSonic.Tests, Version=2.2.1.0, Culture=neutral, PublicKeyToken=null" namespace="SubSonic.Tests.Migrations" type="SubSonic.Tests.Migrations.MigrationTests" member="Dual_ForeignKey_Relationships_ShouldBe_Possible_From_One_To_Many" />
                  <codeLocation path="H:\Projects\Subsonic2\2.2git\SubSonic-2.0\SubSonic.Tests\Migrations\MigrationTests.cs" line="297" />
                  <metadata>
                    <entry key="TestKind">
                      <value>Test</value>
                    </entry>
                  </metadata>
                  <children />
                  <parameters />
                </test>
                <test id="71cebd88972a170d" name="MigrateDownFromZero" fullName="SubSonic.Tests/MigrationTests/MigrateDownFromZero" isTestCase="true">
                  <codeReference assembly="SubSonic.Tests, Version=2.2.1.0, Culture=neutral, PublicKeyToken=null" namespace="SubSonic.Tests.Migrations" type="SubSonic.Tests.Migrations.MigrationTests" member="MigrateDownFromZero" />
                  <codeLocation path="H:\Projects\Subsonic2\2.2git\SubSonic-2.0\SubSonic.Tests\Migrations\MigrationTests.cs" line="69" />
                  <metadata>
                    <entry key="TestKind">
                      <value>Test</value>
                    </entry>
                  </metadata>
                  <children />
                  <parameters />
                </test>
                <test id="bd66417745aec781" name="MigrateUpDownNegative1" fullName="SubSonic.Tests/MigrationTests/MigrateUpDownNegative1" isTestCase="true">
                  <codeReference assembly="SubSonic.Tests, Version=2.2.1.0, Culture=neutral, PublicKeyToken=null" namespace="SubSonic.Tests.Migrations" type="SubSonic.Tests.Migrations.MigrationTests" member="MigrateUpDownNegative1" />
                  <codeLocation path="H:\Projects\Subsonic2\2.2git\SubSonic-2.0\SubSonic.Tests\Migrations\MigrationTests.cs" line="77" />
                  <metadata>
                    <entry key="TestKind">
                      <value>Test</value>
                    </entry>
                  </metadata>
                  <children />
                  <parameters />
                </test>
                <test id="79ec5c9c7b50141d" name="MigrationUpDown" fullName="SubSonic.Tests/MigrationTests/MigrationUpDown" isTestCase="true">
                  <codeReference assembly="SubSonic.Tests, Version=2.2.1.0, Culture=neutral, PublicKeyToken=null" namespace="SubSonic.Tests.Migrations" type="SubSonic.Tests.Migrations.MigrationTests" member="MigrationUpDown" />
                  <codeLocation path="H:\Projects\Subsonic2\2.2git\SubSonic-2.0\SubSonic.Tests\Migrations\MigrationTests.cs" line="98" />
                  <metadata>
                    <entry key="TestKind">
                      <value>Test</value>
                    </entry>
                  </metadata>
                  <children />
                  <parameters />
                </test>
                <test id="1989de16e4cda26b" name="MigrationGenerateDropTablesSql" fullName="SubSonic.Tests/MigrationTests/MigrationGenerateDropTablesSql" isTestCase="true">
                  <codeReference assembly="SubSonic.Tests, Version=2.2.1.0, Culture=neutral, PublicKeyToken=null" namespace="SubSonic.Tests.Migrations" type="SubSonic.Tests.Migrations.MigrationTests" member="MigrationGenerateDropTablesSql" />
                  <codeLocation path="H:\Projects\Subsonic2\2.2git\SubSonic-2.0\SubSonic.Tests\Migrations\MigrationTests.cs" line="29" />
                  <metadata>
                    <entry key="TestKind">
                      <value>Test</value>
                    </entry>
                  </metadata>
                  <children />
                  <parameters />
                </test>
                <test id="fc1403bbd9c21f26" name="Migration_SQL_Generation_AddRemoveColumns" fullName="SubSonic.Tests/MigrationTests/Migration_SQL_Generation_AddRemoveColumns" isTestCase="true">
                  <codeReference assembly="SubSonic.Tests, Version=2.2.1.0, Culture=neutral, PublicKeyToken=null" namespace="SubSonic.Tests.Migrations" type="SubSonic.Tests.Migrations.MigrationTests" member="Migration_SQL_Generation_AddRemoveColumns" />
                  <codeLocation path="H:\Projects\Subsonic2\2.2git\SubSonic-2.0\SubSonic.Tests\Migrations\MigrationTests.cs" line="41" />
                  <metadata>
                    <entry key="TestKind">
                      <value>Test</value>
                    </entry>
                  </metadata>
                  <children />
                  <parameters />
                </test>
                <test id="c1db2d4e72754f2c" name="MigrationUpwithErrors" fullName="SubSonic.Tests/MigrationTests/MigrationUpwithErrors" isTestCase="true">
                  <codeReference assembly="SubSonic.Tests, Version=2.2.1.0, Culture=neutral, PublicKeyToken=null" namespace="SubSonic.Tests.Migrations" type="SubSonic.Tests.Migrations.MigrationTests" member="MigrationUpwithErrors" />
                  <codeLocation path="H:\Projects\Subsonic2\2.2git\SubSonic-2.0\SubSonic.Tests\Migrations\MigrationTests.cs" line="120" />
                  <metadata>
                    <entry key="TestKind">
                      <value>Test</value>
                    </entry>
                  </metadata>
                  <children />
                  <parameters />
                </test>
                <test id="68b84e1f9a9c2bc8" name="MigrationShouldExecMultipleMigrations" fullName="SubSonic.Tests/MigrationTests/MigrationShouldExecMultipleMigrations" isTestCase="true">
                  <codeReference assembly="SubSonic.Tests, Version=2.2.1.0, Culture=neutral, PublicKeyToken=null" namespace="SubSonic.Tests.Migrations" type="SubSonic.Tests.Migrations.MigrationTests" member="MigrationShouldExecMultipleMigrations" />
                  <codeLocation path="H:\Projects\Subsonic2\2.2git\SubSonic-2.0\SubSonic.Tests\Migrations\MigrationTests.cs" line="194" />
                  <metadata>
                    <entry key="TestKind">
                      <value>Test</value>
                    </entry>
                  </metadata>
                  <children />
                  <parameters />
                </test>
                <test id="9b9ec6dd8cf18626" name="MigrationOnDispose" fullName="SubSonic.Tests/MigrationTests/MigrationOnDispose" isTestCase="true">
                  <codeReference assembly="SubSonic.Tests, Version=2.2.1.0, Culture=neutral, PublicKeyToken=null" namespace="SubSonic.Tests.Migrations" type="SubSonic.Tests.Migrations.MigrationTests" member="MigrationOnDispose" />
                  <codeLocation path="H:\Projects\Subsonic2\2.2git\SubSonic-2.0\SubSonic.Tests\Migrations\MigrationTests.cs" line="219" />
                  <metadata>
                    <entry key="TestKind">
                      <value>Test</value>
                    </entry>
                  </metadata>
                  <children />
                  <parameters />
                </test>
                <test id="bca569c17d71b8ce" name="MigrationExecute" fullName="SubSonic.Tests/MigrationTests/MigrationExecute" isTestCase="true">
                  <codeReference assembly="SubSonic.Tests, Version=2.2.1.0, Culture=neutral, PublicKeyToken=null" namespace="SubSonic.Tests.Migrations" type="SubSonic.Tests.Migrations.MigrationTests" member="MigrationExecute" />
                  <codeLocation path="H:\Projects\Subsonic2\2.2git\SubSonic-2.0\SubSonic.Tests\Migrations\MigrationTests.cs" line="237" />
                  <metadata>
                    <entry key="TestKind">
                      <value>Test</value>
                    </entry>
                  </metadata>
                  <children />
                  <parameters />
                </test>
                <test id="941fe2e0ac31211e" name="MigrationAlterColumn" fullName="SubSonic.Tests/MigrationTests/MigrationAlterColumn" isTestCase="true">
                  <codeReference assembly="SubSonic.Tests, Version=2.2.1.0, Culture=neutral, PublicKeyToken=null" namespace="SubSonic.Tests.Migrations" type="SubSonic.Tests.Migrations.MigrationTests" member="MigrationAlterColumn" />
                  <codeLocation path="H:\Projects\Subsonic2\2.2git\SubSonic-2.0\SubSonic.Tests\Migrations\MigrationTests.cs" line="139" />
                  <metadata>
                    <entry key="TestKind">
                      <value>Test</value>
                    </entry>
                  </metadata>
                  <children />
                  <parameters />
                </test>
                <test id="5fbd30d8d3c730d4" name="MigrationAddRemoveColumns" fullName="SubSonic.Tests/MigrationTests/MigrationAddRemoveColumns" isTestCase="true">
                  <codeReference assembly="SubSonic.Tests, Version=2.2.1.0, Culture=neutral, PublicKeyToken=null" namespace="SubSonic.Tests.Migrations" type="SubSonic.Tests.Migrations.MigrationTests" member="MigrationAddRemoveColumns" />
                  <codeLocation path="H:\Projects\Subsonic2\2.2git\SubSonic-2.0\SubSonic.Tests\Migrations\MigrationTests.cs" line="160" />
                  <metadata>
                    <entry key="TestKind">
                      <value>Test</value>
                    </entry>
                  </metadata>
                  <children />
                  <parameters />
                </test>
                <test id="cfe29af00870094c" name="MigrationShouldCreateAndDropTestTable" fullName="SubSonic.Tests/MigrationTests/MigrationShouldCreateAndDropTestTable" isTestCase="true">
                  <codeReference assembly="SubSonic.Tests, Version=2.2.1.0, Culture=neutral, PublicKeyToken=null" namespace="SubSonic.Tests.Migrations" type="SubSonic.Tests.Migrations.MigrationTests" member="MigrationShouldCreateAndDropTestTable" />
                  <codeLocation path="H:\Projects\Subsonic2\2.2git\SubSonic-2.0\SubSonic.Tests\Migrations\MigrationTests.cs" line="173" />
                  <metadata>
                    <entry key="TestKind">
                      <value>Test</value>
                    </entry>
                  </metadata>
                  <children />
                  <parameters />
                </test>
              </children>
              <parameters />
            </test>
            <test id="6588e506eeb48f18" name="UpdateTests" fullName="SubSonic.Tests/UpdateTests" isTestCase="false">
              <codeReference assembly="SubSonic.Tests, Version=2.2.1.0, Culture=neutral, PublicKeyToken=null" namespace="SubSonic.Tests.SqlQuery" type="SubSonic.Tests.SqlQuery.UpdateTests" />
              <codeLocation path="H:\Projects\Subsonic2\2.2git\SubSonic-2.0\SubSonic.Tests\SqlQuery\UpdateTests.cs" />
              <metadata>
                <entry key="TestKind">
                  <value>Fixture</value>
                </entry>
              </metadata>
              <children>
                <test id="7643c0325899aef5" name="Update_SimpleSqlCheck" fullName="SubSonic.Tests/UpdateTests/Update_SimpleSqlCheck" isTestCase="true">
                  <codeReference assembly="SubSonic.Tests, Version=2.2.1.0, Culture=neutral, PublicKeyToken=null" namespace="SubSonic.Tests.SqlQuery" type="SubSonic.Tests.SqlQuery.UpdateTests" member="Update_SimpleSqlCheck" />
                  <codeLocation path="H:\Projects\Subsonic2\2.2git\SubSonic-2.0\SubSonic.Tests\SqlQuery\UpdateTests.cs" line="27" />
                  <metadata>
                    <entry key="TestKind">
                      <value>Test</value>
                    </entry>
                  </metadata>
                  <children />
                  <parameters />
                </test>
                <test id="f7fa1b357aa3059d" name="Update_Simple" fullName="SubSonic.Tests/UpdateTests/Update_Simple" isTestCase="true">
                  <codeReference assembly="SubSonic.Tests, Version=2.2.1.0, Culture=neutral, PublicKeyToken=null" namespace="SubSonic.Tests.SqlQuery" type="SubSonic.Tests.SqlQuery.UpdateTests" member="Update_Simple" />
                  <codeLocation path="H:\Projects\Subsonic2\2.2git\SubSonic-2.0\SubSonic.Tests\SqlQuery\UpdateTests.cs" line="35" />
                  <metadata>
                    <entry key="TestKind">
                      <value>Test</value>
                    </entry>
                  </metadata>
                  <children />
                  <parameters />
                </test>
                <test id="9018805426534641" name="Update_SimpleTyped" fullName="SubSonic.Tests/UpdateTests/Update_SimpleTyped" isTestCase="true">
                  <codeReference assembly="SubSonic.Tests, Version=2.2.1.0, Culture=neutral, PublicKeyToken=null" namespace="SubSonic.Tests.SqlQuery" type="SubSonic.Tests.SqlQuery.UpdateTests" member="Update_SimpleTyped" />
                  <codeLocation path="H:\Projects\Subsonic2\2.2git\SubSonic-2.0\SubSonic.Tests\SqlQuery\UpdateTests.cs" line="74" />
                  <metadata>
                    <entry key="TestKind">
                      <value>Test</value>
                    </entry>
                  </metadata>
                  <children />
                  <parameters />
                </test>
                <test id="1c84229c354ae60d" name="Update_Expression" fullName="SubSonic.Tests/UpdateTests/Update_Expression" isTestCase="true">
                  <codeReference assembly="SubSonic.Tests, Version=2.2.1.0, Culture=neutral, PublicKeyToken=null" namespace="SubSonic.Tests.SqlQuery" type="SubSonic.Tests.SqlQuery.UpdateTests" member="Update_Expression" />
                  <codeLocation path="H:\Projects\Subsonic2\2.2git\SubSonic-2.0\SubSonic.Tests\SqlQuery\UpdateTests.cs" line="52" />
                  <metadata>
                    <entry key="TestKind">
                      <value>Test</value>
                    </entry>
                  </metadata>
                  <children />
                  <parameters />
                </test>
              </children>
              <parameters />
            </test>
            <test id="621ae3895ea314a" name="MultiProvider" fullName="SubSonic.Tests/MultiProvider" isTestCase="false">
              <codeReference assembly="SubSonic.Tests, Version=2.2.1.0, Culture=neutral, PublicKeyToken=null" namespace="SubSonic.Tests" type="SubSonic.Tests.MultiProvider" />
              <codeLocation path="H:\Projects\Subsonic2\2.2git\SubSonic-2.0\SubSonic.Tests\MultiProvider.cs" />
              <metadata>
                <entry key="TestKind">
                  <value>Fixture</value>
                </entry>
              </metadata>
              <children>
                <test id="e240560f583195d4" name="Multi_QueryTest" fullName="SubSonic.Tests/MultiProvider/Multi_QueryTest" isTestCase="true">
                  <codeReference assembly="SubSonic.Tests, Version=2.2.1.0, Culture=neutral, PublicKeyToken=null" namespace="SubSonic.Tests" type="SubSonic.Tests.MultiProvider" member="Multi_QueryTest" />
                  <codeLocation path="H:\Projects\Subsonic2\2.2git\SubSonic-2.0\SubSonic.Tests\MultiProvider.cs" line="32" />
                  <metadata>
                    <entry key="TestKind">
                      <value>Test</value>
                    </entry>
                  </metadata>
                  <children />
                  <parameters />
                </test>
                <test id="44598ae75999557" name="Multiple_Providers_Should_Return_Correct_ProviderName" fullName="SubSonic.Tests/MultiProvider/Multiple_Providers_Should_Return_Correct_ProviderName" isTestCase="true">
                  <codeReference assembly="SubSonic.Tests, Version=2.2.1.0, Culture=neutral, PublicKeyToken=null" namespace="SubSonic.Tests" type="SubSonic.Tests.MultiProvider" member="Multiple_Providers_Should_Return_Correct_ProviderName" />
                  <codeLocation path="H:\Projects\Subsonic2\2.2git\SubSonic-2.0\SubSonic.Tests\MultiProvider.cs" line="45" />
                  <metadata>
                    <entry key="TestKind">
                      <value>Test</value>
                    </entry>
                  </metadata>
                  <children />
                  <parameters />
                </test>
              </children>
              <parameters />
            </test>
            <test id="4a525883a4c1bcb9" name="ManyToMany" fullName="SubSonic.Tests/ManyToMany" isTestCase="false">
              <codeReference assembly="SubSonic.Tests, Version=2.2.1.0, Culture=neutral, PublicKeyToken=null" namespace="SubSonic.Tests" type="SubSonic.Tests.ManyToMany" />
              <codeLocation path="H:\Projects\Subsonic2\2.2git\SubSonic-2.0\SubSonic.Tests\bin\Debug\SubSonic.Tests.DLL" />
              <metadata>
                <entry key="TestKind">
                  <value>Fixture</value>
                </entry>
              </metadata>
              <children />
              <parameters />
            </test>
            <test id="6ab4f5328a9660aa" name="InsertTests" fullName="SubSonic.Tests/InsertTests" isTestCase="false">
              <codeReference assembly="SubSonic.Tests, Version=2.2.1.0, Culture=neutral, PublicKeyToken=null" namespace="SubSonic.Tests.SqlQuery" type="SubSonic.Tests.SqlQuery.InsertTests" />
              <codeLocation path="H:\Projects\Subsonic2\2.2git\SubSonic-2.0\SubSonic.Tests\SqlQuery\InsertTests.cs" />
              <metadata>
                <entry key="TestKind">
                  <value>Fixture</value>
                </entry>
              </metadata>
              <children>
                <test id="b303b9ae8f12c2ea" name="Insert_Simple" fullName="SubSonic.Tests/InsertTests/Insert_Simple" isTestCase="true">
                  <codeReference assembly="SubSonic.Tests, Version=2.2.1.0, Culture=neutral, PublicKeyToken=null" namespace="SubSonic.Tests.SqlQuery" type="SubSonic.Tests.SqlQuery.InsertTests" member="Insert_Simple" />
                  <codeLocation path="H:\Projects\Subsonic2\2.2git\SubSonic-2.0\SubSonic.Tests\SqlQuery\InsertTests.cs" line="29" />
                  <metadata>
                    <entry key="TestKind">
                      <value>Test</value>
                    </entry>
                  </metadata>
                  <children />
                  <parameters />
                </test>
                <test id="ae153abf92394a57" name="Insert_SimpleWithSelectAndSchema" fullName="SubSonic.Tests/InsertTests/Insert_SimpleWithSelectAndSchema" isTestCase="true">
                  <codeReference assembly="SubSonic.Tests, Version=2.2.1.0, Culture=neutral, PublicKeyToken=null" namespace="SubSonic.Tests.SqlQuery" type="SubSonic.Tests.SqlQuery.InsertTests" member="Insert_SimpleWithSelectAndSchema" />
                  <codeLocation path="H:\Projects\Subsonic2\2.2git\SubSonic-2.0\SubSonic.Tests\SqlQuery\InsertTests.cs" line="49" />
                  <metadata>
                    <entry key="TestKind">
                      <value>Test</value>
                    </entry>
                  </metadata>
                  <children />
                  <parameters />
                </test>
                <test id="b6299421cf76c62f" name="Insert_SimpleWithSelect" fullName="SubSonic.Tests/InsertTests/Insert_SimpleWithSelect" isTestCase="true">
                  <codeReference assembly="SubSonic.Tests, Version=2.2.1.0, Culture=neutral, PublicKeyToken=null" namespace="SubSonic.Tests.SqlQuery" type="SubSonic.Tests.SqlQuery.InsertTests" member="Insert_SimpleWithSelect" />
                  <codeLocation path="H:\Projects\Subsonic2\2.2git\SubSonic-2.0\SubSonic.Tests\SqlQuery\InsertTests.cs" line="38" />
                  <metadata>
                    <entry key="TestKind">
                      <value>Test</value>
                    </entry>
                  </metadata>
                  <children />
                  <parameters />
                </test>
              </children>
              <parameters />
            </test>
            <test id="88947b5ff026bc84" name="SPs" fullName="SubSonic.Tests/SPs" isTestCase="false">
              <codeReference assembly="SubSonic.Tests, Version=2.2.1.0, Culture=neutral, PublicKeyToken=null" namespace="SubSonic.Tests" type="SubSonic.Tests.SPs" />
              <codeLocation path="H:\Projects\Subsonic2\2.2git\SubSonic-2.0\SubSonic.Tests\SPs.cs" />
              <metadata>
                <entry key="TestKind">
                  <value>Fixture</value>
                </entry>
              </metadata>
              <children>
                <test id="62cc4104c2c8176a" name="SP_Should_Execute_Without_Parameter2" fullName="SubSonic.Tests/SPs/SP_Should_Execute_Without_Parameter2" isTestCase="true">
                  <codeReference assembly="SubSonic.Tests, Version=2.2.1.0, Culture=neutral, PublicKeyToken=null" namespace="SubSonic.Tests" type="SubSonic.Tests.SPs" member="SP_Should_Execute_Without_Parameter2" />
                  <codeLocation path="H:\Projects\Subsonic2\2.2git\SubSonic-2.0\SubSonic.Tests\SPs.cs" line="215" />
                  <metadata>
                    <entry key="TestKind">
                      <value>Test</value>
                    </entry>
                  </metadata>
                  <children />
                  <parameters />
                </test>
                <test id="7ac2a8ddcd10c009" name="SP_Can_Execute_JSON_Result" fullName="SubSonic.Tests/SPs/SP_Can_Execute_JSON_Result" isTestCase="true">
                  <codeReference assembly="SubSonic.Tests, Version=2.2.1.0, Culture=neutral, PublicKeyToken=null" namespace="SubSonic.Tests" type="SubSonic.Tests.SPs" member="SP_Can_Execute_JSON_Result" />
                  <codeLocation path="H:\Projects\Subsonic2\2.2git\SubSonic-2.0\SubSonic.Tests\SPs.cs" line="229" />
                  <metadata>
                    <entry key="TestKind">
                      <value>Test</value>
                    </entry>
                  </metadata>
                  <children />
                  <parameters />
                </test>
                <test id="2ad22264b70bd8d6" name="SP_Schema_Should_Load_10_SPs" fullName="SubSonic.Tests/SPs/SP_Schema_Should_Load_10_SPs" isTestCase="true">
                  <codeReference assembly="SubSonic.Tests, Version=2.2.1.0, Culture=neutral, PublicKeyToken=null" namespace="SubSonic.Tests" type="SubSonic.Tests.SPs" member="SP_Schema_Should_Load_10_SPs" />
                  <codeLocation path="H:\Projects\Subsonic2\2.2git\SubSonic-2.0\SubSonic.Tests\SPs.cs" line="49" />
                  <metadata>
                    <entry key="TestKind">
                      <value>Test</value>
                    </entry>
                  </metadata>
                  <children />
                  <parameters />
                </test>
                <test id="a907c2ba9df3f9ba" name="SP_CustOrderHist_TypedSP_Should_Have_Qualified_CommandSQL" fullName="SubSonic.Tests/SPs/SP_CustOrderHist_TypedSP_Should_Have_Qualified_CommandSQL" isTestCase="true">
                  <codeReference assembly="SubSonic.Tests, Version=2.2.1.0, Culture=neutral, PublicKeyToken=null" namespace="SubSonic.Tests" type="SubSonic.Tests.SPs" member="SP_CustOrderHist_TypedSP_Should_Have_Qualified_CommandSQL" />
                  <codeLocation path="H:\Projects\Subsonic2\2.2git\SubSonic-2.0\SubSonic.Tests\SPs.cs" line="81" />
                  <metadata>
                    <entry key="TestKind">
                      <value>Test</value>
                    </entry>
                  </metadata>
                  <children />
                  <parameters />
                </test>
                <test id="e282a136067cd032" name="SP_ReaderTest" fullName="SubSonic.Tests/SPs/SP_ReaderTest" isTestCase="true">
                  <codeReference assembly="SubSonic.Tests, Version=2.2.1.0, Culture=neutral, PublicKeyToken=null" namespace="SubSonic.Tests" type="SubSonic.Tests.SPs" member="SP_ReaderTest" />
                  <codeLocation path="H:\Projects\Subsonic2\2.2git\SubSonic-2.0\SubSonic.Tests\SPs.cs" line="92" />
                  <metadata>
                    <entry key="TestKind">
                      <value>Test</value>
                    </entry>
                  </metadata>
                  <children />
                  <parameters />
                </test>
                <test id="c0e0813a8e24c5af" name="SP_ScalarTest" fullName="SubSonic.Tests/SPs/SP_ScalarTest" isTestCase="true">
                  <codeReference assembly="SubSonic.Tests, Version=2.2.1.0, Culture=neutral, PublicKeyToken=null" namespace="SubSonic.Tests" type="SubSonic.Tests.SPs" member="SP_ScalarTest" />
                  <codeLocation path="H:\Projects\Subsonic2\2.2git\SubSonic-2.0\SubSonic.Tests\SPs.cs" line="112" />
                  <metadata>
                    <entry key="TestKind">
                      <value>Test</value>
                    </entry>
                  </metadata>
                  <children />
                  <parameters />
                </test>
                <test id="5a3b608b22e938aa" name="SP_Schema_Should_Load_With_Schema_Name" fullName="SubSonic.Tests/SPs/SP_Schema_Should_Load_With_Schema_Name" isTestCase="true">
                  <codeReference assembly="SubSonic.Tests, Version=2.2.1.0, Culture=neutral, PublicKeyToken=null" namespace="SubSonic.Tests" type="SubSonic.Tests.SPs" member="SP_Schema_Should_Load_With_Schema_Name" />
                  <codeLocation path="H:\Projects\Subsonic2\2.2git\SubSonic-2.0\SubSonic.Tests\SPs.cs" line="57" />
                  <metadata>
                    <entry key="TestKind">
                      <value>Test</value>
                    </entry>
                  </metadata>
                  <children />
                  <parameters />
                </test>
                <test id="a9c9721192e7a74d" name="SP_CustOrderHist_Should_Have_QualifiedName" fullName="SubSonic.Tests/SPs/SP_CustOrderHist_Should_Have_QualifiedName" isTestCase="true">
                  <codeReference assembly="SubSonic.Tests, Version=2.2.1.0, Culture=neutral, PublicKeyToken=null" namespace="SubSonic.Tests" type="SubSonic.Tests.SPs" member="SP_CustOrderHist_Should_Have_QualifiedName" />
                  <codeLocation path="H:\Projects\Subsonic2\2.2git\SubSonic-2.0\SubSonic.Tests\SPs.cs" line="65" />
                  <metadata>
                    <entry key="TestKind">
                      <value>Test</value>
                    </entry>
                  </metadata>
                  <children />
                  <parameters />
                </test>
                <test id="af9eeab672e34f3c" name="SP_CustOrderHist_Should_Have_Qualified_CommandSQL" fullName="SubSonic.Tests/SPs/SP_CustOrderHist_Should_Have_Qualified_CommandSQL" isTestCase="true">
                  <codeReference assembly="SubSonic.Tests, Version=2.2.1.0, Culture=neutral, PublicKeyToken=null" namespace="SubSonic.Tests" type="SubSonic.Tests.SPs" member="SP_CustOrderHist_Should_Have_Qualified_CommandSQL" />
                  <codeLocation path="H:\Projects\Subsonic2\2.2git\SubSonic-2.0\SubSonic.Tests\SPs.cs" line="73" />
                  <metadata>
                    <entry key="TestKind">
                      <value>Test</value>
                    </entry>
                  </metadata>
                  <children />
                  <parameters />
                </test>
                <test id="433e79030503e791" name="SP_QuickReader" fullName="SubSonic.Tests/SPs/SP_QuickReader" isTestCase="true">
                  <codeReference assembly="SubSonic.Tests, Version=2.2.1.0, Culture=neutral, PublicKeyToken=null" namespace="SubSonic.Tests" type="SubSonic.Tests.SPs" member="SP_QuickReader" />
                  <codeLocation path="H:\Projects\Subsonic2\2.2git\SubSonic-2.0\SubSonic.Tests\SPs.cs" line="180" />
                  <metadata>
                    <entry key="TestKind">
                      <value>Test</value>
                    </entry>
                  </metadata>
                  <children />
                  <parameters />
                </test>
                <test id="85f475848b5528df" name="SP_QuickDataSet" fullName="SubSonic.Tests/SPs/SP_QuickDataSet" isTestCase="true">
                  <codeReference assembly="SubSonic.Tests, Version=2.2.1.0, Culture=neutral, PublicKeyToken=null" namespace="SubSonic.Tests" type="SubSonic.Tests.SPs" member="SP_QuickDataSet" />
                  <codeLocation path="H:\Projects\Subsonic2\2.2git\SubSonic-2.0\SubSonic.Tests\SPs.cs" line="197" />
                  <metadata>
                    <entry key="TestKind">
                      <value>Test</value>
                    </entry>
                  </metadata>
                  <children />
                  <parameters />
                </test>
                <test id="5ad8fc74df6a3527" name="SP_Should_Execute_Without_Parameter" fullName="SubSonic.Tests/SPs/SP_Should_Execute_Without_Parameter" isTestCase="true">
                  <codeReference assembly="SubSonic.Tests, Version=2.2.1.0, Culture=neutral, PublicKeyToken=null" namespace="SubSonic.Tests" type="SubSonic.Tests.SPs" member="SP_Should_Execute_Without_Parameter" />
                  <codeLocation path="H:\Projects\Subsonic2\2.2git\SubSonic-2.0\SubSonic.Tests\SPs.cs" line="203" />
                  <metadata>
                    <entry key="TestKind">
                      <value>Test</value>
                    </entry>
                  </metadata>
                  <children />
                  <parameters />
                </test>
                <test id="7160661ba5b4f87" name="SP_DSTest" fullName="SubSonic.Tests/SPs/SP_DSTest" isTestCase="true">
                  <codeReference assembly="SubSonic.Tests, Version=2.2.1.0, Culture=neutral, PublicKeyToken=null" namespace="SubSonic.Tests" type="SubSonic.Tests.SPs" member="SP_DSTest" />
                  <codeLocation path="H:\Projects\Subsonic2\2.2git\SubSonic-2.0\SubSonic.Tests\SPs.cs" line="126" />
                  <metadata>
                    <entry key="TestKind">
                      <value>Test</value>
                    </entry>
                  </metadata>
                  <children />
                  <parameters />
                </test>
                <test id="8a3e7cfbf064fdcd" name="SP_Outputs" fullName="SubSonic.Tests/SPs/SP_Outputs" isTestCase="true">
                  <codeReference assembly="SubSonic.Tests, Version=2.2.1.0, Culture=neutral, PublicKeyToken=null" namespace="SubSonic.Tests" type="SubSonic.Tests.SPs" member="SP_Outputs" />
                  <codeLocation path="H:\Projects\Subsonic2\2.2git\SubSonic-2.0\SubSonic.Tests\SPs.cs" line="140" />
                  <metadata>
                    <entry key="TestKind">
                      <value>Test</value>
                    </entry>
                  </metadata>
                  <children />
                  <parameters />
                </test>
                <test id="54b385f985ea3ada" name="SP_Outputs_DefaultProvider" fullName="SubSonic.Tests/SPs/SP_Outputs_DefaultProvider" isTestCase="true">
                  <codeReference assembly="SubSonic.Tests, Version=2.2.1.0, Culture=neutral, PublicKeyToken=null" namespace="SubSonic.Tests" type="SubSonic.Tests.SPs" member="SP_Outputs_DefaultProvider" />
                  <codeLocation path="H:\Projects\Subsonic2\2.2git\SubSonic-2.0\SubSonic.Tests\SPs.cs" line="160" />
                  <metadata>
                    <entry key="TestKind">
                      <value>Test</value>
                    </entry>
                  </metadata>
                  <children />
                  <parameters />
                </test>
              </children>
              <parameters />
            </test>
            <test id="6be2c4890d451a28" name="SelectTests" fullName="SubSonic.Tests/SelectTests" isTestCase="false">
              <codeReference assembly="SubSonic.Tests, Version=2.2.1.0, Culture=neutral, PublicKeyToken=null" namespace="SubSonic.Tests.SqlQuery" type="SubSonic.Tests.SqlQuery.SelectTests" />
              <codeLocation path="H:\Projects\Subsonic2\2.2git\SubSonic-2.0\SubSonic.Tests\SqlQuery\SelectTests.cs" />
              <metadata>
                <entry key="TestKind">
                  <value>Fixture</value>
                </entry>
              </metadata>
              <children>
                <test id="4823b2bae76ef92c" name="Select_Using_StartsWith_C_ShouldReturn_9_Records" fullName="SubSonic.Tests/SelectTests/Select_Using_StartsWith_C_ShouldReturn_9_Records" isTestCase="true">
                  <codeReference assembly="SubSonic.Tests, Version=2.2.1.0, Culture=neutral, PublicKeyToken=null" namespace="SubSonic.Tests.SqlQuery" type="SubSonic.Tests.SqlQuery.SelectTests" member="Select_Using_StartsWith_C_ShouldReturn_9_Records" />
                  <codeLocation path="H:\Projects\Subsonic2\2.2git\SubSonic-2.0\SubSonic.Tests\SqlQuery\SelectTests.cs" line="660" />
                  <metadata>
                    <entry key="TestKind">
                      <value>Test</value>
                    </entry>
                  </metadata>
                  <children />
                  <parameters />
                </test>
                <test id="6d2dfb81d1d8eb09" name="Select_Should_Work_With_SameColumn_Joins_UsingQualifiedColumns" fullName="SubSonic.Tests/SelectTests/Select_Should_Work_With_SameColumn_Joins_UsingQualifiedColumns" isTestCase="true">
                  <codeReference assembly="SubSonic.Tests, Version=2.2.1.0, Culture=neutral, PublicKeyToken=null" namespace="SubSonic.Tests.SqlQuery" type="SubSonic.Tests.SqlQuery.SelectTests" member="Select_Should_Work_With_SameColumn_Joins_UsingQualifiedColumns" />
                  <codeLocation path="H:\Projects\Subsonic2\2.2git\SubSonic-2.0\SubSonic.Tests\SqlQuery\SelectTests.cs" line="646" />
                  <metadata>
                    <entry key="TestKind">
                      <value>Test</value>
                    </entry>
                  </metadata>
                  <children />
                  <parameters />
                </test>
                <test id="56c2ce08c5f5f680" name="StoredProc_TypedList" fullName="SubSonic.Tests/SelectTests/StoredProc_TypedList" isTestCase="true">
                  <codeReference assembly="SubSonic.Tests, Version=2.2.1.0, Culture=neutral, PublicKeyToken=null" namespace="SubSonic.Tests.SqlQuery" type="SubSonic.Tests.SqlQuery.SelectTests" member="StoredProc_TypedList" />
                  <codeLocation path="H:\Projects\Subsonic2\2.2git\SubSonic-2.0\SubSonic.Tests\SqlQuery\SelectTests.cs" line="637" />
                  <metadata>
                    <entry key="TestKind">
                      <value>Test</value>
                    </entry>
                  </metadata>
                  <children />
                  <parameters />
                </test>
                <test id="7f5df6eba006a3b0" name="SqlQuery_when_setting_distinct_it_should_set_IsDistinct" fullName="SubSonic.Tests/SelectTests/SqlQuery_when_setting_distinct_it_should_set_IsDistinct" isTestCase="true">
                  <codeReference assembly="SubSonic.Tests, Version=2.2.1.0, Culture=neutral, PublicKeyToken=null" namespace="SubSonic.Tests.SqlQuery" type="SubSonic.Tests.SqlQuery.SelectTests" member="SqlQuery_when_setting_distinct_it_should_set_IsDistinct" />
                  <codeLocation path="H:\Projects\Subsonic2\2.2git\SubSonic-2.0\SubSonic.Tests\SqlQuery\SelectTests.cs" line="719" />
                  <metadata>
                    <entry key="TestKind">
                      <value>Test</value>
                    </entry>
                  </metadata>
                  <children />
                  <parameters />
                </test>
                <test id="dfe54cb0dd5f98a6" name="Select_Using_Contains_Ch_ShouldReturn_14_Records" fullName="SubSonic.Tests/SelectTests/Select_Using_Contains_Ch_ShouldReturn_14_Records" isTestCase="true">
                  <codeReference assembly="SubSonic.Tests, Version=2.2.1.0, Culture=neutral, PublicKeyToken=null" namespace="SubSonic.Tests.SqlQuery" type="SubSonic.Tests.SqlQuery.SelectTests" member="Select_Using_Contains_Ch_ShouldReturn_14_Records" />
                  <codeLocation path="H:\Projects\Subsonic2\2.2git\SubSonic-2.0\SubSonic.Tests\SqlQuery\SelectTests.cs" line="679" />
                  <metadata>
                    <entry key="TestKind">
                      <value>Test</value>
                    </entry>
                  </metadata>
                  <children />
                  <parameters />
                </test>
                <test id="673af2a86975950a" name="Select_Using_EndsWith_S_ShouldReturn_9_Records" fullName="SubSonic.Tests/SelectTests/Select_Using_EndsWith_S_ShouldReturn_9_Records" isTestCase="true">
                  <codeReference assembly="SubSonic.Tests, Version=2.2.1.0, Culture=neutral, PublicKeyToken=null" namespace="SubSonic.Tests.SqlQuery" type="SubSonic.Tests.SqlQuery.SelectTests" member="Select_Using_EndsWith_S_ShouldReturn_9_Records" />
                  <codeLocation path="H:\Projects\Subsonic2\2.2git\SubSonic-2.0\SubSonic.Tests\SqlQuery\SelectTests.cs" line="669" />
                  <metadata>
                    <entry key="TestKind">
                      <value>Test</value>
                    </entry>
                  </metadata>
                  <children />
                  <parameters />
                </test>
                <test id="2c5da3bbf6b730ae" name="Exec_NotInWithSelect" fullName="SubSonic.Tests/SelectTests/Exec_NotInWithSelect" isTestCase="true">
                  <codeReference assembly="SubSonic.Tests, Version=2.2.1.0, Culture=neutral, PublicKeyToken=null" namespace="SubSonic.Tests.SqlQuery" type="SubSonic.Tests.SqlQuery.SelectTests" member="Exec_NotInWithSelect" />
                  <codeLocation path="H:\Projects\Subsonic2\2.2git\SubSonic-2.0\SubSonic.Tests\SqlQuery\SelectTests.cs" line="607" />
                  <metadata>
                    <entry key="TestKind">
                      <value>Test</value>
                    </entry>
                  </metadata>
                  <children />
                  <parameters />
                </test>
                <test id="71365874b01a3619" name="Collection_LoadTypedActiveRecord" fullName="SubSonic.Tests/SelectTests/Collection_LoadTypedActiveRecord" isTestCase="true">
                  <codeReference assembly="SubSonic.Tests, Version=2.2.1.0, Culture=neutral, PublicKeyToken=null" namespace="SubSonic.Tests.SqlQuery" type="SubSonic.Tests.SqlQuery.SelectTests" member="Collection_LoadTypedActiveRecord" />
                  <codeLocation path="H:\Projects\Subsonic2\2.2git\SubSonic-2.0\SubSonic.Tests\SqlQuery\SelectTests.cs" line="504" />
                  <metadata>
                    <entry key="TestKind">
                      <value>Test</value>
                    </entry>
                  </metadata>
                  <children />
                  <parameters />
                </test>
                <test id="bc1decbc9fdc85cf" name="Collection_LoadTypedObject" fullName="SubSonic.Tests/SelectTests/Collection_LoadTypedObject" isTestCase="true">
                  <codeReference assembly="SubSonic.Tests, Version=2.2.1.0, Culture=neutral, PublicKeyToken=null" namespace="SubSonic.Tests.SqlQuery" type="SubSonic.Tests.SqlQuery.SelectTests" member="Collection_LoadTypedObject" />
                  <codeLocation path="H:\Projects\Subsonic2\2.2git\SubSonic-2.0\SubSonic.Tests\SqlQuery\SelectTests.cs" line="489" />
                  <metadata>
                    <entry key="TestKind">
                      <value>Test</value>
                    </entry>
                  </metadata>
                  <children />
                  <parameters />
                </test>
                <test id="4bae6bc711bf486" name="Exec_SimpleOr3" fullName="SubSonic.Tests/SelectTests/Exec_SimpleOr3" isTestCase="true">
                  <codeReference assembly="SubSonic.Tests, Version=2.2.1.0, Culture=neutral, PublicKeyToken=null" namespace="SubSonic.Tests.SqlQuery" type="SubSonic.Tests.SqlQuery.SelectTests" member="Exec_SimpleOr3" />
                  <codeLocation path="H:\Projects\Subsonic2\2.2git\SubSonic-2.0\SubSonic.Tests\SqlQuery\SelectTests.cs" line="469" />
                  <metadata>
                    <entry key="TestKind">
                      <value>Test</value>
                    </entry>
                  </metadata>
                  <children />
                  <parameters />
                </test>
                <test id="e43d556230ce8814" name="Products_CollectionSample" fullName="SubSonic.Tests/SelectTests/Products_CollectionSample" isTestCase="true">
                  <codeReference assembly="SubSonic.Tests, Version=2.2.1.0, Culture=neutral, PublicKeyToken=null" namespace="SubSonic.Tests.SqlQuery" type="SubSonic.Tests.SqlQuery.SelectTests" member="Products_CollectionSample" />
                  <codeLocation path="H:\Projects\Subsonic2\2.2git\SubSonic-2.0\SubSonic.Tests\SqlQuery\SelectTests.cs" line="586" />
                  <metadata>
                    <entry key="TestKind">
                      <value>Test</value>
                    </entry>
                  </metadata>
                  <children />
                  <parameters />
                </test>
                <test id="59070ef9a965d38c" name="Products_CollectionLoad2" fullName="SubSonic.Tests/SelectTests/Products_CollectionLoad2" isTestCase="true">
                  <codeReference assembly="SubSonic.Tests, Version=2.2.1.0, Culture=neutral, PublicKeyToken=null" namespace="SubSonic.Tests.SqlQuery" type="SubSonic.Tests.SqlQuery.SelectTests" member="Products_CollectionLoad2" />
                  <codeLocation path="H:\Projects\Subsonic2\2.2git\SubSonic-2.0\SubSonic.Tests\SqlQuery\SelectTests.cs" line="574" />
                  <metadata>
                    <entry key="TestKind">
                      <value>Test</value>
                    </entry>
                  </metadata>
                  <children />
                  <parameters />
                </test>
                <test id="af960a2bc2f1179d" name="Products_Sample" fullName="SubSonic.Tests/SelectTests/Products_Sample" isTestCase="true">
                  <codeReference assembly="SubSonic.Tests, Version=2.2.1.0, Culture=neutral, PublicKeyToken=null" namespace="SubSonic.Tests.SqlQuery" type="SubSonic.Tests.SqlQuery.SelectTests" member="Products_Sample" />
                  <codeLocation path="H:\Projects\Subsonic2\2.2git\SubSonic-2.0\SubSonic.Tests\SqlQuery\SelectTests.cs" line="556" />
                  <metadata>
                    <entry key="TestKind">
                      <value>Test</value>
                    </entry>
                  </metadata>
                  <children />
                  <parameters />
                </test>
                <test id="6882be85ac64b75c" name="Select_With_ExecuteTypedList_Should_Work_With_List_of_Guid" fullName="SubSonic.Tests/SelectTests/Select_With_ExecuteTypedList_Should_Work_With_List_of_Guid" isTestCase="true">
                  <codeReference assembly="SubSonic.Tests, Version=2.2.1.0, Culture=neutral, PublicKeyToken=null" namespace="SubSonic.Tests.SqlQuery" type="SubSonic.Tests.SqlQuery.SelectTests" member="Select_With_ExecuteTypedList_Should_Work_With_List_of_Guid" />
                  <codeLocation path="H:\Projects\Subsonic2\2.2git\SubSonic-2.0\SubSonic.Tests\SqlQuery\SelectTests.cs" line="833" />
                  <metadata>
                    <entry key="TestKind">
                      <value>Test</value>
                    </entry>
                  </metadata>
                  <children />
                  <parameters />
                </test>
                <test id="9d6793bdba7ca3f4" name="Select_Paged_Can_Covert_To_SqlQuery" fullName="SubSonic.Tests/SelectTests/Select_Paged_Can_Covert_To_SqlQuery" isTestCase="true">
                  <codeReference assembly="SubSonic.Tests, Version=2.2.1.0, Culture=neutral, PublicKeyToken=null" namespace="SubSonic.Tests.SqlQuery" type="SubSonic.Tests.SqlQuery.SelectTests" member="Select_Paged_Can_Covert_To_SqlQuery" />
                  <codeLocation path="H:\Projects\Subsonic2\2.2git\SubSonic-2.0\SubSonic.Tests\SqlQuery\SelectTests.cs" line="813" />
                  <metadata>
                    <entry key="TestKind">
                      <value>Test</value>
                    </entry>
                  </metadata>
                  <children />
                  <parameters />
                </test>
                <test id="4aa38a4c4fdd36a4" name="SelectAllColumns_With_WhereExpression_And_QualifiedColumn_Formats_Where_Correctly_And_Executes" fullName="SubSonic.Tests/SelectTests/SelectAllColumns_With_WhereExpression_And_QualifiedColumn_Formats_Where_Correctly_And_Executes" isTestCase="true">
                  <codeReference assembly="SubSonic.Tests, Version=2.2.1.0, Culture=neutral, PublicKeyToken=null" namespace="SubSonic.Tests.SqlQuery" type="SubSonic.Tests.SqlQuery.SelectTests" member="SelectAllColumns_With_WhereExpression_And_QualifiedColumn_Formats_Where_Correctly_And_Executes" />
                  <codeLocation path="H:\Projects\Subsonic2\2.2git\SubSonic-2.0\SubSonic.Tests\SqlQuery\SelectTests.cs" line="802" />
                  <metadata>
                    <entry key="TestKind">
                      <value>Test</value>
                    </entry>
                  </metadata>
                  <children />
                  <parameters />
                </test>
                <test id="d943452b33fb4d6d" name="Exec_Simple" fullName="SubSonic.Tests/SelectTests/Exec_Simple" isTestCase="true">
                  <codeReference assembly="SubSonic.Tests, Version=2.2.1.0, Culture=neutral, PublicKeyToken=null" namespace="SubSonic.Tests.SqlQuery" type="SubSonic.Tests.SqlQuery.SelectTests" member="Exec_Simple" />
                  <codeLocation path="H:\Projects\Subsonic2\2.2git\SubSonic-2.0\SubSonic.Tests\SqlQuery\SelectTests.cs" line="29" />
                  <metadata>
                    <entry key="TestKind">
                      <value>Test</value>
                    </entry>
                  </metadata>
                  <children />
                  <parameters />
                </test>
                <test id="6f93c3a1aa751344" name="MySql_Should_Set_Logical_Deletes" fullName="SubSonic.Tests/SelectTests/MySql_Should_Set_Logical_Deletes" isTestCase="true">
                  <codeReference assembly="SubSonic.Tests, Version=2.2.1.0, Culture=neutral, PublicKeyToken=null" namespace="SubSonic.Tests.SqlQuery" type="SubSonic.Tests.SqlQuery.SelectTests" member="MySql_Should_Set_Logical_Deletes" />
                  <codeLocation path="H:\Projects\Subsonic2\2.2git\SubSonic-2.0\SubSonic.Tests\SqlQuery\SelectTests.cs" line="857" />
                  <metadata>
                    <entry key="TestKind">
                      <value>Test</value>
                    </entry>
                  </metadata>
                  <children />
                  <parameters />
                </test>
                <test id="925ff536a5b8ff4d" name="Saving_String_Property_With_StringValue_Null_Results_In_NullValue_In_DB" fullName="SubSonic.Tests/SelectTests/Saving_String_Property_With_StringValue_Null_Results_In_NullValue_In_DB" isTestCase="true">
                  <codeReference assembly="SubSonic.Tests, Version=2.2.1.0, Culture=neutral, PublicKeyToken=null" namespace="SubSonic.Tests.SqlQuery" type="SubSonic.Tests.SqlQuery.SelectTests" member="Saving_String_Property_With_StringValue_Null_Results_In_NullValue_In_DB" />
                  <codeLocation path="H:\Projects\Subsonic2\2.2git\SubSonic-2.0\SubSonic.Tests\SqlQuery\SelectTests.cs" line="843" />
                  <metadata>
                    <entry key="TestKind">
                      <value>Test</value>
                    </entry>
                  </metadata>
                  <children />
                  <parameters />
                </test>
                <test id="aaf55d8ecf4a3aca" name="SelectAllColumns_With_WhereExpression_And_QualifiedColumn_Formats_Where_Correctly" fullName="SubSonic.Tests/SelectTests/SelectAllColumns_With_WhereExpression_And_QualifiedColumn_Formats_Where_Correctly" isTestCase="true">
                  <codeReference assembly="SubSonic.Tests, Version=2.2.1.0, Culture=neutral, PublicKeyToken=null" namespace="SubSonic.Tests.SqlQuery" type="SubSonic.Tests.SqlQuery.SelectTests" member="SelectAllColumns_With_WhereExpression_And_QualifiedColumn_Formats_Where_Correctly" />
                  <codeLocation path="H:\Projects\Subsonic2\2.2git\SubSonic-2.0\SubSonic.Tests\SqlQuery\SelectTests.cs" line="791" />
                  <metadata>
                    <entry key="TestKind">
                      <value>Test</value>
                    </entry>
                  </metadata>
                  <children />
                  <parameters />
                </test>
                <test id="2df05ec3dee511f9" name="SqlQuery_Can_Compare_Columns" fullName="SubSonic.Tests/SelectTests/SqlQuery_Can_Compare_Columns" isTestCase="true">
                  <codeReference assembly="SubSonic.Tests, Version=2.2.1.0, Culture=neutral, PublicKeyToken=null" namespace="SubSonic.Tests.SqlQuery" type="SubSonic.Tests.SqlQuery.SelectTests" member="SqlQuery_Can_Compare_Columns" />
                  <codeLocation path="H:\Projects\Subsonic2\2.2git\SubSonic-2.0\SubSonic.Tests\SqlQuery\SelectTests.cs" line="747" />
                  <metadata>
                    <entry key="TestKind">
                      <value>Test</value>
                    </entry>
                  </metadata>
                  <children />
                  <parameters />
                </test>
                <test id="dcd2987f84048384" name="SqlQuery_GetRecordCount_should_handle_distinct" fullName="SubSonic.Tests/SelectTests/SqlQuery_GetRecordCount_should_handle_distinct" isTestCase="true">
                  <codeReference assembly="SubSonic.Tests, Version=2.2.1.0, Culture=neutral, PublicKeyToken=null" namespace="SubSonic.Tests.SqlQuery" type="SubSonic.Tests.SqlQuery.SelectTests" member="SqlQuery_GetRecordCount_should_handle_distinct" />
                  <codeLocation path="H:\Projects\Subsonic2\2.2git\SubSonic-2.0\SubSonic.Tests\SqlQuery\SelectTests.cs" line="740" />
                  <metadata>
                    <entry key="TestKind">
                      <value>Test</value>
                    </entry>
                  </metadata>
                  <children />
                  <parameters />
                </test>
                <test id="7f9d77cad15d8604" name="SqlQuery_should_handle_distinct" fullName="SubSonic.Tests/SelectTests/SqlQuery_should_handle_distinct" isTestCase="true">
                  <codeReference assembly="SubSonic.Tests, Version=2.2.1.0, Culture=neutral, PublicKeyToken=null" namespace="SubSonic.Tests.SqlQuery" type="SubSonic.Tests.SqlQuery.SelectTests" member="SqlQuery_should_handle_distinct" />
                  <codeLocation path="H:\Projects\Subsonic2\2.2git\SubSonic-2.0\SubSonic.Tests\SqlQuery\SelectTests.cs" line="726" />
                  <metadata>
                    <entry key="TestKind">
                      <value>Test</value>
                    </entry>
                  </metadata>
                  <children />
                  <parameters />
                </test>
                <test id="4568dda4f4a5f281" name="Constraints_Should_Be_Valid_When_Table_Not_In_From" fullName="SubSonic.Tests/SelectTests/Constraints_Should_Be_Valid_When_Table_Not_In_From" isTestCase="true">
                  <codeReference assembly="SubSonic.Tests, Version=2.2.1.0, Culture=neutral, PublicKeyToken=null" namespace="SubSonic.Tests.SqlQuery" type="SubSonic.Tests.SqlQuery.SelectTests" member="Constraints_Should_Be_Valid_When_Table_Not_In_From" />
                  <codeLocation path="H:\Projects\Subsonic2\2.2git\SubSonic-2.0\SubSonic.Tests\SqlQuery\SelectTests.cs" line="777" />
                  <metadata>
                    <entry key="TestKind">
                      <value>Test</value>
                    </entry>
                  </metadata>
                  <children />
                  <parameters />
                </test>
                <test id="236cc1b25668c8e1" name="ActiveRecord_IsLoaded_ShouldBe_False_When_Record_Not_Present_Using_Key_Constructor" fullName="SubSonic.Tests/SelectTests/ActiveRecord_IsLoaded_ShouldBe_False_When_Record_Not_Present_Using_Key_Constructor" isTestCase="true">
                  <codeReference assembly="SubSonic.Tests, Version=2.2.1.0, Culture=neutral, PublicKeyToken=null" namespace="SubSonic.Tests.SqlQuery" type="SubSonic.Tests.SqlQuery.SelectTests" member="ActiveRecord_IsLoaded_ShouldBe_False_When_Record_Not_Present_Using_Key_Constructor" />
                  <codeLocation path="H:\Projects\Subsonic2\2.2git\SubSonic-2.0\SubSonic.Tests\SqlQuery\SelectTests.cs" line="766" />
                  <metadata>
                    <entry key="TestKind">
                      <value>Test</value>
                    </entry>
                  </metadata>
                  <children />
                  <parameters />
                </test>
                <test id="a6abaedebb5cfa84" name="ActiveRecord_IsLoaded_ShouldBe_False_When_Record_Not_Present_Using_PK_Constructor" fullName="SubSonic.Tests/SelectTests/ActiveRecord_IsLoaded_ShouldBe_False_When_Record_Not_Present_Using_PK_Constructor" isTestCase="true">
                  <codeReference assembly="SubSonic.Tests, Version=2.2.1.0, Culture=neutral, PublicKeyToken=null" namespace="SubSonic.Tests.SqlQuery" type="SubSonic.Tests.SqlQuery.SelectTests" member="ActiveRecord_IsLoaded_ShouldBe_False_When_Record_Not_Present_Using_PK_Constructor" />
                  <codeLocation path="H:\Projects\Subsonic2\2.2git\SubSonic-2.0\SubSonic.Tests\SqlQuery\SelectTests.cs" line="756" />
                  <metadata>
                    <entry key="TestKind">
                      <value>Test</value>
                    </entry>
                  </metadata>
                  <children />
                  <parameters />
                </test>
                <test id="33d0d25dfecbf6b1" name="Exec_SimpleOr2" fullName="SubSonic.Tests/SelectTests/Exec_SimpleOr2" isTestCase="true">
                  <codeReference assembly="SubSonic.Tests, Version=2.2.1.0, Culture=neutral, PublicKeyToken=null" namespace="SubSonic.Tests.SqlQuery" type="SubSonic.Tests.SqlQuery.SelectTests" member="Exec_SimpleOr2" />
                  <codeLocation path="H:\Projects\Subsonic2\2.2git\SubSonic-2.0\SubSonic.Tests\SqlQuery\SelectTests.cs" line="455" />
                  <metadata>
                    <entry key="TestKind">
                      <value>Test</value>
                    </entry>
                  </metadata>
                  <children />
                  <parameters />
                </test>
                <test id="b370eaf8c520c214" name="Exec_LeftOuterJoin_With_Generics" fullName="SubSonic.Tests/SelectTests/Exec_LeftOuterJoin_With_Generics" isTestCase="true">
                  <codeReference assembly="SubSonic.Tests, Version=2.2.1.0, Culture=neutral, PublicKeyToken=null" namespace="SubSonic.Tests.SqlQuery" type="SubSonic.Tests.SqlQuery.SelectTests" member="Exec_LeftOuterJoin_With_Generics" />
                  <codeLocation path="H:\Projects\Subsonic2\2.2git\SubSonic-2.0\SubSonic.Tests\SqlQuery\SelectTests.cs" line="142" />
                  <metadata>
                    <entry key="TestKind">
                      <value>Test</value>
                    </entry>
                  </metadata>
                  <children />
                  <parameters />
                </test>
                <test id="fed03b517481075a" name="Exec_LeftOuterJoin_With_String" fullName="SubSonic.Tests/SelectTests/Exec_LeftOuterJoin_With_String" isTestCase="true">
                  <codeReference assembly="SubSonic.Tests, Version=2.2.1.0, Culture=neutral, PublicKeyToken=null" namespace="SubSonic.Tests.SqlQuery" type="SubSonic.Tests.SqlQuery.SelectTests" member="Exec_LeftOuterJoin_With_String" />
                  <codeLocation path="H:\Projects\Subsonic2\2.2git\SubSonic-2.0\SubSonic.Tests\SqlQuery\SelectTests.cs" line="153" />
                  <metadata>
                    <entry key="TestKind">
                      <value>Test</value>
                    </entry>
                  </metadata>
                  <children />
                  <parameters />
                </test>
                <test id="2567e98394606df2" name="Exec_MultiJoin" fullName="SubSonic.Tests/SelectTests/Exec_MultiJoin" isTestCase="true">
                  <codeReference assembly="SubSonic.Tests, Version=2.2.1.0, Culture=neutral, PublicKeyToken=null" namespace="SubSonic.Tests.SqlQuery" type="SubSonic.Tests.SqlQuery.SelectTests" member="Exec_MultiJoin" />
                  <codeLocation path="H:\Projects\Subsonic2\2.2git\SubSonic-2.0\SubSonic.Tests\SqlQuery\SelectTests.cs" line="117" />
                  <metadata>
                    <entry key="TestKind">
                      <value>Test</value>
                    </entry>
                  </metadata>
                  <children />
                  <parameters />
                </test>
                <test id="3d2d9c292f0de222" name="Exec_LeftOuterJoin_With_TableColumn" fullName="SubSonic.Tests/SelectTests/Exec_LeftOuterJoin_With_TableColumn" isTestCase="true">
                  <codeReference assembly="SubSonic.Tests, Version=2.2.1.0, Culture=neutral, PublicKeyToken=null" namespace="SubSonic.Tests.SqlQuery" type="SubSonic.Tests.SqlQuery.SelectTests" member="Exec_LeftOuterJoin_With_TableColumn" />
                  <codeLocation path="H:\Projects\Subsonic2\2.2git\SubSonic-2.0\SubSonic.Tests\SqlQuery\SelectTests.cs" line="131" />
                  <metadata>
                    <entry key="TestKind">
                      <value>Test</value>
                    </entry>
                  </metadata>
                  <children />
                  <parameters />
                </test>
                <test id="31c9b4bee0126aad" name="Exec_Collection_Joined" fullName="SubSonic.Tests/SelectTests/Exec_Collection_Joined" isTestCase="true">
                  <codeReference assembly="SubSonic.Tests, Version=2.2.1.0, Culture=neutral, PublicKeyToken=null" namespace="SubSonic.Tests.SqlQuery" type="SubSonic.Tests.SqlQuery.SelectTests" member="Exec_Collection_Joined" />
                  <codeLocation path="H:\Projects\Subsonic2\2.2git\SubSonic-2.0\SubSonic.Tests\SqlQuery\SelectTests.cs" line="188" />
                  <metadata>
                    <entry key="TestKind">
                      <value>Test</value>
                    </entry>
                  </metadata>
                  <children />
                  <parameters />
                </test>
                <test id="a0cce410e7044202" name="Exec_Collection_JoinedWithLike" fullName="SubSonic.Tests/SelectTests/Exec_Collection_JoinedWithLike" isTestCase="true">
                  <codeReference assembly="SubSonic.Tests, Version=2.2.1.0, Culture=neutral, PublicKeyToken=null" namespace="SubSonic.Tests.SqlQuery" type="SubSonic.Tests.SqlQuery.SelectTests" member="Exec_Collection_JoinedWithLike" />
                  <codeLocation path="H:\Projects\Subsonic2\2.2git\SubSonic-2.0\SubSonic.Tests\SqlQuery\SelectTests.cs" line="198" />
                  <metadata>
                    <entry key="TestKind">
                      <value>Test</value>
                    </entry>
                  </metadata>
                  <children />
                  <parameters />
                </test>
                <test id="7fba649d1c73c23f" name="Exec_Select_Top_Ten" fullName="SubSonic.Tests/SelectTests/Exec_Select_Top_Ten" isTestCase="true">
                  <codeReference assembly="SubSonic.Tests, Version=2.2.1.0, Culture=neutral, PublicKeyToken=null" namespace="SubSonic.Tests.SqlQuery" type="SubSonic.Tests.SqlQuery.SelectTests" member="Exec_Select_Top_Ten" />
                  <codeLocation path="H:\Projects\Subsonic2\2.2git\SubSonic-2.0\SubSonic.Tests\SqlQuery\SelectTests.cs" line="166" />
                  <metadata>
                    <entry key="TestKind">
                      <value>Test</value>
                    </entry>
                  </metadata>
                  <children />
                  <parameters />
                </test>
                <test id="f724d8da54cedb9b" name="Exec_Collection_Simple" fullName="SubSonic.Tests/SelectTests/Exec_Collection_Simple" isTestCase="true">
                  <codeReference assembly="SubSonic.Tests, Version=2.2.1.0, Culture=neutral, PublicKeyToken=null" namespace="SubSonic.Tests.SqlQuery" type="SubSonic.Tests.SqlQuery.SelectTests" member="Exec_Collection_Simple" />
                  <codeLocation path="H:\Projects\Subsonic2\2.2git\SubSonic-2.0\SubSonic.Tests\SqlQuery\SelectTests.cs" line="180" />
                  <metadata>
                    <entry key="TestKind">
                      <value>Test</value>
                    </entry>
                  </metadata>
                  <children />
                  <parameters />
                </test>
                <test id="7334c663cee4838c" name="Exec_SimpleJoin3" fullName="SubSonic.Tests/SelectTests/Exec_SimpleJoin3" isTestCase="true">
                  <codeReference assembly="SubSonic.Tests, Version=2.2.1.0, Culture=neutral, PublicKeyToken=null" namespace="SubSonic.Tests.SqlQuery" type="SubSonic.Tests.SqlQuery.SelectTests" member="Exec_SimpleJoin3" />
                  <codeLocation path="H:\Projects\Subsonic2\2.2git\SubSonic-2.0\SubSonic.Tests\SqlQuery\SelectTests.cs" line="106" />
                  <metadata>
                    <entry key="TestKind">
                      <value>Test</value>
                    </entry>
                  </metadata>
                  <children />
                  <parameters />
                </test>
                <test id="8381811bae387097" name="Exec_WithAllColumns" fullName="SubSonic.Tests/SelectTests/Exec_WithAllColumns" isTestCase="true">
                  <codeReference assembly="SubSonic.Tests, Version=2.2.1.0, Culture=neutral, PublicKeyToken=null" namespace="SubSonic.Tests.SqlQuery" type="SubSonic.Tests.SqlQuery.SelectTests" member="Exec_WithAllColumns" />
                  <codeLocation path="H:\Projects\Subsonic2\2.2git\SubSonic-2.0\SubSonic.Tests\SqlQuery\SelectTests.cs" line="50" />
                  <metadata>
                    <entry key="TestKind">
                      <value>Test</value>
                    </entry>
                  </metadata>
                  <children />
                  <parameters />
                </test>
                <test id="351cac8e4ad5b3e1" name="Exec_SimpleWhere" fullName="SubSonic.Tests/SelectTests/Exec_SimpleWhere" isTestCase="true">
                  <codeReference assembly="SubSonic.Tests, Version=2.2.1.0, Culture=neutral, PublicKeyToken=null" namespace="SubSonic.Tests.SqlQuery" type="SubSonic.Tests.SqlQuery.SelectTests" member="Exec_SimpleWhere" />
                  <codeLocation path="H:\Projects\Subsonic2\2.2git\SubSonic-2.0\SubSonic.Tests\SqlQuery\SelectTests.cs" line="57" />
                  <metadata>
                    <entry key="TestKind">
                      <value>Test</value>
                    </entry>
                  </metadata>
                  <children />
                  <parameters />
                </test>
                <test id="87ff466a71f0fac" name="Exec_SimpleWithTypedColumns" fullName="SubSonic.Tests/SelectTests/Exec_SimpleWithTypedColumns" isTestCase="true">
                  <codeReference assembly="SubSonic.Tests, Version=2.2.1.0, Culture=neutral, PublicKeyToken=null" namespace="SubSonic.Tests.SqlQuery" type="SubSonic.Tests.SqlQuery.SelectTests" member="Exec_SimpleWithTypedColumns" />
                  <codeLocation path="H:\Projects\Subsonic2\2.2git\SubSonic-2.0\SubSonic.Tests\SqlQuery\SelectTests.cs" line="36" />
                  <metadata>
                    <entry key="TestKind">
                      <value>Test</value>
                    </entry>
                  </metadata>
                  <children />
                  <parameters />
                </test>
                <test id="55446d52438c14d0" name="Exec_SimpleAsSingle" fullName="SubSonic.Tests/SelectTests/Exec_SimpleAsSingle" isTestCase="true">
                  <codeReference assembly="SubSonic.Tests, Version=2.2.1.0, Culture=neutral, PublicKeyToken=null" namespace="SubSonic.Tests.SqlQuery" type="SubSonic.Tests.SqlQuery.SelectTests" member="Exec_SimpleAsSingle" />
                  <codeLocation path="H:\Projects\Subsonic2\2.2git\SubSonic-2.0\SubSonic.Tests\SqlQuery\SelectTests.cs" line="43" />
                  <metadata>
                    <entry key="TestKind">
                      <value>Test</value>
                    </entry>
                  </metadata>
                  <children />
                  <parameters />
                </test>
                <test id="d908a282699d4650" name="Exec_SimpleJoin" fullName="SubSonic.Tests/SelectTests/Exec_SimpleJoin" isTestCase="true">
                  <codeReference assembly="SubSonic.Tests, Version=2.2.1.0, Culture=neutral, PublicKeyToken=null" namespace="SubSonic.Tests.SqlQuery" type="SubSonic.Tests.SqlQuery.SelectTests" member="Exec_SimpleJoin" />
                  <codeLocation path="H:\Projects\Subsonic2\2.2git\SubSonic-2.0\SubSonic.Tests\SqlQuery\SelectTests.cs" line="84" />
                  <metadata>
                    <entry key="TestKind">
                      <value>Test</value>
                    </entry>
                  </metadata>
                  <children />
                  <parameters />
                </test>
                <test id="d4139761853f7fcd" name="Exec_SimpleJoin2" fullName="SubSonic.Tests/SelectTests/Exec_SimpleJoin2" isTestCase="true">
                  <codeReference assembly="SubSonic.Tests, Version=2.2.1.0, Culture=neutral, PublicKeyToken=null" namespace="SubSonic.Tests.SqlQuery" type="SubSonic.Tests.SqlQuery.SelectTests" member="Exec_SimpleJoin2" />
                  <codeLocation path="H:\Projects\Subsonic2\2.2git\SubSonic-2.0\SubSonic.Tests\SqlQuery\SelectTests.cs" line="95" />
                  <metadata>
                    <entry key="TestKind">
                      <value>Test</value>
                    </entry>
                  </metadata>
                  <children />
                  <parameters />
                </test>
                <test id="6a4d37a2d0f2d813" name="Exec_SimpleWhere2" fullName="SubSonic.Tests/SelectTests/Exec_SimpleWhere2" isTestCase="true">
                  <codeReference assembly="SubSonic.Tests, Version=2.2.1.0, Culture=neutral, PublicKeyToken=null" namespace="SubSonic.Tests.SqlQuery" type="SubSonic.Tests.SqlQuery.SelectTests" member="Exec_SimpleWhere2" />
                  <codeLocation path="H:\Projects\Subsonic2\2.2git\SubSonic-2.0\SubSonic.Tests\SqlQuery\SelectTests.cs" line="64" />
                  <metadata>
                    <entry key="TestKind">
                      <value>Test</value>
                    </entry>
                  </metadata>
                  <children />
                  <parameters />
                </test>
                <test id="d6451bb4fabcbc28" name="Exec_SimpleWhereAnd" fullName="SubSonic.Tests/SelectTests/Exec_SimpleWhereAnd" isTestCase="true">
                  <codeReference assembly="SubSonic.Tests, Version=2.2.1.0, Culture=neutral, PublicKeyToken=null" namespace="SubSonic.Tests.SqlQuery" type="SubSonic.Tests.SqlQuery.SelectTests" member="Exec_SimpleWhereAnd" />
                  <codeLocation path="H:\Projects\Subsonic2\2.2git\SubSonic-2.0\SubSonic.Tests\SqlQuery\SelectTests.cs" line="71" />
                  <metadata>
                    <entry key="TestKind">
                      <value>Test</value>
                    </entry>
                  </metadata>
                  <children />
                  <parameters />
                </test>
                <test id="132b24ca35d178c6" name="Exec_Collection_JoinedWithLike_Typed" fullName="SubSonic.Tests/SelectTests/Exec_Collection_JoinedWithLike_Typed" isTestCase="true">
                  <codeReference assembly="SubSonic.Tests, Version=2.2.1.0, Culture=neutral, PublicKeyToken=null" namespace="SubSonic.Tests.SqlQuery" type="SubSonic.Tests.SqlQuery.SelectTests" member="Exec_Collection_JoinedWithLike_Typed" />
                  <codeLocation path="H:\Projects\Subsonic2\2.2git\SubSonic-2.0\SubSonic.Tests\SqlQuery\SelectTests.cs" line="209" />
                  <metadata>
                    <entry key="TestKind">
                      <value>Test</value>
                    </entry>
                  </metadata>
                  <children />
                  <parameters />
                </test>
                <test id="f5a54afea386b971" name="Exec_SimpleAnd2" fullName="SubSonic.Tests/SelectTests/Exec_SimpleAnd2" isTestCase="true">
                  <codeReference assembly="SubSonic.Tests, Version=2.2.1.0, Culture=neutral, PublicKeyToken=null" namespace="SubSonic.Tests.SqlQuery" type="SubSonic.Tests.SqlQuery.SelectTests" member="Exec_SimpleAnd2" />
                  <codeLocation path="H:\Projects\Subsonic2\2.2git\SubSonic-2.0\SubSonic.Tests\SqlQuery\SelectTests.cs" line="368" />
                  <metadata>
                    <entry key="TestKind">
                      <value>Test</value>
                    </entry>
                  </metadata>
                  <children />
                  <parameters />
                </test>
                <test id="6c069a77c4600266" name="Exec_SimpleAnd3" fullName="SubSonic.Tests/SelectTests/Exec_SimpleAnd3" isTestCase="true">
                  <codeReference assembly="SubSonic.Tests, Version=2.2.1.0, Culture=neutral, PublicKeyToken=null" namespace="SubSonic.Tests.SqlQuery" type="SubSonic.Tests.SqlQuery.SelectTests" member="Exec_SimpleAnd3" />
                  <codeLocation path="H:\Projects\Subsonic2\2.2git\SubSonic-2.0\SubSonic.Tests\SqlQuery\SelectTests.cs" line="382" />
                  <metadata>
                    <entry key="TestKind">
                      <value>Test</value>
                    </entry>
                  </metadata>
                  <children />
                  <parameters />
                </test>
                <test id="a76cc2aa7909eef2" name="Exec_PagedViewJoined" fullName="SubSonic.Tests/SelectTests/Exec_PagedViewJoined" isTestCase="true">
                  <codeReference assembly="SubSonic.Tests, Version=2.2.1.0, Culture=neutral, PublicKeyToken=null" namespace="SubSonic.Tests.SqlQuery" type="SubSonic.Tests.SqlQuery.SelectTests" member="Exec_PagedViewJoined" />
                  <codeLocation path="H:\Projects\Subsonic2\2.2git\SubSonic-2.0\SubSonic.Tests\SqlQuery\SelectTests.cs" line="341" />
                  <metadata>
                    <entry key="TestKind">
                      <value>Test</value>
                    </entry>
                  </metadata>
                  <children />
                  <parameters />
                </test>
                <test id="84acacf34f8286da" name="Exec_SimpleAnd" fullName="SubSonic.Tests/SelectTests/Exec_SimpleAnd" isTestCase="true">
                  <codeReference assembly="SubSonic.Tests, Version=2.2.1.0, Culture=neutral, PublicKeyToken=null" namespace="SubSonic.Tests.SqlQuery" type="SubSonic.Tests.SqlQuery.SelectTests" member="Exec_SimpleAnd" />
                  <codeLocation path="H:\Projects\Subsonic2\2.2git\SubSonic-2.0\SubSonic.Tests\SqlQuery\SelectTests.cs" line="354" />
                  <metadata>
                    <entry key="TestKind">
                      <value>Test</value>
                    </entry>
                  </metadata>
                  <children />
                  <parameters />
                </test>
                <test id="3bf89f1b0ab491f9" name="Exec_MultipleInWithAnd" fullName="SubSonic.Tests/SelectTests/Exec_MultipleInWithAnd" isTestCase="true">
                  <codeReference assembly="SubSonic.Tests, Version=2.2.1.0, Culture=neutral, PublicKeyToken=null" namespace="SubSonic.Tests.SqlQuery" type="SubSonic.Tests.SqlQuery.SelectTests" member="Exec_MultipleInWithAnd" />
                  <codeLocation path="H:\Projects\Subsonic2\2.2git\SubSonic-2.0\SubSonic.Tests\SqlQuery\SelectTests.cs" line="424" />
                  <metadata>
                    <entry key="TestKind">
                      <value>Test</value>
                    </entry>
                  </metadata>
                  <children />
                  <parameters />
                </test>
                <test id="aa15f6300be00489" name="Exec_SimpleOr" fullName="SubSonic.Tests/SelectTests/Exec_SimpleOr" isTestCase="true">
                  <codeReference assembly="SubSonic.Tests, Version=2.2.1.0, Culture=neutral, PublicKeyToken=null" namespace="SubSonic.Tests.SqlQuery" type="SubSonic.Tests.SqlQuery.SelectTests" member="Exec_SimpleOr" />
                  <codeLocation path="H:\Projects\Subsonic2\2.2git\SubSonic-2.0\SubSonic.Tests\SqlQuery\SelectTests.cs" line="441" />
                  <metadata>
                    <entry key="TestKind">
                      <value>Test</value>
                    </entry>
                  </metadata>
                  <children />
                  <parameters />
                </test>
                <test id="cc4967ca3f4a2c02" name="Exec_SimpleIn" fullName="SubSonic.Tests/SelectTests/Exec_SimpleIn" isTestCase="true">
                  <codeReference assembly="SubSonic.Tests, Version=2.2.1.0, Culture=neutral, PublicKeyToken=null" namespace="SubSonic.Tests.SqlQuery" type="SubSonic.Tests.SqlQuery.SelectTests" member="Exec_SimpleIn" />
                  <codeLocation path="H:\Projects\Subsonic2\2.2git\SubSonic-2.0\SubSonic.Tests\SqlQuery\SelectTests.cs" line="402" />
                  <metadata>
                    <entry key="TestKind">
                      <value>Test</value>
                    </entry>
                  </metadata>
                  <children />
                  <parameters />
                </test>
                <test id="bd348406aaf1a6c0" name="Exec_InWithSelect" fullName="SubSonic.Tests/SelectTests/Exec_InWithSelect" isTestCase="true">
                  <codeReference assembly="SubSonic.Tests, Version=2.2.1.0, Culture=neutral, PublicKeyToken=null" namespace="SubSonic.Tests.SqlQuery" type="SubSonic.Tests.SqlQuery.SelectTests" member="Exec_InWithSelect" />
                  <codeLocation path="H:\Projects\Subsonic2\2.2git\SubSonic-2.0\SubSonic.Tests\SqlQuery\SelectTests.cs" line="411" />
                  <metadata>
                    <entry key="TestKind">
                      <value>Test</value>
                    </entry>
                  </metadata>
                  <children />
                  <parameters />
                </test>
                <test id="df430da5e68d2630" name="Exec_PagedView" fullName="SubSonic.Tests/SelectTests/Exec_PagedView" isTestCase="true">
                  <codeReference assembly="SubSonic.Tests, Version=2.2.1.0, Culture=neutral, PublicKeyToken=null" namespace="SubSonic.Tests.SqlQuery" type="SubSonic.Tests.SqlQuery.SelectTests" member="Exec_PagedView" />
                  <codeLocation path="H:\Projects\Subsonic2\2.2git\SubSonic-2.0\SubSonic.Tests\SqlQuery\SelectTests.cs" line="333" />
                  <metadata>
                    <entry key="TestKind">
                      <value>Test</value>
                    </entry>
                  </metadata>
                  <children />
                  <parameters />
                </test>
                <test id="5a2d7a12510dc65c" name="Exec_DistinctTypedList" fullName="SubSonic.Tests/SelectTests/Exec_DistinctTypedList" isTestCase="true">
                  <codeReference assembly="SubSonic.Tests, Version=2.2.1.0, Culture=neutral, PublicKeyToken=null" namespace="SubSonic.Tests.SqlQuery" type="SubSonic.Tests.SqlQuery.SelectTests" member="Exec_DistinctTypedList" />
                  <codeLocation path="H:\Projects\Subsonic2\2.2git\SubSonic-2.0\SubSonic.Tests\SqlQuery\SelectTests.cs" line="260" />
                  <metadata>
                    <entry key="TestKind">
                      <value>Test</value>
                    </entry>
                  </metadata>
                  <children />
                  <parameters />
                </test>
                <test id="6b2d4c29e11f2d4a" name="Exec_DistinctWithWhere" fullName="SubSonic.Tests/SelectTests/Exec_DistinctWithWhere" isTestCase="true">
                  <codeReference assembly="SubSonic.Tests, Version=2.2.1.0, Culture=neutral, PublicKeyToken=null" namespace="SubSonic.Tests.SqlQuery" type="SubSonic.Tests.SqlQuery.SelectTests" member="Exec_DistinctWithWhere" />
                  <codeLocation path="H:\Projects\Subsonic2\2.2git\SubSonic-2.0\SubSonic.Tests\SqlQuery\SelectTests.cs" line="269" />
                  <metadata>
                    <entry key="TestKind">
                      <value>Test</value>
                    </entry>
                  </metadata>
                  <children />
                  <parameters />
                </test>
                <test id="8e62c4902bbffe5a" name="Exec_ExpressionSimpleOr" fullName="SubSonic.Tests/SelectTests/Exec_ExpressionSimpleOr" isTestCase="true">
                  <codeReference assembly="SubSonic.Tests, Version=2.2.1.0, Culture=neutral, PublicKeyToken=null" namespace="SubSonic.Tests.SqlQuery" type="SubSonic.Tests.SqlQuery.SelectTests" member="Exec_ExpressionSimpleOr" />
                  <codeLocation path="H:\Projects\Subsonic2\2.2git\SubSonic-2.0\SubSonic.Tests\SqlQuery\SelectTests.cs" line="225" />
                  <metadata>
                    <entry key="TestKind">
                      <value>Test</value>
                    </entry>
                  </metadata>
                  <children />
                  <parameters />
                </test>
                <test id="9fa32c4d90d19139" name="Exec_NestedExpression" fullName="SubSonic.Tests/SelectTests/Exec_NestedExpression" isTestCase="true">
                  <codeReference assembly="SubSonic.Tests, Version=2.2.1.0, Culture=neutral, PublicKeyToken=null" namespace="SubSonic.Tests.SqlQuery" type="SubSonic.Tests.SqlQuery.SelectTests" member="Exec_NestedExpression" />
                  <codeLocation path="H:\Projects\Subsonic2\2.2git\SubSonic-2.0\SubSonic.Tests\SqlQuery\SelectTests.cs" line="236" />
                  <metadata>
                    <entry key="TestKind">
                      <value>Test</value>
                    </entry>
                  </metadata>
                  <children />
                  <parameters />
                </test>
                <test id="2763a03853c61560" name="Exec_PagedSimple" fullName="SubSonic.Tests/SelectTests/Exec_PagedSimple" isTestCase="true">
                  <codeReference assembly="SubSonic.Tests, Version=2.2.1.0, Culture=neutral, PublicKeyToken=null" namespace="SubSonic.Tests.SqlQuery" type="SubSonic.Tests.SqlQuery.SelectTests" member="Exec_PagedSimple" />
                  <codeLocation path="H:\Projects\Subsonic2\2.2git\SubSonic-2.0\SubSonic.Tests\SqlQuery\SelectTests.cs" line="311" />
                  <metadata>
                    <entry key="TestKind">
                      <value>Test</value>
                    </entry>
                  </metadata>
                  <children />
                  <parameters />
                </test>
                <test id="e815c74b1a7225d2" name="Exec_PagedJoined" fullName="SubSonic.Tests/SelectTests/Exec_PagedJoined" isTestCase="true">
                  <codeReference assembly="SubSonic.Tests, Version=2.2.1.0, Culture=neutral, PublicKeyToken=null" namespace="SubSonic.Tests.SqlQuery" type="SubSonic.Tests.SqlQuery.SelectTests" member="Exec_PagedJoined" />
                  <codeLocation path="H:\Projects\Subsonic2\2.2git\SubSonic-2.0\SubSonic.Tests\SqlQuery\SelectTests.cs" line="319" />
                  <metadata>
                    <entry key="TestKind">
                      <value>Test</value>
                    </entry>
                  </metadata>
                  <children />
                  <parameters />
                </test>
                <test id="fd862e1efb5cce42" name="Exec_Distinct_JoinedWithLike" fullName="SubSonic.Tests/SelectTests/Exec_Distinct_JoinedWithLike" isTestCase="true">
                  <codeReference assembly="SubSonic.Tests, Version=2.2.1.0, Culture=neutral, PublicKeyToken=null" namespace="SubSonic.Tests.SqlQuery" type="SubSonic.Tests.SqlQuery.SelectTests" member="Exec_Distinct_JoinedWithLike" />
                  <codeLocation path="H:\Projects\Subsonic2\2.2git\SubSonic-2.0\SubSonic.Tests\SqlQuery\SelectTests.cs" line="281" />
                  <metadata>
                    <entry key="TestKind">
                      <value>Test</value>
                    </entry>
                  </metadata>
                  <children />
                  <parameters />
                </test>
                <test id="b51a12706c7e1287" name="Exec_AggregateExpression" fullName="SubSonic.Tests/SelectTests/Exec_AggregateExpression" isTestCase="true">
                  <codeReference assembly="SubSonic.Tests, Version=2.2.1.0, Culture=neutral, PublicKeyToken=null" namespace="SubSonic.Tests.SqlQuery" type="SubSonic.Tests.SqlQuery.SelectTests" member="Exec_AggregateExpression" />
                  <codeLocation path="H:\Projects\Subsonic2\2.2git\SubSonic-2.0\SubSonic.Tests\SqlQuery\SelectTests.cs" line="294" />
                  <metadata>
                    <entry key="TestKind">
                      <value>Test</value>
                    </entry>
                  </metadata>
                  <children />
                  <parameters />
                </test>
              </children>
              <parameters />
            </test>
            <test id="7a8c3f10192cd9e6" name="NameTransformationTests" fullName="SubSonic.Tests/NameTransformationTests" isTestCase="false">
              <codeReference assembly="SubSonic.Tests, Version=2.2.1.0, Culture=neutral, PublicKeyToken=null" namespace="SubSonic.Tests" type="SubSonic.Tests.NameTransformationTests" />
              <codeLocation path="H:\Projects\Subsonic2\2.2git\SubSonic-2.0\SubSonic.Tests\NameTransformationTests.cs" />
              <metadata>
                <entry key="TestKind">
                  <value>Fixture</value>
                </entry>
              </metadata>
              <children>
                <test id="24d41af1d98cd3cb" name="NameTransformation_ToPascalCase" fullName="SubSonic.Tests/NameTransformationTests/NameTransformation_ToPascalCase" isTestCase="true">
                  <codeReference assembly="SubSonic.Tests, Version=2.2.1.0, Culture=neutral, PublicKeyToken=null" namespace="SubSonic.Tests" type="SubSonic.Tests.NameTransformationTests" member="NameTransformation_ToPascalCase" />
                  <codeLocation path="H:\Projects\Subsonic2\2.2git\SubSonic-2.0\SubSonic.Tests\NameTransformationTests.cs" line="30" />
                  <metadata>
                    <entry key="TestKind">
                      <value>Test</value>
                    </entry>
                  </metadata>
                  <children />
                  <parameters />
                </test>
              </children>
              <parameters />
            </test>
            <test id="68a95a4990db42f5" name="CodeGeneratorTests" fullName="SubSonic.Tests/CodeGeneratorTests" isTestCase="false">
              <codeReference assembly="SubSonic.Tests, Version=2.2.1.0, Culture=neutral, PublicKeyToken=null" namespace="SubSonic.Tests" type="SubSonic.Tests.CodeGeneratorTests" />
              <codeLocation path="H:\Projects\Subsonic2\2.2git\SubSonic-2.0\SubSonic.Tests\CodeGeneratorTests.cs" />
              <metadata>
                <entry key="TestKind">
                  <value>Fixture</value>
                </entry>
              </metadata>
              <children>
                <test id="e7521bc44996209e" name="CodeGen2_RunViewTemplate" fullName="SubSonic.Tests/CodeGeneratorTests/CodeGen2_RunViewTemplate" isTestCase="true">
                  <codeReference assembly="SubSonic.Tests, Version=2.2.1.0, Culture=neutral, PublicKeyToken=null" namespace="SubSonic.Tests" type="SubSonic.Tests.CodeGeneratorTests" member="CodeGen2_RunViewTemplate" />
                  <codeLocation path="H:\Projects\Subsonic2\2.2git\SubSonic-2.0\SubSonic.Tests\CodeGeneratorTests.cs" line="57" />
                  <metadata>
                    <entry key="TestKind">
                      <value>Test</value>
                    </entry>
                  </metadata>
                  <children />
                  <parameters />
                </test>
                <test id="573732acbb6181e2" name="CodeGen2_RunSPTemplate" fullName="SubSonic.Tests/CodeGeneratorTests/CodeGen2_RunSPTemplate" isTestCase="true">
                  <codeReference assembly="SubSonic.Tests, Version=2.2.1.0, Culture=neutral, PublicKeyToken=null" namespace="SubSonic.Tests" type="SubSonic.Tests.CodeGeneratorTests" member="CodeGen2_RunSPTemplate" />
                  <codeLocation path="H:\Projects\Subsonic2\2.2git\SubSonic-2.0\SubSonic.Tests\CodeGeneratorTests.cs" line="45" />
                  <metadata>
                    <entry key="TestKind">
                      <value>Test</value>
                    </entry>
                  </metadata>
                  <children />
                  <parameters />
                </test>
                <test id="ab367a6e1fd0314f" name="CodeGen2_RunClassTemplate" fullName="SubSonic.Tests/CodeGeneratorTests/CodeGen2_RunClassTemplate" isTestCase="true">
                  <codeReference assembly="SubSonic.Tests, Version=2.2.1.0, Culture=neutral, PublicKeyToken=null" namespace="SubSonic.Tests" type="SubSonic.Tests.CodeGeneratorTests" member="CodeGen2_RunClassTemplate" />
                  <codeLocation path="H:\Projects\Subsonic2\2.2git\SubSonic-2.0\SubSonic.Tests\CodeGeneratorTests.cs" line="32" />
                  <metadata>
                    <entry key="TestKind">
                      <value>Test</value>
                    </entry>
                  </metadata>
                  <children />
                  <parameters />
                </test>
                <test id="27cccb231a0e354c" name="CodeGen2_RunStructTemplate" fullName="SubSonic.Tests/CodeGeneratorTests/CodeGen2_RunStructTemplate" isTestCase="true">
                  <codeReference assembly="SubSonic.Tests, Version=2.2.1.0, Culture=neutral, PublicKeyToken=null" namespace="SubSonic.Tests" type="SubSonic.Tests.CodeGeneratorTests" member="CodeGen2_RunStructTemplate" />
                  <codeLocation path="H:\Projects\Subsonic2\2.2git\SubSonic-2.0\SubSonic.Tests\CodeGeneratorTests.cs" line="69" />
                  <metadata>
                    <entry key="TestKind">
                      <value>Test</value>
                    </entry>
                  </metadata>
                  <children />
                  <parameters />
                </test>
                <test id="9838a277a9925ec8" name="CodeGen2_VBRunViewTemplate" fullName="SubSonic.Tests/CodeGeneratorTests/CodeGen2_VBRunViewTemplate" isTestCase="true">
                  <codeReference assembly="SubSonic.Tests, Version=2.2.1.0, Culture=neutral, PublicKeyToken=null" namespace="SubSonic.Tests" type="SubSonic.Tests.CodeGeneratorTests" member="CodeGen2_VBRunViewTemplate" />
                  <codeLocation path="H:\Projects\Subsonic2\2.2git\SubSonic-2.0\SubSonic.Tests\CodeGeneratorTests.cs" line="105" />
                  <metadata>
                    <entry key="TestKind">
                      <value>Test</value>
                    </entry>
                  </metadata>
                  <children />
                  <parameters />
                </test>
                <test id="b7bffc3c3d64b19d" name="CodeGen2_VBRunStructTemplate" fullName="SubSonic.Tests/CodeGeneratorTests/CodeGen2_VBRunStructTemplate" isTestCase="true">
                  <codeReference assembly="SubSonic.Tests, Version=2.2.1.0, Culture=neutral, PublicKeyToken=null" namespace="SubSonic.Tests" type="SubSonic.Tests.CodeGeneratorTests" member="CodeGen2_VBRunStructTemplate" />
                  <codeLocation path="H:\Projects\Subsonic2\2.2git\SubSonic-2.0\SubSonic.Tests\CodeGeneratorTests.cs" line="117" />
                  <metadata>
                    <entry key="TestKind">
                      <value>Test</value>
                    </entry>
                  </metadata>
                  <children />
                  <parameters />
                </test>
                <test id="842b6141754bee7d" name="CodeGen2_VBRunClassTemplate" fullName="SubSonic.Tests/CodeGeneratorTests/CodeGen2_VBRunClassTemplate" isTestCase="true">
                  <codeReference assembly="SubSonic.Tests, Version=2.2.1.0, Culture=neutral, PublicKeyToken=null" namespace="SubSonic.Tests" type="SubSonic.Tests.CodeGeneratorTests" member="CodeGen2_VBRunClassTemplate" />
                  <codeLocation path="H:\Projects\Subsonic2\2.2git\SubSonic-2.0\SubSonic.Tests\CodeGeneratorTests.cs" line="81" />
                  <metadata>
                    <entry key="TestKind">
                      <value>Test</value>
                    </entry>
                  </metadata>
                  <children />
                  <parameters />
                </test>
                <test id="9d63ffb3fed84048" name="CodeGen2_VBRunSPTemplate" fullName="SubSonic.Tests/CodeGeneratorTests/CodeGen2_VBRunSPTemplate" isTestCase="true">
                  <codeReference assembly="SubSonic.Tests, Version=2.2.1.0, Culture=neutral, PublicKeyToken=null" namespace="SubSonic.Tests" type="SubSonic.Tests.CodeGeneratorTests" member="CodeGen2_VBRunSPTemplate" />
                  <codeLocation path="H:\Projects\Subsonic2\2.2git\SubSonic-2.0\SubSonic.Tests\CodeGeneratorTests.cs" line="93" />
                  <metadata>
                    <entry key="TestKind">
                      <value>Test</value>
                    </entry>
                  </metadata>
                  <children />
                  <parameters />
                </test>
              </children>
              <parameters />
            </test>
            <test id="51fe5df55b58f055" name="AssemblyFixture" fullName="SubSonic.Tests/AssemblyFixture" isTestCase="false">
              <codeReference assembly="SubSonic.Tests, Version=2.2.1.0, Culture=neutral, PublicKeyToken=null" namespace="SubSonic.Tests" type="SubSonic.Tests.AssemblyFixture" />
              <codeLocation path="H:\Projects\Subsonic2\2.2git\SubSonic-2.0\SubSonic.Tests\AssemblyCleaner.cs" />
              <metadata>
                <entry key="TestKind">
                  <value>Fixture</value>
                </entry>
              </metadata>
              <children />
              <parameters />
            </test>
          </children>
          <parameters />
        </test>
      </children>
      <parameters />
    </test>
    <annotations />
  </testModel>
  <testPackageRun startTime="2011-01-29T18:23:40.729171-07:00" endTime="2011-01-29T18:23:53.4869007-07:00">
    <testStepRun startTime="2011-01-29T18:23:44.1883689-07:00" endTime="2011-01-29T18:23:53.4869007-07:00">
      <testStep id="36f3a93abd32eb5e" name="Root" fullName="" testId="c2722843734a7a54" isPrimary="true" isTestCase="false" isDynamic="false">
        <codeReference />
        <codeLocation />
        <metadata>
          <entry key="TestKind">
            <value>Root</value>
          </entry>
        </metadata>
      </testStep>
      <children>
        <testStepRun startTime="2011-01-29T18:23:44.189369-07:00" endTime="2011-01-29T18:23:53.3888951-07:00">
          <testStep id="a28ef9fca4e7db5e" name="SubSonic.Tests" fullName="SubSonic.Tests" testId="af69a8159bbce33b" isPrimary="true" isTestCase="false" isDynamic="false">
            <codeReference assembly="SubSonic.Tests, Version=2.2.1.0, Culture=neutral, PublicKeyToken=null" />
            <codeLocation path="H:\Projects\Subsonic2\2.2git\SubSonic-2.0\SubSonic.Tests\bin\Debug\SubSonic.Tests.DLL" />
            <metadata>
              <entry key="TestKind">
                <value>MbUnit v3 Assembly</value>
              </entry>
              <entry key="File">
                <value>H:\Projects\Subsonic2\2.2git\SubSonic-2.0\SubSonic.Tests\bin\Debug\SubSonic.Tests.DLL</value>
              </entry>
              <entry key="CodeBase">
                <value>H:\Projects\Subsonic2\2.2git\SubSonic-2.0\SubSonic.Tests\bin\Debug\SubSonic.Tests.DLL</value>
              </entry>
              <entry key="Copyright">
                <value>Copyright Â©2006-2009 The SubSonic Project</value>
              </entry>
              <entry key="FileVersion">
                <value>2.2.1.0</value>
              </entry>
              <entry key="Product">
                <value>SubSonic.Tests</value>
              </entry>
              <entry key="Title">
                <value>SubSonic.Tests</value>
              </entry>
              <entry key="Version">
                <value>2.2.1.0</value>
              </entry>
              <entry key="Framework">
                <value>MbUnit v3.2 build 708</value>
              </entry>
            </metadata>
          </testStep>
          <children>
            <testStepRun startTime="2011-01-29T18:23:44.2193707-07:00" endTime="2011-01-29T18:23:45.3574358-07:00">
              <testStep id="49f3db286c650b52" name="AggregateTests" fullName="SubSonic.Tests/AggregateTests" testId="7b08553eef1fbce5" isPrimary="true" isTestCase="false" isDynamic="false">
                <codeReference assembly="SubSonic.Tests, Version=2.2.1.0, Culture=neutral, PublicKeyToken=null" namespace="SubSonic.Tests.SqlQuery" type="SubSonic.Tests.SqlQuery.AggregateTests" />
                <codeLocation path="H:\Projects\Subsonic2\2.2git\SubSonic-2.0\SubSonic.Tests\SqlQuery\AggregateTests.cs" />
                <metadata>
                  <entry key="TestKind">
                    <value>Fixture</value>
                  </entry>
                </metadata>
              </testStep>
              <children>
                <testStepRun startTime="2011-01-29T18:23:44.242372-07:00" endTime="2011-01-29T18:23:45.0864203-07:00">
                  <testStep id="bfa76fa15fcdbdce" name="Exec_AggregateAvg" fullName="SubSonic.Tests/AggregateTests/Exec_AggregateAvg" testId="87181fd2e72dc1a" isPrimary="true" isTestCase="true" isDynamic="false">
                    <codeReference assembly="SubSonic.Tests, Version=2.2.1.0, Culture=neutral, PublicKeyToken=null" namespace="SubSonic.Tests.SqlQuery" type="SubSonic.Tests.SqlQuery.AggregateTests" member="Exec_AggregateAvg" />
                    <codeLocation path="H:\Projects\Subsonic2\2.2git\SubSonic-2.0\SubSonic.Tests\SqlQuery\AggregateTests.cs" line="38" />
                    <metadata>
                      <entry key="TestKind">
                        <value>Test</value>
                      </entry>
                    </metadata>
                  </testStep>
                  <children />
                  <result assertCount="4" duration="0.8427448">
                    <outcome status="passed" />
                  </result>
                  <testLog>
                    <streams />
                    <attachments />
                  </testLog>
                </testStepRun>
                <testStepRun startTime="2011-01-29T18:23:45.0984209-07:00" endTime="2011-01-29T18:23:45.1154219-07:00">
                  <testStep id="57b68026b6fa9b3a" name="Exec_AggregateExpression" fullName="SubSonic.Tests/AggregateTests/Exec_AggregateExpression" testId="64b9671d42ac6226" isPrimary="true" isTestCase="true" isDynamic="false">
                    <codeReference assembly="SubSonic.Tests, Version=2.2.1.0, Culture=neutral, PublicKeyToken=null" namespace="SubSonic.Tests.SqlQuery" type="SubSonic.Tests.SqlQuery.AggregateTests" member="Exec_AggregateExpression" />
                    <codeLocation path="H:\Projects\Subsonic2\2.2git\SubSonic-2.0\SubSonic.Tests\SqlQuery\AggregateTests.cs" line="26" />
                    <metadata>
                      <entry key="TestKind">
                        <value>Test</value>
                      </entry>
                    </metadata>
                  </testStep>
                  <children />
                  <result assertCount="1" duration="0.014485999999999999">
                    <outcome status="passed" />
                  </result>
                  <testLog>
                    <streams />
                    <attachments />
                  </testLog>
                </testStepRun>
                <testStepRun startTime="2011-01-29T18:23:45.116422-07:00" endTime="2011-01-29T18:23:45.134423-07:00">
                  <testStep id="849dc438ec35a50e" name="Exec_AggregateMax" fullName="SubSonic.Tests/AggregateTests/Exec_AggregateMax" testId="8afea2ace33d2bc5" isPrimary="true" isTestCase="true" isDynamic="false">
                    <codeReference assembly="SubSonic.Tests, Version=2.2.1.0, Culture=neutral, PublicKeyToken=null" namespace="SubSonic.Tests.SqlQuery" type="SubSonic.Tests.SqlQuery.AggregateTests" member="Exec_AggregateMax" />
                    <codeLocation path="H:\Projects\Subsonic2\2.2git\SubSonic-2.0\SubSonic.Tests\SqlQuery\AggregateTests.cs" line="72" />
                    <metadata>
                      <entry key="TestKind">
                        <value>Test</value>
                      </entry>
                    </metadata>
                  </testStep>
                  <children />
                  <result assertCount="4" duration="0.016612599999999998">
                    <outcome status="passed" />
                  </result>
                  <testLog>
                    <streams />
                    <attachments />
                  </testLog>
                </testStepRun>
                <testStepRun startTime="2011-01-29T18:23:45.1394233-07:00" endTime="2011-01-29T18:23:45.1584244-07:00">
                  <testStep id="33ffdec994afda6e" name="Exec_AggregateMin" fullName="SubSonic.Tests/AggregateTests/Exec_AggregateMin" testId="fe177be2cb358e99" isPrimary="true" isTestCase="true" isDynamic="false">
                    <codeReference assembly="SubSonic.Tests, Version=2.2.1.0, Culture=neutral, PublicKeyToken=null" namespace="SubSonic.Tests.SqlQuery" type="SubSonic.Tests.SqlQuery.AggregateTests" member="Exec_AggregateMin" />
                    <codeLocation path="H:\Projects\Subsonic2\2.2git\SubSonic-2.0\SubSonic.Tests\SqlQuery\AggregateTests.cs" line="106" />
                    <metadata>
                      <entry key="TestKind">
                        <value>Test</value>
                      </entry>
                    </metadata>
                  </testStep>
                  <children />
                  <result assertCount="4" duration="0.017537999999999998">
                    <outcome status="passed" />
                  </result>
                  <testLog>
                    <streams />
                    <attachments />
                  </testLog>
                </testStepRun>
                <testStepRun startTime="2011-01-29T18:23:45.1644247-07:00" endTime="2011-01-29T18:23:45.1844259-07:00">
                  <testStep id="8e9c55902c2a97ba" name="Exec_AggregateStandardDeviation" fullName="SubSonic.Tests/AggregateTests/Exec_AggregateStandardDeviation" testId="332ed8a05646333b" isPrimary="true" isTestCase="true" isDynamic="false">
                    <codeReference assembly="SubSonic.Tests, Version=2.2.1.0, Culture=neutral, PublicKeyToken=null" namespace="SubSonic.Tests.SqlQuery" type="SubSonic.Tests.SqlQuery.AggregateTests" member="Exec_AggregateStandardDeviation" />
                    <codeLocation path="H:\Projects\Subsonic2\2.2git\SubSonic-2.0\SubSonic.Tests\SqlQuery\AggregateTests.cs" line="140" />
                    <metadata>
                      <entry key="TestKind">
                        <value>Test</value>
                      </entry>
                    </metadata>
                  </testStep>
                  <children />
                  <result assertCount="4" duration="0.0210223">
                    <outcome status="passed" />
                  </result>
                  <testLog>
                    <streams />
                    <attachments />
                  </testLog>
                </testStepRun>
                <testStepRun startTime="2011-01-29T18:23:45.2134275-07:00" endTime="2011-01-29T18:23:45.3174335-07:00">
                  <testStep id="99c938ead1ed2d5c" name="Exec_AggregateWithWhereAndHaving" fullName="SubSonic.Tests/AggregateTests/Exec_AggregateWithWhereAndHaving" testId="11eeb8a06e6c0168" isPrimary="true" isTestCase="true" isDynamic="false">
                    <codeReference assembly="SubSonic.Tests, Version=2.2.1.0, Culture=neutral, PublicKeyToken=null" namespace="SubSonic.Tests.SqlQuery" type="SubSonic.Tests.SqlQuery.AggregateTests" member="Exec_AggregateWithWhereAndHaving" />
                    <codeLocation path="H:\Projects\Subsonic2\2.2git\SubSonic-2.0\SubSonic.Tests\SqlQuery\AggregateTests.cs" line="187" />
                    <metadata>
                      <entry key="TestKind">
                        <value>Test</value>
                      </entry>
                    </metadata>
                  </testStep>
                  <children />
                  <result assertCount="1" duration="0.1286819">
                    <outcome status="passed" />
                  </result>
                  <testLog>
                    <streams />
                    <attachments />
                  </testLog>
                </testStepRun>
                <testStepRun startTime="2011-01-29T18:23:45.3194336-07:00" endTime="2011-01-29T18:23:45.3324343-07:00">
                  <testStep id="8a553254ad0afbaa" name="Exec_AggregateWithWhereNotHaving" fullName="SubSonic.Tests/AggregateTests/Exec_AggregateWithWhereNotHaving" testId="370dec0cba5c19da" isPrimary="true" isTestCase="true" isDynamic="false">
                    <codeReference assembly="SubSonic.Tests, Version=2.2.1.0, Culture=neutral, PublicKeyToken=null" namespace="SubSonic.Tests.SqlQuery" type="SubSonic.Tests.SqlQuery.AggregateTests" member="Exec_AggregateWithWhereNotHaving" />
                    <codeLocation path="H:\Projects\Subsonic2\2.2git\SubSonic-2.0\SubSonic.Tests\SqlQuery\AggregateTests.cs" line="201" />
                    <metadata>
                      <entry key="TestKind">
                        <value>Test</value>
                      </entry>
                    </metadata>
                  </testStep>
                  <children />
                  <result assertCount="1" duration="0.0082949">
                    <outcome status="passed" />
                  </result>
                  <testLog>
                    <streams />
                    <attachments />
                  </testLog>
                </testStepRun>
                <testStepRun startTime="2011-01-29T18:23:45.3334344-07:00" endTime="2011-01-29T18:23:45.3544356-07:00">
                  <testStep id="5a8d960091fd543c" name="Exec_SingleAggregateWithWhere" fullName="SubSonic.Tests/AggregateTests/Exec_SingleAggregateWithWhere" testId="6b842429dd9d95f8" isPrimary="true" isTestCase="true" isDynamic="false">
                    <codeReference assembly="SubSonic.Tests, Version=2.2.1.0, Culture=neutral, PublicKeyToken=null" namespace="SubSonic.Tests.SqlQuery" type="SubSonic.Tests.SqlQuery.AggregateTests" member="Exec_SingleAggregateWithWhere" />
                    <codeLocation path="H:\Projects\Subsonic2\2.2git\SubSonic-2.0\SubSonic.Tests\SqlQuery\AggregateTests.cs" line="174" />
                    <metadata>
                      <entry key="TestKind">
                        <value>Test</value>
                      </entry>
                    </metadata>
                  </testStep>
                  <children />
                  <result assertCount="1" duration="0.015624299999999999">
                    <outcome status="passed" />
                  </result>
                  <testLog>
                    <streams />
                    <attachments />
                  </testLog>
                </testStepRun>
              </children>
              <result assertCount="20" duration="1.1292910999999999">
                <outcome status="passed" />
              </result>
              <testLog>
                <streams />
                <attachments />
              </testLog>
            </testStepRun>
            <testStepRun startTime="2011-01-29T18:23:45.3594359-07:00" endTime="2011-01-29T18:23:45.5844487-07:00">
              <testStep id="8511b2489c485d77" name="DeleteTests" fullName="SubSonic.Tests/DeleteTests" testId="7a29c27c11dd12b4" isPrimary="true" isTestCase="false" isDynamic="false">
                <codeReference assembly="SubSonic.Tests, Version=2.2.1.0, Culture=neutral, PublicKeyToken=null" namespace="SubSonic.Tests.SqlQuery" type="SubSonic.Tests.SqlQuery.DeleteTests" />
                <codeLocation path="H:\Projects\Subsonic2\2.2git\SubSonic-2.0\SubSonic.Tests\SqlQuery\DeleteTests.cs" />
                <metadata>
                  <entry key="TestKind">
                    <value>Fixture</value>
                  </entry>
                </metadata>
              </testStep>
              <children>
                <testStepRun startTime="2011-01-29T18:23:45.3904376-07:00" endTime="2011-01-29T18:23:45.5054442-07:00">
                  <testStep id="3cef0d9a67ef0396" name="Delete_MultipleWithInsertBatch" fullName="SubSonic.Tests/DeleteTests/Delete_MultipleWithInsertBatch" testId="b8449160df3bfc16" isPrimary="true" isTestCase="true" isDynamic="false">
                    <codeReference assembly="SubSonic.Tests, Version=2.2.1.0, Culture=neutral, PublicKeyToken=null" namespace="SubSonic.Tests.SqlQuery" type="SubSonic.Tests.SqlQuery.DeleteTests" member="Delete_MultipleWithInsertBatch" />
                    <codeLocation path="H:\Projects\Subsonic2\2.2git\SubSonic-2.0\SubSonic.Tests\SqlQuery\DeleteTests.cs" line="50" />
                    <metadata>
                      <entry key="TestKind">
                        <value>Test</value>
                      </entry>
                    </metadata>
                  </testStep>
                  <children />
                  <result assertCount="1" duration="0.1417521">
                    <outcome status="passed" />
                  </result>
                  <testLog>
                    <streams />
                    <attachments />
                  </testLog>
                </testStepRun>
                <testStepRun startTime="2011-01-29T18:23:45.5094445-07:00" endTime="2011-01-29T18:23:45.5474466-07:00">
                  <testStep id="9c6111ce3102a21d" name="Delete_Simple" fullName="SubSonic.Tests/DeleteTests/Delete_Simple" testId="5081633c8f2fb62f" isPrimary="true" isTestCase="true" isDynamic="false">
                    <codeReference assembly="SubSonic.Tests, Version=2.2.1.0, Culture=neutral, PublicKeyToken=null" namespace="SubSonic.Tests.SqlQuery" type="SubSonic.Tests.SqlQuery.DeleteTests" member="Delete_Simple" />
                    <codeLocation path="H:\Projects\Subsonic2\2.2git\SubSonic-2.0\SubSonic.Tests\SqlQuery\DeleteTests.cs" line="36" />
                    <metadata>
                      <entry key="TestKind">
                        <value>Test</value>
                      </entry>
                    </metadata>
                  </testStep>
                  <children />
                  <result assertCount="1" duration="0.037491199999999995">
                    <outcome status="passed" />
                  </result>
                  <testLog>
                    <streams />
                    <attachments />
                  </testLog>
                </testStepRun>
                <testStepRun startTime="2011-01-29T18:23:45.5524469-07:00" endTime="2011-01-29T18:23:45.5784484-07:00">
                  <testStep id="4698004ef4d444a0" name="Delete_SimpleSqlCheck" fullName="SubSonic.Tests/DeleteTests/Delete_SimpleSqlCheck" testId="2596e467ffe54266" isPrimary="true" isTestCase="true" isDynamic="false">
                    <codeReference assembly="SubSonic.Tests, Version=2.2.1.0, Culture=neutral, PublicKeyToken=null" namespace="SubSonic.Tests.SqlQuery" type="SubSonic.Tests.SqlQuery.DeleteTests" member="Delete_SimpleSqlCheck" />
                    <codeLocation path="H:\Projects\Subsonic2\2.2git\SubSonic-2.0\SubSonic.Tests\SqlQuery\DeleteTests.cs" line="28" />
                    <metadata>
                      <entry key="TestKind">
                        <value>Test</value>
                      </entry>
                    </metadata>
                  </testStep>
                  <children />
                  <result assertCount="1" duration="0.0061911">
                    <outcome status="passed" />
                  </result>
                  <testLog>
                    <streams />
                    <attachments />
                  </testLog>
                </testStepRun>
              </children>
              <result assertCount="3" duration="0.2094539">
                <outcome status="passed" />
              </result>
              <testLog>
                <streams />
                <attachments />
              </testLog>
            </testStepRun>
            <testStepRun startTime="2011-01-29T18:23:45.5854488-07:00" endTime="2011-01-29T18:23:45.6504525-07:00">
              <testStep id="8f4a74a0947667fa" name="InlineQueryTests" fullName="SubSonic.Tests/InlineQueryTests" testId="a4b3d38ff5d95786" isPrimary="true" isTestCase="false" isDynamic="false">
                <codeReference assembly="SubSonic.Tests, Version=2.2.1.0, Culture=neutral, PublicKeyToken=null" namespace="SubSonic.Tests.SqlQuery" type="SubSonic.Tests.SqlQuery.InlineQueryTests" />
                <codeLocation path="H:\Projects\Subsonic2\2.2git\SubSonic-2.0\SubSonic.Tests\SqlQuery\InlineQueryTests.cs" />
                <metadata>
                  <entry key="TestKind">
                    <value>Fixture</value>
                  </entry>
                </metadata>
              </testStep>
              <children>
                <testStepRun startTime="2011-01-29T18:23:45.589449-07:00" endTime="2011-01-29T18:23:45.6334515-07:00">
                  <testStep id="2d21b723d3cdbb86" name="Inline_AsCollection" fullName="SubSonic.Tests/InlineQueryTests/Inline_AsCollection" testId="505820a5874ad648" isPrimary="true" isTestCase="true" isDynamic="false">
                    <codeReference assembly="SubSonic.Tests, Version=2.2.1.0, Culture=neutral, PublicKeyToken=null" namespace="SubSonic.Tests.SqlQuery" type="SubSonic.Tests.SqlQuery.InlineQueryTests" member="Inline_AsCollection" />
                    <codeLocation path="H:\Projects\Subsonic2\2.2git\SubSonic-2.0\SubSonic.Tests\SqlQuery\InlineQueryTests.cs" line="43" />
                    <metadata>
                      <entry key="TestKind">
                        <value>Test</value>
                      </entry>
                    </metadata>
                  </testStep>
                  <children />
                  <result assertCount="0" duration="0.0448632">
                    <outcome status="passed" />
                  </result>
                  <testLog>
                    <streams />
                    <attachments />
                  </testLog>
                </testStepRun>
                <testStepRun startTime="2011-01-29T18:23:45.6354517-07:00" endTime="2011-01-29T18:23:45.6404519-07:00">
                  <testStep id="7944c87f471ebb8a" name="Inline_Simple" fullName="SubSonic.Tests/InlineQueryTests/Inline_Simple" testId="701cd850fa67c6c9" isPrimary="true" isTestCase="true" isDynamic="false">
                    <codeReference assembly="SubSonic.Tests, Version=2.2.1.0, Culture=neutral, PublicKeyToken=null" namespace="SubSonic.Tests.SqlQuery" type="SubSonic.Tests.SqlQuery.InlineQueryTests" member="Inline_Simple" />
                    <codeLocation path="H:\Projects\Subsonic2\2.2git\SubSonic-2.0\SubSonic.Tests\SqlQuery\InlineQueryTests.cs" line="27" />
                    <metadata>
                      <entry key="TestKind">
                        <value>Test</value>
                      </entry>
                    </metadata>
                  </testStep>
                  <children />
                  <result assertCount="1" duration="0.0021668">
                    <outcome status="passed" />
                  </result>
                  <testLog>
                    <streams />
                    <attachments />
                  </testLog>
                </testStepRun>
                <testStepRun startTime="2011-01-29T18:23:45.6424521-07:00" endTime="2011-01-29T18:23:45.6464523-07:00">
                  <testStep id="945b50f911bfe130" name="Inline_WithCommands" fullName="SubSonic.Tests/InlineQueryTests/Inline_WithCommands" testId="888f3066ed2a4bc1" isPrimary="true" isTestCase="true" isDynamic="false">
                    <codeReference assembly="SubSonic.Tests, Version=2.2.1.0, Culture=neutral, PublicKeyToken=null" namespace="SubSonic.Tests.SqlQuery" type="SubSonic.Tests.SqlQuery.InlineQueryTests" member="Inline_WithCommands" />
                    <codeLocation path="H:\Projects\Subsonic2\2.2git\SubSonic-2.0\SubSonic.Tests\SqlQuery\InlineQueryTests.cs" line="34" />
                    <metadata>
                      <entry key="TestKind">
                        <value>Test</value>
                      </entry>
                    </metadata>
                  </testStep>
                  <children />
                  <result assertCount="2" duration="0.0028039">
                    <outcome status="passed" />
                  </result>
                  <testLog>
                    <streams />
                    <attachments />
                  </testLog>
                </testStepRun>
              </children>
              <result assertCount="3" duration="0.059734199999999994">
                <outcome status="passed" />
              </result>
              <testLog>
                <streams />
                <attachments />
              </testLog>
            </testStepRun>
            <testStepRun startTime="2011-01-29T18:23:45.6524526-07:00" endTime="2011-01-29T18:23:46.8255197-07:00">
              <testStep id="67307ac30758a4c5" name="InsertTests" fullName="SubSonic.Tests/InsertTests" testId="6ab4f5328a9660aa" isPrimary="true" isTestCase="false" isDynamic="false">
                <codeReference assembly="SubSonic.Tests, Version=2.2.1.0, Culture=neutral, PublicKeyToken=null" namespace="SubSonic.Tests.SqlQuery" type="SubSonic.Tests.SqlQuery.InsertTests" />
                <codeLocation path="H:\Projects\Subsonic2\2.2git\SubSonic-2.0\SubSonic.Tests\SqlQuery\InsertTests.cs" />
                <metadata>
                  <entry key="TestKind">
                    <value>Fixture</value>
                  </entry>
                </metadata>
              </testStep>
              <children>
                <testStepRun startTime="2011-01-29T18:23:45.6564529-07:00" endTime="2011-01-29T18:23:46.7825173-07:00">
                  <testStep id="e8ed38cbd837f1a2" name="Insert_Simple" fullName="SubSonic.Tests/InsertTests/Insert_Simple" testId="b303b9ae8f12c2ea" isPrimary="true" isTestCase="true" isDynamic="false">
                    <codeReference assembly="SubSonic.Tests, Version=2.2.1.0, Culture=neutral, PublicKeyToken=null" namespace="SubSonic.Tests.SqlQuery" type="SubSonic.Tests.SqlQuery.InsertTests" member="Insert_Simple" />
                    <codeLocation path="H:\Projects\Subsonic2\2.2git\SubSonic-2.0\SubSonic.Tests\SqlQuery\InsertTests.cs" line="29" />
                    <metadata>
                      <entry key="TestKind">
                        <value>Test</value>
                      </entry>
                    </metadata>
                  </testStep>
                  <children />
                  <result assertCount="1" duration="1.147071">
                    <outcome status="passed" />
                  </result>
                  <testLog>
                    <streams />
                    <attachments />
                  </testLog>
                </testStepRun>
                <testStepRun startTime="2011-01-29T18:23:46.7865175-07:00" endTime="2011-01-29T18:23:46.8005183-07:00">
                  <testStep id="e8aa20eaa5a346f" name="Insert_SimpleWithSelect" fullName="SubSonic.Tests/InsertTests/Insert_SimpleWithSelect" testId="b6299421cf76c62f" isPrimary="true" isTestCase="true" isDynamic="false">
                    <codeReference assembly="SubSonic.Tests, Version=2.2.1.0, Culture=neutral, PublicKeyToken=null" namespace="SubSonic.Tests.SqlQuery" type="SubSonic.Tests.SqlQuery.InsertTests" member="Insert_SimpleWithSelect" />
                    <codeLocation path="H:\Projects\Subsonic2\2.2git\SubSonic-2.0\SubSonic.Tests\SqlQuery\InsertTests.cs" line="38" />
                    <metadata>
                      <entry key="TestKind">
                        <value>Test</value>
                      </entry>
                    </metadata>
                  </testStep>
                  <children />
                  <result assertCount="1" duration="0.0107738">
                    <outcome status="passed" />
                  </result>
                  <testLog>
                    <streams />
                    <attachments />
                  </testLog>
                </testStepRun>
                <testStepRun startTime="2011-01-29T18:23:46.8015184-07:00" endTime="2011-01-29T18:23:46.8195194-07:00">
                  <testStep id="23012f0b85c23419" name="Insert_SimpleWithSelectAndSchema" fullName="SubSonic.Tests/InsertTests/Insert_SimpleWithSelectAndSchema" testId="ae153abf92394a57" isPrimary="true" isTestCase="true" isDynamic="false">
                    <codeReference assembly="SubSonic.Tests, Version=2.2.1.0, Culture=neutral, PublicKeyToken=null" namespace="SubSonic.Tests.SqlQuery" type="SubSonic.Tests.SqlQuery.InsertTests" member="Insert_SimpleWithSelectAndSchema" />
                    <codeLocation path="H:\Projects\Subsonic2\2.2git\SubSonic-2.0\SubSonic.Tests\SqlQuery\InsertTests.cs" line="49" />
                    <metadata>
                      <entry key="TestKind">
                        <value>Test</value>
                      </entry>
                    </metadata>
                  </testStep>
                  <children />
                  <result assertCount="1" duration="0.0205225">
                    <outcome status="passed" />
                  </result>
                  <testLog>
                    <streams />
                    <attachments />
                  </testLog>
                </testStepRun>
              </children>
              <result assertCount="3" duration="1.1882312">
                <outcome status="passed" />
              </result>
              <testLog>
                <streams />
                <attachments />
              </testLog>
            </testStepRun>
            <testStepRun startTime="2011-01-29T18:23:46.8265198-07:00" endTime="2011-01-29T18:23:50.2267143-07:00">
              <testStep id="57691ddec9a557e5" name="MigrationTests" fullName="SubSonic.Tests/MigrationTests" testId="5bc31031dabd1cc3" isPrimary="true" isTestCase="false" isDynamic="false">
                <codeReference assembly="SubSonic.Tests, Version=2.2.1.0, Culture=neutral, PublicKeyToken=null" namespace="SubSonic.Tests.Migrations" type="SubSonic.Tests.Migrations.MigrationTests" />
                <codeLocation path="H:\Projects\Subsonic2\2.2git\SubSonic-2.0\SubSonic.Tests\Migrations\MigrationTests.cs" />
                <metadata>
                  <entry key="TestKind">
                    <value>Fixture</value>
                  </entry>
                </metadata>
              </testStep>
              <children>
                <testStepRun startTime="2011-01-29T18:23:46.8365204-07:00" endTime="2011-01-29T18:23:47.3525499-07:00">
                  <testStep id="52ead40da22e8901" name="CreateTable_Should_Allow_Char3_As_PrimaryKey" fullName="SubSonic.Tests/MigrationTests/CreateTable_Should_Allow_Char3_As_PrimaryKey" testId="4191394411848969" isPrimary="true" isTestCase="true" isDynamic="false">
                    <codeReference assembly="SubSonic.Tests, Version=2.2.1.0, Culture=neutral, PublicKeyToken=null" namespace="SubSonic.Tests.Migrations" type="SubSonic.Tests.Migrations.MigrationTests" member="CreateTable_Should_Allow_Char3_As_PrimaryKey" />
                    <codeLocation path="H:\Projects\Subsonic2\2.2git\SubSonic-2.0\SubSonic.Tests\Migrations\MigrationTests.cs" line="273" />
                    <metadata>
                      <entry key="TestKind">
                        <value>Test</value>
                      </entry>
                    </metadata>
                  </testStep>
                  <children />
                  <result assertCount="2" duration="0.5180034">
                    <outcome status="passed" />
                  </result>
                  <testLog>
                    <streams />
                    <attachments />
                  </testLog>
                </testStepRun>
                <testStepRun startTime="2011-01-29T18:23:47.3615504-07:00" endTime="2011-01-29T18:23:47.4915578-07:00">
                  <testStep id="227834025514cea8" name="Dual_ForeignKey_Relationships_ShouldBe_Possible_From_One_To_Many" fullName="SubSonic.Tests/MigrationTests/Dual_ForeignKey_Relationships_ShouldBe_Possible_From_One_To_Many" testId="fca4a854339d17cf" isPrimary="true" isTestCase="true" isDynamic="false">
                    <codeReference assembly="SubSonic.Tests, Version=2.2.1.0, Culture=neutral, PublicKeyToken=null" namespace="SubSonic.Tests.Migrations" type="SubSonic.Tests.Migrations.MigrationTests" member="Dual_ForeignKey_Relationships_ShouldBe_Possible_From_One_To_Many" />
                    <codeLocation path="H:\Projects\Subsonic2\2.2git\SubSonic-2.0\SubSonic.Tests\Migrations\MigrationTests.cs" line="297" />
                    <metadata>
                      <entry key="TestKind">
                        <value>Test</value>
                      </entry>
                    </metadata>
                  </testStep>
                  <children />
                  <result assertCount="0" duration="0.1355909">
                    <outcome status="passed" />
                  </result>
                  <testLog>
                    <streams />
                    <attachments />
                  </testLog>
                </testStepRun>
                <testStepRun startTime="2011-01-29T18:23:47.494558-07:00" endTime="2011-01-29T18:23:47.651567-07:00">
                  <testStep id="4b79c105594793cd" name="MigrateDownFromZero" fullName="SubSonic.Tests/MigrationTests/MigrateDownFromZero" testId="71cebd88972a170d" isPrimary="true" isTestCase="true" isDynamic="false">
                    <codeReference assembly="SubSonic.Tests, Version=2.2.1.0, Culture=neutral, PublicKeyToken=null" namespace="SubSonic.Tests.Migrations" type="SubSonic.Tests.Migrations.MigrationTests" member="MigrateDownFromZero" />
                    <codeLocation path="H:\Projects\Subsonic2\2.2git\SubSonic-2.0\SubSonic.Tests\Migrations\MigrationTests.cs" line="69" />
                    <metadata>
                      <entry key="TestKind">
                        <value>Test</value>
                      </entry>
                    </metadata>
                  </testStep>
                  <children />
                  <result assertCount="2" duration="0.1565039">
                    <outcome status="passed" />
                  </result>
                  <testLog>
                    <streams />
                    <attachments />
                  </testLog>
                </testStepRun>
                <testStepRun startTime="2011-01-29T18:23:47.6545671-07:00" endTime="2011-01-29T18:23:47.9595846-07:00">
                  <testStep id="9bc796d1ce02e918" name="MigrateUpDownNegative1" fullName="SubSonic.Tests/MigrationTests/MigrateUpDownNegative1" testId="bd66417745aec781" isPrimary="true" isTestCase="true" isDynamic="false">
                    <codeReference assembly="SubSonic.Tests, Version=2.2.1.0, Culture=neutral, PublicKeyToken=null" namespace="SubSonic.Tests.Migrations" type="SubSonic.Tests.Migrations.MigrationTests" member="MigrateUpDownNegative1" />
                    <codeLocation path="H:\Projects\Subsonic2\2.2git\SubSonic-2.0\SubSonic.Tests\Migrations\MigrationTests.cs" line="77" />
                    <metadata>
                      <entry key="TestKind">
                        <value>Test</value>
                      </entry>
                    </metadata>
                  </testStep>
                  <children />
                  <result assertCount="0" duration="0.23285019999999998">
                    <outcome status="failed" />
                  </result>
                  <testLog>
                    <streams>
                      <stream name="Failures">
                        <body>
                          <contents>
                            <section name="Execute">
                              <contents>
                                <marker class="Exception">
                                  <contents>
                                    <marker class="ExceptionType">
                                      <contents>
                                        <text><![CDATA[SubSonic.SqlQueryException]]></text>
                                      </contents>
                                      <attributes />
                                    </marker>
                                    <text><![CDATA[: ]]></text>
                                    <marker class="ExceptionMessage">
                                      <contents>
                                        <text><![CDATA[Invalid object name 'dbo.SubSonicSchemaInfo'.]]></text>
                                      </contents>
                                      <attributes />
                                    </marker>
                                    <text><![CDATA[ ---> ]]></text>
                                    <marker class="Exception">
                                      <contents>
                                        <marker class="ExceptionType">
                                          <contents>
                                            <text><![CDATA[System.Data.SqlClient.SqlException]]></text>
                                          </contents>
                                          <attributes />
                                        </marker>
                                        <text><![CDATA[: ]]></text>
                                        <marker class="ExceptionMessage">
                                          <contents>
                                            <text><![CDATA[Invalid object name 'dbo.SubSonicSchemaInfo'.]]></text>
                                          </contents>
                                          <attributes />
                                        </marker>
                                        <text><![CDATA[
]]></text>
                                        <marker class="ExceptionPropertyName">
                                          <contents>
                                            <text><![CDATA[Errors]]></text>
                                          </contents>
                                          <attributes />
                                        </marker>
                                        <text><![CDATA[: ]]></text>
                                        <marker class="ExceptionPropertyValue">
                                          <contents>
                                            <text><![CDATA[System.Data.SqlClient.SqlErrorCollection]]></text>
                                          </contents>
                                          <attributes />
                                        </marker>
                                        <text><![CDATA[
]]></text>
                                        <marker class="ExceptionPropertyName">
                                          <contents>
                                            <text><![CDATA[Class]]></text>
                                          </contents>
                                          <attributes />
                                        </marker>
                                        <text><![CDATA[: ]]></text>
                                        <marker class="ExceptionPropertyValue">
                                          <contents>
                                            <text><![CDATA[16]]></text>
                                          </contents>
                                          <attributes />
                                        </marker>
                                        <text><![CDATA[
]]></text>
                                        <marker class="ExceptionPropertyName">
                                          <contents>
                                            <text><![CDATA[LineNumber]]></text>
                                          </contents>
                                          <attributes />
                                        </marker>
                                        <text><![CDATA[: ]]></text>
                                        <marker class="ExceptionPropertyValue">
                                          <contents>
                                            <text><![CDATA[1]]></text>
                                          </contents>
                                          <attributes />
                                        </marker>
                                        <text><![CDATA[
]]></text>
                                        <marker class="ExceptionPropertyName">
                                          <contents>
                                            <text><![CDATA[Number]]></text>
                                          </contents>
                                          <attributes />
                                        </marker>
                                        <text><![CDATA[: ]]></text>
                                        <marker class="ExceptionPropertyValue">
                                          <contents>
                                            <text><![CDATA[208]]></text>
                                          </contents>
                                          <attributes />
                                        </marker>
                                        <text><![CDATA[
]]></text>
                                        <marker class="ExceptionPropertyName">
                                          <contents>
                                            <text><![CDATA[Procedure]]></text>
                                          </contents>
                                          <attributes />
                                        </marker>
                                        <text><![CDATA[: ]]></text>
                                        <marker class="ExceptionPropertyValue">
                                          <contents />
                                          <attributes />
                                        </marker>
                                        <text><![CDATA[
]]></text>
                                        <marker class="ExceptionPropertyName">
                                          <contents>
                                            <text><![CDATA[Server]]></text>
                                          </contents>
                                          <attributes />
                                        </marker>
                                        <text><![CDATA[: ]]></text>
                                        <marker class="ExceptionPropertyValue">
                                          <contents>
                                            <text><![CDATA[.\SQLExpress]]></text>
                                          </contents>
                                          <attributes />
                                        </marker>
                                        <text><![CDATA[
]]></text>
                                        <marker class="ExceptionPropertyName">
                                          <contents>
                                            <text><![CDATA[State]]></text>
                                          </contents>
                                          <attributes />
                                        </marker>
                                        <text><![CDATA[: ]]></text>
                                        <marker class="ExceptionPropertyValue">
                                          <contents>
                                            <text><![CDATA[1]]></text>
                                          </contents>
                                          <attributes />
                                        </marker>
                                        <text><![CDATA[
]]></text>
                                        <marker class="ExceptionPropertyName">
                                          <contents>
                                            <text><![CDATA[ErrorCode]]></text>
                                          </contents>
                                          <attributes />
                                        </marker>
                                        <text><![CDATA[: ]]></text>
                                        <marker class="ExceptionPropertyValue">
                                          <contents>
                                            <text><![CDATA[-2146232060]]></text>
                                          </contents>
                                          <attributes />
                                        </marker>
                                        <text><![CDATA[
]]></text>
                                        <marker class="StackTrace">
                                          <contents>
                                            <text><![CDATA[   at System.Data.SqlClient.SqlConnection.OnError(SqlException exception, Boolean breakConnection)
   at System.Data.SqlClient.TdsParser.ThrowExceptionAndWarning(TdsParserStateObject stateObj)
   at System.Data.SqlClient.TdsParser.Run(RunBehavior runBehavior, SqlCommand cmdHandler, SqlDataReader dataStream, BulkCopySimpleResultSet bulkCopyHandler, TdsParserStateObject stateObj)
   at System.Data.SqlClient.SqlDataReader.ConsumeMetaData()
   at System.Data.SqlClient.SqlDataReader.get_MetaData()
   at System.Data.SqlClient.SqlCommand.FinishExecuteReader(SqlDataReader ds, RunBehavior runBehavior, String resetOptionsString)
   at System.Data.SqlClient.SqlCommand.RunExecuteReaderTds(CommandBehavior cmdBehavior, RunBehavior runBehavior, Boolean returnStream, Boolean async)
   at System.Data.SqlClient.SqlCommand.RunExecuteReader(CommandBehavior cmdBehavior, RunBehavior runBehavior, Boolean returnStream, String method, DbAsyncResult result)
   at System.Data.SqlClient.SqlCommand.RunExecuteReader(CommandBehavior cmdBehavior, RunBehavior runBehavior, Boolean returnStream, String method)
   at System.Data.SqlClient.SqlCommand.ExecuteScalar()
   at SubSonic.SqlDataProvider.ExecuteScalar(QueryCommand qry) in ]]></text>
                                            <marker class="CodeLocation">
                                              <contents>
                                                <text><![CDATA[H:\Projects\Subsonic2\2.2git\SubSonic-2.0\SubSonic\DataProviders\SqlDataProvider.cs:line 461]]></text>
                                              </contents>
                                              <attributes>
                                                <attribute name="line" value="461" />
                                                <attribute name="path" value="H:\Projects\Subsonic2\2.2git\SubSonic-2.0\SubSonic\DataProviders\SqlDataProvider.cs" />
                                              </attributes>
                                            </marker>
                                            <text><![CDATA[
   at SubSonic.DataService.ExecuteScalar(QueryCommand cmd) in ]]></text>
                                            <marker class="CodeLocation">
                                              <contents>
                                                <text><![CDATA[H:\Projects\Subsonic2\2.2git\SubSonic-2.0\SubSonic\DataProviders\DataService.cs:line 553]]></text>
                                              </contents>
                                              <attributes>
                                                <attribute name="line" value="553" />
                                                <attribute name="path" value="H:\Projects\Subsonic2\2.2git\SubSonic-2.0\SubSonic\DataProviders\DataService.cs" />
                                              </attributes>
                                            </marker>
                                            <text><![CDATA[
   at SubSonic.SqlQuery.ExecuteScalar[TResult]() in ]]></text>
                                            <marker class="CodeLocation">
                                              <contents>
                                                <text><![CDATA[H:\Projects\Subsonic2\2.2git\SubSonic-2.0\SubSonic\SqlQuery\SqlQuery.cs:line 1246]]></text>
                                              </contents>
                                              <attributes>
                                                <attribute name="line" value="1246" />
                                                <attribute name="path" value="H:\Projects\Subsonic2\2.2git\SubSonic-2.0\SubSonic\SqlQuery\SqlQuery.cs" />
                                              </attributes>
                                            </marker>
                                          </contents>
                                          <attributes />
                                        </marker>
                                      </contents>
                                      <attributes />
                                    </marker>
                                    <text><![CDATA[
   --- End of inner exception stack trace ---
]]></text>
                                    <marker class="StackTrace">
                                      <contents>
                                        <text><![CDATA[   at SubSonic.SqlQuery.ExecuteScalar[TResult]() in ]]></text>
                                        <marker class="CodeLocation">
                                          <contents>
                                            <text><![CDATA[H:\Projects\Subsonic2\2.2git\SubSonic-2.0\SubSonic\SqlQuery\SqlQuery.cs:line 1261]]></text>
                                          </contents>
                                          <attributes>
                                            <attribute name="line" value="1261" />
                                            <attribute name="path" value="H:\Projects\Subsonic2\2.2git\SubSonic-2.0\SubSonic\SqlQuery\SqlQuery.cs" />
                                          </attributes>
                                        </marker>
                                        <text><![CDATA[
   at SubSonic.Migrations.Migrator.GetCurrentVersion(String providerName) in ]]></text>
                                        <marker class="CodeLocation">
                                          <contents>
                                            <text><![CDATA[H:\Projects\Subsonic2\2.2git\SubSonic-2.0\SubSonic.Migrations\Migrator.cs:line 227]]></text>
                                          </contents>
                                          <attributes>
                                            <attribute name="line" value="227" />
                                            <attribute name="path" value="H:\Projects\Subsonic2\2.2git\SubSonic-2.0\SubSonic.Migrations\Migrator.cs" />
                                          </attributes>
                                        </marker>
                                        <text><![CDATA[
   at SubSonic.Tests.Migrations.MigrationTests.MigrateUpDownNegative1() in ]]></text>
                                        <marker class="CodeLocation">
                                          <contents>
                                            <text><![CDATA[H:\Projects\Subsonic2\2.2git\SubSonic-2.0\SubSonic.Tests\Migrations\MigrationTests.cs:line 80]]></text>
                                          </contents>
                                          <attributes>
                                            <attribute name="line" value="80" />
                                            <attribute name="path" value="H:\Projects\Subsonic2\2.2git\SubSonic-2.0\SubSonic.Tests\Migrations\MigrationTests.cs" />
                                          </attributes>
                                        </marker>
                                        <text><![CDATA[
   at Gallio.Common.ActionChain`1.<>c__DisplayClass1.<Around>b__0(T obj) in ]]></text>
                                        <marker class="CodeLocation">
                                          <contents>
                                            <text><![CDATA[c:\Server\Projects\MbUnit v3.2\Work\src\Gallio\Gallio\Common\ActionChain.cs:line 263]]></text>
                                          </contents>
                                          <attributes>
                                            <attribute name="line" value="263" />
                                            <attribute name="path" value="c:\Server\Projects\MbUnit v3.2\Work\src\Gallio\Gallio\Common\ActionChain.cs" />
                                          </attributes>
                                        </marker>
                                      </contents>
                                      <attributes />
                                    </marker>
                                  </contents>
                                  <attributes />
                                </marker>
                              </contents>
                            </section>
                          </contents>
                        </body>
                      </stream>
                    </streams>
                    <attachments />
                  </testLog>
                </testStepRun>
                <testStepRun startTime="2011-01-29T18:23:47.9605847-07:00" endTime="2011-01-29T18:23:47.9785857-07:00">
                  <testStep id="c7fbf154bd6a5a5a" name="Migration_SQL_Generation_AddRemoveColumns" fullName="SubSonic.Tests/MigrationTests/Migration_SQL_Generation_AddRemoveColumns" testId="fc1403bbd9c21f26" isPrimary="true" isTestCase="true" isDynamic="false">
                    <codeReference assembly="SubSonic.Tests, Version=2.2.1.0, Culture=neutral, PublicKeyToken=null" namespace="SubSonic.Tests.Migrations" type="SubSonic.Tests.Migrations.MigrationTests" member="Migration_SQL_Generation_AddRemoveColumns" />
                    <codeLocation path="H:\Projects\Subsonic2\2.2git\SubSonic-2.0\SubSonic.Tests\Migrations\MigrationTests.cs" line="41" />
                    <metadata>
                      <entry key="TestKind">
                        <value>Test</value>
                      </entry>
                    </metadata>
                  </testStep>
                  <children />
                  <result assertCount="1" duration="0.0826137">
                    <outcome status="passed" />
                  </result>
                  <testLog>
                    <streams />
                    <attachments />
                  </testLog>
                </testStepRun>
                <testStepRun startTime="2011-01-29T18:23:47.9805858-07:00" endTime="2011-01-29T18:23:48.1185937-07:00">
                  <testStep id="2cc618261bfb2e18" name="MigrationAddRemoveColumns" fullName="SubSonic.Tests/MigrationTests/MigrationAddRemoveColumns" testId="5fbd30d8d3c730d4" isPrimary="true" isTestCase="true" isDynamic="false">
                    <codeReference assembly="SubSonic.Tests, Version=2.2.1.0, Culture=neutral, PublicKeyToken=null" namespace="SubSonic.Tests.Migrations" type="SubSonic.Tests.Migrations.MigrationTests" member="MigrationAddRemoveColumns" />
                    <codeLocation path="H:\Projects\Subsonic2\2.2git\SubSonic-2.0\SubSonic.Tests\Migrations\MigrationTests.cs" line="160" />
                    <metadata>
                      <entry key="TestKind">
                        <value>Test</value>
                      </entry>
                    </metadata>
                  </testStep>
                  <children />
                  <result assertCount="2" duration="0.143879">
                    <outcome status="passed" />
                  </result>
                  <testLog>
                    <streams />
                    <attachments />
                  </testLog>
                </testStepRun>
                <testStepRun startTime="2011-01-29T18:23:48.1215939-07:00" endTime="2011-01-29T18:23:48.1895978-07:00">
                  <testStep id="ca739780996b92d3" name="MigrationAlterColumn" fullName="SubSonic.Tests/MigrationTests/MigrationAlterColumn" testId="941fe2e0ac31211e" isPrimary="true" isTestCase="true" isDynamic="false">
                    <codeReference assembly="SubSonic.Tests, Version=2.2.1.0, Culture=neutral, PublicKeyToken=null" namespace="SubSonic.Tests.Migrations" type="SubSonic.Tests.Migrations.MigrationTests" member="MigrationAlterColumn" />
                    <codeLocation path="H:\Projects\Subsonic2\2.2git\SubSonic-2.0\SubSonic.Tests\Migrations\MigrationTests.cs" line="139" />
                    <metadata>
                      <entry key="TestKind">
                        <value>Test</value>
                      </entry>
                    </metadata>
                  </testStep>
                  <children />
                  <result assertCount="0" duration="0.0245515">
                    <outcome status="failed" />
                  </result>
                  <testLog>
                    <streams>
                      <stream name="Failures">
                        <body>
                          <contents>
                            <section name="Execute">
                              <contents>
                                <marker class="Exception">
                                  <contents>
                                    <marker class="ExceptionType">
                                      <contents>
                                        <text><![CDATA[System.ArgumentException]]></text>
                                      </contents>
                                      <attributes />
                                    </marker>
                                    <text><![CDATA[: ]]></text>
                                    <marker class="ExceptionMessage">
                                      <contents>
                                        <text><![CDATA[Unknown column ProductName]]></text>
                                      </contents>
                                      <attributes />
                                    </marker>
                                    <text><![CDATA[
]]></text>
                                    <marker class="StackTrace">
                                      <contents>
                                        <text><![CDATA[   at SubSonic.Migration.AlterColumn(String tableName, String columnName, DbType dbType, Int32 length, Boolean nullable, String defaultValue) in ]]></text>
                                        <marker class="CodeLocation">
                                          <contents>
                                            <text><![CDATA[H:\Projects\Subsonic2\2.2git\SubSonic-2.0\SubSonic\Migrations\Migration.cs:line 329]]></text>
                                          </contents>
                                          <attributes>
                                            <attribute name="line" value="329" />
                                            <attribute name="path" value="H:\Projects\Subsonic2\2.2git\SubSonic-2.0\SubSonic\Migrations\Migration.cs" />
                                          </attributes>
                                        </marker>
                                        <text><![CDATA[
   at SubSonic.Migration.AlterColumn(String tableName, String columnName, DbType dbType, Int32 length) in ]]></text>
                                        <marker class="CodeLocation">
                                          <contents>
                                            <text><![CDATA[H:\Projects\Subsonic2\2.2git\SubSonic-2.0\SubSonic\Migrations\Migration.cs:line 294]]></text>
                                          </contents>
                                          <attributes>
                                            <attribute name="line" value="294" />
                                            <attribute name="path" value="H:\Projects\Subsonic2\2.2git\SubSonic-2.0\SubSonic\Migrations\Migration.cs" />
                                          </attributes>
                                        </marker>
                                        <text><![CDATA[
   at SubSonic.Tests.Migrations.MigrationTests.AlterProductNameMigration.Up() in ]]></text>
                                        <marker class="CodeLocation">
                                          <contents>
                                            <text><![CDATA[H:\Projects\Subsonic2\2.2git\SubSonic-2.0\SubSonic.Tests\Migrations\MigrationTests.cs:line 333]]></text>
                                          </contents>
                                          <attributes>
                                            <attribute name="line" value="333" />
                                            <attribute name="path" value="H:\Projects\Subsonic2\2.2git\SubSonic-2.0\SubSonic.Tests\Migrations\MigrationTests.cs" />
                                          </attributes>
                                        </marker>
                                        <text><![CDATA[
   at SubSonic.Migration.BuildSqlStatement(MigrationDirection direction) in ]]></text>
                                        <marker class="CodeLocation">
                                          <contents>
                                            <text><![CDATA[H:\Projects\Subsonic2\2.2git\SubSonic-2.0\SubSonic\Migrations\Migration.cs:line 406]]></text>
                                          </contents>
                                          <attributes>
                                            <attribute name="line" value="406" />
                                            <attribute name="path" value="H:\Projects\Subsonic2\2.2git\SubSonic-2.0\SubSonic\Migrations\Migration.cs" />
                                          </attributes>
                                        </marker>
                                        <text><![CDATA[
   at SubSonic.Migration.BuildCommands(MigrationDirection direction) in ]]></text>
                                        <marker class="CodeLocation">
                                          <contents>
                                            <text><![CDATA[H:\Projects\Subsonic2\2.2git\SubSonic-2.0\SubSonic\Migrations\Migration.cs:line 466]]></text>
                                          </contents>
                                          <attributes>
                                            <attribute name="line" value="466" />
                                            <attribute name="path" value="H:\Projects\Subsonic2\2.2git\SubSonic-2.0\SubSonic\Migrations\Migration.cs" />
                                          </attributes>
                                        </marker>
                                        <text><![CDATA[
   at SubSonic.Migration.Migrate(String thisProviderName, MigrationDirection direction) in ]]></text>
                                        <marker class="CodeLocation">
                                          <contents>
                                            <text><![CDATA[H:\Projects\Subsonic2\2.2git\SubSonic-2.0\SubSonic\Migrations\Migration.cs:line 500]]></text>
                                          </contents>
                                          <attributes>
                                            <attribute name="line" value="500" />
                                            <attribute name="path" value="H:\Projects\Subsonic2\2.2git\SubSonic-2.0\SubSonic\Migrations\Migration.cs" />
                                          </attributes>
                                        </marker>
                                        <text><![CDATA[
   at SubSonic.Tests.Migrations.MigrationTests.MigrationAlterColumn() in ]]></text>
                                        <marker class="CodeLocation">
                                          <contents>
                                            <text><![CDATA[H:\Projects\Subsonic2\2.2git\SubSonic-2.0\SubSonic.Tests\Migrations\MigrationTests.cs:line 143]]></text>
                                          </contents>
                                          <attributes>
                                            <attribute name="line" value="143" />
                                            <attribute name="path" value="H:\Projects\Subsonic2\2.2git\SubSonic-2.0\SubSonic.Tests\Migrations\MigrationTests.cs" />
                                          </attributes>
                                        </marker>
                                        <text><![CDATA[
   at Gallio.Common.ActionChain`1.<>c__DisplayClass1.<Around>b__0(T obj) in ]]></text>
                                        <marker class="CodeLocation">
                                          <contents>
                                            <text><![CDATA[c:\Server\Projects\MbUnit v3.2\Work\src\Gallio\Gallio\Common\ActionChain.cs:line 263]]></text>
                                          </contents>
                                          <attributes>
                                            <attribute name="line" value="263" />
                                            <attribute name="path" value="c:\Server\Projects\MbUnit v3.2\Work\src\Gallio\Gallio\Common\ActionChain.cs" />
                                          </attributes>
                                        </marker>
                                      </contents>
                                      <attributes />
                                    </marker>
                                  </contents>
                                  <attributes />
                                </marker>
                              </contents>
                            </section>
                          </contents>
                        </body>
                      </stream>
                    </streams>
                    <attachments />
                  </testLog>
                </testStepRun>
                <testStepRun startTime="2011-01-29T18:23:48.1925979-07:00" endTime="2011-01-29T18:23:48.1975982-07:00">
                  <testStep id="4260002ed2fb82fe" name="MigrationExecute" fullName="SubSonic.Tests/MigrationTests/MigrationExecute" testId="bca569c17d71b8ce" isPrimary="true" isTestCase="true" isDynamic="false">
                    <codeReference assembly="SubSonic.Tests, Version=2.2.1.0, Culture=neutral, PublicKeyToken=null" namespace="SubSonic.Tests.Migrations" type="SubSonic.Tests.Migrations.MigrationTests" member="MigrationExecute" />
                    <codeLocation path="H:\Projects\Subsonic2\2.2git\SubSonic-2.0\SubSonic.Tests\Migrations\MigrationTests.cs" line="237" />
                    <metadata>
                      <entry key="TestKind">
                        <value>Test</value>
                      </entry>
                    </metadata>
                  </testStep>
                  <children />
                  <result assertCount="1" duration="0.0081906">
                    <outcome status="passed" />
                  </result>
                  <testLog>
                    <streams />
                    <attachments />
                  </testLog>
                </testStepRun>
                <testStepRun startTime="2011-01-29T18:23:48.1985983-07:00" endTime="2011-01-29T18:23:48.2035986-07:00">
                  <testStep id="cd2c42b5c0fc1d4b" name="MigrationGenerateCreateTablesSql" fullName="SubSonic.Tests/MigrationTests/MigrationGenerateCreateTablesSql" testId="6ad5e975aee08ddf" isPrimary="true" isTestCase="true" isDynamic="false">
                    <codeReference assembly="SubSonic.Tests, Version=2.2.1.0, Culture=neutral, PublicKeyToken=null" namespace="SubSonic.Tests.Migrations" type="SubSonic.Tests.Migrations.MigrationTests" member="MigrationGenerateCreateTablesSql" />
                    <codeLocation path="H:\Projects\Subsonic2\2.2git\SubSonic-2.0\SubSonic.Tests\Migrations\MigrationTests.cs" line="18" />
                    <metadata>
                      <entry key="TestKind">
                        <value>Test</value>
                      </entry>
                    </metadata>
                  </testStep>
                  <children />
                  <result assertCount="1" duration="0.0038272999999999996">
                    <outcome status="passed" />
                  </result>
                  <testLog>
                    <streams />
                    <attachments />
                  </testLog>
                </testStepRun>
                <testStepRun startTime="2011-01-29T18:23:48.2055987-07:00" endTime="2011-01-29T18:23:48.2756027-07:00">
                  <testStep id="1c01db3b5b5ac3d4" name="MigrationGenerateDropTablesSql" fullName="SubSonic.Tests/MigrationTests/MigrationGenerateDropTablesSql" testId="1989de16e4cda26b" isPrimary="true" isTestCase="true" isDynamic="false">
                    <codeReference assembly="SubSonic.Tests, Version=2.2.1.0, Culture=neutral, PublicKeyToken=null" namespace="SubSonic.Tests.Migrations" type="SubSonic.Tests.Migrations.MigrationTests" member="MigrationGenerateDropTablesSql" />
                    <codeLocation path="H:\Projects\Subsonic2\2.2git\SubSonic-2.0\SubSonic.Tests\Migrations\MigrationTests.cs" line="29" />
                    <metadata>
                      <entry key="TestKind">
                        <value>Test</value>
                      </entry>
                    </metadata>
                  </testStep>
                  <children />
                  <result assertCount="1" duration="0.1043337">
                    <outcome status="passed" />
                  </result>
                  <testLog>
                    <streams />
                    <attachments />
                  </testLog>
                </testStepRun>
                <testStepRun startTime="2011-01-29T18:23:48.3126048-07:00" endTime="2011-01-29T18:23:49.0136449-07:00">
                  <testStep id="4c401741e0e2d897" name="MigrationMySql" fullName="SubSonic.Tests/MigrationTests/MigrationMySql" testId="4abcbd35596f771b" isPrimary="true" isTestCase="true" isDynamic="false">
                    <codeReference assembly="SubSonic.Tests, Version=2.2.1.0, Culture=neutral, PublicKeyToken=null" namespace="SubSonic.Tests.Migrations" type="SubSonic.Tests.Migrations.MigrationTests" member="MigrationMySql" />
                    <codeLocation path="H:\Projects\Subsonic2\2.2git\SubSonic-2.0\SubSonic.Tests\Migrations\MigrationTests.cs" line="252" />
                    <metadata>
                      <entry key="TestKind">
                        <value>Test</value>
                      </entry>
                    </metadata>
                  </testStep>
                  <children />
                  <result assertCount="4" duration="0.73363309999999993">
                    <outcome status="passed" />
                  </result>
                  <testLog>
                    <streams />
                    <attachments />
                  </testLog>
                </testStepRun>
                <testStepRun startTime="2011-01-29T18:23:49.015645-07:00" endTime="2011-01-29T18:23:49.1216511-07:00">
                  <testStep id="6863ca9cfec498f4" name="MigrationOnDispose" fullName="SubSonic.Tests/MigrationTests/MigrationOnDispose" testId="9b9ec6dd8cf18626" isPrimary="true" isTestCase="true" isDynamic="false">
                    <codeReference assembly="SubSonic.Tests, Version=2.2.1.0, Culture=neutral, PublicKeyToken=null" namespace="SubSonic.Tests.Migrations" type="SubSonic.Tests.Migrations.MigrationTests" member="MigrationOnDispose" />
                    <codeLocation path="H:\Projects\Subsonic2\2.2git\SubSonic-2.0\SubSonic.Tests\Migrations\MigrationTests.cs" line="219" />
                    <metadata>
                      <entry key="TestKind">
                        <value>Test</value>
                      </entry>
                    </metadata>
                  </testStep>
                  <children />
                  <result assertCount="1" duration="0.1062669">
                    <outcome status="passed" />
                  </result>
                  <testLog>
                    <streams />
                    <attachments />
                  </testLog>
                </testStepRun>
                <testStepRun startTime="2011-01-29T18:23:49.1236512-07:00" endTime="2011-01-29T18:23:49.9546987-07:00">
                  <testStep id="18c3323332998cf4" name="MigrationShouldCreateAndDropTestTable" fullName="SubSonic.Tests/MigrationTests/MigrationShouldCreateAndDropTestTable" testId="cfe29af00870094c" isPrimary="true" isTestCase="true" isDynamic="false">
                    <codeReference assembly="SubSonic.Tests, Version=2.2.1.0, Culture=neutral, PublicKeyToken=null" namespace="SubSonic.Tests.Migrations" type="SubSonic.Tests.Migrations.MigrationTests" member="MigrationShouldCreateAndDropTestTable" />
                    <codeLocation path="H:\Projects\Subsonic2\2.2git\SubSonic-2.0\SubSonic.Tests\Migrations\MigrationTests.cs" line="173" />
                    <metadata>
                      <entry key="TestKind">
                        <value>Test</value>
                      </entry>
                    </metadata>
                  </testStep>
                  <children />
                  <result assertCount="6" duration="0.8287766">
                    <outcome status="passed" />
                  </result>
                  <testLog>
                    <streams>
                      <stream name="ConsoleOutput">
                        <body>
                          <contents>
                            <text><![CDATA[Found 2 migration files
Current DB Version is 0
Migrating to 001_MigrationTest (1)
Found 2 migration files
Current DB Version is 1
Migrating to 001_MigrationTest (1)
]]></text>
                          </contents>
                        </body>
                      </stream>
                    </streams>
                    <attachments />
                  </testLog>
                </testStepRun>
                <testStepRun startTime="2011-01-29T18:23:49.9606991-07:00" endTime="2011-01-29T18:23:50.0857062-07:00">
                  <testStep id="3ae46283f09e19de" name="MigrationShouldExecMultipleMigrations" fullName="SubSonic.Tests/MigrationTests/MigrationShouldExecMultipleMigrations" testId="68b84e1f9a9c2bc8" isPrimary="true" isTestCase="true" isDynamic="false">
                    <codeReference assembly="SubSonic.Tests, Version=2.2.1.0, Culture=neutral, PublicKeyToken=null" namespace="SubSonic.Tests.Migrations" type="SubSonic.Tests.Migrations.MigrationTests" member="MigrationShouldExecMultipleMigrations" />
                    <codeLocation path="H:\Projects\Subsonic2\2.2git\SubSonic-2.0\SubSonic.Tests\Migrations\MigrationTests.cs" line="194" />
                    <metadata>
                      <entry key="TestKind">
                        <value>Test</value>
                      </entry>
                    </metadata>
                  </testStep>
                  <children />
                  <result assertCount="0" duration="0.01569">
                    <outcome status="failed" />
                  </result>
                  <testLog>
                    <streams>
                      <stream name="Failures">
                        <body>
                          <contents>
                            <section name="Execute">
                              <contents>
                                <marker class="Exception">
                                  <contents>
                                    <marker class="ExceptionType">
                                      <contents>
                                        <text><![CDATA[SubSonic.SqlQueryException]]></text>
                                      </contents>
                                      <attributes />
                                    </marker>
                                    <text><![CDATA[: ]]></text>
                                    <marker class="ExceptionMessage">
                                      <contents>
                                        <text><![CDATA[Invalid object name 'dbo.SubSonicSchemaInfo'.]]></text>
                                      </contents>
                                      <attributes />
                                    </marker>
                                    <text><![CDATA[ ---> ]]></text>
                                    <marker class="Exception">
                                      <contents>
                                        <marker class="ExceptionType">
                                          <contents>
                                            <text><![CDATA[System.Data.SqlClient.SqlException]]></text>
                                          </contents>
                                          <attributes />
                                        </marker>
                                        <text><![CDATA[: ]]></text>
                                        <marker class="ExceptionMessage">
                                          <contents>
                                            <text><![CDATA[Invalid object name 'dbo.SubSonicSchemaInfo'.]]></text>
                                          </contents>
                                          <attributes />
                                        </marker>
                                        <text><![CDATA[
]]></text>
                                        <marker class="ExceptionPropertyName">
                                          <contents>
                                            <text><![CDATA[Errors]]></text>
                                          </contents>
                                          <attributes />
                                        </marker>
                                        <text><![CDATA[: ]]></text>
                                        <marker class="ExceptionPropertyValue">
                                          <contents>
                                            <text><![CDATA[System.Data.SqlClient.SqlErrorCollection]]></text>
                                          </contents>
                                          <attributes />
                                        </marker>
                                        <text><![CDATA[
]]></text>
                                        <marker class="ExceptionPropertyName">
                                          <contents>
                                            <text><![CDATA[Class]]></text>
                                          </contents>
                                          <attributes />
                                        </marker>
                                        <text><![CDATA[: ]]></text>
                                        <marker class="ExceptionPropertyValue">
                                          <contents>
                                            <text><![CDATA[16]]></text>
                                          </contents>
                                          <attributes />
                                        </marker>
                                        <text><![CDATA[
]]></text>
                                        <marker class="ExceptionPropertyName">
                                          <contents>
                                            <text><![CDATA[LineNumber]]></text>
                                          </contents>
                                          <attributes />
                                        </marker>
                                        <text><![CDATA[: ]]></text>
                                        <marker class="ExceptionPropertyValue">
                                          <contents>
                                            <text><![CDATA[1]]></text>
                                          </contents>
                                          <attributes />
                                        </marker>
                                        <text><![CDATA[
]]></text>
                                        <marker class="ExceptionPropertyName">
                                          <contents>
                                            <text><![CDATA[Number]]></text>
                                          </contents>
                                          <attributes />
                                        </marker>
                                        <text><![CDATA[: ]]></text>
                                        <marker class="ExceptionPropertyValue">
                                          <contents>
                                            <text><![CDATA[208]]></text>
                                          </contents>
                                          <attributes />
                                        </marker>
                                        <text><![CDATA[
]]></text>
                                        <marker class="ExceptionPropertyName">
                                          <contents>
                                            <text><![CDATA[Procedure]]></text>
                                          </contents>
                                          <attributes />
                                        </marker>
                                        <text><![CDATA[: ]]></text>
                                        <marker class="ExceptionPropertyValue">
                                          <contents />
                                          <attributes />
                                        </marker>
                                        <text><![CDATA[
]]></text>
                                        <marker class="ExceptionPropertyName">
                                          <contents>
                                            <text><![CDATA[Server]]></text>
                                          </contents>
                                          <attributes />
                                        </marker>
                                        <text><![CDATA[: ]]></text>
                                        <marker class="ExceptionPropertyValue">
                                          <contents>
                                            <text><![CDATA[.\SQLExpress]]></text>
                                          </contents>
                                          <attributes />
                                        </marker>
                                        <text><![CDATA[
]]></text>
                                        <marker class="ExceptionPropertyName">
                                          <contents>
                                            <text><![CDATA[State]]></text>
                                          </contents>
                                          <attributes />
                                        </marker>
                                        <text><![CDATA[: ]]></text>
                                        <marker class="ExceptionPropertyValue">
                                          <contents>
                                            <text><![CDATA[1]]></text>
                                          </contents>
                                          <attributes />
                                        </marker>
                                        <text><![CDATA[
]]></text>
                                        <marker class="ExceptionPropertyName">
                                          <contents>
                                            <text><![CDATA[ErrorCode]]></text>
                                          </contents>
                                          <attributes />
                                        </marker>
                                        <text><![CDATA[: ]]></text>
                                        <marker class="ExceptionPropertyValue">
                                          <contents>
                                            <text><![CDATA[-2146232060]]></text>
                                          </contents>
                                          <attributes />
                                        </marker>
                                        <text><![CDATA[
]]></text>
                                        <marker class="StackTrace">
                                          <contents>
                                            <text><![CDATA[   at System.Data.SqlClient.SqlConnection.OnError(SqlException exception, Boolean breakConnection)
   at System.Data.SqlClient.TdsParser.ThrowExceptionAndWarning(TdsParserStateObject stateObj)
   at System.Data.SqlClient.TdsParser.Run(RunBehavior runBehavior, SqlCommand cmdHandler, SqlDataReader dataStream, BulkCopySimpleResultSet bulkCopyHandler, TdsParserStateObject stateObj)
   at System.Data.SqlClient.SqlDataReader.ConsumeMetaData()
   at System.Data.SqlClient.SqlDataReader.get_MetaData()
   at System.Data.SqlClient.SqlCommand.FinishExecuteReader(SqlDataReader ds, RunBehavior runBehavior, String resetOptionsString)
   at System.Data.SqlClient.SqlCommand.RunExecuteReaderTds(CommandBehavior cmdBehavior, RunBehavior runBehavior, Boolean returnStream, Boolean async)
   at System.Data.SqlClient.SqlCommand.RunExecuteReader(CommandBehavior cmdBehavior, RunBehavior runBehavior, Boolean returnStream, String method, DbAsyncResult result)
   at System.Data.SqlClient.SqlCommand.RunExecuteReader(CommandBehavior cmdBehavior, RunBehavior runBehavior, Boolean returnStream, String method)
   at System.Data.SqlClient.SqlCommand.ExecuteScalar()
   at SubSonic.SqlDataProvider.ExecuteScalar(QueryCommand qry) in ]]></text>
                                            <marker class="CodeLocation">
                                              <contents>
                                                <text><![CDATA[H:\Projects\Subsonic2\2.2git\SubSonic-2.0\SubSonic\DataProviders\SqlDataProvider.cs:line 461]]></text>
                                              </contents>
                                              <attributes>
                                                <attribute name="line" value="461" />
                                                <attribute name="path" value="H:\Projects\Subsonic2\2.2git\SubSonic-2.0\SubSonic\DataProviders\SqlDataProvider.cs" />
                                              </attributes>
                                            </marker>
                                            <text><![CDATA[
   at SubSonic.DataService.ExecuteScalar(QueryCommand cmd) in ]]></text>
                                            <marker class="CodeLocation">
                                              <contents>
                                                <text><![CDATA[H:\Projects\Subsonic2\2.2git\SubSonic-2.0\SubSonic\DataProviders\DataService.cs:line 553]]></text>
                                              </contents>
                                              <attributes>
                                                <attribute name="line" value="553" />
                                                <attribute name="path" value="H:\Projects\Subsonic2\2.2git\SubSonic-2.0\SubSonic\DataProviders\DataService.cs" />
                                              </attributes>
                                            </marker>
                                            <text><![CDATA[
   at SubSonic.SqlQuery.ExecuteScalar[TResult]() in ]]></text>
                                            <marker class="CodeLocation">
                                              <contents>
                                                <text><![CDATA[H:\Projects\Subsonic2\2.2git\SubSonic-2.0\SubSonic\SqlQuery\SqlQuery.cs:line 1246]]></text>
                                              </contents>
                                              <attributes>
                                                <attribute name="line" value="1246" />
                                                <attribute name="path" value="H:\Projects\Subsonic2\2.2git\SubSonic-2.0\SubSonic\SqlQuery\SqlQuery.cs" />
                                              </attributes>
                                            </marker>
                                          </contents>
                                          <attributes />
                                        </marker>
                                      </contents>
                                      <attributes />
                                    </marker>
                                    <text><![CDATA[
   --- End of inner exception stack trace ---
]]></text>
                                    <marker class="StackTrace">
                                      <contents>
                                        <text><![CDATA[   at SubSonic.SqlQuery.ExecuteScalar[TResult]() in ]]></text>
                                        <marker class="CodeLocation">
                                          <contents>
                                            <text><![CDATA[H:\Projects\Subsonic2\2.2git\SubSonic-2.0\SubSonic\SqlQuery\SqlQuery.cs:line 1261]]></text>
                                          </contents>
                                          <attributes>
                                            <attribute name="line" value="1261" />
                                            <attribute name="path" value="H:\Projects\Subsonic2\2.2git\SubSonic-2.0\SubSonic\SqlQuery\SqlQuery.cs" />
                                          </attributes>
                                        </marker>
                                        <text><![CDATA[
   at SubSonic.Migrations.Migrator.GetCurrentVersion(String providerName) in ]]></text>
                                        <marker class="CodeLocation">
                                          <contents>
                                            <text><![CDATA[H:\Projects\Subsonic2\2.2git\SubSonic-2.0\SubSonic.Migrations\Migrator.cs:line 227]]></text>
                                          </contents>
                                          <attributes>
                                            <attribute name="line" value="227" />
                                            <attribute name="path" value="H:\Projects\Subsonic2\2.2git\SubSonic-2.0\SubSonic.Migrations\Migrator.cs" />
                                          </attributes>
                                        </marker>
                                        <text><![CDATA[
   at SubSonic.Migrations.Migrator.Migrate(String providerName, String migrationDirectory, Nullable`1 toVersion) in ]]></text>
                                        <marker class="CodeLocation">
                                          <contents>
                                            <text><![CDATA[H:\Projects\Subsonic2\2.2git\SubSonic-2.0\SubSonic.Migrations\Migrator.cs:line 50]]></text>
                                          </contents>
                                          <attributes>
                                            <attribute name="line" value="50" />
                                            <attribute name="path" value="H:\Projects\Subsonic2\2.2git\SubSonic-2.0\SubSonic.Migrations\Migrator.cs" />
                                          </attributes>
                                        </marker>
                                        <text><![CDATA[
   at SubSonic.Tests.Migrations.MigrationTests.MigrationShouldExecMultipleMigrations() in ]]></text>
                                        <marker class="CodeLocation">
                                          <contents>
                                            <text><![CDATA[H:\Projects\Subsonic2\2.2git\SubSonic-2.0\SubSonic.Tests\Migrations\MigrationTests.cs:line 195]]></text>
                                          </contents>
                                          <attributes>
                                            <attribute name="line" value="195" />
                                            <attribute name="path" value="H:\Projects\Subsonic2\2.2git\SubSonic-2.0\SubSonic.Tests\Migrations\MigrationTests.cs" />
                                          </attributes>
                                        </marker>
                                        <text><![CDATA[
   at Gallio.Common.ActionChain`1.<>c__DisplayClass1.<Around>b__0(T obj) in ]]></text>
                                        <marker class="CodeLocation">
                                          <contents>
                                            <text><![CDATA[c:\Server\Projects\MbUnit v3.2\Work\src\Gallio\Gallio\Common\ActionChain.cs:line 263]]></text>
                                          </contents>
                                          <attributes>
                                            <attribute name="line" value="263" />
                                            <attribute name="path" value="c:\Server\Projects\MbUnit v3.2\Work\src\Gallio\Gallio\Common\ActionChain.cs" />
                                          </attributes>
                                        </marker>
                                      </contents>
                                      <attributes />
                                    </marker>
                                  </contents>
                                  <attributes />
                                </marker>
                              </contents>
                            </section>
                          </contents>
                        </body>
                      </stream>
                    </streams>
                    <attachments />
                  </testLog>
                </testStepRun>
                <testStepRun startTime="2011-01-29T18:23:50.0877063-07:00" endTime="2011-01-29T18:23:50.1017071-07:00">
                  <testStep id="41dcec6a44701ad0" name="MigrationUpDown" fullName="SubSonic.Tests/MigrationTests/MigrationUpDown" testId="79ec5c9c7b50141d" isPrimary="true" isTestCase="true" isDynamic="false">
                    <codeReference assembly="SubSonic.Tests, Version=2.2.1.0, Culture=neutral, PublicKeyToken=null" namespace="SubSonic.Tests.Migrations" type="SubSonic.Tests.Migrations.MigrationTests" member="MigrationUpDown" />
                    <codeLocation path="H:\Projects\Subsonic2\2.2git\SubSonic-2.0\SubSonic.Tests\Migrations\MigrationTests.cs" line="98" />
                    <metadata>
                      <entry key="TestKind">
                        <value>Test</value>
                      </entry>
                    </metadata>
                  </testStep>
                  <children />
                  <result assertCount="4" duration="0.11826239999999999">
                    <outcome status="passed" />
                  </result>
                  <testLog>
                    <streams />
                    <attachments />
                  </testLog>
                </testStepRun>
                <testStepRun startTime="2011-01-29T18:23:50.1027072-07:00" endTime="2011-01-29T18:23:50.221714-07:00">
                  <testStep id="1ccae4592d2cf908" name="MigrationUpwithErrors" fullName="SubSonic.Tests/MigrationTests/MigrationUpwithErrors" testId="c1db2d4e72754f2c" isPrimary="true" isTestCase="true" isDynamic="false">
                    <codeReference assembly="SubSonic.Tests, Version=2.2.1.0, Culture=neutral, PublicKeyToken=null" namespace="SubSonic.Tests.Migrations" type="SubSonic.Tests.Migrations.MigrationTests" member="MigrationUpwithErrors" />
                    <codeLocation path="H:\Projects\Subsonic2\2.2git\SubSonic-2.0\SubSonic.Tests\Migrations\MigrationTests.cs" line="120" />
                    <metadata>
                      <entry key="TestKind">
                        <value>Test</value>
                      </entry>
                    </metadata>
                  </testStep>
                  <children />
                  <result assertCount="2" duration="0.1191097">
                    <outcome status="passed" />
                  </result>
                  <testLog>
                    <streams />
                    <attachments />
                  </testLog>
                </testStepRun>
              </children>
              <result assertCount="27" duration="3.3977154">
                <outcome status="failed" />
              </result>
              <testLog>
                <streams />
                <attachments />
              </testLog>
            </testStepRun>
            <testStepRun startTime="2011-01-29T18:23:50.2347147-07:00" endTime="2011-01-29T18:23:50.3377206-07:00">
              <testStep id="86b51e61fb5b7a14" name="MySqlGeneratorTests" fullName="SubSonic.Tests/MySqlGeneratorTests" testId="d555ee4381e205dd" isPrimary="true" isTestCase="false" isDynamic="false">
                <codeReference assembly="SubSonic.Tests, Version=2.2.1.0, Culture=neutral, PublicKeyToken=null" namespace="SubSonic.Tests.SqlGenerators" type="SubSonic.Tests.SqlGenerators.MySqlGeneratorTests" />
                <codeLocation path="H:\Projects\Subsonic2\2.2git\SubSonic-2.0\SubSonic.Tests\SqlGenerators\MySqlGeneratorTests.cs" />
                <metadata>
                  <entry key="TestKind">
                    <value>Fixture</value>
                  </entry>
                </metadata>
              </testStep>
              <children>
                <testStepRun startTime="2011-01-29T18:23:50.2667166-07:00" endTime="2011-01-29T18:23:50.2787172-07:00">
                  <testStep id="c789b9992cb20353" name="Add_Column" fullName="SubSonic.Tests/MySqlGeneratorTests/Add_Column" testId="f83464f45f4bb980" isPrimary="true" isTestCase="true" isDynamic="false">
                    <codeReference assembly="SubSonic.Tests, Version=2.2.1.0, Culture=neutral, PublicKeyToken=null" namespace="SubSonic.Tests.SqlGenerators" type="SubSonic.Tests.SqlGenerators.MySqlGeneratorTests" member="Add_Column" />
                    <codeLocation path="H:\Projects\Subsonic2\2.2git\SubSonic-2.0\SubSonic.Tests\SqlGenerators\MySqlGeneratorTests.cs" line="46" />
                    <metadata>
                      <entry key="TestKind">
                        <value>Test</value>
                      </entry>
                    </metadata>
                  </testStep>
                  <children />
                  <result assertCount="1" duration="0.0104791">
                    <outcome status="passed" />
                  </result>
                  <testLog>
                    <streams />
                    <attachments />
                  </testLog>
                </testStepRun>
                <testStepRun startTime="2011-01-29T18:23:50.2797173-07:00" endTime="2011-01-29T18:23:50.2847176-07:00">
                  <testStep id="e401d413b690395f" name="Alter_Column" fullName="SubSonic.Tests/MySqlGeneratorTests/Alter_Column" testId="5a34a93f4a70d135" isPrimary="true" isTestCase="true" isDynamic="false">
                    <codeReference assembly="SubSonic.Tests, Version=2.2.1.0, Culture=neutral, PublicKeyToken=null" namespace="SubSonic.Tests.SqlGenerators" type="SubSonic.Tests.SqlGenerators.MySqlGeneratorTests" member="Alter_Column" />
                    <codeLocation path="H:\Projects\Subsonic2\2.2git\SubSonic-2.0\SubSonic.Tests\SqlGenerators\MySqlGeneratorTests.cs" line="61" />
                    <metadata>
                      <entry key="TestKind">
                        <value>Test</value>
                      </entry>
                    </metadata>
                  </testStep>
                  <children />
                  <result assertCount="1" duration="0.0026512">
                    <outcome status="passed" />
                  </result>
                  <testLog>
                    <streams />
                    <attachments />
                  </testLog>
                </testStepRun>
                <testStepRun startTime="2011-01-29T18:23:50.2867177-07:00" endTime="2011-01-29T18:23:50.291718-07:00">
                  <testStep id="25ab4874af71d46b" name="Create_Table" fullName="SubSonic.Tests/MySqlGeneratorTests/Create_Table" testId="21f87b47ae716092" isPrimary="true" isTestCase="true" isDynamic="false">
                    <codeReference assembly="SubSonic.Tests, Version=2.2.1.0, Culture=neutral, PublicKeyToken=null" namespace="SubSonic.Tests.SqlGenerators" type="SubSonic.Tests.SqlGenerators.MySqlGeneratorTests" member="Create_Table" />
                    <codeLocation path="H:\Projects\Subsonic2\2.2git\SubSonic-2.0\SubSonic.Tests\SqlGenerators\MySqlGeneratorTests.cs" line="31" />
                    <metadata>
                      <entry key="TestKind">
                        <value>Test</value>
                      </entry>
                    </metadata>
                  </testStep>
                  <children />
                  <result assertCount="1" duration="0.004814">
                    <outcome status="passed" />
                  </result>
                  <testLog>
                    <streams />
                    <attachments />
                  </testLog>
                </testStepRun>
                <testStepRun startTime="2011-01-29T18:23:50.2937181-07:00" endTime="2011-01-29T18:23:50.3027186-07:00">
                  <testStep id="bf64c68a7ed05b90" name="Drop_Table" fullName="SubSonic.Tests/MySqlGeneratorTests/Drop_Table" testId="86b9711ecc776484" isPrimary="true" isTestCase="true" isDynamic="false">
                    <codeReference assembly="SubSonic.Tests, Version=2.2.1.0, Culture=neutral, PublicKeyToken=null" namespace="SubSonic.Tests.SqlGenerators" type="SubSonic.Tests.SqlGenerators.MySqlGeneratorTests" member="Drop_Table" />
                    <codeLocation path="H:\Projects\Subsonic2\2.2git\SubSonic-2.0\SubSonic.Tests\SqlGenerators\MySqlGeneratorTests.cs" line="23" />
                    <metadata>
                      <entry key="TestKind">
                        <value>Test</value>
                      </entry>
                    </metadata>
                  </testStep>
                  <children />
                  <result assertCount="1" duration="0.0039149">
                    <outcome status="passed" />
                  </result>
                  <testLog>
                    <streams />
                    <attachments />
                  </testLog>
                </testStepRun>
                <testStepRun startTime="2011-01-29T18:23:50.3037187-07:00" endTime="2011-01-29T18:23:50.3127192-07:00">
                  <testStep id="1769912559800df8" name="Remove_Column" fullName="SubSonic.Tests/MySqlGeneratorTests/Remove_Column" testId="4b2410a3fffa3a15" isPrimary="true" isTestCase="true" isDynamic="false">
                    <codeReference assembly="SubSonic.Tests, Version=2.2.1.0, Culture=neutral, PublicKeyToken=null" namespace="SubSonic.Tests.SqlGenerators" type="SubSonic.Tests.SqlGenerators.MySqlGeneratorTests" member="Remove_Column" />
                    <codeLocation path="H:\Projects\Subsonic2\2.2git\SubSonic-2.0\SubSonic.Tests\SqlGenerators\MySqlGeneratorTests.cs" line="73" />
                    <metadata>
                      <entry key="TestKind">
                        <value>Test</value>
                      </entry>
                    </metadata>
                  </testStep>
                  <children />
                  <result assertCount="1" duration="0.0298855">
                    <outcome status="passed" />
                  </result>
                  <testLog>
                    <streams />
                    <attachments />
                  </testLog>
                </testStepRun>
                <testStepRun startTime="2011-01-29T18:23:50.3137192-07:00" endTime="2011-01-29T18:23:50.3217197-07:00">
                  <testStep id="8eaceac9f6c33c11" name="Select_ColumnList_Specified" fullName="SubSonic.Tests/MySqlGeneratorTests/Select_ColumnList_Specified" testId="58690fbdcef5469f" isPrimary="true" isTestCase="true" isDynamic="false">
                    <codeReference assembly="SubSonic.Tests, Version=2.2.1.0, Culture=neutral, PublicKeyToken=null" namespace="SubSonic.Tests.SqlGenerators" type="SubSonic.Tests.SqlGenerators.MySqlGeneratorTests" member="Select_ColumnList_Specified" />
                    <codeLocation path="H:\Projects\Subsonic2\2.2git\SubSonic-2.0\SubSonic.Tests\SqlGenerators\MySqlGeneratorTests.cs" line="12" />
                    <metadata>
                      <entry key="TestKind">
                        <value>Test</value>
                      </entry>
                    </metadata>
                  </testStep>
                  <children />
                  <result assertCount="1" duration="0.0120742">
                    <outcome status="passed" />
                  </result>
                  <testLog>
                    <streams />
                    <attachments />
                  </testLog>
                </testStepRun>
              </children>
              <result assertCount="6" duration="0.1024143">
                <outcome status="passed" />
              </result>
              <testLog>
                <streams />
                <attachments />
              </testLog>
            </testStepRun>
            <testStepRun startTime="2011-01-29T18:23:50.3407208-07:00" endTime="2011-01-29T18:23:50.7217426-07:00">
              <testStep id="9b9fdb0f63f9dca5" name="RepositoryTests" fullName="SubSonic.Tests/RepositoryTests" testId="6e5f3a8fac97c581" isPrimary="true" isTestCase="false" isDynamic="false">
                <codeReference assembly="SubSonic.Tests, Version=2.2.1.0, Culture=neutral, PublicKeyToken=null" namespace="SubSonic.Tests.Repository" type="SubSonic.Tests.Repository.RepositoryTests" />
                <codeLocation path="H:\Projects\Subsonic2\2.2git\SubSonic-2.0\SubSonic.Tests\Repository\RepositoryTests.cs" />
                <metadata>
                  <entry key="TestKind">
                    <value>Fixture</value>
                  </entry>
                </metadata>
              </testStep>
              <children>
                <testStepRun startTime="2011-01-29T18:23:50.343721-07:00" endTime="2011-01-29T18:23:50.4177252-07:00">
                  <testStep id="8af7011e55d1b287" name="Repository_DeleteByKey" fullName="SubSonic.Tests/RepositoryTests/Repository_DeleteByKey" testId="e8bdbb96571b6b71" isPrimary="true" isTestCase="true" isDynamic="false">
                    <codeReference assembly="SubSonic.Tests, Version=2.2.1.0, Culture=neutral, PublicKeyToken=null" namespace="SubSonic.Tests.Repository" type="SubSonic.Tests.Repository.RepositoryTests" member="Repository_DeleteByKey" />
                    <codeLocation path="H:\Projects\Subsonic2\2.2git\SubSonic-2.0\SubSonic.Tests\Repository\RepositoryTests.cs" line="112" />
                    <metadata>
                      <entry key="TestKind">
                        <value>Test</value>
                      </entry>
                    </metadata>
                  </testStep>
                  <children />
                  <result assertCount="2" duration="0.07504269999999999">
                    <outcome status="passed" />
                  </result>
                  <testLog>
                    <streams />
                    <attachments />
                  </testLog>
                </testStepRun>
                <testStepRun startTime="2011-01-29T18:23:50.4197253-07:00" endTime="2011-01-29T18:23:50.4457268-07:00">
                  <testStep id="38cc54468d0e1ea4" name="Repository_DestroyByKey" fullName="SubSonic.Tests/RepositoryTests/Repository_DestroyByKey" testId="d366ccde4824190f" isPrimary="true" isTestCase="true" isDynamic="false">
                    <codeReference assembly="SubSonic.Tests, Version=2.2.1.0, Culture=neutral, PublicKeyToken=null" namespace="SubSonic.Tests.Repository" type="SubSonic.Tests.Repository.RepositoryTests" member="Repository_DestroyByKey" />
                    <codeLocation path="H:\Projects\Subsonic2\2.2git\SubSonic-2.0\SubSonic.Tests\Repository\RepositoryTests.cs" line="144" />
                    <metadata>
                      <entry key="TestKind">
                        <value>Test</value>
                      </entry>
                    </metadata>
                  </testStep>
                  <children />
                  <result assertCount="2" duration="0.0180255">
                    <outcome status="passed" />
                  </result>
                  <testLog>
                    <streams />
                    <attachments />
                  </testLog>
                </testStepRun>
                <testStepRun startTime="2011-01-29T18:23:50.4477269-07:00" endTime="2011-01-29T18:23:50.6327375-07:00">
                  <testStep id="7021fed3fbdef0b0" name="Repository_FullCRUD" fullName="SubSonic.Tests/RepositoryTests/Repository_FullCRUD" testId="e89af05ec569a902" isPrimary="true" isTestCase="true" isDynamic="false">
                    <codeReference assembly="SubSonic.Tests, Version=2.2.1.0, Culture=neutral, PublicKeyToken=null" namespace="SubSonic.Tests.Repository" type="SubSonic.Tests.Repository.RepositoryTests" member="Repository_FullCRUD" />
                    <codeLocation path="H:\Projects\Subsonic2\2.2git\SubSonic-2.0\SubSonic.Tests\Repository\RepositoryTests.cs" line="33" />
                    <metadata>
                      <entry key="TestKind">
                        <value>Test</value>
                      </entry>
                    </metadata>
                  </testStep>
                  <children />
                  <result assertCount="6" duration="0.1839671">
                    <outcome status="passed" />
                  </result>
                  <testLog>
                    <streams />
                    <attachments />
                  </testLog>
                </testStepRun>
                <testStepRun startTime="2011-01-29T18:23:50.6337375-07:00" endTime="2011-01-29T18:23:50.6477383-07:00">
                  <testStep id="b29bb7f147f05ca2" name="Repository_Should_UpdateProductName" fullName="SubSonic.Tests/RepositoryTests/Repository_Should_UpdateProductName" testId="501bdffa4db407e3" isPrimary="true" isTestCase="true" isDynamic="false">
                    <codeReference assembly="SubSonic.Tests, Version=2.2.1.0, Culture=neutral, PublicKeyToken=null" namespace="SubSonic.Tests.Repository" type="SubSonic.Tests.Repository.RepositoryTests" member="Repository_Should_UpdateProductName" />
                    <codeLocation path="H:\Projects\Subsonic2\2.2git\SubSonic-2.0\SubSonic.Tests\Repository\RepositoryTests.cs" line="87" />
                    <metadata>
                      <entry key="TestKind">
                        <value>Test</value>
                      </entry>
                    </metadata>
                  </testStep>
                  <children />
                  <result assertCount="1" duration="0.013873799999999999">
                    <outcome status="passed" />
                  </result>
                  <testLog>
                    <streams />
                    <attachments />
                  </testLog>
                </testStepRun>
                <testStepRun startTime="2011-01-29T18:23:50.6527386-07:00" endTime="2011-01-29T18:23:50.6717397-07:00">
                  <testStep id="56d8cbcd977e9ae7" name="Repository_ShouldNot_ThrowWhenNoColumnsChanged" fullName="SubSonic.Tests/RepositoryTests/Repository_ShouldNot_ThrowWhenNoColumnsChanged" testId="b277c675572095f6" isPrimary="true" isTestCase="true" isDynamic="false">
                    <codeReference assembly="SubSonic.Tests, Version=2.2.1.0, Culture=neutral, PublicKeyToken=null" namespace="SubSonic.Tests.Repository" type="SubSonic.Tests.Repository.RepositoryTests" member="Repository_ShouldNot_ThrowWhenNoColumnsChanged" />
                    <codeLocation path="H:\Projects\Subsonic2\2.2git\SubSonic-2.0\SubSonic.Tests\Repository\RepositoryTests.cs" line="98" />
                    <metadata>
                      <entry key="TestKind">
                        <value>Test</value>
                      </entry>
                    </metadata>
                  </testStep>
                  <children />
                  <result assertCount="0" duration="0.0160914">
                    <outcome status="passed" />
                  </result>
                  <testLog>
                    <streams />
                    <attachments />
                  </testLog>
                </testStepRun>
                <testStepRun startTime="2011-01-29T18:23:50.6747399-07:00" endTime="2011-01-29T18:23:50.6837404-07:00">
                  <testStep id="56077af421f3ea22" name="Repository_Simple_Select" fullName="SubSonic.Tests/RepositoryTests/Repository_Simple_Select" testId="a194cf2f72fa0da3" isPrimary="true" isTestCase="true" isDynamic="false">
                    <codeReference assembly="SubSonic.Tests, Version=2.2.1.0, Culture=neutral, PublicKeyToken=null" namespace="SubSonic.Tests.Repository" type="SubSonic.Tests.Repository.RepositoryTests" member="Repository_Simple_Select" />
                    <codeLocation path="H:\Projects\Subsonic2\2.2git\SubSonic-2.0\SubSonic.Tests\Repository\RepositoryTests.cs" line="26" />
                    <metadata>
                      <entry key="TestKind">
                        <value>Test</value>
                      </entry>
                    </metadata>
                  </testStep>
                  <children />
                  <result assertCount="1" duration="0.0080638999999999988">
                    <outcome status="passed" />
                  </result>
                  <testLog>
                    <streams />
                    <attachments />
                  </testLog>
                </testStepRun>
                <testStepRun startTime="2011-01-29T18:23:50.6867406-07:00" endTime="2011-01-29T18:23:50.7147422-07:00">
                  <testStep id="5114df7d3ed9bb92" name="Respository_CollectionLoad" fullName="SubSonic.Tests/RepositoryTests/Respository_CollectionLoad" testId="436b3caa8a0dda25" isPrimary="true" isTestCase="true" isDynamic="false">
                    <codeReference assembly="SubSonic.Tests, Version=2.2.1.0, Culture=neutral, PublicKeyToken=null" namespace="SubSonic.Tests.Repository" type="SubSonic.Tests.Repository.RepositoryTests" member="Respository_CollectionLoad" />
                    <codeLocation path="H:\Projects\Subsonic2\2.2git\SubSonic-2.0\SubSonic.Tests\Repository\RepositoryTests.cs" line="106" />
                    <metadata>
                      <entry key="TestKind">
                        <value>Test</value>
                      </entry>
                    </metadata>
                  </testStep>
                  <children />
                  <result assertCount="1" duration="0.0221265">
                    <outcome status="passed" />
                  </result>
                  <testLog>
                    <streams />
                    <attachments />
                  </testLog>
                </testStepRun>
              </children>
              <result assertCount="13" duration="0.3817954">
                <outcome status="passed" />
              </result>
              <testLog>
                <streams />
                <attachments />
              </testLog>
            </testStepRun>
            <testStepRun startTime="2011-01-29T18:23:50.7247428-07:00" endTime="2011-01-29T18:23:52.8758658-07:00">
              <testStep id="66fbcd5fdb7b0779" name="SelectTests" fullName="SubSonic.Tests/SelectTests" testId="6be2c4890d451a28" isPrimary="true" isTestCase="false" isDynamic="false">
                <codeReference assembly="SubSonic.Tests, Version=2.2.1.0, Culture=neutral, PublicKeyToken=null" namespace="SubSonic.Tests.SqlQuery" type="SubSonic.Tests.SqlQuery.SelectTests" />
                <codeLocation path="H:\Projects\Subsonic2\2.2git\SubSonic-2.0\SubSonic.Tests\SqlQuery\SelectTests.cs" />
                <metadata>
                  <entry key="TestKind">
                    <value>Fixture</value>
                  </entry>
                </metadata>
              </testStep>
              <children>
                <testStepRun startTime="2011-01-29T18:23:50.7317432-07:00" endTime="2011-01-29T18:23:50.7877464-07:00">
                  <testStep id="3a195c3760827359" name="ActiveRecord_IsLoaded_ShouldBe_False_When_Record_Not_Present_Using_Key_Constructor" fullName="SubSonic.Tests/SelectTests/ActiveRecord_IsLoaded_ShouldBe_False_When_Record_Not_Present_Using_Key_Constructor" testId="236cc1b25668c8e1" isPrimary="true" isTestCase="true" isDynamic="false">
                    <codeReference assembly="SubSonic.Tests, Version=2.2.1.0, Culture=neutral, PublicKeyToken=null" namespace="SubSonic.Tests.SqlQuery" type="SubSonic.Tests.SqlQuery.SelectTests" member="ActiveRecord_IsLoaded_ShouldBe_False_When_Record_Not_Present_Using_Key_Constructor" />
                    <codeLocation path="H:\Projects\Subsonic2\2.2git\SubSonic-2.0\SubSonic.Tests\SqlQuery\SelectTests.cs" line="766" />
                    <metadata>
                      <entry key="TestKind">
                        <value>Test</value>
                      </entry>
                    </metadata>
                  </testStep>
                  <children />
                  <result assertCount="2" duration="0.054764799999999995">
                    <outcome status="passed" />
                  </result>
                  <testLog>
                    <streams />
                    <attachments />
                  </testLog>
                </testStepRun>
                <testStepRun startTime="2011-01-29T18:23:50.7917466-07:00" endTime="2011-01-29T18:23:50.8037473-07:00">
                  <testStep id="501bda0dfea97513" name="ActiveRecord_IsLoaded_ShouldBe_False_When_Record_Not_Present_Using_PK_Constructor" fullName="SubSonic.Tests/SelectTests/ActiveRecord_IsLoaded_ShouldBe_False_When_Record_Not_Present_Using_PK_Constructor" testId="a6abaedebb5cfa84" isPrimary="true" isTestCase="true" isDynamic="false">
                    <codeReference assembly="SubSonic.Tests, Version=2.2.1.0, Culture=neutral, PublicKeyToken=null" namespace="SubSonic.Tests.SqlQuery" type="SubSonic.Tests.SqlQuery.SelectTests" member="ActiveRecord_IsLoaded_ShouldBe_False_When_Record_Not_Present_Using_PK_Constructor" />
                    <codeLocation path="H:\Projects\Subsonic2\2.2git\SubSonic-2.0\SubSonic.Tests\SqlQuery\SelectTests.cs" line="756" />
                    <metadata>
                      <entry key="TestKind">
                        <value>Test</value>
                      </entry>
                    </metadata>
                  </testStep>
                  <children />
                  <result assertCount="2" duration="0.0105057">
                    <outcome status="passed" />
                  </result>
                  <testLog>
                    <streams />
                    <attachments />
                  </testLog>
                </testStepRun>
                <testStepRun startTime="2011-01-29T18:23:50.8097476-07:00" endTime="2011-01-29T18:23:50.8887521-07:00">
                  <testStep id="820df2f56ffa866" name="Collection_LoadTypedActiveRecord" fullName="SubSonic.Tests/SelectTests/Collection_LoadTypedActiveRecord" testId="71365874b01a3619" isPrimary="true" isTestCase="true" isDynamic="false">
                    <codeReference assembly="SubSonic.Tests, Version=2.2.1.0, Culture=neutral, PublicKeyToken=null" namespace="SubSonic.Tests.SqlQuery" type="SubSonic.Tests.SqlQuery.SelectTests" member="Collection_LoadTypedActiveRecord" />
                    <codeLocation path="H:\Projects\Subsonic2\2.2git\SubSonic-2.0\SubSonic.Tests\SqlQuery\SelectTests.cs" line="504" />
                    <metadata>
                      <entry key="TestKind">
                        <value>Test</value>
                      </entry>
                    </metadata>
                  </testStep>
                  <children />
                  <result assertCount="4" duration="0.0716092">
                    <outcome status="passed" />
                  </result>
                  <testLog>
                    <streams />
                    <attachments />
                  </testLog>
                </testStepRun>
                <testStepRun startTime="2011-01-29T18:23:50.8907522-07:00" endTime="2011-01-29T18:23:50.9137536-07:00">
                  <testStep id="baf6a96f4af317a5" name="Collection_LoadTypedObject" fullName="SubSonic.Tests/SelectTests/Collection_LoadTypedObject" testId="bc1decbc9fdc85cf" isPrimary="true" isTestCase="true" isDynamic="false">
                    <codeReference assembly="SubSonic.Tests, Version=2.2.1.0, Culture=neutral, PublicKeyToken=null" namespace="SubSonic.Tests.SqlQuery" type="SubSonic.Tests.SqlQuery.SelectTests" member="Collection_LoadTypedObject" />
                    <codeLocation path="H:\Projects\Subsonic2\2.2git\SubSonic-2.0\SubSonic.Tests\SqlQuery\SelectTests.cs" line="489" />
                    <metadata>
                      <entry key="TestKind">
                        <value>Test</value>
                      </entry>
                    </metadata>
                  </testStep>
                  <children />
                  <result assertCount="4" duration="0.026493899999999997">
                    <outcome status="passed" />
                  </result>
                  <testLog>
                    <streams />
                    <attachments />
                  </testLog>
                </testStepRun>
                <testStepRun startTime="2011-01-29T18:23:50.9187539-07:00" endTime="2011-01-29T18:23:50.9497556-07:00">
                  <testStep id="fc7edfc621649018" name="Constraints_Should_Be_Valid_When_Table_Not_In_From" fullName="SubSonic.Tests/SelectTests/Constraints_Should_Be_Valid_When_Table_Not_In_From" testId="4568dda4f4a5f281" isPrimary="true" isTestCase="true" isDynamic="false">
                    <codeReference assembly="SubSonic.Tests, Version=2.2.1.0, Culture=neutral, PublicKeyToken=null" namespace="SubSonic.Tests.SqlQuery" type="SubSonic.Tests.SqlQuery.SelectTests" member="Constraints_Should_Be_Valid_When_Table_Not_In_From" />
                    <codeLocation path="H:\Projects\Subsonic2\2.2git\SubSonic-2.0\SubSonic.Tests\SqlQuery\SelectTests.cs" line="777" />
                    <metadata>
                      <entry key="TestKind">
                        <value>Test</value>
                      </entry>
                    </metadata>
                  </testStep>
                  <children />
                  <result assertCount="1" duration="0.030638799999999997">
                    <outcome status="passed" />
                  </result>
                  <testLog>
                    <streams />
                    <attachments />
                  </testLog>
                </testStepRun>
                <testStepRun startTime="2011-01-29T18:23:50.9587561-07:00" endTime="2011-01-29T18:23:50.9857577-07:00">
                  <testStep id="c97ed36bb3459582" name="Exec_AggregateExpression" fullName="SubSonic.Tests/SelectTests/Exec_AggregateExpression" testId="b51a12706c7e1287" isPrimary="true" isTestCase="true" isDynamic="false">
                    <codeReference assembly="SubSonic.Tests, Version=2.2.1.0, Culture=neutral, PublicKeyToken=null" namespace="SubSonic.Tests.SqlQuery" type="SubSonic.Tests.SqlQuery.SelectTests" member="Exec_AggregateExpression" />
                    <codeLocation path="H:\Projects\Subsonic2\2.2git\SubSonic-2.0\SubSonic.Tests\SqlQuery\SelectTests.cs" line="294" />
                    <metadata>
                      <entry key="TestKind">
                        <value>Test</value>
                      </entry>
                    </metadata>
                  </testStep>
                  <children />
                  <result assertCount="1" duration="0.0096832">
                    <outcome status="passed" />
                  </result>
                  <testLog>
                    <streams />
                    <attachments />
                  </testLog>
                </testStepRun>
                <testStepRun startTime="2011-01-29T18:23:50.9877578-07:00" endTime="2011-01-29T18:23:50.9937581-07:00">
                  <testStep id="adad6dc955e7350d" name="Exec_Collection_Joined" fullName="SubSonic.Tests/SelectTests/Exec_Collection_Joined" testId="31c9b4bee0126aad" isPrimary="true" isTestCase="true" isDynamic="false">
                    <codeReference assembly="SubSonic.Tests, Version=2.2.1.0, Culture=neutral, PublicKeyToken=null" namespace="SubSonic.Tests.SqlQuery" type="SubSonic.Tests.SqlQuery.SelectTests" member="Exec_Collection_Joined" />
                    <codeLocation path="H:\Projects\Subsonic2\2.2git\SubSonic-2.0\SubSonic.Tests\SqlQuery\SelectTests.cs" line="188" />
                    <metadata>
                      <entry key="TestKind">
                        <value>Test</value>
                      </entry>
                    </metadata>
                  </testStep>
                  <children />
                  <result assertCount="1" duration="0.024329399999999998">
                    <outcome status="passed" />
                  </result>
                  <testLog>
                    <streams />
                    <attachments />
                  </testLog>
                </testStepRun>
                <testStepRun startTime="2011-01-29T18:23:51.0037587-07:00" endTime="2011-01-29T18:23:51.0167595-07:00">
                  <testStep id="d18887feef1cd130" name="Exec_Collection_JoinedWithLike" fullName="SubSonic.Tests/SelectTests/Exec_Collection_JoinedWithLike" testId="a0cce410e7044202" isPrimary="true" isTestCase="true" isDynamic="false">
                    <codeReference assembly="SubSonic.Tests, Version=2.2.1.0, Culture=neutral, PublicKeyToken=null" namespace="SubSonic.Tests.SqlQuery" type="SubSonic.Tests.SqlQuery.SelectTests" member="Exec_Collection_JoinedWithLike" />
                    <codeLocation path="H:\Projects\Subsonic2\2.2git\SubSonic-2.0\SubSonic.Tests\SqlQuery\SelectTests.cs" line="198" />
                    <metadata>
                      <entry key="TestKind">
                        <value>Test</value>
                      </entry>
                    </metadata>
                  </testStep>
                  <children />
                  <result assertCount="1" duration="0.0190806">
                    <outcome status="passed" />
                  </result>
                  <testLog>
                    <streams />
                    <attachments />
                  </testLog>
                </testStepRun>
                <testStepRun startTime="2011-01-29T18:23:51.0237599-07:00" endTime="2011-01-29T18:23:51.0417609-07:00">
                  <testStep id="21d562a9ebe6ed4e" name="Exec_Collection_JoinedWithLike_Typed" fullName="SubSonic.Tests/SelectTests/Exec_Collection_JoinedWithLike_Typed" testId="132b24ca35d178c6" isPrimary="true" isTestCase="true" isDynamic="false">
                    <codeReference assembly="SubSonic.Tests, Version=2.2.1.0, Culture=neutral, PublicKeyToken=null" namespace="SubSonic.Tests.SqlQuery" type="SubSonic.Tests.SqlQuery.SelectTests" member="Exec_Collection_JoinedWithLike_Typed" />
                    <codeLocation path="H:\Projects\Subsonic2\2.2git\SubSonic-2.0\SubSonic.Tests\SqlQuery\SelectTests.cs" line="209" />
                    <metadata>
                      <entry key="TestKind">
                        <value>Test</value>
                      </entry>
                    </metadata>
                  </testStep>
                  <children />
                  <result assertCount="1" duration="0.016573499999999998">
                    <outcome status="passed" />
                  </result>
                  <testLog>
                    <streams />
                    <attachments />
                  </testLog>
                </testStepRun>
                <testStepRun startTime="2011-01-29T18:23:51.0457611-07:00" endTime="2011-01-29T18:23:51.0697625-07:00">
                  <testStep id="f9c26bb9fe0e1338" name="Exec_Collection_Simple" fullName="SubSonic.Tests/SelectTests/Exec_Collection_Simple" testId="f724d8da54cedb9b" isPrimary="true" isTestCase="true" isDynamic="false">
                    <codeReference assembly="SubSonic.Tests, Version=2.2.1.0, Culture=neutral, PublicKeyToken=null" namespace="SubSonic.Tests.SqlQuery" type="SubSonic.Tests.SqlQuery.SelectTests" member="Exec_Collection_Simple" />
                    <codeLocation path="H:\Projects\Subsonic2\2.2git\SubSonic-2.0\SubSonic.Tests\SqlQuery\SelectTests.cs" line="180" />
                    <metadata>
                      <entry key="TestKind">
                        <value>Test</value>
                      </entry>
                    </metadata>
                  </testStep>
                  <children />
                  <result assertCount="1" duration="0.0162433">
                    <outcome status="passed" />
                  </result>
                  <testLog>
                    <streams />
                    <attachments />
                  </testLog>
                </testStepRun>
                <testStepRun startTime="2011-01-29T18:23:51.0727627-07:00" endTime="2011-01-29T18:23:51.1087647-07:00">
                  <testStep id="8644c7c06dabbcd4" name="Exec_Distinct_JoinedWithLike" fullName="SubSonic.Tests/SelectTests/Exec_Distinct_JoinedWithLike" testId="fd862e1efb5cce42" isPrimary="true" isTestCase="true" isDynamic="false">
                    <codeReference assembly="SubSonic.Tests, Version=2.2.1.0, Culture=neutral, PublicKeyToken=null" namespace="SubSonic.Tests.SqlQuery" type="SubSonic.Tests.SqlQuery.SelectTests" member="Exec_Distinct_JoinedWithLike" />
                    <codeLocation path="H:\Projects\Subsonic2\2.2git\SubSonic-2.0\SubSonic.Tests\SqlQuery\SelectTests.cs" line="281" />
                    <metadata>
                      <entry key="TestKind">
                        <value>Test</value>
                      </entry>
                    </metadata>
                  </testStep>
                  <children />
                  <result assertCount="1" duration="0.0350256">
                    <outcome status="passed" />
                  </result>
                  <testLog>
                    <streams />
                    <attachments />
                  </testLog>
                </testStepRun>
                <testStepRun startTime="2011-01-29T18:23:51.113765-07:00" endTime="2011-01-29T18:23:51.1277658-07:00">
                  <testStep id="ccf87b1d9b2c8543" name="Exec_DistinctTypedList" fullName="SubSonic.Tests/SelectTests/Exec_DistinctTypedList" testId="5a2d7a12510dc65c" isPrimary="true" isTestCase="true" isDynamic="false">
                    <codeReference assembly="SubSonic.Tests, Version=2.2.1.0, Culture=neutral, PublicKeyToken=null" namespace="SubSonic.Tests.SqlQuery" type="SubSonic.Tests.SqlQuery.SelectTests" member="Exec_DistinctTypedList" />
                    <codeLocation path="H:\Projects\Subsonic2\2.2git\SubSonic-2.0\SubSonic.Tests\SqlQuery\SelectTests.cs" line="260" />
                    <metadata>
                      <entry key="TestKind">
                        <value>Test</value>
                      </entry>
                    </metadata>
                  </testStep>
                  <children />
                  <result assertCount="1" duration="0.0134244">
                    <outcome status="passed" />
                  </result>
                  <testLog>
                    <streams />
                    <attachments />
                  </testLog>
                </testStepRun>
                <testStepRun startTime="2011-01-29T18:23:51.131766-07:00" endTime="2011-01-29T18:23:51.218771-07:00">
                  <testStep id="482c1e24e3dd8ca4" name="Exec_DistinctWithWhere" fullName="SubSonic.Tests/SelectTests/Exec_DistinctWithWhere" testId="6b2d4c29e11f2d4a" isPrimary="true" isTestCase="true" isDynamic="false">
                    <codeReference assembly="SubSonic.Tests, Version=2.2.1.0, Culture=neutral, PublicKeyToken=null" namespace="SubSonic.Tests.SqlQuery" type="SubSonic.Tests.SqlQuery.SelectTests" member="Exec_DistinctWithWhere" />
                    <codeLocation path="H:\Projects\Subsonic2\2.2git\SubSonic-2.0\SubSonic.Tests\SqlQuery\SelectTests.cs" line="269" />
                    <metadata>
                      <entry key="TestKind">
                        <value>Test</value>
                      </entry>
                    </metadata>
                  </testStep>
                  <children />
                  <result assertCount="1" duration="0.084727">
                    <outcome status="passed" />
                  </result>
                  <testLog>
                    <streams />
                    <attachments />
                  </testLog>
                </testStepRun>
                <testStepRun startTime="2011-01-29T18:23:51.2207711-07:00" endTime="2011-01-29T18:23:51.2417723-07:00">
                  <testStep id="971cb126c7d43db2" name="Exec_ExpressionSimpleOr" fullName="SubSonic.Tests/SelectTests/Exec_ExpressionSimpleOr" testId="8e62c4902bbffe5a" isPrimary="true" isTestCase="true" isDynamic="false">
                    <codeReference assembly="SubSonic.Tests, Version=2.2.1.0, Culture=neutral, PublicKeyToken=null" namespace="SubSonic.Tests.SqlQuery" type="SubSonic.Tests.SqlQuery.SelectTests" member="Exec_ExpressionSimpleOr" />
                    <codeLocation path="H:\Projects\Subsonic2\2.2git\SubSonic-2.0\SubSonic.Tests\SqlQuery\SelectTests.cs" line="225" />
                    <metadata>
                      <entry key="TestKind">
                        <value>Test</value>
                      </entry>
                    </metadata>
                  </testStep>
                  <children />
                  <result assertCount="1" duration="0.0211091">
                    <outcome status="passed" />
                  </result>
                  <testLog>
                    <streams />
                    <attachments />
                  </testLog>
                </testStepRun>
                <testStepRun startTime="2011-01-29T18:23:51.2487727-07:00" endTime="2011-01-29T18:23:51.2757743-07:00">
                  <testStep id="bdd84336d296c145" name="Exec_InWithSelect" fullName="SubSonic.Tests/SelectTests/Exec_InWithSelect" testId="bd348406aaf1a6c0" isPrimary="true" isTestCase="true" isDynamic="false">
                    <codeReference assembly="SubSonic.Tests, Version=2.2.1.0, Culture=neutral, PublicKeyToken=null" namespace="SubSonic.Tests.SqlQuery" type="SubSonic.Tests.SqlQuery.SelectTests" member="Exec_InWithSelect" />
                    <codeLocation path="H:\Projects\Subsonic2\2.2git\SubSonic-2.0\SubSonic.Tests\SqlQuery\SelectTests.cs" line="411" />
                    <metadata>
                      <entry key="TestKind">
                        <value>Test</value>
                      </entry>
                    </metadata>
                  </testStep>
                  <children />
                  <result assertCount="1" duration="0.013236999999999999">
                    <outcome status="passed" />
                  </result>
                  <testLog>
                    <streams />
                    <attachments />
                  </testLog>
                </testStepRun>
                <testStepRun startTime="2011-01-29T18:23:51.2777744-07:00" endTime="2011-01-29T18:23:51.2977755-07:00">
                  <testStep id="ebd7ee69a88694f7" name="Exec_LeftOuterJoin_With_Generics" fullName="SubSonic.Tests/SelectTests/Exec_LeftOuterJoin_With_Generics" testId="b370eaf8c520c214" isPrimary="true" isTestCase="true" isDynamic="false">
                    <codeReference assembly="SubSonic.Tests, Version=2.2.1.0, Culture=neutral, PublicKeyToken=null" namespace="SubSonic.Tests.SqlQuery" type="SubSonic.Tests.SqlQuery.SelectTests" member="Exec_LeftOuterJoin_With_Generics" />
                    <codeLocation path="H:\Projects\Subsonic2\2.2git\SubSonic-2.0\SubSonic.Tests\SqlQuery\SelectTests.cs" line="142" />
                    <metadata>
                      <entry key="TestKind">
                        <value>Test</value>
                      </entry>
                    </metadata>
                  </testStep>
                  <children />
                  <result assertCount="1" duration="0.0353526">
                    <outcome status="passed" />
                  </result>
                  <testLog>
                    <streams />
                    <attachments />
                  </testLog>
                </testStepRun>
                <testStepRun startTime="2011-01-29T18:23:51.2997756-07:00" endTime="2011-01-29T18:23:51.3097762-07:00">
                  <testStep id="d233bcec814f1076" name="Exec_LeftOuterJoin_With_String" fullName="SubSonic.Tests/SelectTests/Exec_LeftOuterJoin_With_String" testId="fed03b517481075a" isPrimary="true" isTestCase="true" isDynamic="false">
                    <codeReference assembly="SubSonic.Tests, Version=2.2.1.0, Culture=neutral, PublicKeyToken=null" namespace="SubSonic.Tests.SqlQuery" type="SubSonic.Tests.SqlQuery.SelectTests" member="Exec_LeftOuterJoin_With_String" />
                    <codeLocation path="H:\Projects\Subsonic2\2.2git\SubSonic-2.0\SubSonic.Tests\SqlQuery\SelectTests.cs" line="153" />
                    <metadata>
                      <entry key="TestKind">
                        <value>Test</value>
                      </entry>
                    </metadata>
                  </testStep>
                  <children />
                  <result assertCount="1" duration="0.0089217999999999988">
                    <outcome status="passed" />
                  </result>
                  <testLog>
                    <streams />
                    <attachments />
                  </testLog>
                </testStepRun>
                <testStepRun startTime="2011-01-29T18:23:51.3117763-07:00" endTime="2011-01-29T18:23:51.3277772-07:00">
                  <testStep id="e9f60c186a86cdb" name="Exec_LeftOuterJoin_With_TableColumn" fullName="SubSonic.Tests/SelectTests/Exec_LeftOuterJoin_With_TableColumn" testId="3d2d9c292f0de222" isPrimary="true" isTestCase="true" isDynamic="false">
                    <codeReference assembly="SubSonic.Tests, Version=2.2.1.0, Culture=neutral, PublicKeyToken=null" namespace="SubSonic.Tests.SqlQuery" type="SubSonic.Tests.SqlQuery.SelectTests" member="Exec_LeftOuterJoin_With_TableColumn" />
                    <codeLocation path="H:\Projects\Subsonic2\2.2git\SubSonic-2.0\SubSonic.Tests\SqlQuery\SelectTests.cs" line="131" />
                    <metadata>
                      <entry key="TestKind">
                        <value>Test</value>
                      </entry>
                    </metadata>
                  </testStep>
                  <children />
                  <result assertCount="1" duration="0.0121734">
                    <outcome status="passed" />
                  </result>
                  <testLog>
                    <streams />
                    <attachments />
                  </testLog>
                </testStepRun>
                <testStepRun startTime="2011-01-29T18:23:51.3307774-07:00" endTime="2011-01-29T18:23:51.3637793-07:00">
                  <testStep id="d735085224883422" name="Exec_MultiJoin" fullName="SubSonic.Tests/SelectTests/Exec_MultiJoin" testId="2567e98394606df2" isPrimary="true" isTestCase="true" isDynamic="false">
                    <codeReference assembly="SubSonic.Tests, Version=2.2.1.0, Culture=neutral, PublicKeyToken=null" namespace="SubSonic.Tests.SqlQuery" type="SubSonic.Tests.SqlQuery.SelectTests" member="Exec_MultiJoin" />
                    <codeLocation path="H:\Projects\Subsonic2\2.2git\SubSonic-2.0\SubSonic.Tests\SqlQuery\SelectTests.cs" line="117" />
                    <metadata>
                      <entry key="TestKind">
                        <value>Test</value>
                      </entry>
                    </metadata>
                  </testStep>
                  <children />
                  <result assertCount="1" duration="0.0327875">
                    <outcome status="passed" />
                  </result>
                  <testLog>
                    <streams />
                    <attachments />
                  </testLog>
                </testStepRun>
                <testStepRun startTime="2011-01-29T18:23:51.3697796-07:00" endTime="2011-01-29T18:23:51.3857806-07:00">
                  <testStep id="b4e4d3c9cd796557" name="Exec_MultipleInWithAnd" fullName="SubSonic.Tests/SelectTests/Exec_MultipleInWithAnd" testId="3bf89f1b0ab491f9" isPrimary="true" isTestCase="true" isDynamic="false">
                    <codeReference assembly="SubSonic.Tests, Version=2.2.1.0, Culture=neutral, PublicKeyToken=null" namespace="SubSonic.Tests.SqlQuery" type="SubSonic.Tests.SqlQuery.SelectTests" member="Exec_MultipleInWithAnd" />
                    <codeLocation path="H:\Projects\Subsonic2\2.2git\SubSonic-2.0\SubSonic.Tests\SqlQuery\SelectTests.cs" line="424" />
                    <metadata>
                      <entry key="TestKind">
                        <value>Test</value>
                      </entry>
                    </metadata>
                  </testStep>
                  <children />
                  <result assertCount="1" duration="0.0097226999999999991">
                    <outcome status="passed" />
                  </result>
                  <testLog>
                    <streams />
                    <attachments />
                  </testLog>
                </testStepRun>
                <testStepRun startTime="2011-01-29T18:23:51.3877807-07:00" endTime="2011-01-29T18:23:51.4037816-07:00">
                  <testStep id="8af4e6708d37f317" name="Exec_NestedExpression" fullName="SubSonic.Tests/SelectTests/Exec_NestedExpression" testId="9fa32c4d90d19139" isPrimary="true" isTestCase="true" isDynamic="false">
                    <codeReference assembly="SubSonic.Tests, Version=2.2.1.0, Culture=neutral, PublicKeyToken=null" namespace="SubSonic.Tests.SqlQuery" type="SubSonic.Tests.SqlQuery.SelectTests" member="Exec_NestedExpression" />
                    <codeLocation path="H:\Projects\Subsonic2\2.2git\SubSonic-2.0\SubSonic.Tests\SqlQuery\SelectTests.cs" line="236" />
                    <metadata>
                      <entry key="TestKind">
                        <value>Test</value>
                      </entry>
                    </metadata>
                  </testStep>
                  <children />
                  <result assertCount="1" duration="0.017536299999999998">
                    <outcome status="passed" />
                  </result>
                  <testLog>
                    <streams />
                    <attachments />
                  </testLog>
                </testStepRun>
                <testStepRun startTime="2011-01-29T18:23:51.4057817-07:00" endTime="2011-01-29T18:23:51.4227827-07:00">
                  <testStep id="231e1d372672a1eb" name="Exec_NotInWithSelect" fullName="SubSonic.Tests/SelectTests/Exec_NotInWithSelect" testId="2c5da3bbf6b730ae" isPrimary="true" isTestCase="true" isDynamic="false">
                    <codeReference assembly="SubSonic.Tests, Version=2.2.1.0, Culture=neutral, PublicKeyToken=null" namespace="SubSonic.Tests.SqlQuery" type="SubSonic.Tests.SqlQuery.SelectTests" member="Exec_NotInWithSelect" />
                    <codeLocation path="H:\Projects\Subsonic2\2.2git\SubSonic-2.0\SubSonic.Tests\SqlQuery\SelectTests.cs" line="607" />
                    <metadata>
                      <entry key="TestKind">
                        <value>Test</value>
                      </entry>
                    </metadata>
                  </testStep>
                  <children />
                  <result assertCount="2" duration="0.021089">
                    <outcome status="passed" />
                  </result>
                  <testLog>
                    <streams />
                    <attachments />
                  </testLog>
                </testStepRun>
                <testStepRun startTime="2011-01-29T18:23:51.4367835-07:00" endTime="2011-01-29T18:23:51.4687853-07:00">
                  <testStep id="2c309abb885d416e" name="Exec_PagedJoined" fullName="SubSonic.Tests/SelectTests/Exec_PagedJoined" testId="e815c74b1a7225d2" isPrimary="true" isTestCase="true" isDynamic="false">
                    <codeReference assembly="SubSonic.Tests, Version=2.2.1.0, Culture=neutral, PublicKeyToken=null" namespace="SubSonic.Tests.SqlQuery" type="SubSonic.Tests.SqlQuery.SelectTests" member="Exec_PagedJoined" />
                    <codeLocation path="H:\Projects\Subsonic2\2.2git\SubSonic-2.0\SubSonic.Tests\SqlQuery\SelectTests.cs" line="319" />
                    <metadata>
                      <entry key="TestKind">
                        <value>Test</value>
                      </entry>
                    </metadata>
                  </testStep>
                  <children />
                  <result assertCount="1" duration="0.027541799999999998">
                    <outcome status="passed" />
                  </result>
                  <testLog>
                    <streams />
                    <attachments />
                  </testLog>
                </testStepRun>
                <testStepRun startTime="2011-01-29T18:23:51.4697854-07:00" endTime="2011-01-29T18:23:51.4887865-07:00">
                  <testStep id="4f1e6acfb15f97a" name="Exec_PagedSimple" fullName="SubSonic.Tests/SelectTests/Exec_PagedSimple" testId="2763a03853c61560" isPrimary="true" isTestCase="true" isDynamic="false">
                    <codeReference assembly="SubSonic.Tests, Version=2.2.1.0, Culture=neutral, PublicKeyToken=null" namespace="SubSonic.Tests.SqlQuery" type="SubSonic.Tests.SqlQuery.SelectTests" member="Exec_PagedSimple" />
                    <codeLocation path="H:\Projects\Subsonic2\2.2git\SubSonic-2.0\SubSonic.Tests\SqlQuery\SelectTests.cs" line="311" />
                    <metadata>
                      <entry key="TestKind">
                        <value>Test</value>
                      </entry>
                    </metadata>
                  </testStep>
                  <children />
                  <result assertCount="1" duration="0.0216992">
                    <outcome status="passed" />
                  </result>
                  <testLog>
                    <streams />
                    <attachments />
                  </testLog>
                </testStepRun>
                <testStepRun startTime="2011-01-29T18:23:51.4907866-07:00" endTime="2011-01-29T18:23:51.9658137-07:00">
                  <testStep id="1fc399df6d3d7e33" name="Exec_PagedView" fullName="SubSonic.Tests/SelectTests/Exec_PagedView" testId="df430da5e68d2630" isPrimary="true" isTestCase="true" isDynamic="false">
                    <codeReference assembly="SubSonic.Tests, Version=2.2.1.0, Culture=neutral, PublicKeyToken=null" namespace="SubSonic.Tests.SqlQuery" type="SubSonic.Tests.SqlQuery.SelectTests" member="Exec_PagedView" />
                    <codeLocation path="H:\Projects\Subsonic2\2.2git\SubSonic-2.0\SubSonic.Tests\SqlQuery\SelectTests.cs" line="333" />
                    <metadata>
                      <entry key="TestKind">
                        <value>Test</value>
                      </entry>
                    </metadata>
                  </testStep>
                  <children />
                  <result assertCount="1" duration="0.476309">
                    <outcome status="failed" />
                  </result>
                  <testLog>
                    <streams>
                      <stream name="Failures">
                        <body>
                          <contents>
                            <marker class="AssertionFailure">
                              <contents>
                                <section name="Expected value to be true.">
                                  <contents>
                                    <text><![CDATA[
]]></text>
                                    <marker class="Monospace">
                                      <contents>
                                        <marker class="Label">
                                          <contents>
                                            <text><![CDATA[Actual Value : ]]></text>
                                          </contents>
                                          <attributes />
                                        </marker>
                                        <text><![CDATA[false
]]></text>
                                      </contents>
                                      <attributes />
                                    </marker>
                                    <text><![CDATA[
]]></text>
                                    <marker class="StackTrace">
                                      <contents>
                                        <text><![CDATA[   at SubSonic.Tests.SqlQuery.SelectTests.Exec_PagedView() in ]]></text>
                                        <marker class="CodeLocation">
                                          <contents>
                                            <text><![CDATA[H:\Projects\Subsonic2\2.2git\SubSonic-2.0\SubSonic.Tests\SqlQuery\SelectTests.cs:line 336]]></text>
                                          </contents>
                                          <attributes>
                                            <attribute name="line" value="336" />
                                            <attribute name="path" value="H:\Projects\Subsonic2\2.2git\SubSonic-2.0\SubSonic.Tests\SqlQuery\SelectTests.cs" />
                                          </attributes>
                                        </marker>
                                      </contents>
                                      <attributes />
                                    </marker>
                                    <text><![CDATA[
]]></text>
                                  </contents>
                                </section>
                              </contents>
                              <attributes />
                            </marker>
                          </contents>
                        </body>
                      </stream>
                    </streams>
                    <attachments />
                  </testLog>
                </testStepRun>
                <testStepRun startTime="2011-01-29T18:23:51.9688139-07:00" endTime="2011-01-29T18:23:52.1538245-07:00">
                  <testStep id="d3d08cdbfe0c71ed" name="Exec_PagedViewJoined" fullName="SubSonic.Tests/SelectTests/Exec_PagedViewJoined" testId="a76cc2aa7909eef2" isPrimary="true" isTestCase="true" isDynamic="false">
                    <codeReference assembly="SubSonic.Tests, Version=2.2.1.0, Culture=neutral, PublicKeyToken=null" namespace="SubSonic.Tests.SqlQuery" type="SubSonic.Tests.SqlQuery.SelectTests" member="Exec_PagedViewJoined" />
                    <codeLocation path="H:\Projects\Subsonic2\2.2git\SubSonic-2.0\SubSonic.Tests\SqlQuery\SelectTests.cs" line="341" />
                    <metadata>
                      <entry key="TestKind">
                        <value>Test</value>
                      </entry>
                    </metadata>
                  </testStep>
                  <children />
                  <result assertCount="1" duration="0.169297">
                    <outcome status="failed" />
                  </result>
                  <testLog>
                    <streams>
                      <stream name="Failures">
                        <body>
                          <contents>
                            <marker class="AssertionFailure">
                              <contents>
                                <section name="Expected value to be true.">
                                  <contents>
                                    <text><![CDATA[
]]></text>
                                    <marker class="Monospace">
                                      <contents>
                                        <marker class="Label">
                                          <contents>
                                            <text><![CDATA[Actual Value : ]]></text>
                                          </contents>
                                          <attributes />
                                        </marker>
                                        <text><![CDATA[false
]]></text>
                                      </contents>
                                      <attributes />
                                    </marker>
                                    <text><![CDATA[
]]></text>
                                    <marker class="StackTrace">
                                      <contents>
                                        <text><![CDATA[   at SubSonic.Tests.SqlQuery.SelectTests.Exec_PagedViewJoined() in ]]></text>
                                        <marker class="CodeLocation">
                                          <contents>
                                            <text><![CDATA[H:\Projects\Subsonic2\2.2git\SubSonic-2.0\SubSonic.Tests\SqlQuery\SelectTests.cs:line 344]]></text>
                                          </contents>
                                          <attributes>
                                            <attribute name="line" value="344" />
                                            <attribute name="path" value="H:\Projects\Subsonic2\2.2git\SubSonic-2.0\SubSonic.Tests\SqlQuery\SelectTests.cs" />
                                          </attributes>
                                        </marker>
                                      </contents>
                                      <attributes />
                                    </marker>
                                    <text><![CDATA[
]]></text>
                                  </contents>
                                </section>
                              </contents>
                              <attributes />
                            </marker>
                          </contents>
                        </body>
                      </stream>
                    </streams>
                    <attachments />
                  </testLog>
                </testStepRun>
                <testStepRun startTime="2011-01-29T18:23:52.1558246-07:00" endTime="2011-01-29T18:23:52.162825-07:00">
                  <testStep id="f837c10d26cda3a3" name="Exec_Select_Top_Ten" fullName="SubSonic.Tests/SelectTests/Exec_Select_Top_Ten" testId="7fba649d1c73c23f" isPrimary="true" isTestCase="true" isDynamic="false">
                    <codeReference assembly="SubSonic.Tests, Version=2.2.1.0, Culture=neutral, PublicKeyToken=null" namespace="SubSonic.Tests.SqlQuery" type="SubSonic.Tests.SqlQuery.SelectTests" member="Exec_Select_Top_Ten" />
                    <codeLocation path="H:\Projects\Subsonic2\2.2git\SubSonic-2.0\SubSonic.Tests\SqlQuery\SelectTests.cs" line="166" />
                    <metadata>
                      <entry key="TestKind">
                        <value>Test</value>
                      </entry>
                    </metadata>
                  </testStep>
                  <children />
                  <result assertCount="1" duration="0.0079218">
                    <outcome status="passed" />
                  </result>
                  <testLog>
                    <streams />
                    <attachments />
                  </testLog>
                </testStepRun>
                <testStepRun startTime="2011-01-29T18:23:52.1638251-07:00" endTime="2011-01-29T18:23:52.1718255-07:00">
                  <testStep id="d59f0aec64a8b075" name="Exec_Simple" fullName="SubSonic.Tests/SelectTests/Exec_Simple" testId="d943452b33fb4d6d" isPrimary="true" isTestCase="true" isDynamic="false">
                    <codeReference assembly="SubSonic.Tests, Version=2.2.1.0, Culture=neutral, PublicKeyToken=null" namespace="SubSonic.Tests.SqlQuery" type="SubSonic.Tests.SqlQuery.SelectTests" member="Exec_Simple" />
                    <codeLocation path="H:\Projects\Subsonic2\2.2git\SubSonic-2.0\SubSonic.Tests\SqlQuery\SelectTests.cs" line="29" />
                    <metadata>
                      <entry key="TestKind">
                        <value>Test</value>
                      </entry>
                    </metadata>
                  </testStep>
                  <children />
                  <result assertCount="1" duration="0.0029592">
                    <outcome status="passed" />
                  </result>
                  <testLog>
                    <streams />
                    <attachments />
                  </testLog>
                </testStepRun>
                <testStepRun startTime="2011-01-29T18:23:52.1738256-07:00" endTime="2011-01-29T18:23:52.1858263-07:00">
                  <testStep id="b6c3220cd7e69753" name="Exec_SimpleAnd" fullName="SubSonic.Tests/SelectTests/Exec_SimpleAnd" testId="84acacf34f8286da" isPrimary="true" isTestCase="true" isDynamic="false">
                    <codeReference assembly="SubSonic.Tests, Version=2.2.1.0, Culture=neutral, PublicKeyToken=null" namespace="SubSonic.Tests.SqlQuery" type="SubSonic.Tests.SqlQuery.SelectTests" member="Exec_SimpleAnd" />
                    <codeLocation path="H:\Projects\Subsonic2\2.2git\SubSonic-2.0\SubSonic.Tests\SqlQuery\SelectTests.cs" line="354" />
                    <metadata>
                      <entry key="TestKind">
                        <value>Test</value>
                      </entry>
                    </metadata>
                  </testStep>
                  <children />
                  <result assertCount="1" duration="0.0290746">
                    <outcome status="passed" />
                  </result>
                  <testLog>
                    <streams />
                    <attachments />
                  </testLog>
                </testStepRun>
                <testStepRun startTime="2011-01-29T18:23:52.1868264-07:00" endTime="2011-01-29T18:23:52.1958269-07:00">
                  <testStep id="9c4d3e06c8aa1f8e" name="Exec_SimpleAnd2" fullName="SubSonic.Tests/SelectTests/Exec_SimpleAnd2" testId="f5a54afea386b971" isPrimary="true" isTestCase="true" isDynamic="false">
                    <codeReference assembly="SubSonic.Tests, Version=2.2.1.0, Culture=neutral, PublicKeyToken=null" namespace="SubSonic.Tests.SqlQuery" type="SubSonic.Tests.SqlQuery.SelectTests" member="Exec_SimpleAnd2" />
                    <codeLocation path="H:\Projects\Subsonic2\2.2git\SubSonic-2.0\SubSonic.Tests\SqlQuery\SelectTests.cs" line="368" />
                    <metadata>
                      <entry key="TestKind">
                        <value>Test</value>
                      </entry>
                    </metadata>
                  </testStep>
                  <children />
                  <result assertCount="1" duration="0.0109867">
                    <outcome status="passed" />
                  </result>
                  <testLog>
                    <streams />
                    <attachments />
                  </testLog>
                </testStepRun>
                <testStepRun startTime="2011-01-29T18:23:52.197827-07:00" endTime="2011-01-29T18:23:52.2178282-07:00">
                  <testStep id="78981fd5d0b51452" name="Exec_SimpleAnd3" fullName="SubSonic.Tests/SelectTests/Exec_SimpleAnd3" testId="6c069a77c4600266" isPrimary="true" isTestCase="true" isDynamic="false">
                    <codeReference assembly="SubSonic.Tests, Version=2.2.1.0, Culture=neutral, PublicKeyToken=null" namespace="SubSonic.Tests.SqlQuery" type="SubSonic.Tests.SqlQuery.SelectTests" member="Exec_SimpleAnd3" />
                    <codeLocation path="H:\Projects\Subsonic2\2.2git\SubSonic-2.0\SubSonic.Tests\SqlQuery\SelectTests.cs" line="382" />
                    <metadata>
                      <entry key="TestKind">
                        <value>Test</value>
                      </entry>
                    </metadata>
                  </testStep>
                  <children />
                  <result assertCount="1" duration="0.015614399999999999">
                    <outcome status="passed" />
                  </result>
                  <testLog>
                    <streams />
                    <attachments />
                  </testLog>
                </testStepRun>
                <testStepRun startTime="2011-01-29T18:23:52.2198283-07:00" endTime="2011-01-29T18:23:52.2288288-07:00">
                  <testStep id="ffc3bd2a05720f3b" name="Exec_SimpleAsSingle" fullName="SubSonic.Tests/SelectTests/Exec_SimpleAsSingle" testId="55446d52438c14d0" isPrimary="true" isTestCase="true" isDynamic="false">
                    <codeReference assembly="SubSonic.Tests, Version=2.2.1.0, Culture=neutral, PublicKeyToken=null" namespace="SubSonic.Tests.SqlQuery" type="SubSonic.Tests.SqlQuery.SelectTests" member="Exec_SimpleAsSingle" />
                    <codeLocation path="H:\Projects\Subsonic2\2.2git\SubSonic-2.0\SubSonic.Tests\SqlQuery\SelectTests.cs" line="43" />
                    <metadata>
                      <entry key="TestKind">
                        <value>Test</value>
                      </entry>
                    </metadata>
                  </testStep>
                  <children />
                  <result assertCount="1" duration="0.0124776">
                    <outcome status="passed" />
                  </result>
                  <testLog>
                    <streams />
                    <attachments />
                  </testLog>
                </testStepRun>
                <testStepRun startTime="2011-01-29T18:23:52.2378293-07:00" endTime="2011-01-29T18:23:52.2588305-07:00">
                  <testStep id="7e22f783d123cf06" name="Exec_SimpleIn" fullName="SubSonic.Tests/SelectTests/Exec_SimpleIn" testId="cc4967ca3f4a2c02" isPrimary="true" isTestCase="true" isDynamic="false">
                    <codeReference assembly="SubSonic.Tests, Version=2.2.1.0, Culture=neutral, PublicKeyToken=null" namespace="SubSonic.Tests.SqlQuery" type="SubSonic.Tests.SqlQuery.SelectTests" member="Exec_SimpleIn" />
                    <codeLocation path="H:\Projects\Subsonic2\2.2git\SubSonic-2.0\SubSonic.Tests\SqlQuery\SelectTests.cs" line="402" />
                    <metadata>
                      <entry key="TestKind">
                        <value>Test</value>
                      </entry>
                    </metadata>
                  </testStep>
                  <children />
                  <result assertCount="1" duration="0.0090148">
                    <outcome status="passed" />
                  </result>
                  <testLog>
                    <streams />
                    <attachments />
                  </testLog>
                </testStepRun>
                <testStepRun startTime="2011-01-29T18:23:52.2598306-07:00" endTime="2011-01-29T18:23:52.2828319-07:00">
                  <testStep id="8d2d697d2a5a57ef" name="Exec_SimpleJoin" fullName="SubSonic.Tests/SelectTests/Exec_SimpleJoin" testId="d908a282699d4650" isPrimary="true" isTestCase="true" isDynamic="false">
                    <codeReference assembly="SubSonic.Tests, Version=2.2.1.0, Culture=neutral, PublicKeyToken=null" namespace="SubSonic.Tests.SqlQuery" type="SubSonic.Tests.SqlQuery.SelectTests" member="Exec_SimpleJoin" />
                    <codeLocation path="H:\Projects\Subsonic2\2.2git\SubSonic-2.0\SubSonic.Tests\SqlQuery\SelectTests.cs" line="84" />
                    <metadata>
                      <entry key="TestKind">
                        <value>Test</value>
                      </entry>
                    </metadata>
                  </testStep>
                  <children />
                  <result assertCount="1" duration="0.0233465">
                    <outcome status="passed" />
                  </result>
                  <testLog>
                    <streams />
                    <attachments />
                  </testLog>
                </testStepRun>
                <testStepRun startTime="2011-01-29T18:23:52.284832-07:00" endTime="2011-01-29T18:23:52.2928324-07:00">
                  <testStep id="7ecc0cfda77ba67a" name="Exec_SimpleJoin2" fullName="SubSonic.Tests/SelectTests/Exec_SimpleJoin2" testId="d4139761853f7fcd" isPrimary="true" isTestCase="true" isDynamic="false">
                    <codeReference assembly="SubSonic.Tests, Version=2.2.1.0, Culture=neutral, PublicKeyToken=null" namespace="SubSonic.Tests.SqlQuery" type="SubSonic.Tests.SqlQuery.SelectTests" member="Exec_SimpleJoin2" />
                    <codeLocation path="H:\Projects\Subsonic2\2.2git\SubSonic-2.0\SubSonic.Tests\SqlQuery\SelectTests.cs" line="95" />
                    <metadata>
                      <entry key="TestKind">
                        <value>Test</value>
                      </entry>
                    </metadata>
                  </testStep>
                  <children />
                  <result assertCount="1" duration="0.018480299999999998">
                    <outcome status="passed" />
                  </result>
                  <testLog>
                    <streams />
                    <attachments />
                  </testLog>
                </testStepRun>
                <testStepRun startTime="2011-01-29T18:23:52.2968327-07:00" endTime="2011-01-29T18:23:52.3158338-07:00">
                  <testStep id="453f001427fe14f" name="Exec_SimpleJoin3" fullName="SubSonic.Tests/SelectTests/Exec_SimpleJoin3" testId="7334c663cee4838c" isPrimary="true" isTestCase="true" isDynamic="false">
                    <codeReference assembly="SubSonic.Tests, Version=2.2.1.0, Culture=neutral, PublicKeyToken=null" namespace="SubSonic.Tests.SqlQuery" type="SubSonic.Tests.SqlQuery.SelectTests" member="Exec_SimpleJoin3" />
                    <codeLocation path="H:\Projects\Subsonic2\2.2git\SubSonic-2.0\SubSonic.Tests\SqlQuery\SelectTests.cs" line="106" />
                    <metadata>
                      <entry key="TestKind">
                        <value>Test</value>
                      </entry>
                    </metadata>
                  </testStep>
                  <children />
                  <result assertCount="1" duration="0.014897899999999999">
                    <outcome status="passed" />
                  </result>
                  <testLog>
                    <streams />
                    <attachments />
                  </testLog>
                </testStepRun>
                <testStepRun startTime="2011-01-29T18:23:52.3178339-07:00" endTime="2011-01-29T18:23:52.3338348-07:00">
                  <testStep id="f48e2d46620bdc" name="Exec_SimpleOr" fullName="SubSonic.Tests/SelectTests/Exec_SimpleOr" testId="aa15f6300be00489" isPrimary="true" isTestCase="true" isDynamic="false">
                    <codeReference assembly="SubSonic.Tests, Version=2.2.1.0, Culture=neutral, PublicKeyToken=null" namespace="SubSonic.Tests.SqlQuery" type="SubSonic.Tests.SqlQuery.SelectTests" member="Exec_SimpleOr" />
                    <codeLocation path="H:\Projects\Subsonic2\2.2git\SubSonic-2.0\SubSonic.Tests\SqlQuery\SelectTests.cs" line="441" />
                    <metadata>
                      <entry key="TestKind">
                        <value>Test</value>
                      </entry>
                    </metadata>
                  </testStep>
                  <children />
                  <result assertCount="1" duration="0.0134445">
                    <outcome status="passed" />
                  </result>
                  <testLog>
                    <streams />
                    <attachments />
                  </testLog>
                </testStepRun>
                <testStepRun startTime="2011-01-29T18:23:52.3358349-07:00" endTime="2011-01-29T18:23:52.3428353-07:00">
                  <testStep id="68be4ea4e5ef0bd0" name="Exec_SimpleOr2" fullName="SubSonic.Tests/SelectTests/Exec_SimpleOr2" testId="33d0d25dfecbf6b1" isPrimary="true" isTestCase="true" isDynamic="false">
                    <codeReference assembly="SubSonic.Tests, Version=2.2.1.0, Culture=neutral, PublicKeyToken=null" namespace="SubSonic.Tests.SqlQuery" type="SubSonic.Tests.SqlQuery.SelectTests" member="Exec_SimpleOr2" />
                    <codeLocation path="H:\Projects\Subsonic2\2.2git\SubSonic-2.0\SubSonic.Tests\SqlQuery\SelectTests.cs" line="455" />
                    <metadata>
                      <entry key="TestKind">
                        <value>Test</value>
                      </entry>
                    </metadata>
                  </testStep>
                  <children />
                  <result assertCount="1" duration="0.0129103">
                    <outcome status="passed" />
                  </result>
                  <testLog>
                    <streams />
                    <attachments />
                  </testLog>
                </testStepRun>
                <testStepRun startTime="2011-01-29T18:23:52.3478356-07:00" endTime="2011-01-29T18:23:52.3658366-07:00">
                  <testStep id="8ae07766908dca05" name="Exec_SimpleOr3" fullName="SubSonic.Tests/SelectTests/Exec_SimpleOr3" testId="4bae6bc711bf486" isPrimary="true" isTestCase="true" isDynamic="false">
                    <codeReference assembly="SubSonic.Tests, Version=2.2.1.0, Culture=neutral, PublicKeyToken=null" namespace="SubSonic.Tests.SqlQuery" type="SubSonic.Tests.SqlQuery.SelectTests" member="Exec_SimpleOr3" />
                    <codeLocation path="H:\Projects\Subsonic2\2.2git\SubSonic-2.0\SubSonic.Tests\SqlQuery\SelectTests.cs" line="469" />
                    <metadata>
                      <entry key="TestKind">
                        <value>Test</value>
                      </entry>
                    </metadata>
                  </testStep>
                  <children />
                  <result assertCount="1" duration="0.015042">
                    <outcome status="passed" />
                  </result>
                  <testLog>
                    <streams />
                    <attachments />
                  </testLog>
                </testStepRun>
                <testStepRun startTime="2011-01-29T18:23:52.3698368-07:00" endTime="2011-01-29T18:23:52.3838376-07:00">
                  <testStep id="870dbe99cc830792" name="Exec_SimpleWhere" fullName="SubSonic.Tests/SelectTests/Exec_SimpleWhere" testId="351cac8e4ad5b3e1" isPrimary="true" isTestCase="true" isDynamic="false">
                    <codeReference assembly="SubSonic.Tests, Version=2.2.1.0, Culture=neutral, PublicKeyToken=null" namespace="SubSonic.Tests.SqlQuery" type="SubSonic.Tests.SqlQuery.SelectTests" member="Exec_SimpleWhere" />
                    <codeLocation path="H:\Projects\Subsonic2\2.2git\SubSonic-2.0\SubSonic.Tests\SqlQuery\SelectTests.cs" line="57" />
                    <metadata>
                      <entry key="TestKind">
                        <value>Test</value>
                      </entry>
                    </metadata>
                  </testStep>
                  <children />
                  <result assertCount="1" duration="0.014991599999999999">
                    <outcome status="passed" />
                  </result>
                  <testLog>
                    <streams />
                    <attachments />
                  </testLog>
                </testStepRun>
                <testStepRun startTime="2011-01-29T18:23:52.3858378-07:00" endTime="2011-01-29T18:23:52.4038388-07:00">
                  <testStep id="6fe2ee641d57ca0a" name="Exec_SimpleWhere2" fullName="SubSonic.Tests/SelectTests/Exec_SimpleWhere2" testId="6a4d37a2d0f2d813" isPrimary="true" isTestCase="true" isDynamic="false">
                    <codeReference assembly="SubSonic.Tests, Version=2.2.1.0, Culture=neutral, PublicKeyToken=null" namespace="SubSonic.Tests.SqlQuery" type="SubSonic.Tests.SqlQuery.SelectTests" member="Exec_SimpleWhere2" />
                    <codeLocation path="H:\Projects\Subsonic2\2.2git\SubSonic-2.0\SubSonic.Tests\SqlQuery\SelectTests.cs" line="64" />
                    <metadata>
                      <entry key="TestKind">
                        <value>Test</value>
                      </entry>
                    </metadata>
                  </testStep>
                  <children />
                  <result assertCount="1" duration="0.011315799999999999">
                    <outcome status="passed" />
                  </result>
                  <testLog>
                    <streams />
                    <attachments />
                  </testLog>
                </testStepRun>
                <testStepRun startTime="2011-01-29T18:23:52.4058389-07:00" endTime="2011-01-29T18:23:52.4178396-07:00">
                  <testStep id="f2dc88a27d53a580" name="Exec_SimpleWhereAnd" fullName="SubSonic.Tests/SelectTests/Exec_SimpleWhereAnd" testId="d6451bb4fabcbc28" isPrimary="true" isTestCase="true" isDynamic="false">
                    <codeReference assembly="SubSonic.Tests, Version=2.2.1.0, Culture=neutral, PublicKeyToken=null" namespace="SubSonic.Tests.SqlQuery" type="SubSonic.Tests.SqlQuery.SelectTests" member="Exec_SimpleWhereAnd" />
                    <codeLocation path="H:\Projects\Subsonic2\2.2git\SubSonic-2.0\SubSonic.Tests\SqlQuery\SelectTests.cs" line="71" />
                    <metadata>
                      <entry key="TestKind">
                        <value>Test</value>
                      </entry>
                    </metadata>
                  </testStep>
                  <children />
                  <result assertCount="1" duration="0.023419699999999998">
                    <outcome status="passed" />
                  </result>
                  <testLog>
                    <streams />
                    <attachments />
                  </testLog>
                </testStepRun>
                <testStepRun startTime="2011-01-29T18:23:52.4218398-07:00" endTime="2011-01-29T18:23:52.4298403-07:00">
                  <testStep id="c6e5fddb011e3c0a" name="Exec_SimpleWithTypedColumns" fullName="SubSonic.Tests/SelectTests/Exec_SimpleWithTypedColumns" testId="87ff466a71f0fac" isPrimary="true" isTestCase="true" isDynamic="false">
                    <codeReference assembly="SubSonic.Tests, Version=2.2.1.0, Culture=neutral, PublicKeyToken=null" namespace="SubSonic.Tests.SqlQuery" type="SubSonic.Tests.SqlQuery.SelectTests" member="Exec_SimpleWithTypedColumns" />
                    <codeLocation path="H:\Projects\Subsonic2\2.2git\SubSonic-2.0\SubSonic.Tests\SqlQuery\SelectTests.cs" line="36" />
                    <metadata>
                      <entry key="TestKind">
                        <value>Test</value>
                      </entry>
                    </metadata>
                  </testStep>
                  <children />
                  <result assertCount="1" duration="0.0074918999999999993">
                    <outcome status="passed" />
                  </result>
                  <testLog>
                    <streams />
                    <attachments />
                  </testLog>
                </testStepRun>
                <testStepRun startTime="2011-01-29T18:23:52.4338405-07:00" endTime="2011-01-29T18:23:52.4438411-07:00">
                  <testStep id="d3bf077a05cf0378" name="Exec_WithAllColumns" fullName="SubSonic.Tests/SelectTests/Exec_WithAllColumns" testId="8381811bae387097" isPrimary="true" isTestCase="true" isDynamic="false">
                    <codeReference assembly="SubSonic.Tests, Version=2.2.1.0, Culture=neutral, PublicKeyToken=null" namespace="SubSonic.Tests.SqlQuery" type="SubSonic.Tests.SqlQuery.SelectTests" member="Exec_WithAllColumns" />
                    <codeLocation path="H:\Projects\Subsonic2\2.2git\SubSonic-2.0\SubSonic.Tests\SqlQuery\SelectTests.cs" line="50" />
                    <metadata>
                      <entry key="TestKind">
                        <value>Test</value>
                      </entry>
                    </metadata>
                  </testStep>
                  <children />
                  <result assertCount="1" duration="0.0078969">
                    <outcome status="passed" />
                  </result>
                  <testLog>
                    <streams />
                    <attachments />
                  </testLog>
                </testStepRun>
                <testStepRun startTime="2011-01-29T18:23:52.4638422-07:00" endTime="2011-01-29T18:23:52.4678425-07:00">
                  <testStep id="5eace25e7e570877" name="MySql_Should_Set_Logical_Deletes" fullName="SubSonic.Tests/SelectTests/MySql_Should_Set_Logical_Deletes" testId="6f93c3a1aa751344" isPrimary="true" isTestCase="true" isDynamic="false">
                    <codeReference assembly="SubSonic.Tests, Version=2.2.1.0, Culture=neutral, PublicKeyToken=null" namespace="SubSonic.Tests.SqlQuery" type="SubSonic.Tests.SqlQuery.SelectTests" member="MySql_Should_Set_Logical_Deletes" />
                    <codeLocation path="H:\Projects\Subsonic2\2.2git\SubSonic-2.0\SubSonic.Tests\SqlQuery\SelectTests.cs" line="857" />
                    <metadata>
                      <entry key="TestKind">
                        <value>Test</value>
                      </entry>
                    </metadata>
                  </testStep>
                  <children />
                  <result assertCount="0" duration="0.0030631">
                    <outcome status="passed" />
                  </result>
                  <testLog>
                    <streams />
                    <attachments />
                  </testLog>
                </testStepRun>
                <testStepRun startTime="2011-01-29T18:23:52.4698426-07:00" endTime="2011-01-29T18:23:52.4928439-07:00">
                  <testStep id="aff3b024d0427243" name="Products_CollectionLoad2" fullName="SubSonic.Tests/SelectTests/Products_CollectionLoad2" testId="59070ef9a965d38c" isPrimary="true" isTestCase="true" isDynamic="false">
                    <codeReference assembly="SubSonic.Tests, Version=2.2.1.0, Culture=neutral, PublicKeyToken=null" namespace="SubSonic.Tests.SqlQuery" type="SubSonic.Tests.SqlQuery.SelectTests" member="Products_CollectionLoad2" />
                    <codeLocation path="H:\Projects\Subsonic2\2.2git\SubSonic-2.0\SubSonic.Tests\SqlQuery\SelectTests.cs" line="574" />
                    <metadata>
                      <entry key="TestKind">
                        <value>Test</value>
                      </entry>
                    </metadata>
                  </testStep>
                  <children />
                  <result assertCount="1" duration="0.0234436">
                    <outcome status="passed" />
                  </result>
                  <testLog>
                    <streams />
                    <attachments />
                  </testLog>
                </testStepRun>
                <testStepRun startTime="2011-01-29T18:23:52.5008443-07:00" endTime="2011-01-29T18:23:52.5188454-07:00">
                  <testStep id="58f6acfc20d796d" name="Products_CollectionSample" fullName="SubSonic.Tests/SelectTests/Products_CollectionSample" testId="e43d556230ce8814" isPrimary="true" isTestCase="true" isDynamic="false">
                    <codeReference assembly="SubSonic.Tests, Version=2.2.1.0, Culture=neutral, PublicKeyToken=null" namespace="SubSonic.Tests.SqlQuery" type="SubSonic.Tests.SqlQuery.SelectTests" member="Products_CollectionSample" />
                    <codeLocation path="H:\Projects\Subsonic2\2.2git\SubSonic-2.0\SubSonic.Tests\SqlQuery\SelectTests.cs" line="586" />
                    <metadata>
                      <entry key="TestKind">
                        <value>Test</value>
                      </entry>
                    </metadata>
                  </testStep>
                  <children />
                  <result assertCount="4" duration="0.0224011">
                    <outcome status="passed" />
                  </result>
                  <testLog>
                    <streams />
                    <attachments />
                  </testLog>
                </testStepRun>
                <testStepRun startTime="2011-01-29T18:23:52.5258458-07:00" endTime="2011-01-29T18:23:52.5458469-07:00">
                  <testStep id="95bb04531b3c7e6a" name="Products_Sample" fullName="SubSonic.Tests/SelectTests/Products_Sample" testId="af960a2bc2f1179d" isPrimary="true" isTestCase="true" isDynamic="false">
                    <codeReference assembly="SubSonic.Tests, Version=2.2.1.0, Culture=neutral, PublicKeyToken=null" namespace="SubSonic.Tests.SqlQuery" type="SubSonic.Tests.SqlQuery.SelectTests" member="Products_Sample" />
                    <codeLocation path="H:\Projects\Subsonic2\2.2git\SubSonic-2.0\SubSonic.Tests\SqlQuery\SelectTests.cs" line="556" />
                    <metadata>
                      <entry key="TestKind">
                        <value>Test</value>
                      </entry>
                    </metadata>
                  </testStep>
                  <children />
                  <result assertCount="4" duration="0.0188715">
                    <outcome status="passed" />
                  </result>
                  <testLog>
                    <streams />
                    <attachments />
                  </testLog>
                </testStepRun>
                <testStepRun startTime="2011-01-29T18:23:52.5518473-07:00" endTime="2011-01-29T18:23:52.582849-07:00">
                  <testStep id="c0c2731fb57bd484" name="Saving_String_Property_With_StringValue_Null_Results_In_NullValue_In_DB" fullName="SubSonic.Tests/SelectTests/Saving_String_Property_With_StringValue_Null_Results_In_NullValue_In_DB" testId="925ff536a5b8ff4d" isPrimary="true" isTestCase="true" isDynamic="false">
                    <codeReference assembly="SubSonic.Tests, Version=2.2.1.0, Culture=neutral, PublicKeyToken=null" namespace="SubSonic.Tests.SqlQuery" type="SubSonic.Tests.SqlQuery.SelectTests" member="Saving_String_Property_With_StringValue_Null_Results_In_NullValue_In_DB" />
                    <codeLocation path="H:\Projects\Subsonic2\2.2git\SubSonic-2.0\SubSonic.Tests\SqlQuery\SelectTests.cs" line="843" />
                    <metadata>
                      <entry key="TestKind">
                        <value>Test</value>
                      </entry>
                    </metadata>
                  </testStep>
                  <children />
                  <result assertCount="2" duration="0.0364534">
                    <outcome status="passed" />
                  </result>
                  <testLog>
                    <streams />
                    <attachments />
                  </testLog>
                </testStepRun>
                <testStepRun startTime="2011-01-29T18:23:52.5858492-07:00" endTime="2011-01-29T18:23:52.6078505-07:00">
                  <testStep id="7d00a306f30e3c81" name="Select_Paged_Can_Covert_To_SqlQuery" fullName="SubSonic.Tests/SelectTests/Select_Paged_Can_Covert_To_SqlQuery" testId="9d6793bdba7ca3f4" isPrimary="true" isTestCase="true" isDynamic="false">
                    <codeReference assembly="SubSonic.Tests, Version=2.2.1.0, Culture=neutral, PublicKeyToken=null" namespace="SubSonic.Tests.SqlQuery" type="SubSonic.Tests.SqlQuery.SelectTests" member="Select_Paged_Can_Covert_To_SqlQuery" />
                    <codeLocation path="H:\Projects\Subsonic2\2.2git\SubSonic-2.0\SubSonic.Tests\SqlQuery\SelectTests.cs" line="813" />
                    <metadata>
                      <entry key="TestKind">
                        <value>Test</value>
                      </entry>
                    </metadata>
                  </testStep>
                  <children />
                  <result assertCount="1" duration="0.0196878">
                    <outcome status="passed" />
                  </result>
                  <testLog>
                    <streams />
                    <attachments />
                  </testLog>
                </testStepRun>
                <testStepRun startTime="2011-01-29T18:23:52.6118507-07:00" endTime="2011-01-29T18:23:52.6198511-07:00">
                  <testStep id="65dbdc6d9f6f7787" name="Select_Should_Work_With_SameColumn_Joins_UsingQualifiedColumns" fullName="SubSonic.Tests/SelectTests/Select_Should_Work_With_SameColumn_Joins_UsingQualifiedColumns" testId="6d2dfb81d1d8eb09" isPrimary="true" isTestCase="true" isDynamic="false">
                    <codeReference assembly="SubSonic.Tests, Version=2.2.1.0, Culture=neutral, PublicKeyToken=null" namespace="SubSonic.Tests.SqlQuery" type="SubSonic.Tests.SqlQuery.SelectTests" member="Select_Should_Work_With_SameColumn_Joins_UsingQualifiedColumns" />
                    <codeLocation path="H:\Projects\Subsonic2\2.2git\SubSonic-2.0\SubSonic.Tests\SqlQuery\SelectTests.cs" line="646" />
                    <metadata>
                      <entry key="TestKind">
                        <value>Test</value>
                      </entry>
                    </metadata>
                  </testStep>
                  <children />
                  <result assertCount="1" duration="0.0088158">
                    <outcome status="passed" />
                  </result>
                  <testLog>
                    <streams />
                    <attachments />
                  </testLog>
                </testStepRun>
                <testStepRun startTime="2011-01-29T18:23:52.6668538-07:00" endTime="2011-01-29T18:23:52.6768544-07:00">
                  <testStep id="c0632ac84fbe2243" name="Select_Using_Contains_Ch_ShouldReturn_14_Records" fullName="SubSonic.Tests/SelectTests/Select_Using_Contains_Ch_ShouldReturn_14_Records" testId="dfe54cb0dd5f98a6" isPrimary="true" isTestCase="true" isDynamic="false">
                    <codeReference assembly="SubSonic.Tests, Version=2.2.1.0, Culture=neutral, PublicKeyToken=null" namespace="SubSonic.Tests.SqlQuery" type="SubSonic.Tests.SqlQuery.SelectTests" member="Select_Using_Contains_Ch_ShouldReturn_14_Records" />
                    <codeLocation path="H:\Projects\Subsonic2\2.2git\SubSonic-2.0\SubSonic.Tests\SqlQuery\SelectTests.cs" line="679" />
                    <metadata>
                      <entry key="TestKind">
                        <value>Test</value>
                      </entry>
                    </metadata>
                  </testStep>
                  <children />
                  <result assertCount="1" duration="0.0097118">
                    <outcome status="passed" />
                  </result>
                  <testLog>
                    <streams />
                    <attachments />
                  </testLog>
                </testStepRun>
                <testStepRun startTime="2011-01-29T18:23:52.6798546-07:00" endTime="2011-01-29T18:23:52.6938554-07:00">
                  <testStep id="7b2046fd0085cba" name="Select_Using_EndsWith_S_ShouldReturn_9_Records" fullName="SubSonic.Tests/SelectTests/Select_Using_EndsWith_S_ShouldReturn_9_Records" testId="673af2a86975950a" isPrimary="true" isTestCase="true" isDynamic="false">
                    <codeReference assembly="SubSonic.Tests, Version=2.2.1.0, Culture=neutral, PublicKeyToken=null" namespace="SubSonic.Tests.SqlQuery" type="SubSonic.Tests.SqlQuery.SelectTests" member="Select_Using_EndsWith_S_ShouldReturn_9_Records" />
                    <codeLocation path="H:\Projects\Subsonic2\2.2git\SubSonic-2.0\SubSonic.Tests\SqlQuery\SelectTests.cs" line="669" />
                    <metadata>
                      <entry key="TestKind">
                        <value>Test</value>
                      </entry>
                    </metadata>
                  </testStep>
                  <children />
                  <result assertCount="1" duration="0.0093359999999999988">
                    <outcome status="passed" />
                  </result>
                  <testLog>
                    <streams />
                    <attachments />
                  </testLog>
                </testStepRun>
                <testStepRun startTime="2011-01-29T18:23:52.6958555-07:00" endTime="2011-01-29T18:23:52.7018558-07:00">
                  <testStep id="54f482e38304b0ac" name="Select_Using_StartsWith_C_ShouldReturn_9_Records" fullName="SubSonic.Tests/SelectTests/Select_Using_StartsWith_C_ShouldReturn_9_Records" testId="4823b2bae76ef92c" isPrimary="true" isTestCase="true" isDynamic="false">
                    <codeReference assembly="SubSonic.Tests, Version=2.2.1.0, Culture=neutral, PublicKeyToken=null" namespace="SubSonic.Tests.SqlQuery" type="SubSonic.Tests.SqlQuery.SelectTests" member="Select_Using_StartsWith_C_ShouldReturn_9_Records" />
                    <codeLocation path="H:\Projects\Subsonic2\2.2git\SubSonic-2.0\SubSonic.Tests\SqlQuery\SelectTests.cs" line="660" />
                    <metadata>
                      <entry key="TestKind">
                        <value>Test</value>
                      </entry>
                    </metadata>
                  </testStep>
                  <children />
                  <result assertCount="1" duration="0.0045169">
                    <outcome status="passed" />
                  </result>
                  <testLog>
                    <streams />
                    <attachments />
                  </testLog>
                </testStepRun>
                <testStepRun startTime="2011-01-29T18:23:52.7118564-07:00" endTime="2011-01-29T18:23:52.7358578-07:00">
                  <testStep id="5c6a6c2e2c2c9a15" name="Select_With_ExecuteTypedList_Should_Work_With_List_of_Guid" fullName="SubSonic.Tests/SelectTests/Select_With_ExecuteTypedList_Should_Work_With_List_of_Guid" testId="6882be85ac64b75c" isPrimary="true" isTestCase="true" isDynamic="false">
                    <codeReference assembly="SubSonic.Tests, Version=2.2.1.0, Culture=neutral, PublicKeyToken=null" namespace="SubSonic.Tests.SqlQuery" type="SubSonic.Tests.SqlQuery.SelectTests" member="Select_With_ExecuteTypedList_Should_Work_With_List_of_Guid" />
                    <codeLocation path="H:\Projects\Subsonic2\2.2git\SubSonic-2.0\SubSonic.Tests\SqlQuery\SelectTests.cs" line="833" />
                    <metadata>
                      <entry key="TestKind">
                        <value>Test</value>
                      </entry>
                    </metadata>
                  </testStep>
                  <children />
                  <result assertCount="1" duration="0.01822">
                    <outcome status="passed" />
                  </result>
                  <testLog>
                    <streams />
                    <attachments />
                  </testLog>
                </testStepRun>
                <testStepRun startTime="2011-01-29T18:23:52.7378579-07:00" endTime="2011-01-29T18:23:52.7438582-07:00">
                  <testStep id="f11db249e0ffa0cf" name="SelectAllColumns_With_WhereExpression_And_QualifiedColumn_Formats_Where_Correctly" fullName="SubSonic.Tests/SelectTests/SelectAllColumns_With_WhereExpression_And_QualifiedColumn_Formats_Where_Correctly" testId="aaf55d8ecf4a3aca" isPrimary="true" isTestCase="true" isDynamic="false">
                    <codeReference assembly="SubSonic.Tests, Version=2.2.1.0, Culture=neutral, PublicKeyToken=null" namespace="SubSonic.Tests.SqlQuery" type="SubSonic.Tests.SqlQuery.SelectTests" member="SelectAllColumns_With_WhereExpression_And_QualifiedColumn_Formats_Where_Correctly" />
                    <codeLocation path="H:\Projects\Subsonic2\2.2git\SubSonic-2.0\SubSonic.Tests\SqlQuery\SelectTests.cs" line="791" />
                    <metadata>
                      <entry key="TestKind">
                        <value>Test</value>
                      </entry>
                    </metadata>
                  </testStep>
                  <children />
                  <result assertCount="1" duration="0.0048715999999999994">
                    <outcome status="passed" />
                  </result>
                  <testLog>
                    <streams />
                    <attachments />
                  </testLog>
                </testStepRun>
                <testStepRun startTime="2011-01-29T18:23:52.7478585-07:00" endTime="2011-01-29T18:23:52.7608592-07:00">
                  <testStep id="b6b1b44d7987a070" name="SelectAllColumns_With_WhereExpression_And_QualifiedColumn_Formats_Where_Correctly_And_Executes" fullName="SubSonic.Tests/SelectTests/SelectAllColumns_With_WhereExpression_And_QualifiedColumn_Formats_Where_Correctly_And_Executes" testId="4aa38a4c4fdd36a4" isPrimary="true" isTestCase="true" isDynamic="false">
                    <codeReference assembly="SubSonic.Tests, Version=2.2.1.0, Culture=neutral, PublicKeyToken=null" namespace="SubSonic.Tests.SqlQuery" type="SubSonic.Tests.SqlQuery.SelectTests" member="SelectAllColumns_With_WhereExpression_And_QualifiedColumn_Formats_Where_Correctly_And_Executes" />
                    <codeLocation path="H:\Projects\Subsonic2\2.2git\SubSonic-2.0\SubSonic.Tests\SqlQuery\SelectTests.cs" line="802" />
                    <metadata>
                      <entry key="TestKind">
                        <value>Test</value>
                      </entry>
                    </metadata>
                  </testStep>
                  <children />
                  <result assertCount="1" duration="0.010533899999999999">
                    <outcome status="passed" />
                  </result>
                  <testLog>
                    <streams />
                    <attachments />
                  </testLog>
                </testStepRun>
                <testStepRun startTime="2011-01-29T18:23:52.7648594-07:00" endTime="2011-01-29T18:23:52.7728599-07:00">
                  <testStep id="6910d06b2b550ec4" name="SqlQuery_Can_Compare_Columns" fullName="SubSonic.Tests/SelectTests/SqlQuery_Can_Compare_Columns" testId="2df05ec3dee511f9" isPrimary="true" isTestCase="true" isDynamic="false">
                    <codeReference assembly="SubSonic.Tests, Version=2.2.1.0, Culture=neutral, PublicKeyToken=null" namespace="SubSonic.Tests.SqlQuery" type="SubSonic.Tests.SqlQuery.SelectTests" member="SqlQuery_Can_Compare_Columns" />
                    <codeLocation path="H:\Projects\Subsonic2\2.2git\SubSonic-2.0\SubSonic.Tests\SqlQuery\SelectTests.cs" line="747" />
                    <metadata>
                      <entry key="TestKind">
                        <value>Test</value>
                      </entry>
                    </metadata>
                  </testStep>
                  <children />
                  <result assertCount="0" duration="0.0073225">
                    <outcome status="passed" />
                  </result>
                  <testLog>
                    <streams />
                    <attachments />
                  </testLog>
                </testStepRun>
                <testStepRun startTime="2011-01-29T18:23:52.7788602-07:00" endTime="2011-01-29T18:23:52.7908609-07:00">
                  <testStep id="67866302dc3ce81a" name="SqlQuery_GetRecordCount_should_handle_distinct" fullName="SubSonic.Tests/SelectTests/SqlQuery_GetRecordCount_should_handle_distinct" testId="dcd2987f84048384" isPrimary="true" isTestCase="true" isDynamic="false">
                    <codeReference assembly="SubSonic.Tests, Version=2.2.1.0, Culture=neutral, PublicKeyToken=null" namespace="SubSonic.Tests.SqlQuery" type="SubSonic.Tests.SqlQuery.SelectTests" member="SqlQuery_GetRecordCount_should_handle_distinct" />
                    <codeLocation path="H:\Projects\Subsonic2\2.2git\SubSonic-2.0\SubSonic.Tests\SqlQuery\SelectTests.cs" line="740" />
                    <metadata>
                      <entry key="TestKind">
                        <value>Test</value>
                      </entry>
                    </metadata>
                  </testStep>
                  <children />
                  <result assertCount="1" duration="0.0106068">
                    <outcome status="passed" />
                  </result>
                  <testLog>
                    <streams />
                    <attachments />
                  </testLog>
                </testStepRun>
                <testStepRun startTime="2011-01-29T18:23:52.792861-07:00" endTime="2011-01-29T18:23:52.827863-07:00">
                  <testStep id="6ed5711366340aa7" name="SqlQuery_should_handle_distinct" fullName="SubSonic.Tests/SelectTests/SqlQuery_should_handle_distinct" testId="7f9d77cad15d8604" isPrimary="true" isTestCase="true" isDynamic="false">
                    <codeReference assembly="SubSonic.Tests, Version=2.2.1.0, Culture=neutral, PublicKeyToken=null" namespace="SubSonic.Tests.SqlQuery" type="SubSonic.Tests.SqlQuery.SelectTests" member="SqlQuery_should_handle_distinct" />
                    <codeLocation path="H:\Projects\Subsonic2\2.2git\SubSonic-2.0\SubSonic.Tests\SqlQuery\SelectTests.cs" line="726" />
                    <metadata>
                      <entry key="TestKind">
                        <value>Test</value>
                      </entry>
                    </metadata>
                  </testStep>
                  <children />
                  <result assertCount="1" duration="0.034881499999999996">
                    <outcome status="passed" />
                  </result>
                  <testLog>
                    <streams />
                    <attachments />
                  </testLog>
                </testStepRun>
                <testStepRun startTime="2011-01-29T18:23:52.8398637-07:00" endTime="2011-01-29T18:23:52.8588648-07:00">
                  <testStep id="f9b424ecfe066f66" name="SqlQuery_when_setting_distinct_it_should_set_IsDistinct" fullName="SubSonic.Tests/SelectTests/SqlQuery_when_setting_distinct_it_should_set_IsDistinct" testId="7f5df6eba006a3b0" isPrimary="true" isTestCase="true" isDynamic="false">
                    <codeReference assembly="SubSonic.Tests, Version=2.2.1.0, Culture=neutral, PublicKeyToken=null" namespace="SubSonic.Tests.SqlQuery" type="SubSonic.Tests.SqlQuery.SelectTests" member="SqlQuery_when_setting_distinct_it_should_set_IsDistinct" />
                    <codeLocation path="H:\Projects\Subsonic2\2.2git\SubSonic-2.0\SubSonic.Tests\SqlQuery\SelectTests.cs" line="719" />
                    <metadata>
                      <entry key="TestKind">
                        <value>Test</value>
                      </entry>
                    </metadata>
                  </testStep>
                  <children />
                  <result assertCount="1" duration="0.0101418">
                    <outcome status="passed" />
                  </result>
                  <testLog>
                    <streams />
                    <attachments />
                  </testLog>
                </testStepRun>
                <testStepRun startTime="2011-01-29T18:23:52.8608649-07:00" endTime="2011-01-29T18:23:52.8678653-07:00">
                  <testStep id="f2de1e3177b57306" name="StoredProc_TypedList" fullName="SubSonic.Tests/SelectTests/StoredProc_TypedList" testId="56c2ce08c5f5f680" isPrimary="true" isTestCase="true" isDynamic="false">
                    <codeReference assembly="SubSonic.Tests, Version=2.2.1.0, Culture=neutral, PublicKeyToken=null" namespace="SubSonic.Tests.SqlQuery" type="SubSonic.Tests.SqlQuery.SelectTests" member="StoredProc_TypedList" />
                    <codeLocation path="H:\Projects\Subsonic2\2.2git\SubSonic-2.0\SubSonic.Tests\SqlQuery\SelectTests.cs" line="637" />
                    <metadata>
                      <entry key="TestKind">
                        <value>Test</value>
                      </entry>
                    </metadata>
                  </testStep>
                  <children />
                  <result assertCount="1" duration="0.018332499999999998">
                    <outcome status="passed" />
                  </result>
                  <testLog>
                    <streams />
                    <attachments />
                  </testLog>
                </testStepRun>
              </children>
              <result assertCount="76" duration="2.1484205">
                <outcome status="failed" />
              </result>
              <testLog>
                <streams />
                <attachments />
              </testLog>
            </testStepRun>
            <testStepRun startTime="2011-01-29T18:23:52.8808661-07:00" endTime="2011-01-29T18:23:53.1888837-07:00">
              <testStep id="59d98a192a599a0a" name="SqlServerParserTests" fullName="SubSonic.Tests/SqlServerParserTests" testId="60b90858aa342229" isPrimary="true" isTestCase="false" isDynamic="false">
                <codeReference assembly="SubSonic.Tests, Version=2.2.1.0, Culture=neutral, PublicKeyToken=null" namespace="SubSonic.Tests.SqlQuery" type="SubSonic.Tests.SqlQuery.SqlServerParserTests" />
                <codeLocation path="H:\Projects\Subsonic2\2.2git\SubSonic-2.0\SubSonic.Tests\SqlGenerators\SqlServerGeneratorTests.cs" />
                <metadata>
                  <entry key="TestKind">
                    <value>Fixture</value>
                  </entry>
                </metadata>
              </testStep>
              <children>
                <testStepRun startTime="2011-01-29T18:23:52.8888665-07:00" endTime="2011-01-29T18:23:52.8988671-07:00">
                  <testStep id="81775f2bf11b7db9" name="Add_Column" fullName="SubSonic.Tests/SqlServerParserTests/Add_Column" testId="b038d3afb3264e1f" isPrimary="true" isTestCase="true" isDynamic="false">
                    <codeReference assembly="SubSonic.Tests, Version=2.2.1.0, Culture=neutral, PublicKeyToken=null" namespace="SubSonic.Tests.SqlQuery" type="SubSonic.Tests.SqlQuery.SqlServerParserTests" member="Add_Column" />
                    <codeLocation path="H:\Projects\Subsonic2\2.2git\SubSonic-2.0\SubSonic.Tests\SqlGenerators\SqlServerGeneratorTests.cs" line="240" />
                    <metadata>
                      <entry key="TestKind">
                        <value>Test</value>
                      </entry>
                    </metadata>
                  </testStep>
                  <children />
                  <result assertCount="1" duration="0.015025">
                    <outcome status="passed" />
                  </result>
                  <testLog>
                    <streams />
                    <attachments />
                  </testLog>
                </testStepRun>
                <testStepRun startTime="2011-01-29T18:23:52.9018673-07:00" endTime="2011-01-29T18:23:52.9158681-07:00">
                  <testStep id="a16800041537674e" name="Aggregate_Count" fullName="SubSonic.Tests/SqlServerParserTests/Aggregate_Count" testId="fe33148885157218" isPrimary="true" isTestCase="true" isDynamic="false">
                    <codeReference assembly="SubSonic.Tests, Version=2.2.1.0, Culture=neutral, PublicKeyToken=null" namespace="SubSonic.Tests.SqlQuery" type="SubSonic.Tests.SqlQuery.SqlServerParserTests" member="Aggregate_Count" />
                    <codeLocation path="H:\Projects\Subsonic2\2.2git\SubSonic-2.0\SubSonic.Tests\SqlGenerators\SqlServerGeneratorTests.cs" line="110" />
                    <metadata>
                      <entry key="TestKind">
                        <value>Test</value>
                      </entry>
                    </metadata>
                  </testStep>
                  <children />
                  <result assertCount="1" duration="0.0095435">
                    <outcome status="passed" />
                  </result>
                  <testLog>
                    <streams />
                    <attachments />
                  </testLog>
                </testStepRun>
                <testStepRun startTime="2011-01-29T18:23:52.9178682-07:00" endTime="2011-01-29T18:23:52.9258687-07:00">
                  <testStep id="8e9f2de1a3fdca81" name="Alter_Column" fullName="SubSonic.Tests/SqlServerParserTests/Alter_Column" testId="230b5d41c88cd9d3" isPrimary="true" isTestCase="true" isDynamic="false">
                    <codeReference assembly="SubSonic.Tests, Version=2.2.1.0, Culture=neutral, PublicKeyToken=null" namespace="SubSonic.Tests.SqlQuery" type="SubSonic.Tests.SqlQuery.SqlServerParserTests" member="Alter_Column" />
                    <codeLocation path="H:\Projects\Subsonic2\2.2git\SubSonic-2.0\SubSonic.Tests\SqlGenerators\SqlServerGeneratorTests.cs" line="255" />
                    <metadata>
                      <entry key="TestKind">
                        <value>Test</value>
                      </entry>
                    </metadata>
                  </testStep>
                  <children />
                  <result assertCount="1" duration="0.0052634">
                    <outcome status="passed" />
                  </result>
                  <testLog>
                    <streams />
                    <attachments />
                  </testLog>
                </testStepRun>
                <testStepRun startTime="2011-01-29T18:23:52.931869-07:00" endTime="2011-01-29T18:23:52.9398695-07:00">
                  <testStep id="9cc50fa6bcf4a8c0" name="Create_Table" fullName="SubSonic.Tests/SqlServerParserTests/Create_Table" testId="b23686f1b213f7ff" isPrimary="true" isTestCase="true" isDynamic="false">
                    <codeReference assembly="SubSonic.Tests, Version=2.2.1.0, Culture=neutral, PublicKeyToken=null" namespace="SubSonic.Tests.SqlQuery" type="SubSonic.Tests.SqlQuery.SqlServerParserTests" member="Create_Table" />
                    <codeLocation path="H:\Projects\Subsonic2\2.2git\SubSonic-2.0\SubSonic.Tests\SqlGenerators\SqlServerGeneratorTests.cs" line="230" />
                    <metadata>
                      <entry key="TestKind">
                        <value>Test</value>
                      </entry>
                    </metadata>
                  </testStep>
                  <children />
                  <result assertCount="1" duration="0.0076847">
                    <outcome status="passed" />
                  </result>
                  <testLog>
                    <streams />
                    <attachments />
                  </testLog>
                </testStepRun>
                <testStepRun startTime="2011-01-29T18:23:52.9448697-07:00" endTime="2011-01-29T18:23:52.9518701-07:00">
                  <testStep id="45bc57d624052697" name="Drop_Table" fullName="SubSonic.Tests/SqlServerParserTests/Drop_Table" testId="76cb5cc148d15d12" isPrimary="true" isTestCase="true" isDynamic="false">
                    <codeReference assembly="SubSonic.Tests, Version=2.2.1.0, Culture=neutral, PublicKeyToken=null" namespace="SubSonic.Tests.SqlQuery" type="SubSonic.Tests.SqlQuery.SqlServerParserTests" member="Drop_Table" />
                    <codeLocation path="H:\Projects\Subsonic2\2.2git\SubSonic-2.0\SubSonic.Tests\SqlGenerators\SqlServerGeneratorTests.cs" line="222" />
                    <metadata>
                      <entry key="TestKind">
                        <value>Test</value>
                      </entry>
                    </metadata>
                  </testStep>
                  <children />
                  <result assertCount="1" duration="0.0029625999999999997">
                    <outcome status="passed" />
                  </result>
                  <testLog>
                    <streams />
                    <attachments />
                  </testLog>
                </testStepRun>
                <testStepRun startTime="2011-01-29T18:23:52.9548703-07:00" endTime="2011-01-29T18:23:52.9618707-07:00">
                  <testStep id="dab2c863fa000e7f" name="Join_CreateImplicit" fullName="SubSonic.Tests/SqlServerParserTests/Join_CreateImplicit" testId="6b04afe64d308ac5" isPrimary="true" isTestCase="true" isDynamic="false">
                    <codeReference assembly="SubSonic.Tests, Version=2.2.1.0, Culture=neutral, PublicKeyToken=null" namespace="SubSonic.Tests.SqlQuery" type="SubSonic.Tests.SqlQuery.SqlServerParserTests" member="Join_CreateImplicit" />
                    <codeLocation path="H:\Projects\Subsonic2\2.2git\SubSonic-2.0\SubSonic.Tests\SqlGenerators\SqlServerGeneratorTests.cs" line="64" />
                    <metadata>
                      <entry key="TestKind">
                        <value>Test</value>
                      </entry>
                    </metadata>
                  </testStep>
                  <children />
                  <result assertCount="2" duration="0.0065344999999999995">
                    <outcome status="passed" />
                  </result>
                  <testLog>
                    <streams />
                    <attachments />
                  </testLog>
                </testStepRun>
                <testStepRun startTime="2011-01-29T18:23:52.9698712-07:00" endTime="2011-01-29T18:23:52.9818719-07:00">
                  <testStep id="11d25a9c7a87bb24" name="Join_CreateImplicit_Reversed" fullName="SubSonic.Tests/SqlServerParserTests/Join_CreateImplicit_Reversed" testId="93ecceb46b6af8ef" isPrimary="true" isTestCase="true" isDynamic="false">
                    <codeReference assembly="SubSonic.Tests, Version=2.2.1.0, Culture=neutral, PublicKeyToken=null" namespace="SubSonic.Tests.SqlQuery" type="SubSonic.Tests.SqlQuery.SqlServerParserTests" member="Join_CreateImplicit_Reversed" />
                    <codeLocation path="H:\Projects\Subsonic2\2.2git\SubSonic-2.0\SubSonic.Tests\SqlGenerators\SqlServerGeneratorTests.cs" line="72" />
                    <metadata>
                      <entry key="TestKind">
                        <value>Test</value>
                      </entry>
                    </metadata>
                  </testStep>
                  <children />
                  <result assertCount="2" duration="0.010445999999999999">
                    <outcome status="passed" />
                  </result>
                  <testLog>
                    <streams />
                    <attachments />
                  </testLog>
                </testStepRun>
                <testStepRun startTime="2011-01-29T18:23:52.984872-07:00" endTime="2011-01-29T18:23:52.9948726-07:00">
                  <testStep id="a69497fc92d365a3" name="Join_Cross" fullName="SubSonic.Tests/SqlServerParserTests/Join_Cross" testId="145dc48b903294de" isPrimary="true" isTestCase="true" isDynamic="false">
                    <codeReference assembly="SubSonic.Tests, Version=2.2.1.0, Culture=neutral, PublicKeyToken=null" namespace="SubSonic.Tests.SqlQuery" type="SubSonic.Tests.SqlQuery.SqlServerParserTests" member="Join_Cross" />
                    <codeLocation path="H:\Projects\Subsonic2\2.2git\SubSonic-2.0\SubSonic.Tests\SqlGenerators\SqlServerGeneratorTests.cs" line="198" />
                    <metadata>
                      <entry key="TestKind">
                        <value>Test</value>
                      </entry>
                    </metadata>
                  </testStep>
                  <children />
                  <result assertCount="1" duration="0.0074769">
                    <outcome status="passed" />
                  </result>
                  <testLog>
                    <streams />
                    <attachments />
                  </testLog>
                </testStepRun>
                <testStepRun startTime="2011-01-29T18:23:52.9998729-07:00" endTime="2011-01-29T18:23:53.0158738-07:00">
                  <testStep id="8a4ebcbcf746f3f2" name="Join_RightOuter" fullName="SubSonic.Tests/SqlServerParserTests/Join_RightOuter" testId="14656463e04d232d" isPrimary="true" isTestCase="true" isDynamic="false">
                    <codeReference assembly="SubSonic.Tests, Version=2.2.1.0, Culture=neutral, PublicKeyToken=null" namespace="SubSonic.Tests.SqlQuery" type="SubSonic.Tests.SqlQuery.SqlServerParserTests" member="Join_RightOuter" />
                    <codeLocation path="H:\Projects\Subsonic2\2.2git\SubSonic-2.0\SubSonic.Tests\SqlGenerators\SqlServerGeneratorTests.cs" line="186" />
                    <metadata>
                      <entry key="TestKind">
                        <value>Test</value>
                      </entry>
                    </metadata>
                  </testStep>
                  <children />
                  <result assertCount="1" duration="0.0072039999999999995">
                    <outcome status="passed" />
                  </result>
                  <testLog>
                    <streams />
                    <attachments />
                  </testLog>
                </testStepRun>
                <testStepRun startTime="2011-01-29T18:23:53.0178739-07:00" endTime="2011-01-29T18:23:53.0258744-07:00">
                  <testStep id="90b3aca1ecc7b083" name="Join_Unequal" fullName="SubSonic.Tests/SqlServerParserTests/Join_Unequal" testId="a81dd1f180303cf2" isPrimary="true" isTestCase="true" isDynamic="false">
                    <codeReference assembly="SubSonic.Tests, Version=2.2.1.0, Culture=neutral, PublicKeyToken=null" namespace="SubSonic.Tests.SqlQuery" type="SubSonic.Tests.SqlQuery.SqlServerParserTests" member="Join_Unequal" />
                    <codeLocation path="H:\Projects\Subsonic2\2.2git\SubSonic-2.0\SubSonic.Tests\SqlGenerators\SqlServerGeneratorTests.cs" line="210" />
                    <metadata>
                      <entry key="TestKind">
                        <value>Test</value>
                      </entry>
                    </metadata>
                  </testStep>
                  <children />
                  <result assertCount="1" duration="0.0047475999999999994">
                    <outcome status="passed" />
                  </result>
                  <testLog>
                    <streams />
                    <attachments />
                  </testLog>
                </testStepRun>
                <testStepRun startTime="2011-01-29T18:23:53.0278745-07:00" endTime="2011-01-29T18:23:53.0328748-07:00">
                  <testStep id="6287887f3fac4dfb" name="Remove_Column" fullName="SubSonic.Tests/SqlServerParserTests/Remove_Column" testId="55d0b3a9aa2fc7b5" isPrimary="true" isTestCase="true" isDynamic="false">
                    <codeReference assembly="SubSonic.Tests, Version=2.2.1.0, Culture=neutral, PublicKeyToken=null" namespace="SubSonic.Tests.SqlQuery" type="SubSonic.Tests.SqlQuery.SqlServerParserTests" member="Remove_Column" />
                    <codeLocation path="H:\Projects\Subsonic2\2.2git\SubSonic-2.0\SubSonic.Tests\SqlGenerators\SqlServerGeneratorTests.cs" line="270" />
                    <metadata>
                      <entry key="TestKind">
                        <value>Test</value>
                      </entry>
                    </metadata>
                  </testStep>
                  <children />
                  <result assertCount="1" duration="0.0103149">
                    <outcome status="passed" />
                  </result>
                  <testLog>
                    <streams />
                    <attachments />
                  </testLog>
                </testStepRun>
                <testStepRun startTime="2011-01-29T18:23:53.0408752-07:00" endTime="2011-01-29T18:23:53.0478756-07:00">
                  <testStep id="36ade54dd2b8d1e6" name="Select_BetweenAnd" fullName="SubSonic.Tests/SqlServerParserTests/Select_BetweenAnd" testId="cd33398885417e68" isPrimary="true" isTestCase="true" isDynamic="false">
                    <codeReference assembly="SubSonic.Tests, Version=2.2.1.0, Culture=neutral, PublicKeyToken=null" namespace="SubSonic.Tests.SqlQuery" type="SubSonic.Tests.SqlQuery.SqlServerParserTests" member="Select_BetweenAnd" />
                    <codeLocation path="H:\Projects\Subsonic2\2.2git\SubSonic-2.0\SubSonic.Tests\SqlGenerators\SqlServerGeneratorTests.cs" line="100" />
                    <metadata>
                      <entry key="TestKind">
                        <value>Test</value>
                      </entry>
                    </metadata>
                  </testStep>
                  <children />
                  <result assertCount="1" duration="0.0023879">
                    <outcome status="passed" />
                  </result>
                  <testLog>
                    <streams />
                    <attachments />
                  </testLog>
                </testStepRun>
                <testStepRun startTime="2011-01-29T18:23:53.0488757-07:00" endTime="2011-01-29T18:23:53.0558761-07:00">
                  <testStep id="790ef36825ff1dab" name="Select_ColumnList_Specified" fullName="SubSonic.Tests/SqlServerParserTests/Select_ColumnList_Specified" testId="f10c18f4e6e52a40" isPrimary="true" isTestCase="true" isDynamic="false">
                    <codeReference assembly="SubSonic.Tests, Version=2.2.1.0, Culture=neutral, PublicKeyToken=null" namespace="SubSonic.Tests.SqlQuery" type="SubSonic.Tests.SqlQuery.SqlServerParserTests" member="Select_ColumnList_Specified" />
                    <codeLocation path="H:\Projects\Subsonic2\2.2git\SubSonic-2.0\SubSonic.Tests\SqlGenerators\SqlServerGeneratorTests.cs" line="26" />
                    <metadata>
                      <entry key="TestKind">
                        <value>Test</value>
                      </entry>
                    </metadata>
                  </testStep>
                  <children />
                  <result assertCount="1" duration="0.0127393">
                    <outcome status="passed" />
                  </result>
                  <testLog>
                    <streams />
                    <attachments />
                  </testLog>
                </testStepRun>
                <testStepRun startTime="2011-01-29T18:23:53.0608764-07:00" endTime="2011-01-29T18:23:53.0688768-07:00">
                  <testStep id="929f2b42b791a092" name="Select_Expression" fullName="SubSonic.Tests/SqlServerParserTests/Select_Expression" testId="82c6a08c439adfeb" isPrimary="true" isTestCase="true" isDynamic="false">
                    <codeReference assembly="SubSonic.Tests, Version=2.2.1.0, Culture=neutral, PublicKeyToken=null" namespace="SubSonic.Tests.SqlQuery" type="SubSonic.Tests.SqlQuery.SqlServerParserTests" member="Select_Expression" />
                    <codeLocation path="H:\Projects\Subsonic2\2.2git\SubSonic-2.0\SubSonic.Tests\SqlGenerators\SqlServerGeneratorTests.cs" line="137" />
                    <metadata>
                      <entry key="TestKind">
                        <value>Test</value>
                      </entry>
                    </metadata>
                  </testStep>
                  <children />
                  <result assertCount="1" duration="0.0038848999999999997">
                    <outcome status="passed" />
                  </result>
                  <testLog>
                    <streams />
                    <attachments />
                  </testLog>
                </testStepRun>
                <testStepRun startTime="2011-01-29T18:23:53.071877-07:00" endTime="2011-01-29T18:23:53.0778773-07:00">
                  <testStep id="49c9a1d15e881133" name="Select_Generate_FromList" fullName="SubSonic.Tests/SqlServerParserTests/Select_Generate_FromList" testId="9353a3d7f6f779c0" isPrimary="true" isTestCase="true" isDynamic="false">
                    <codeReference assembly="SubSonic.Tests, Version=2.2.1.0, Culture=neutral, PublicKeyToken=null" namespace="SubSonic.Tests.SqlQuery" type="SubSonic.Tests.SqlQuery.SqlServerParserTests" member="Select_Generate_FromList" />
                    <codeLocation path="H:\Projects\Subsonic2\2.2git\SubSonic-2.0\SubSonic.Tests\SqlGenerators\SqlServerGeneratorTests.cs" line="37" />
                    <metadata>
                      <entry key="TestKind">
                        <value>Test</value>
                      </entry>
                    </metadata>
                  </testStep>
                  <children />
                  <result assertCount="1" duration="0.0027394999999999997">
                    <outcome status="passed" />
                  </result>
                  <testLog>
                    <streams />
                    <attachments />
                  </testLog>
                </testStepRun>
                <testStepRun startTime="2011-01-29T18:23:53.0878779-07:00" endTime="2011-01-29T18:23:53.0938783-07:00">
                  <testStep id="b5c2eaaa308098be" name="Select_Generate_JoinList" fullName="SubSonic.Tests/SqlServerParserTests/Select_Generate_JoinList" testId="c16ca65665a60dcd" isPrimary="true" isTestCase="true" isDynamic="false">
                    <codeReference assembly="SubSonic.Tests, Version=2.2.1.0, Culture=neutral, PublicKeyToken=null" namespace="SubSonic.Tests.SqlQuery" type="SubSonic.Tests.SqlQuery.SqlServerParserTests" member="Select_Generate_JoinList" />
                    <codeLocation path="H:\Projects\Subsonic2\2.2git\SubSonic-2.0\SubSonic.Tests\SqlGenerators\SqlServerGeneratorTests.cs" line="48" />
                    <metadata>
                      <entry key="TestKind">
                        <value>Test</value>
                      </entry>
                    </metadata>
                  </testStep>
                  <children />
                  <result assertCount="1" duration="0.014958599999999999">
                    <outcome status="passed" />
                  </result>
                  <testLog>
                    <streams />
                    <attachments />
                  </testLog>
                </testStepRun>
                <testStepRun startTime="2011-01-29T18:23:53.1098792-07:00" endTime="2011-01-29T18:23:53.1178796-07:00">
                  <testStep id="ec207fef2132196b" name="Select_IN" fullName="SubSonic.Tests/SqlServerParserTests/Select_IN" testId="ad7e1ee716b970b" isPrimary="true" isTestCase="true" isDynamic="false">
                    <codeReference assembly="SubSonic.Tests, Version=2.2.1.0, Culture=neutral, PublicKeyToken=null" namespace="SubSonic.Tests.SqlQuery" type="SubSonic.Tests.SqlQuery.SqlServerParserTests" member="Select_IN" />
                    <codeLocation path="H:\Projects\Subsonic2\2.2git\SubSonic-2.0\SubSonic.Tests\SqlGenerators\SqlServerGeneratorTests.cs" line="178" />
                    <metadata>
                      <entry key="TestKind">
                        <value>Test</value>
                      </entry>
                    </metadata>
                  </testStep>
                  <children />
                  <result assertCount="0" duration="0.0024915">
                    <outcome status="passed" />
                  </result>
                  <testLog>
                    <streams />
                    <attachments />
                  </testLog>
                </testStepRun>
                <testStepRun startTime="2011-01-29T18:23:53.1198797-07:00" endTime="2011-01-29T18:23:53.1438811-07:00">
                  <testStep id="dd7ec24020acd454" name="Select_Paged" fullName="SubSonic.Tests/SqlServerParserTests/Select_Paged" testId="f8b3de9ebe602bca" isPrimary="true" isTestCase="true" isDynamic="false">
                    <codeReference assembly="SubSonic.Tests, Version=2.2.1.0, Culture=neutral, PublicKeyToken=null" namespace="SubSonic.Tests.SqlQuery" type="SubSonic.Tests.SqlQuery.SqlServerParserTests" member="Select_Paged" />
                    <codeLocation path="H:\Projects\Subsonic2\2.2git\SubSonic-2.0\SubSonic.Tests\SqlGenerators\SqlServerGeneratorTests.cs" line="156" />
                    <metadata>
                      <entry key="TestKind">
                        <value>Test</value>
                      </entry>
                    </metadata>
                  </testStep>
                  <children />
                  <result assertCount="2" duration="0.0388836">
                    <outcome status="passed" />
                  </result>
                  <testLog>
                    <streams />
                    <attachments />
                  </testLog>
                </testStepRun>
                <testStepRun startTime="2011-01-29T18:23:53.1478813-07:00" endTime="2011-01-29T18:23:53.1538817-07:00">
                  <testStep id="47c3dc81e9416d59" name="Where_And" fullName="SubSonic.Tests/SqlServerParserTests/Where_And" testId="8e81f1b907805ac6" isPrimary="true" isTestCase="true" isDynamic="false">
                    <codeReference assembly="SubSonic.Tests, Version=2.2.1.0, Culture=neutral, PublicKeyToken=null" namespace="SubSonic.Tests.SqlQuery" type="SubSonic.Tests.SqlQuery.SqlServerParserTests" member="Where_And" />
                    <codeLocation path="H:\Projects\Subsonic2\2.2git\SubSonic-2.0\SubSonic.Tests\SqlGenerators\SqlServerGeneratorTests.cs" line="89" />
                    <metadata>
                      <entry key="TestKind">
                        <value>Test</value>
                      </entry>
                    </metadata>
                  </testStep>
                  <children />
                  <result assertCount="1" duration="0.0076506">
                    <outcome status="passed" />
                  </result>
                  <testLog>
                    <streams />
                    <attachments />
                  </testLog>
                </testStepRun>
                <testStepRun startTime="2011-01-29T18:23:53.1628822-07:00" endTime="2011-01-29T18:23:53.1678825-07:00">
                  <testStep id="5d93c1702705be0d" name="Where_Expression" fullName="SubSonic.Tests/SqlServerParserTests/Where_Expression" testId="11814d6ca25ebd6" isPrimary="true" isTestCase="true" isDynamic="false">
                    <codeReference assembly="SubSonic.Tests, Version=2.2.1.0, Culture=neutral, PublicKeyToken=null" namespace="SubSonic.Tests.SqlQuery" type="SubSonic.Tests.SqlQuery.SqlServerParserTests" member="Where_Expression" />
                    <codeLocation path="H:\Projects\Subsonic2\2.2git\SubSonic-2.0\SubSonic.Tests\SqlGenerators\SqlServerGeneratorTests.cs" line="125" />
                    <metadata>
                      <entry key="TestKind">
                        <value>Test</value>
                      </entry>
                    </metadata>
                  </testStep>
                  <children />
                  <result assertCount="1" duration="0.0042549">
                    <outcome status="passed" />
                  </result>
                  <testLog>
                    <streams />
                    <attachments />
                  </testLog>
                </testStepRun>
                <testStepRun startTime="2011-01-29T18:23:53.1728828-07:00" endTime="2011-01-29T18:23:53.1818833-07:00">
                  <testStep id="b4437b291cde43f5" name="Where_Simple" fullName="SubSonic.Tests/SqlServerParserTests/Where_Simple" testId="e8c503421ed75cc7" isPrimary="true" isTestCase="true" isDynamic="false">
                    <codeReference assembly="SubSonic.Tests, Version=2.2.1.0, Culture=neutral, PublicKeyToken=null" namespace="SubSonic.Tests.SqlQuery" type="SubSonic.Tests.SqlQuery.SqlServerParserTests" member="Where_Simple" />
                    <codeLocation path="H:\Projects\Subsonic2\2.2git\SubSonic-2.0\SubSonic.Tests\SqlGenerators\SqlServerGeneratorTests.cs" line="80" />
                    <metadata>
                      <entry key="TestKind">
                        <value>Test</value>
                      </entry>
                    </metadata>
                  </testStep>
                  <children />
                  <result assertCount="1" duration="0.0085899">
                    <outcome status="passed" />
                  </result>
                  <testLog>
                    <streams />
                    <attachments />
                  </testLog>
                </testStepRun>
              </children>
              <result assertCount="23" duration="0.30800669999999997">
                <outcome status="passed" />
              </result>
              <testLog>
                <streams />
                <attachments />
              </testLog>
            </testStepRun>
            <testStepRun startTime="2011-01-29T18:23:53.2028845-07:00" endTime="2011-01-29T18:23:53.2318862-07:00">
              <testStep id="eec7d27c9e51d90e" name="TransactionTests" fullName="SubSonic.Tests/TransactionTests" testId="a42c7aab47bd124a" isPrimary="true" isTestCase="false" isDynamic="false">
                <codeReference assembly="SubSonic.Tests, Version=2.2.1.0, Culture=neutral, PublicKeyToken=null" namespace="SubSonic.Tests.SqlQuery" type="SubSonic.Tests.SqlQuery.TransactionTests" />
                <codeLocation path="H:\Projects\Subsonic2\2.2git\SubSonic-2.0\SubSonic.Tests\SqlQuery\TransactionTests.cs" />
                <metadata>
                  <entry key="TestKind">
                    <value>Fixture</value>
                  </entry>
                </metadata>
              </testStep>
              <children>
                <testStepRun startTime="2011-01-29T18:23:53.2088848-07:00" endTime="2011-01-29T18:23:53.2258858-07:00">
                  <testStep id="2eedc808aa25055c" name="Transaction_Simple" fullName="SubSonic.Tests/TransactionTests/Transaction_Simple" testId="ce0ea0d4bbeba445" isPrimary="true" isTestCase="true" isDynamic="false">
                    <codeReference assembly="SubSonic.Tests, Version=2.2.1.0, Culture=neutral, PublicKeyToken=null" namespace="SubSonic.Tests.SqlQuery" type="SubSonic.Tests.SqlQuery.TransactionTests" member="Transaction_Simple" />
                    <codeLocation path="H:\Projects\Subsonic2\2.2git\SubSonic-2.0\SubSonic.Tests\SqlQuery\TransactionTests.cs" line="27" />
                    <metadata>
                      <entry key="TestKind">
                        <value>Test</value>
                      </entry>
                    </metadata>
                  </testStep>
                  <children />
                  <result assertCount="0" duration="0.0191052">
                    <outcome status="passed" />
                  </result>
                  <testLog>
                    <streams />
                    <attachments />
                  </testLog>
                </testStepRun>
              </children>
              <result assertCount="0" duration="0.0246142">
                <outcome status="passed" />
              </result>
              <testLog>
                <streams />
                <attachments />
              </testLog>
            </testStepRun>
            <testStepRun startTime="2011-01-29T18:23:53.2348863-07:00" endTime="2011-01-29T18:23:53.3088906-07:00">
              <testStep id="83cf89d50b140ce9" name="TurboTemplateTests" fullName="SubSonic.Tests/TurboTemplateTests" testId="830415a07fe92f82" isPrimary="true" isTestCase="false" isDynamic="false">
                <codeReference assembly="SubSonic.Tests, Version=2.2.1.0, Culture=neutral, PublicKeyToken=null" namespace="SubSonic.Tests" type="SubSonic.Tests.TurboTemplateTests" />
                <codeLocation path="H:\Projects\Subsonic2\2.2git\SubSonic-2.0\SubSonic.Tests\TurboTemplateTests.cs" />
                <metadata>
                  <entry key="TestKind">
                    <value>Fixture</value>
                  </entry>
                </metadata>
              </testStep>
              <children>
                <testStepRun startTime="2011-01-29T18:23:53.2388866-07:00" endTime="2011-01-29T18:23:53.3058904-07:00">
                  <testStep id="e9be4e8d3a457829" name="AssemblyDirectiveIsStrippedFromTemplate" fullName="SubSonic.Tests/TurboTemplateTests/AssemblyDirectiveIsStrippedFromTemplate" testId="47fa02932e4efe5c" isPrimary="true" isTestCase="true" isDynamic="false">
                    <codeReference assembly="SubSonic.Tests, Version=2.2.1.0, Culture=neutral, PublicKeyToken=null" namespace="SubSonic.Tests" type="SubSonic.Tests.TurboTemplateTests" member="AssemblyDirectiveIsStrippedFromTemplate" />
                    <codeLocation path="H:\Projects\Subsonic2\2.2git\SubSonic-2.0\SubSonic.Tests\TurboTemplateTests.cs" line="45" />
                    <metadata>
                      <entry key="TestKind">
                        <value>Test</value>
                      </entry>
                    </metadata>
                  </testStep>
                  <children />
                  <result assertCount="1" duration="0.060855099999999995">
                    <outcome status="passed" />
                  </result>
                  <testLog>
                    <streams />
                    <attachments />
                  </testLog>
                </testStepRun>
              </children>
              <result assertCount="1" duration="0.0652886">
                <outcome status="passed" />
              </result>
              <testLog>
                <streams />
                <attachments />
              </testLog>
            </testStepRun>
            <testStepRun startTime="2011-01-29T18:23:53.3108907-07:00" endTime="2011-01-29T18:23:53.3838948-07:00">
              <testStep id="e5509ebb65628ac0" name="UpdateTests" fullName="SubSonic.Tests/UpdateTests" testId="6588e506eeb48f18" isPrimary="true" isTestCase="false" isDynamic="false">
                <codeReference assembly="SubSonic.Tests, Version=2.2.1.0, Culture=neutral, PublicKeyToken=null" namespace="SubSonic.Tests.SqlQuery" type="SubSonic.Tests.SqlQuery.UpdateTests" />
                <codeLocation path="H:\Projects\Subsonic2\2.2git\SubSonic-2.0\SubSonic.Tests\SqlQuery\UpdateTests.cs" />
                <metadata>
                  <entry key="TestKind">
                    <value>Fixture</value>
                  </entry>
                </metadata>
              </testStep>
              <children>
                <testStepRun startTime="2011-01-29T18:23:53.3148909-07:00" endTime="2011-01-29T18:23:53.333892-07:00">
                  <testStep id="3afc8a7b155a33e1" name="Update_Expression" fullName="SubSonic.Tests/UpdateTests/Update_Expression" testId="1c84229c354ae60d" isPrimary="true" isTestCase="true" isDynamic="false">
                    <codeReference assembly="SubSonic.Tests, Version=2.2.1.0, Culture=neutral, PublicKeyToken=null" namespace="SubSonic.Tests.SqlQuery" type="SubSonic.Tests.SqlQuery.UpdateTests" member="Update_Expression" />
                    <codeLocation path="H:\Projects\Subsonic2\2.2git\SubSonic-2.0\SubSonic.Tests\SqlQuery\UpdateTests.cs" line="52" />
                    <metadata>
                      <entry key="TestKind">
                        <value>Test</value>
                      </entry>
                    </metadata>
                  </testStep>
                  <children />
                  <result assertCount="2" duration="0.0247808">
                    <outcome status="passed" />
                  </result>
                  <testLog>
                    <streams />
                    <attachments />
                  </testLog>
                </testStepRun>
                <testStepRun startTime="2011-01-29T18:23:53.334892-07:00" endTime="2011-01-29T18:23:53.3478928-07:00">
                  <testStep id="778a70f29d9fd90d" name="Update_Simple" fullName="SubSonic.Tests/UpdateTests/Update_Simple" testId="f7fa1b357aa3059d" isPrimary="true" isTestCase="true" isDynamic="false">
                    <codeReference assembly="SubSonic.Tests, Version=2.2.1.0, Culture=neutral, PublicKeyToken=null" namespace="SubSonic.Tests.SqlQuery" type="SubSonic.Tests.SqlQuery.UpdateTests" member="Update_Simple" />
                    <codeLocation path="H:\Projects\Subsonic2\2.2git\SubSonic-2.0\SubSonic.Tests\SqlQuery\UpdateTests.cs" line="35" />
                    <metadata>
                      <entry key="TestKind">
                        <value>Test</value>
                      </entry>
                    </metadata>
                  </testStep>
                  <children />
                  <result assertCount="2" duration="0.0145197">
                    <outcome status="passed" />
                  </result>
                  <testLog>
                    <streams />
                    <attachments />
                  </testLog>
                </testStepRun>
                <testStepRun startTime="2011-01-29T18:23:53.3538931-07:00" endTime="2011-01-29T18:23:53.3668939-07:00">
                  <testStep id="3e87beb2c9b43893" name="Update_SimpleSqlCheck" fullName="SubSonic.Tests/UpdateTests/Update_SimpleSqlCheck" testId="7643c0325899aef5" isPrimary="true" isTestCase="true" isDynamic="false">
                    <codeReference assembly="SubSonic.Tests, Version=2.2.1.0, Culture=neutral, PublicKeyToken=null" namespace="SubSonic.Tests.SqlQuery" type="SubSonic.Tests.SqlQuery.UpdateTests" member="Update_SimpleSqlCheck" />
                    <codeLocation path="H:\Projects\Subsonic2\2.2git\SubSonic-2.0\SubSonic.Tests\SqlQuery\UpdateTests.cs" line="27" />
                    <metadata>
                      <entry key="TestKind">
                        <value>Test</value>
                      </entry>
                    </metadata>
                  </testStep>
                  <children />
                  <result assertCount="1" duration="0.0070176">
                    <outcome status="passed" />
                  </result>
                  <testLog>
                    <streams />
                    <attachments />
                  </testLog>
                </testStepRun>
                <testStepRun startTime="2011-01-29T18:23:53.3678939-07:00" endTime="2011-01-29T18:23:53.3798946-07:00">
                  <testStep id="8a8fab2a26766401" name="Update_SimpleTyped" fullName="SubSonic.Tests/UpdateTests/Update_SimpleTyped" testId="9018805426534641" isPrimary="true" isTestCase="true" isDynamic="false">
                    <codeReference assembly="SubSonic.Tests, Version=2.2.1.0, Culture=neutral, PublicKeyToken=null" namespace="SubSonic.Tests.SqlQuery" type="SubSonic.Tests.SqlQuery.UpdateTests" member="Update_SimpleTyped" />
                    <codeLocation path="H:\Projects\Subsonic2\2.2git\SubSonic-2.0\SubSonic.Tests\SqlQuery\UpdateTests.cs" line="74" />
                    <metadata>
                      <entry key="TestKind">
                        <value>Test</value>
                      </entry>
                    </metadata>
                  </testStep>
                  <children />
                  <result assertCount="2" duration="0.0125195">
                    <outcome status="passed" />
                  </result>
                  <testLog>
                    <streams />
                    <attachments />
                  </testLog>
                </testStepRun>
              </children>
              <result assertCount="7" duration="0.082813299999999992">
                <outcome status="passed" />
              </result>
              <testLog>
                <streams />
                <attachments />
              </testLog>
            </testStepRun>
          </children>
          <result assertCount="182" duration="9.2181198">
            <outcome status="failed" />
          </result>
          <testLog>
            <streams />
            <attachments />
          </testLog>
        </testStepRun>
      </children>
      <result assertCount="182" duration="12.7569483">
        <outcome status="failed" />
      </result>
      <testLog>
        <streams />
        <attachments />
      </testLog>
    </testStepRun>
    <statistics assertCount="182" duration="12.757076" runCount="135" passedCount="130" failedCount="5" inconclusiveCount="0" skippedCount="0" testCount="135" stepCount="149">
      <outcomeSummaries>
        <outcomeSummary count="130">
          <outcome status="passed" />
        </outcomeSummary>
        <outcomeSummary count="5">
          <outcome status="failed" />
        </outcomeSummary>
      </outcomeSummaries>
    </statistics>
  </testPackageRun>
  <logEntries>
    <logEntry severity="info" message="Host started at 1/29/2011 6:23:40 PM." />
    <logEntry severity="info" message="Running under CLR v2.0.50727 runtime." />
    <logEntry severity="debug" message="Listening for connections on IPC port: 'IsolatedProcessHost.43a52839d30330d3'" />
    <logEntry severity="debug" message="Disabled plugin 'Gallio40': The plugin enable condition was not satisfied.  Please note that this is the intended behavior for plugins that must be hosted inside third party applications in order to work.  Enable condition: '${minFramework:NET40}'." />
    <logEntry severity="debug" message="Disabled plugin 'MbUnit40': The plugin depends on another disabled plugin: 'Gallio40'." />
    <logEntry severity="info" message="Host stopped at 1/29/2011 6:23:53 PM." />
    <logEntry severity="info" message="Host process exited with code: 0" />
  </logEntries>
</report>